<?xml version="1.0" encoding="UTF-8"?>
<testsuites name="Al links are accessible" time="188" tests="9" failures="5" errors="0">
   <testsuite name="Al links are accessible" tests="9" failures="5" errors="0" time="188" timestamp="2019-04-08 17:22:30" hostname="sambhavi - sambhavi.jmandigital.in" id="Test Suites/Al links are accessible">
      <properties>
         <property name="deviceName" value=""/>
         <property name="devicePlatform" value=""/>
         <property name="logFolder" value="C:\\Users\\sambhavi\\git\\staging-mccc\\Reports\\Al links are accessible\\20190408_172225"/>
         <property name="logFiles" value="C:\\Users\\sambhavi\\git\\staging-mccc\\Reports\\Al links are accessible\\20190408_172225\\execution0.log"/>
         <property name="attachments" value="C:\\Users\\sambhavi\\git\\staging-mccc\\Reports\\Al links are accessible\\20190408_172225\\1554724438291.png, C:\\Users\\sambhavi\\git\\staging-mccc\\Reports\\Al links are accessible\\20190408_172225\\1554724472101.png"/>
         <property name="hostName" value="sambhavi - sambhavi.jmandigital.in"/>
         <property name="os" value="Windows 10 64bit"/>
         <property name="katalonVersion" value="6.1.0.1"/>
         <property name="browser" value="Chrome 73.0.3683.86"/>
         <property name="hostAddress" value="192.168.0.185"/>
         <property name="sessionId" value="bba31655ffcc397d29aac705c7c0d18b"/>
         <property name="seleniumVersion" value="3.7.1"/>
         <property name="proxyInformation" value="ProxyInformation{proxyOption=NO_PROXY, proxyServerType=HTTP, password=, proxyServerAddress=, proxyServerPort=0}"/>
         <property name="platform" value="Windows 10"/>
      </properties>
      <testcase name="Test Cases/All Links are Accessible/Cart" classname="Test Cases/All Links are Accessible/Cart" status="PASSED">
         <system-out><![CDATA[2019-04-08 17:22:31 - [TEST_CASE][PASSED] - Test Cases/All Links are Accessible/Cart: Test Cases/All Links are Accessible/Cart

2019-04-08 17:22:31 - [TEST_STEP][PASSED] - comment("Verifying Whether Links are Working or not when we click on Cart Icon"): Verifying Whether Links are Working or not when we click on Cart Icon

2019-04-08 17:22:31 - [MESSAGE][INFO] - Verifying Whether Links are Working or not when we click on Cart Icon

2019-04-08 17:22:31 - [TEST_STEP][PASSED] - openBrowser(""): Browser is opened with url: ''

2019-04-08 17:22:31 - [MESSAGE][INFO] - Starting 'Chrome' driver

2019-04-08 17:22:31 - [MESSAGE][INFO] - Action delay is set to 0 seconds

2019-04-08 17:22:38 - [MESSAGE][PASSED] - Browser is opened with url: ''

2019-04-08 17:22:38 - [TEST_STEP][PASSED] - navigateToUrl("http://192.168.0.28:90/list"): Navigate to 'http://192.168.0.28:90/list' successfully

2019-04-08 17:22:48 - [MESSAGE][PASSED] - Navigate to 'http://192.168.0.28:90/list' successfully

2019-04-08 17:22:48 - [TEST_STEP][PASSED] - click(findTestObject("All links are Accessible/Cart")): Object: 'Object Repository/All links are Accessible/Cart' is clicked on

2019-04-08 17:22:54 - [MESSAGE][PASSED] - Object: 'Object Repository/All links are Accessible/Cart' is clicked on

2019-04-08 17:22:54 - [TEST_STEP][PASSED] - verifyTextPresent("Basket", false): Text 'Basket' is present on page 

2019-04-08 17:22:54 - [MESSAGE][PASSED] - Text 'Basket' is present on page 

2019-04-08 17:22:54 - [TEST_STEP][PASSED] - getAllLinksOnCurrentPage(false, []): Found 24 unique links on the page http://192.168.0.28:90/basket

2019-04-08 17:22:55 - [MESSAGE][PASSED] - Found 24 unique links on the page http://192.168.0.28:90/basket

2019-04-08 17:22:55 - [TEST_STEP][PASSED] - verifyAllLinksOnCurrentPageAccessible(false, []): All links on the page 'http://192.168.0.28:90/basket' are accessible

2019-04-08 17:22:55 - [MESSAGE][PASSED] - Found 24 unique links on the page http://192.168.0.28:90/basket

2019-04-08 17:22:58 - [MESSAGE][INFO] - HAR: C:\Users\sambhavi\git\staging-mccc\Reports\Al links are accessible\20190408_172225\requests\main\0.har

2019-04-08 17:22:58 - [MESSAGE][PASSED] - Send request successfully

2019-04-08 17:22:58 - [MESSAGE][INFO] - HAR: C:\Users\sambhavi\git\staging-mccc\Reports\Al links are accessible\20190408_172225\requests\main\1.har

2019-04-08 17:22:58 - [MESSAGE][PASSED] - Send request successfully

2019-04-08 17:22:58 - [MESSAGE][INFO] - HAR: C:\Users\sambhavi\git\staging-mccc\Reports\Al links are accessible\20190408_172225\requests\main\2.har

2019-04-08 17:22:58 - [MESSAGE][PASSED] - Send request successfully

2019-04-08 17:22:58 - [MESSAGE][INFO] - HAR: C:\Users\sambhavi\git\staging-mccc\Reports\Al links are accessible\20190408_172225\requests\main\3.har

2019-04-08 17:22:58 - [MESSAGE][PASSED] - Send request successfully

2019-04-08 17:22:58 - [MESSAGE][INFO] - HAR: C:\Users\sambhavi\git\staging-mccc\Reports\Al links are accessible\20190408_172225\requests\main\4.har

2019-04-08 17:22:58 - [MESSAGE][PASSED] - Send request successfully

2019-04-08 17:22:58 - [MESSAGE][INFO] - HAR: C:\Users\sambhavi\git\staging-mccc\Reports\Al links are accessible\20190408_172225\requests\main\5.har

2019-04-08 17:22:58 - [MESSAGE][PASSED] - Send request successfully

2019-04-08 17:22:58 - [MESSAGE][INFO] - HAR: C:\Users\sambhavi\git\staging-mccc\Reports\Al links are accessible\20190408_172225\requests\main\6.har

2019-04-08 17:22:58 - [MESSAGE][PASSED] - Send request successfully

2019-04-08 17:22:58 - [MESSAGE][INFO] - HAR: C:\Users\sambhavi\git\staging-mccc\Reports\Al links are accessible\20190408_172225\requests\main\7.har

2019-04-08 17:22:58 - [MESSAGE][PASSED] - Send request successfully

2019-04-08 17:22:58 - [MESSAGE][INFO] - HAR: C:\Users\sambhavi\git\staging-mccc\Reports\Al links are accessible\20190408_172225\requests\main\8.har

2019-04-08 17:22:59 - [MESSAGE][PASSED] - Send request successfully

2019-04-08 17:22:59 - [MESSAGE][INFO] - HAR: C:\Users\sambhavi\git\staging-mccc\Reports\Al links are accessible\20190408_172225\requests\main\9.har

2019-04-08 17:22:59 - [MESSAGE][PASSED] - Send request successfully

2019-04-08 17:22:59 - [MESSAGE][INFO] - HAR: C:\Users\sambhavi\git\staging-mccc\Reports\Al links are accessible\20190408_172225\requests\main\10.har

2019-04-08 17:22:59 - [MESSAGE][PASSED] - Send request successfully

2019-04-08 17:22:59 - [MESSAGE][INFO] - HAR: C:\Users\sambhavi\git\staging-mccc\Reports\Al links are accessible\20190408_172225\requests\main\11.har

2019-04-08 17:22:59 - [MESSAGE][PASSED] - Send request successfully

2019-04-08 17:22:59 - [MESSAGE][INFO] - HAR: C:\Users\sambhavi\git\staging-mccc\Reports\Al links are accessible\20190408_172225\requests\main\12.har

2019-04-08 17:22:59 - [MESSAGE][PASSED] - Send request successfully

2019-04-08 17:22:59 - [MESSAGE][INFO] - HAR: C:\Users\sambhavi\git\staging-mccc\Reports\Al links are accessible\20190408_172225\requests\main\13.har

2019-04-08 17:22:59 - [MESSAGE][PASSED] - Send request successfully

2019-04-08 17:22:59 - [MESSAGE][INFO] - HAR: C:\Users\sambhavi\git\staging-mccc\Reports\Al links are accessible\20190408_172225\requests\main\14.har

2019-04-08 17:22:59 - [MESSAGE][PASSED] - Send request successfully

2019-04-08 17:22:59 - [MESSAGE][INFO] - HAR: C:\Users\sambhavi\git\staging-mccc\Reports\Al links are accessible\20190408_172225\requests\main\15.har

2019-04-08 17:22:59 - [MESSAGE][PASSED] - Send request successfully

2019-04-08 17:22:59 - [MESSAGE][INFO] - HAR: C:\Users\sambhavi\git\staging-mccc\Reports\Al links are accessible\20190408_172225\requests\main\16.har

2019-04-08 17:22:59 - [MESSAGE][PASSED] - Send request successfully

2019-04-08 17:22:59 - [MESSAGE][INFO] - HAR: C:\Users\sambhavi\git\staging-mccc\Reports\Al links are accessible\20190408_172225\requests\main\17.har

2019-04-08 17:22:59 - [MESSAGE][PASSED] - Send request successfully

2019-04-08 17:22:59 - [MESSAGE][INFO] - HAR: C:\Users\sambhavi\git\staging-mccc\Reports\Al links are accessible\20190408_172225\requests\main\18.har

2019-04-08 17:22:59 - [MESSAGE][PASSED] - Send request successfully

2019-04-08 17:22:59 - [MESSAGE][INFO] - HAR: C:\Users\sambhavi\git\staging-mccc\Reports\Al links are accessible\20190408_172225\requests\main\19.har

2019-04-08 17:22:59 - [MESSAGE][PASSED] - Send request successfully

2019-04-08 17:22:59 - [MESSAGE][INFO] - HAR: C:\Users\sambhavi\git\staging-mccc\Reports\Al links are accessible\20190408_172225\requests\main\20.har

2019-04-08 17:22:59 - [MESSAGE][PASSED] - Send request successfully

2019-04-08 17:22:59 - [MESSAGE][INFO] - HAR: C:\Users\sambhavi\git\staging-mccc\Reports\Al links are accessible\20190408_172225\requests\main\21.har

2019-04-08 17:22:59 - [MESSAGE][PASSED] - Send request successfully

2019-04-08 17:22:59 - [MESSAGE][INFO] - HAR: C:\Users\sambhavi\git\staging-mccc\Reports\Al links are accessible\20190408_172225\requests\main\22.har

2019-04-08 17:22:59 - [MESSAGE][PASSED] - Send request successfully

2019-04-08 17:22:59 - [MESSAGE][INFO] - HAR: C:\Users\sambhavi\git\staging-mccc\Reports\Al links are accessible\20190408_172225\requests\main\23.har

2019-04-08 17:22:59 - [MESSAGE][PASSED] - Send request successfully

2019-04-08 17:22:59 - [MESSAGE][PASSED] - All links are accessible

2019-04-08 17:22:59 - [MESSAGE][PASSED] - All links on the page 'http://192.168.0.28:90/basket' are accessible]]></system-out>
         <system-err><![CDATA[]]></system-err>
      </testcase>
      <testcase name="Test Cases/All Links are Accessible/Country" classname="Test Cases/All Links are Accessible/Country" status="PASSED">
         <system-out><![CDATA[2019-04-08 17:22:59 - [TEST_CASE][PASSED] - Test Cases/All Links are Accessible/Country: Test Cases/All Links are Accessible/Country

2019-04-08 17:22:59 - [TEST_STEP][PASSED] - comment("Verifying Whether Links are Working or not when we click on Country Buynow"): Verifying Whether Links are Working or not when we click on Country Buynow

2019-04-08 17:22:59 - [MESSAGE][INFO] - Verifying Whether Links are Working or not when we click on Country Buynow

2019-04-08 17:22:59 - [TEST_STEP][PASSED] - openBrowser(""): Browser is opened with url: ''

2019-04-08 17:22:59 - [MESSAGE][WARNING] - A browser is already opened. Closing browser and opening a new one

2019-04-08 17:23:00 - [MESSAGE][INFO] - Starting 'Chrome' driver

2019-04-08 17:23:03 - [MESSAGE][PASSED] - Browser is opened with url: ''

2019-04-08 17:23:03 - [TEST_STEP][PASSED] - navigateToUrl("http://192.168.0.28:90/detail/7/COUNTRY/2"): Navigate to 'http://192.168.0.28:90/detail/7/COUNTRY/2' successfully

2019-04-08 17:23:06 - [MESSAGE][PASSED] - Navigate to 'http://192.168.0.28:90/detail/7/COUNTRY/2' successfully

2019-04-08 17:23:06 - [TEST_STEP][PASSED] - delay(5): Delayed 5 second(s)

2019-04-08 17:23:11 - [MESSAGE][PASSED] - Delayed 5 second(s)

2019-04-08 17:23:11 - [TEST_STEP][PASSED] - verifyTextPresent("COUNTRY MEMBERSHIP", false): Text 'COUNTRY MEMBERSHIP' is present on page 

2019-04-08 17:23:11 - [MESSAGE][PASSED] - Text 'COUNTRY MEMBERSHIP' is present on page 

2019-04-08 17:23:11 - [TEST_STEP][PASSED] - getAllLinksOnCurrentPage(false, []): Found 32 unique links on the page http://192.168.0.28:90/detail/7/COUNTRY/2

2019-04-08 17:23:12 - [MESSAGE][PASSED] - Found 32 unique links on the page http://192.168.0.28:90/detail/7/COUNTRY/2

2019-04-08 17:23:12 - [TEST_STEP][PASSED] - verifyAllLinksOnCurrentPageAccessible(false, []): All links on the page 'http://192.168.0.28:90/detail/7/COUNTRY/2' are accessible

2019-04-08 17:23:12 - [MESSAGE][PASSED] - Found 32 unique links on the page http://192.168.0.28:90/detail/7/COUNTRY/2

2019-04-08 17:23:12 - [MESSAGE][INFO] - HAR: C:\Users\sambhavi\git\staging-mccc\Reports\Al links are accessible\20190408_172225\requests\main\24.har

2019-04-08 17:23:12 - [MESSAGE][PASSED] - Send request successfully

2019-04-08 17:23:12 - [MESSAGE][INFO] - HAR: C:\Users\sambhavi\git\staging-mccc\Reports\Al links are accessible\20190408_172225\requests\main\25.har

2019-04-08 17:23:12 - [MESSAGE][PASSED] - Send request successfully

2019-04-08 17:23:12 - [MESSAGE][INFO] - HAR: C:\Users\sambhavi\git\staging-mccc\Reports\Al links are accessible\20190408_172225\requests\main\26.har

2019-04-08 17:23:12 - [MESSAGE][PASSED] - Send request successfully

2019-04-08 17:23:12 - [MESSAGE][INFO] - HAR: C:\Users\sambhavi\git\staging-mccc\Reports\Al links are accessible\20190408_172225\requests\main\27.har

2019-04-08 17:23:12 - [MESSAGE][PASSED] - Send request successfully

2019-04-08 17:23:12 - [MESSAGE][INFO] - HAR: C:\Users\sambhavi\git\staging-mccc\Reports\Al links are accessible\20190408_172225\requests\main\28.har

2019-04-08 17:23:12 - [MESSAGE][PASSED] - Send request successfully

2019-04-08 17:23:12 - [MESSAGE][INFO] - HAR: C:\Users\sambhavi\git\staging-mccc\Reports\Al links are accessible\20190408_172225\requests\main\29.har

2019-04-08 17:23:12 - [MESSAGE][PASSED] - Send request successfully

2019-04-08 17:23:12 - [MESSAGE][INFO] - HAR: C:\Users\sambhavi\git\staging-mccc\Reports\Al links are accessible\20190408_172225\requests\main\30.har

2019-04-08 17:23:12 - [MESSAGE][PASSED] - Send request successfully

2019-04-08 17:23:12 - [MESSAGE][INFO] - HAR: C:\Users\sambhavi\git\staging-mccc\Reports\Al links are accessible\20190408_172225\requests\main\31.har

2019-04-08 17:23:12 - [MESSAGE][PASSED] - Send request successfully

2019-04-08 17:23:12 - [MESSAGE][INFO] - HAR: C:\Users\sambhavi\git\staging-mccc\Reports\Al links are accessible\20190408_172225\requests\main\32.har

2019-04-08 17:23:12 - [MESSAGE][PASSED] - Send request successfully

2019-04-08 17:23:12 - [MESSAGE][INFO] - HAR: C:\Users\sambhavi\git\staging-mccc\Reports\Al links are accessible\20190408_172225\requests\main\33.har

2019-04-08 17:23:12 - [MESSAGE][PASSED] - Send request successfully

2019-04-08 17:23:12 - [MESSAGE][INFO] - HAR: C:\Users\sambhavi\git\staging-mccc\Reports\Al links are accessible\20190408_172225\requests\main\34.har

2019-04-08 17:23:12 - [MESSAGE][PASSED] - Send request successfully

2019-04-08 17:23:12 - [MESSAGE][INFO] - HAR: C:\Users\sambhavi\git\staging-mccc\Reports\Al links are accessible\20190408_172225\requests\main\35.har

2019-04-08 17:23:12 - [MESSAGE][PASSED] - Send request successfully

2019-04-08 17:23:13 - [MESSAGE][INFO] - HAR: C:\Users\sambhavi\git\staging-mccc\Reports\Al links are accessible\20190408_172225\requests\main\36.har

2019-04-08 17:23:13 - [MESSAGE][PASSED] - Send request successfully

2019-04-08 17:23:13 - [MESSAGE][INFO] - HAR: C:\Users\sambhavi\git\staging-mccc\Reports\Al links are accessible\20190408_172225\requests\main\37.har

2019-04-08 17:23:13 - [MESSAGE][PASSED] - Send request successfully

2019-04-08 17:23:13 - [MESSAGE][INFO] - HAR: C:\Users\sambhavi\git\staging-mccc\Reports\Al links are accessible\20190408_172225\requests\main\38.har

2019-04-08 17:23:13 - [MESSAGE][PASSED] - Send request successfully

2019-04-08 17:23:13 - [MESSAGE][INFO] - HAR: C:\Users\sambhavi\git\staging-mccc\Reports\Al links are accessible\20190408_172225\requests\main\39.har

2019-04-08 17:23:13 - [MESSAGE][PASSED] - Send request successfully

2019-04-08 17:23:13 - [MESSAGE][INFO] - HAR: C:\Users\sambhavi\git\staging-mccc\Reports\Al links are accessible\20190408_172225\requests\main\40.har

2019-04-08 17:23:13 - [MESSAGE][PASSED] - Send request successfully

2019-04-08 17:23:13 - [MESSAGE][INFO] - HAR: C:\Users\sambhavi\git\staging-mccc\Reports\Al links are accessible\20190408_172225\requests\main\41.har

2019-04-08 17:23:13 - [MESSAGE][PASSED] - Send request successfully

2019-04-08 17:23:13 - [MESSAGE][INFO] - HAR: C:\Users\sambhavi\git\staging-mccc\Reports\Al links are accessible\20190408_172225\requests\main\42.har

2019-04-08 17:23:13 - [MESSAGE][PASSED] - Send request successfully

2019-04-08 17:23:13 - [MESSAGE][INFO] - HAR: C:\Users\sambhavi\git\staging-mccc\Reports\Al links are accessible\20190408_172225\requests\main\43.har

2019-04-08 17:23:13 - [MESSAGE][PASSED] - Send request successfully

2019-04-08 17:23:13 - [MESSAGE][INFO] - HAR: C:\Users\sambhavi\git\staging-mccc\Reports\Al links are accessible\20190408_172225\requests\main\44.har

2019-04-08 17:23:13 - [MESSAGE][PASSED] - Send request successfully

2019-04-08 17:23:13 - [MESSAGE][INFO] - HAR: C:\Users\sambhavi\git\staging-mccc\Reports\Al links are accessible\20190408_172225\requests\main\45.har

2019-04-08 17:23:13 - [MESSAGE][PASSED] - Send request successfully

2019-04-08 17:23:13 - [MESSAGE][INFO] - HAR: C:\Users\sambhavi\git\staging-mccc\Reports\Al links are accessible\20190408_172225\requests\main\46.har

2019-04-08 17:23:13 - [MESSAGE][PASSED] - Send request successfully

2019-04-08 17:23:13 - [MESSAGE][INFO] - HAR: C:\Users\sambhavi\git\staging-mccc\Reports\Al links are accessible\20190408_172225\requests\main\47.har

2019-04-08 17:23:13 - [MESSAGE][PASSED] - Send request successfully

2019-04-08 17:23:13 - [MESSAGE][INFO] - HAR: C:\Users\sambhavi\git\staging-mccc\Reports\Al links are accessible\20190408_172225\requests\main\48.har

2019-04-08 17:23:13 - [MESSAGE][PASSED] - Send request successfully

2019-04-08 17:23:13 - [MESSAGE][INFO] - HAR: C:\Users\sambhavi\git\staging-mccc\Reports\Al links are accessible\20190408_172225\requests\main\49.har

2019-04-08 17:23:13 - [MESSAGE][PASSED] - Send request successfully

2019-04-08 17:23:13 - [MESSAGE][INFO] - HAR: C:\Users\sambhavi\git\staging-mccc\Reports\Al links are accessible\20190408_172225\requests\main\50.har

2019-04-08 17:23:13 - [MESSAGE][PASSED] - Send request successfully

2019-04-08 17:23:13 - [MESSAGE][INFO] - HAR: C:\Users\sambhavi\git\staging-mccc\Reports\Al links are accessible\20190408_172225\requests\main\51.har

2019-04-08 17:23:13 - [MESSAGE][PASSED] - Send request successfully

2019-04-08 17:23:13 - [MESSAGE][INFO] - HAR: C:\Users\sambhavi\git\staging-mccc\Reports\Al links are accessible\20190408_172225\requests\main\52.har

2019-04-08 17:23:13 - [MESSAGE][PASSED] - Send request successfully

2019-04-08 17:23:13 - [MESSAGE][INFO] - HAR: C:\Users\sambhavi\git\staging-mccc\Reports\Al links are accessible\20190408_172225\requests\main\53.har

2019-04-08 17:23:13 - [MESSAGE][PASSED] - Send request successfully

2019-04-08 17:23:13 - [MESSAGE][INFO] - HAR: C:\Users\sambhavi\git\staging-mccc\Reports\Al links are accessible\20190408_172225\requests\main\54.har

2019-04-08 17:23:13 - [MESSAGE][PASSED] - Send request successfully

2019-04-08 17:23:13 - [MESSAGE][INFO] - HAR: C:\Users\sambhavi\git\staging-mccc\Reports\Al links are accessible\20190408_172225\requests\main\55.har

2019-04-08 17:23:13 - [MESSAGE][PASSED] - Send request successfully

2019-04-08 17:23:13 - [MESSAGE][PASSED] - All links are accessible

2019-04-08 17:23:13 - [MESSAGE][PASSED] - All links on the page 'http://192.168.0.28:90/detail/7/COUNTRY/2' are accessible]]></system-out>
         <system-err><![CDATA[]]></system-err>
      </testcase>
      <testcase name="Test Cases/All Links are Accessible/Delivery,Returns and cancellations" classname="Test Cases/All Links are Accessible/Delivery,Returns and cancellations" status="FAILED">
         <failure type="FAILED" message="Test Cases/All Links are Accessible/Delivery,Returns and cancellations FAILED.
Reason:
com.kms.katalon.core.exception.StepFailedException: Unable to verify all links on the page 'http://192.168.0.28:90/delivery-returns-and-cancellations' are accessible
	at com.kms.katalon.core.webui.keyword.internal.WebUIKeywordMain.stepFailed(WebUIKeywordMain.groovy:64)
	at com.kms.katalon.core.webui.keyword.internal.WebUIKeywordMain.runKeyword(WebUIKeywordMain.groovy:26)
	at com.kms.katalon.core.webui.keyword.builtin.VerifyAllLinksOnCurrentPageAccessibleKeyword.verifyAllLinksOnCurrentPageAccessible(VerifyAllLinksOnCurrentPageAccessibleKeyword.groovy:48)
	at com.kms.katalon.core.webui.keyword.builtin.VerifyAllLinksOnCurrentPageAccessibleKeyword.execute(VerifyAllLinksOnCurrentPageAccessibleKeyword.groovy:32)
	at com.kms.katalon.core.keyword.internal.KeywordExecutor.executeKeywordForPlatform(KeywordExecutor.groovy:56)
	at com.kms.katalon.core.webui.keyword.WebUiBuiltInKeywords.verifyAllLinksOnCurrentPageAccessible(WebUiBuiltInKeywords.groovy:3754)
	at com.kms.katalon.core.webui.keyword.WebUiBuiltInKeywords$verifyAllLinksOnCurrentPageAccessible$4.call(Unknown Source)
	at Delivery,Returns and cancellations.run(Delivery,Returns and cancellations:37)
	at com.kms.katalon.core.main.ScriptEngine.run(ScriptEngine.java:194)
	at com.kms.katalon.core.main.ScriptEngine.runScriptAsRawText(ScriptEngine.java:119)
	at com.kms.katalon.core.main.TestCaseExecutor.runScript(TestCaseExecutor.java:331)
	at com.kms.katalon.core.main.TestCaseExecutor.doExecute(TestCaseExecutor.java:322)
	at com.kms.katalon.core.main.TestCaseExecutor.processExecutionPhase(TestCaseExecutor.java:301)
	at com.kms.katalon.core.main.TestCaseExecutor.accessMainPhase(TestCaseExecutor.java:293)
	at com.kms.katalon.core.main.TestCaseExecutor.execute(TestCaseExecutor.java:227)
	at com.kms.katalon.core.main.TestSuiteExecutor.accessTestCaseMainPhase(TestSuiteExecutor.java:129)
	at com.kms.katalon.core.main.TestSuiteExecutor.accessTestSuiteMainPhase(TestSuiteExecutor.java:112)
	at com.kms.katalon.core.main.TestSuiteExecutor.execute(TestSuiteExecutor.java:81)
	at com.kms.katalon.core.main.TestCaseMain.startTestSuite(TestCaseMain.java:157)
	at com.kms.katalon.core.main.TestCaseMain$startTestSuite$0.call(Unknown Source)
	at TempTestSuite1554724346062.run(TempTestSuite1554724346062.groovy:35)
Caused by: com.kms.katalon.core.exception.StepFailedException: Some of links on the current page are inaccessible
	at com.kms.katalon.core.webui.keyword.internal.WebUIKeywordMain.stepFailed(WebUIKeywordMain.groovy:64)
	at com.kms.katalon.core.webui.keyword.builtin.VerifyAllLinksOnCurrentPageAccessibleKeyword$_verifyAllLinksOnCurrentPageAccessible_closure1.doCall(VerifyAllLinksOnCurrentPageAccessibleKeyword.groovy:45)
	at com.kms.katalon.core.webui.keyword.builtin.VerifyAllLinksOnCurrentPageAccessibleKeyword$_verifyAllLinksOnCurrentPageAccessible_closure1.call(VerifyAllLinksOnCurrentPageAccessibleKeyword.groovy)
	at com.kms.katalon.core.webui.keyword.internal.WebUIKeywordMain.runKeyword(WebUIKeywordMain.groovy:20)
	... 19 more
"/>
         <system-out><![CDATA[2019-04-08 17:23:13 - [TEST_CASE][FAILED] - Test Cases/All Links are Accessible/Delivery,Returns and cancellations: Test Cases/All Links are Accessible/Delivery,Returns and cancellations FAILED.
Reason:
com.kms.katalon.core.exception.StepFailedException: Unable to verify all links on the page 'http://192.168.0.28:90/delivery-returns-and-cancellations' are accessible
	at com.kms.katalon.core.webui.keyword.internal.WebUIKeywordMain.stepFailed(WebUIKeywordMain.groovy:64)
	at com.kms.katalon.core.webui.keyword.internal.WebUIKeywordMain.runKeyword(WebUIKeywordMain.groovy:26)
	at com.kms.katalon.core.webui.keyword.builtin.VerifyAllLinksOnCurrentPageAccessibleKeyword.verifyAllLinksOnCurrentPageAccessible(VerifyAllLinksOnCurrentPageAccessibleKeyword.groovy:48)
	at com.kms.katalon.core.webui.keyword.builtin.VerifyAllLinksOnCurrentPageAccessibleKeyword.execute(VerifyAllLinksOnCurrentPageAccessibleKeyword.groovy:32)
	at com.kms.katalon.core.keyword.internal.KeywordExecutor.executeKeywordForPlatform(KeywordExecutor.groovy:56)
	at com.kms.katalon.core.webui.keyword.WebUiBuiltInKeywords.verifyAllLinksOnCurrentPageAccessible(WebUiBuiltInKeywords.groovy:3754)
	at com.kms.katalon.core.webui.keyword.WebUiBuiltInKeywords$verifyAllLinksOnCurrentPageAccessible$4.call(Unknown Source)
	at Delivery,Returns and cancellations.run(Delivery,Returns and cancellations:37)
	at com.kms.katalon.core.main.ScriptEngine.run(ScriptEngine.java:194)
	at com.kms.katalon.core.main.ScriptEngine.runScriptAsRawText(ScriptEngine.java:119)
	at com.kms.katalon.core.main.TestCaseExecutor.runScript(TestCaseExecutor.java:331)
	at com.kms.katalon.core.main.TestCaseExecutor.doExecute(TestCaseExecutor.java:322)
	at com.kms.katalon.core.main.TestCaseExecutor.processExecutionPhase(TestCaseExecutor.java:301)
	at com.kms.katalon.core.main.TestCaseExecutor.accessMainPhase(TestCaseExecutor.java:293)
	at com.kms.katalon.core.main.TestCaseExecutor.execute(TestCaseExecutor.java:227)
	at com.kms.katalon.core.main.TestSuiteExecutor.accessTestCaseMainPhase(TestSuiteExecutor.java:129)
	at com.kms.katalon.core.main.TestSuiteExecutor.accessTestSuiteMainPhase(TestSuiteExecutor.java:112)
	at com.kms.katalon.core.main.TestSuiteExecutor.execute(TestSuiteExecutor.java:81)
	at com.kms.katalon.core.main.TestCaseMain.startTestSuite(TestCaseMain.java:157)
	at com.kms.katalon.core.main.TestCaseMain$startTestSuite$0.call(Unknown Source)
	at TempTestSuite1554724346062.run(TempTestSuite1554724346062.groovy:35)
Caused by: com.kms.katalon.core.exception.StepFailedException: Some of links on the current page are inaccessible
	at com.kms.katalon.core.webui.keyword.internal.WebUIKeywordMain.stepFailed(WebUIKeywordMain.groovy:64)
	at com.kms.katalon.core.webui.keyword.builtin.VerifyAllLinksOnCurrentPageAccessibleKeyword$_verifyAllLinksOnCurrentPageAccessible_closure1.doCall(VerifyAllLinksOnCurrentPageAccessibleKeyword.groovy:45)
	at com.kms.katalon.core.webui.keyword.builtin.VerifyAllLinksOnCurrentPageAccessibleKeyword$_verifyAllLinksOnCurrentPageAccessible_closure1.call(VerifyAllLinksOnCurrentPageAccessibleKeyword.groovy)
	at com.kms.katalon.core.webui.keyword.internal.WebUIKeywordMain.runKeyword(WebUIKeywordMain.groovy:20)
	... 19 more


2019-04-08 17:23:13 - [TEST_STEP][PASSED] - comment("Verifying Whether Links are Working or not when we click on Delivery,Returns and cancellations link page"): Verifying Whether Links are Working or not when we click on Delivery,Returns and cancellations link page

2019-04-08 17:23:13 - [MESSAGE][INFO] - Verifying Whether Links are Working or not when we click on Delivery,Returns and cancellations link page

2019-04-08 17:23:13 - [TEST_STEP][PASSED] - openBrowser(""): Browser is opened with url: ''

2019-04-08 17:23:13 - [MESSAGE][WARNING] - A browser is already opened. Closing browser and opening a new one

2019-04-08 17:23:14 - [MESSAGE][INFO] - Starting 'Chrome' driver

2019-04-08 17:23:17 - [MESSAGE][PASSED] - Browser is opened with url: ''

2019-04-08 17:23:17 - [TEST_STEP][PASSED] - navigateToUrl("http://192.168.0.28:90/list"): Navigate to 'http://192.168.0.28:90/list' successfully

2019-04-08 17:23:20 - [MESSAGE][PASSED] - Navigate to 'http://192.168.0.28:90/list' successfully

2019-04-08 17:23:20 - [TEST_STEP][PASSED] - click(findTestObject("All links are Accessible/Delivery,Returns and cancellations/Page_Middlesex Cricket Memberships/small_Delivery Returns and Cancellations")): Object: 'Object Repository/All links are Accessible/Delivery,Returns and cancellations/Page_Middlesex Cricket Memberships/small_Delivery Returns and Cancellations' is clicked on

2019-04-08 17:23:20 - [MESSAGE][PASSED] - Object: 'Object Repository/All links are Accessible/Delivery,Returns and cancellations/Page_Middlesex Cricket Memberships/small_Delivery Returns and Cancellations' is clicked on

2019-04-08 17:23:20 - [TEST_STEP][PASSED] - switchToWindowIndex(1): Switched to window with index: '1'

2019-04-08 17:23:20 - [MESSAGE][PASSED] - Switched to window with index: '1'

2019-04-08 17:23:20 - [TEST_STEP][PASSED] - verifyTextPresent("DELIVERY, RETURNS & CANCELLATIONS", false): Text 'DELIVERY, RETURNS & CANCELLATIONS' is present on page 

2019-04-08 17:23:21 - [MESSAGE][PASSED] - Text 'DELIVERY, RETURNS & CANCELLATIONS' is present on page 

2019-04-08 17:23:21 - [TEST_STEP][PASSED] - getAllLinksOnCurrentPage(false, []): Found 16 unique links on the page http://192.168.0.28:90/delivery-returns-and-cancellations

2019-04-08 17:23:21 - [MESSAGE][PASSED] - Found 16 unique links on the page http://192.168.0.28:90/delivery-returns-and-cancellations

2019-04-08 17:23:21 - [TEST_STEP][FAILED] - verifyAllLinksOnCurrentPageAccessible(false, []): verifyAllLinksOnCurrentPageAccessible(false, []) FAILED.
Reason:
com.kms.katalon.core.exception.StepFailedException: Unable to verify all links on the page 'http://192.168.0.28:90/delivery-returns-and-cancellations' are accessible
	at com.kms.katalon.core.webui.keyword.internal.WebUIKeywordMain.stepFailed(WebUIKeywordMain.groovy:64)
	at com.kms.katalon.core.webui.keyword.internal.WebUIKeywordMain.runKeyword(WebUIKeywordMain.groovy:26)
	at com.kms.katalon.core.webui.keyword.builtin.VerifyAllLinksOnCurrentPageAccessibleKeyword.verifyAllLinksOnCurrentPageAccessible(VerifyAllLinksOnCurrentPageAccessibleKeyword.groovy:48)
	at com.kms.katalon.core.webui.keyword.builtin.VerifyAllLinksOnCurrentPageAccessibleKeyword.execute(VerifyAllLinksOnCurrentPageAccessibleKeyword.groovy:32)
	at com.kms.katalon.core.keyword.internal.KeywordExecutor.executeKeywordForPlatform(KeywordExecutor.groovy:56)
	at com.kms.katalon.core.webui.keyword.WebUiBuiltInKeywords.verifyAllLinksOnCurrentPageAccessible(WebUiBuiltInKeywords.groovy:3754)
	at com.kms.katalon.core.webui.keyword.WebUiBuiltInKeywords$verifyAllLinksOnCurrentPageAccessible$4.call(Unknown Source)
	at Delivery,Returns and cancellations.run(Delivery,Returns and cancellations:37)
	at com.kms.katalon.core.main.ScriptEngine.run(ScriptEngine.java:194)
	at com.kms.katalon.core.main.ScriptEngine.runScriptAsRawText(ScriptEngine.java:119)
	at com.kms.katalon.core.main.TestCaseExecutor.runScript(TestCaseExecutor.java:331)
	at com.kms.katalon.core.main.TestCaseExecutor.doExecute(TestCaseExecutor.java:322)
	at com.kms.katalon.core.main.TestCaseExecutor.processExecutionPhase(TestCaseExecutor.java:301)
	at com.kms.katalon.core.main.TestCaseExecutor.accessMainPhase(TestCaseExecutor.java:293)
	at com.kms.katalon.core.main.TestCaseExecutor.execute(TestCaseExecutor.java:227)
	at com.kms.katalon.core.main.TestSuiteExecutor.accessTestCaseMainPhase(TestSuiteExecutor.java:129)
	at com.kms.katalon.core.main.TestSuiteExecutor.accessTestSuiteMainPhase(TestSuiteExecutor.java:112)
	at com.kms.katalon.core.main.TestSuiteExecutor.execute(TestSuiteExecutor.java:81)
	at com.kms.katalon.core.main.TestCaseMain.startTestSuite(TestCaseMain.java:157)
	at com.kms.katalon.core.main.TestCaseMain$startTestSuite$0.call(Unknown Source)
	at TempTestSuite1554724346062.run(TempTestSuite1554724346062.groovy:35)
Caused by: com.kms.katalon.core.exception.StepFailedException: Some of links on the current page are inaccessible
	at com.kms.katalon.core.webui.keyword.internal.WebUIKeywordMain.stepFailed(WebUIKeywordMain.groovy:64)
	at com.kms.katalon.core.webui.keyword.builtin.VerifyAllLinksOnCurrentPageAccessibleKeyword$_verifyAllLinksOnCurrentPageAccessible_closure1.doCall(VerifyAllLinksOnCurrentPageAccessibleKeyword.groovy:45)
	at com.kms.katalon.core.webui.keyword.builtin.VerifyAllLinksOnCurrentPageAccessibleKeyword$_verifyAllLinksOnCurrentPageAccessible_closure1.call(VerifyAllLinksOnCurrentPageAccessibleKeyword.groovy)
	at com.kms.katalon.core.webui.keyword.internal.WebUIKeywordMain.runKeyword(WebUIKeywordMain.groovy:20)
	... 19 more


2019-04-08 17:23:21 - [MESSAGE][PASSED] - Found 16 unique links on the page http://192.168.0.28:90/delivery-returns-and-cancellations

2019-04-08 17:23:21 - [MESSAGE][INFO] - HAR: C:\Users\sambhavi\git\staging-mccc\Reports\Al links are accessible\20190408_172225\requests\main\56.har

2019-04-08 17:23:22 - [MESSAGE][PASSED] - Send request successfully

2019-04-08 17:23:22 - [MESSAGE][INFO] - HAR: C:\Users\sambhavi\git\staging-mccc\Reports\Al links are accessible\20190408_172225\requests\main\57.har

2019-04-08 17:23:22 - [MESSAGE][PASSED] - Send request successfully

2019-04-08 17:23:22 - [MESSAGE][INFO] - HAR: C:\Users\sambhavi\git\staging-mccc\Reports\Al links are accessible\20190408_172225\requests\main\58.har

2019-04-08 17:23:22 - [MESSAGE][PASSED] - Send request successfully

2019-04-08 17:23:22 - [MESSAGE][INFO] - HAR: C:\Users\sambhavi\git\staging-mccc\Reports\Al links are accessible\20190408_172225\requests\main\59.har

2019-04-08 17:23:22 - [MESSAGE][PASSED] - Send request successfully

2019-04-08 17:23:22 - [MESSAGE][INFO] - HAR: C:\Users\sambhavi\git\staging-mccc\Reports\Al links are accessible\20190408_172225\requests\main\60.har

2019-04-08 17:23:22 - [MESSAGE][PASSED] - Send request successfully

2019-04-08 17:23:22 - [MESSAGE][INFO] - HAR: C:\Users\sambhavi\git\staging-mccc\Reports\Al links are accessible\20190408_172225\requests\main\61.har

2019-04-08 17:23:22 - [MESSAGE][PASSED] - Send request successfully

2019-04-08 17:23:22 - [MESSAGE][INFO] - HAR: C:\Users\sambhavi\git\staging-mccc\Reports\Al links are accessible\20190408_172225\requests\main\62.har

2019-04-08 17:23:22 - [MESSAGE][PASSED] - Send request successfully

2019-04-08 17:23:22 - [MESSAGE][INFO] - HAR: C:\Users\sambhavi\git\staging-mccc\Reports\Al links are accessible\20190408_172225\requests\main\63.har

2019-04-08 17:23:22 - [MESSAGE][PASSED] - Send request successfully

2019-04-08 17:23:22 - [MESSAGE][INFO] - HAR: C:\Users\sambhavi\git\staging-mccc\Reports\Al links are accessible\20190408_172225\requests\main\64.har

2019-04-08 17:23:22 - [MESSAGE][PASSED] - Send request successfully

2019-04-08 17:23:22 - [MESSAGE][INFO] - HAR: C:\Users\sambhavi\git\staging-mccc\Reports\Al links are accessible\20190408_172225\requests\main\65.har

2019-04-08 17:23:22 - [MESSAGE][PASSED] - Send request successfully

2019-04-08 17:23:22 - [MESSAGE][INFO] - HAR: C:\Users\sambhavi\git\staging-mccc\Reports\Al links are accessible\20190408_172225\requests\main\66.har

2019-04-08 17:23:22 - [MESSAGE][PASSED] - Send request successfully

2019-04-08 17:23:22 - [MESSAGE][INFO] - HAR: C:\Users\sambhavi\git\staging-mccc\Reports\Al links are accessible\20190408_172225\requests\main\67.har

2019-04-08 17:23:22 - [MESSAGE][PASSED] - Send request successfully

2019-04-08 17:23:22 - [MESSAGE][INFO] - HAR: C:\Users\sambhavi\git\staging-mccc\Reports\Al links are accessible\20190408_172225\requests\main\68.har

2019-04-08 17:23:22 - [MESSAGE][PASSED] - Send request successfully

2019-04-08 17:23:22 - [MESSAGE][INFO] - HAR: C:\Users\sambhavi\git\staging-mccc\Reports\Al links are accessible\20190408_172225\requests\main\69.har

2019-04-08 17:23:22 - [MESSAGE][PASSED] - Send request successfully

2019-04-08 17:23:22 - [MESSAGE][INFO] - HAR: C:\Users\sambhavi\git\staging-mccc\Reports\Al links are accessible\20190408_172225\requests\main\70.har

2019-04-08 17:23:22 - [MESSAGE][PASSED] - Send request successfully

2019-04-08 17:23:22 - [MESSAGE][INFO] - HAR: C:\Users\sambhavi\git\staging-mccc\Reports\Al links are accessible\20190408_172225\requests\main\71.har

2019-04-08 17:23:22 - [MESSAGE][PASSED] - Send request successfully

2019-04-08 17:23:22 - [MESSAGE][WARNING] - Found 1 inaccessible links [http://192.168.0.28:90/img/logo-fav.png] (Root cause: com.kms.katalon.core.exception.StepFailedException: Found 1 inaccessible links [http://192.168.0.28:90/img/logo-fav.png]
	at com.kms.katalon.core.webui.keyword.internal.WebUIKeywordMain.stepFailed(WebUIKeywordMain.groovy:64)
	at com.kms.katalon.core.webui.keyword.builtin.VerifyLinksAccessibleKeyword$_verifyLinksAccessible_closure1.doCall(VerifyLinksAccessibleKeyword.groovy:52)
	at com.kms.katalon.core.webui.keyword.builtin.VerifyLinksAccessibleKeyword$_verifyLinksAccessible_closure1.call(VerifyLinksAccessibleKeyword.groovy)
	at com.kms.katalon.core.webui.keyword.internal.WebUIKeywordMain.runKeyword(WebUIKeywordMain.groovy:20)
	at com.kms.katalon.core.webui.keyword.builtin.VerifyLinksAccessibleKeyword.verifyLinksAccessible(VerifyLinksAccessibleKeyword.groovy:37)
	at com.kms.katalon.core.webui.keyword.builtin.VerifyLinksAccessibleKeyword.execute(VerifyLinksAccessibleKeyword.groovy:32)
	at com.kms.katalon.core.keyword.internal.KeywordExecutor.executeKeywordForPlatform(KeywordExecutor.groovy:56)
	at com.kms.katalon.core.webui.keyword.WebUiBuiltInKeywords.verifyLinksAccessible(WebUiBuiltInKeywords.groovy:3709)
	at com.kms.katalon.core.webui.keyword.builtin.VerifyAllLinksOnCurrentPageAccessibleKeyword$_verifyAllLinksOnCurrentPageAccessible_closure1.doCall(VerifyAllLinksOnCurrentPageAccessibleKeyword.groovy:40)
	at com.kms.katalon.core.webui.keyword.builtin.VerifyAllLinksOnCurrentPageAccessibleKeyword$_verifyAllLinksOnCurrentPageAccessible_closure1.call(VerifyAllLinksOnCurrentPageAccessibleKeyword.groovy)
	at com.kms.katalon.core.webui.keyword.internal.WebUIKeywordMain.runKeyword(WebUIKeywordMain.groovy:20)
	at com.kms.katalon.core.webui.keyword.builtin.VerifyAllLinksOnCurrentPageAccessibleKeyword.verifyAllLinksOnCurrentPageAccessible(VerifyAllLinksOnCurrentPageAccessibleKeyword.groovy:48)
	at com.kms.katalon.core.webui.keyword.builtin.VerifyAllLinksOnCurrentPageAccessibleKeyword.execute(VerifyAllLinksOnCurrentPageAccessibleKeyword.groovy:32)
	at com.kms.katalon.core.keyword.internal.KeywordExecutor.executeKeywordForPlatform(KeywordExecutor.groovy:56)
	at com.kms.katalon.core.webui.keyword.WebUiBuiltInKeywords.verifyAllLinksOnCurrentPageAccessible(WebUiBuiltInKeywords.groovy:3754)
	at com.kms.katalon.core.webui.keyword.WebUiBuiltInKeywords$verifyAllLinksOnCurrentPageAccessible$4.call(Unknown Source)
	at Delivery,Returns and cancellations.run(Delivery,Returns and cancellations:37)
	at com.kms.katalon.core.main.ScriptEngine.run(ScriptEngine.java:194)
	at com.kms.katalon.core.main.ScriptEngine.runScriptAsRawText(ScriptEngine.java:119)
	at com.kms.katalon.core.main.TestCaseExecutor.runScript(TestCaseExecutor.java:331)
	at com.kms.katalon.core.main.TestCaseExecutor.doExecute(TestCaseExecutor.java:322)
	at com.kms.katalon.core.main.TestCaseExecutor.processExecutionPhase(TestCaseExecutor.java:301)
	at com.kms.katalon.core.main.TestCaseExecutor.accessMainPhase(TestCaseExecutor.java:293)
	at com.kms.katalon.core.main.TestCaseExecutor.execute(TestCaseExecutor.java:227)
	at com.kms.katalon.core.main.TestSuiteExecutor.accessTestCaseMainPhase(TestSuiteExecutor.java:129)
	at com.kms.katalon.core.main.TestSuiteExecutor.accessTestSuiteMainPhase(TestSuiteExecutor.java:112)
	at com.kms.katalon.core.main.TestSuiteExecutor.execute(TestSuiteExecutor.java:81)
	at com.kms.katalon.core.main.TestCaseMain.startTestSuite(TestCaseMain.java:157)
	at com.kms.katalon.core.main.TestCaseMain$startTestSuite$0.call(Unknown Source)
	at TempTestSuite1554724346062.run(TempTestSuite1554724346062.groovy:35)
)

2019-04-08 17:23:22 - [MESSAGE][FAILED] - Some of links on the current page are inaccessible (Root cause: com.kms.katalon.core.exception.StepFailedException: Some of links on the current page are inaccessible
	at com.kms.katalon.core.webui.keyword.internal.WebUIKeywordMain.stepFailed(WebUIKeywordMain.groovy:64)
	at com.kms.katalon.core.webui.keyword.builtin.VerifyAllLinksOnCurrentPageAccessibleKeyword$_verifyAllLinksOnCurrentPageAccessible_closure1.doCall(VerifyAllLinksOnCurrentPageAccessibleKeyword.groovy:45)
	at com.kms.katalon.core.webui.keyword.builtin.VerifyAllLinksOnCurrentPageAccessibleKeyword$_verifyAllLinksOnCurrentPageAccessible_closure1.call(VerifyAllLinksOnCurrentPageAccessibleKeyword.groovy)
	at com.kms.katalon.core.webui.keyword.internal.WebUIKeywordMain.runKeyword(WebUIKeywordMain.groovy:20)
	at com.kms.katalon.core.webui.keyword.builtin.VerifyAllLinksOnCurrentPageAccessibleKeyword.verifyAllLinksOnCurrentPageAccessible(VerifyAllLinksOnCurrentPageAccessibleKeyword.groovy:48)
	at com.kms.katalon.core.webui.keyword.builtin.VerifyAllLinksOnCurrentPageAccessibleKeyword.execute(VerifyAllLinksOnCurrentPageAccessibleKeyword.groovy:32)
	at com.kms.katalon.core.keyword.internal.KeywordExecutor.executeKeywordForPlatform(KeywordExecutor.groovy:56)
	at com.kms.katalon.core.webui.keyword.WebUiBuiltInKeywords.verifyAllLinksOnCurrentPageAccessible(WebUiBuiltInKeywords.groovy:3754)
	at com.kms.katalon.core.webui.keyword.WebUiBuiltInKeywords$verifyAllLinksOnCurrentPageAccessible$4.call(Unknown Source)
	at Delivery,Returns and cancellations.run(Delivery,Returns and cancellations:37)
	at com.kms.katalon.core.main.ScriptEngine.run(ScriptEngine.java:194)
	at com.kms.katalon.core.main.ScriptEngine.runScriptAsRawText(ScriptEngine.java:119)
	at com.kms.katalon.core.main.TestCaseExecutor.runScript(TestCaseExecutor.java:331)
	at com.kms.katalon.core.main.TestCaseExecutor.doExecute(TestCaseExecutor.java:322)
	at com.kms.katalon.core.main.TestCaseExecutor.processExecutionPhase(TestCaseExecutor.java:301)
	at com.kms.katalon.core.main.TestCaseExecutor.accessMainPhase(TestCaseExecutor.java:293)
	at com.kms.katalon.core.main.TestCaseExecutor.execute(TestCaseExecutor.java:227)
	at com.kms.katalon.core.main.TestSuiteExecutor.accessTestCaseMainPhase(TestSuiteExecutor.java:129)
	at com.kms.katalon.core.main.TestSuiteExecutor.accessTestSuiteMainPhase(TestSuiteExecutor.java:112)
	at com.kms.katalon.core.main.TestSuiteExecutor.execute(TestSuiteExecutor.java:81)
	at com.kms.katalon.core.main.TestCaseMain.startTestSuite(TestCaseMain.java:157)
	at com.kms.katalon.core.main.TestCaseMain$startTestSuite$0.call(Unknown Source)
	at TempTestSuite1554724346062.run(TempTestSuite1554724346062.groovy:35)
)

2019-04-08 17:23:22 - [MESSAGE][FAILED] - Unable to verify all links on the page 'http://192.168.0.28:90/delivery-returns-and-cancellations' are accessible (Root cause: com.kms.katalon.core.exception.StepFailedException: Unable to verify all links on the page 'http://192.168.0.28:90/delivery-returns-and-cancellations' are accessible
	at com.kms.katalon.core.webui.keyword.internal.WebUIKeywordMain.stepFailed(WebUIKeywordMain.groovy:64)
	at com.kms.katalon.core.webui.keyword.internal.WebUIKeywordMain.runKeyword(WebUIKeywordMain.groovy:26)
	at com.kms.katalon.core.webui.keyword.builtin.VerifyAllLinksOnCurrentPageAccessibleKeyword.verifyAllLinksOnCurrentPageAccessible(VerifyAllLinksOnCurrentPageAccessibleKeyword.groovy:48)
	at com.kms.katalon.core.webui.keyword.builtin.VerifyAllLinksOnCurrentPageAccessibleKeyword.execute(VerifyAllLinksOnCurrentPageAccessibleKeyword.groovy:32)
	at com.kms.katalon.core.keyword.internal.KeywordExecutor.executeKeywordForPlatform(KeywordExecutor.groovy:56)
	at com.kms.katalon.core.webui.keyword.WebUiBuiltInKeywords.verifyAllLinksOnCurrentPageAccessible(WebUiBuiltInKeywords.groovy:3754)
	at com.kms.katalon.core.webui.keyword.WebUiBuiltInKeywords$verifyAllLinksOnCurrentPageAccessible$4.call(Unknown Source)
	at Delivery,Returns and cancellations.run(Delivery,Returns and cancellations:37)
	at com.kms.katalon.core.main.ScriptEngine.run(ScriptEngine.java:194)
	at com.kms.katalon.core.main.ScriptEngine.runScriptAsRawText(ScriptEngine.java:119)
	at com.kms.katalon.core.main.TestCaseExecutor.runScript(TestCaseExecutor.java:331)
	at com.kms.katalon.core.main.TestCaseExecutor.doExecute(TestCaseExecutor.java:322)
	at com.kms.katalon.core.main.TestCaseExecutor.processExecutionPhase(TestCaseExecutor.java:301)
	at com.kms.katalon.core.main.TestCaseExecutor.accessMainPhase(TestCaseExecutor.java:293)
	at com.kms.katalon.core.main.TestCaseExecutor.execute(TestCaseExecutor.java:227)
	at com.kms.katalon.core.main.TestSuiteExecutor.accessTestCaseMainPhase(TestSuiteExecutor.java:129)
	at com.kms.katalon.core.main.TestSuiteExecutor.accessTestSuiteMainPhase(TestSuiteExecutor.java:112)
	at com.kms.katalon.core.main.TestSuiteExecutor.execute(TestSuiteExecutor.java:81)
	at com.kms.katalon.core.main.TestCaseMain.startTestSuite(TestCaseMain.java:157)
	at com.kms.katalon.core.main.TestCaseMain$startTestSuite$0.call(Unknown Source)
	at TempTestSuite1554724346062.run(TempTestSuite1554724346062.groovy:35)
Caused by: com.kms.katalon.core.exception.StepFailedException: Some of links on the current page are inaccessible
	at com.kms.katalon.core.webui.keyword.internal.WebUIKeywordMain.stepFailed(WebUIKeywordMain.groovy:64)
	at com.kms.katalon.core.webui.keyword.builtin.VerifyAllLinksOnCurrentPageAccessibleKeyword$_verifyAllLinksOnCurrentPageAccessible_closure1.doCall(VerifyAllLinksOnCurrentPageAccessibleKeyword.groovy:45)
	at com.kms.katalon.core.webui.keyword.builtin.VerifyAllLinksOnCurrentPageAccessibleKeyword$_verifyAllLinksOnCurrentPageAccessible_closure1.call(VerifyAllLinksOnCurrentPageAccessibleKeyword.groovy)
	at com.kms.katalon.core.webui.keyword.internal.WebUIKeywordMain.runKeyword(WebUIKeywordMain.groovy:20)
	... 19 more
)

2019-04-08 17:23:22 - [MESSAGE][FAILED] - verifyAllLinksOnCurrentPageAccessible(false, []) FAILED.
Reason:
com.kms.katalon.core.exception.StepFailedException: Unable to verify all links on the page 'http://192.168.0.28:90/delivery-returns-and-cancellations' are accessible
	at com.kms.katalon.core.webui.keyword.internal.WebUIKeywordMain.stepFailed(WebUIKeywordMain.groovy:64)
	at com.kms.katalon.core.webui.keyword.internal.WebUIKeywordMain.runKeyword(WebUIKeywordMain.groovy:26)
	at com.kms.katalon.core.webui.keyword.builtin.VerifyAllLinksOnCurrentPageAccessibleKeyword.verifyAllLinksOnCurrentPageAccessible(VerifyAllLinksOnCurrentPageAccessibleKeyword.groovy:48)
	at com.kms.katalon.core.webui.keyword.builtin.VerifyAllLinksOnCurrentPageAccessibleKeyword.execute(VerifyAllLinksOnCurrentPageAccessibleKeyword.groovy:32)
	at com.kms.katalon.core.keyword.internal.KeywordExecutor.executeKeywordForPlatform(KeywordExecutor.groovy:56)
	at com.kms.katalon.core.webui.keyword.WebUiBuiltInKeywords.verifyAllLinksOnCurrentPageAccessible(WebUiBuiltInKeywords.groovy:3754)
	at com.kms.katalon.core.webui.keyword.WebUiBuiltInKeywords$verifyAllLinksOnCurrentPageAccessible$4.call(Unknown Source)
	at Delivery,Returns and cancellations.run(Delivery,Returns and cancellations:37)
	at com.kms.katalon.core.main.ScriptEngine.run(ScriptEngine.java:194)
	at com.kms.katalon.core.main.ScriptEngine.runScriptAsRawText(ScriptEngine.java:119)
	at com.kms.katalon.core.main.TestCaseExecutor.runScript(TestCaseExecutor.java:331)
	at com.kms.katalon.core.main.TestCaseExecutor.doExecute(TestCaseExecutor.java:322)
	at com.kms.katalon.core.main.TestCaseExecutor.processExecutionPhase(TestCaseExecutor.java:301)
	at com.kms.katalon.core.main.TestCaseExecutor.accessMainPhase(TestCaseExecutor.java:293)
	at com.kms.katalon.core.main.TestCaseExecutor.execute(TestCaseExecutor.java:227)
	at com.kms.katalon.core.main.TestSuiteExecutor.accessTestCaseMainPhase(TestSuiteExecutor.java:129)
	at com.kms.katalon.core.main.TestSuiteExecutor.accessTestSuiteMainPhase(TestSuiteExecutor.java:112)
	at com.kms.katalon.core.main.TestSuiteExecutor.execute(TestSuiteExecutor.java:81)
	at com.kms.katalon.core.main.TestCaseMain.startTestSuite(TestCaseMain.java:157)
	at com.kms.katalon.core.main.TestCaseMain$startTestSuite$0.call(Unknown Source)
	at TempTestSuite1554724346062.run(TempTestSuite1554724346062.groovy:35)
Caused by: com.kms.katalon.core.exception.StepFailedException: Some of links on the current page are inaccessible
	at com.kms.katalon.core.webui.keyword.internal.WebUIKeywordMain.stepFailed(WebUIKeywordMain.groovy:64)
	at com.kms.katalon.core.webui.keyword.builtin.VerifyAllLinksOnCurrentPageAccessibleKeyword$_verifyAllLinksOnCurrentPageAccessible_closure1.doCall(VerifyAllLinksOnCurrentPageAccessibleKeyword.groovy:45)
	at com.kms.katalon.core.webui.keyword.builtin.VerifyAllLinksOnCurrentPageAccessibleKeyword$_verifyAllLinksOnCurrentPageAccessible_closure1.call(VerifyAllLinksOnCurrentPageAccessibleKeyword.groovy)
	at com.kms.katalon.core.webui.keyword.internal.WebUIKeywordMain.runKeyword(WebUIKeywordMain.groovy:20)
	... 19 more]]></system-out>
         <system-err><![CDATA[2019-04-08 17:23:13 - [TEST_CASE][FAILED] - Test Cases/All Links are Accessible/Delivery,Returns and cancellations: Test Cases/All Links are Accessible/Delivery,Returns and cancellations FAILED.
Reason:
com.kms.katalon.core.exception.StepFailedException: Unable to verify all links on the page 'http://192.168.0.28:90/delivery-returns-and-cancellations' are accessible
	at com.kms.katalon.core.webui.keyword.internal.WebUIKeywordMain.stepFailed(WebUIKeywordMain.groovy:64)
	at com.kms.katalon.core.webui.keyword.internal.WebUIKeywordMain.runKeyword(WebUIKeywordMain.groovy:26)
	at com.kms.katalon.core.webui.keyword.builtin.VerifyAllLinksOnCurrentPageAccessibleKeyword.verifyAllLinksOnCurrentPageAccessible(VerifyAllLinksOnCurrentPageAccessibleKeyword.groovy:48)
	at com.kms.katalon.core.webui.keyword.builtin.VerifyAllLinksOnCurrentPageAccessibleKeyword.execute(VerifyAllLinksOnCurrentPageAccessibleKeyword.groovy:32)
	at com.kms.katalon.core.keyword.internal.KeywordExecutor.executeKeywordForPlatform(KeywordExecutor.groovy:56)
	at com.kms.katalon.core.webui.keyword.WebUiBuiltInKeywords.verifyAllLinksOnCurrentPageAccessible(WebUiBuiltInKeywords.groovy:3754)
	at com.kms.katalon.core.webui.keyword.WebUiBuiltInKeywords$verifyAllLinksOnCurrentPageAccessible$4.call(Unknown Source)
	at Delivery,Returns and cancellations.run(Delivery,Returns and cancellations:37)
	at com.kms.katalon.core.main.ScriptEngine.run(ScriptEngine.java:194)
	at com.kms.katalon.core.main.ScriptEngine.runScriptAsRawText(ScriptEngine.java:119)
	at com.kms.katalon.core.main.TestCaseExecutor.runScript(TestCaseExecutor.java:331)
	at com.kms.katalon.core.main.TestCaseExecutor.doExecute(TestCaseExecutor.java:322)
	at com.kms.katalon.core.main.TestCaseExecutor.processExecutionPhase(TestCaseExecutor.java:301)
	at com.kms.katalon.core.main.TestCaseExecutor.accessMainPhase(TestCaseExecutor.java:293)
	at com.kms.katalon.core.main.TestCaseExecutor.execute(TestCaseExecutor.java:227)
	at com.kms.katalon.core.main.TestSuiteExecutor.accessTestCaseMainPhase(TestSuiteExecutor.java:129)
	at com.kms.katalon.core.main.TestSuiteExecutor.accessTestSuiteMainPhase(TestSuiteExecutor.java:112)
	at com.kms.katalon.core.main.TestSuiteExecutor.execute(TestSuiteExecutor.java:81)
	at com.kms.katalon.core.main.TestCaseMain.startTestSuite(TestCaseMain.java:157)
	at com.kms.katalon.core.main.TestCaseMain$startTestSuite$0.call(Unknown Source)
	at TempTestSuite1554724346062.run(TempTestSuite1554724346062.groovy:35)
Caused by: com.kms.katalon.core.exception.StepFailedException: Some of links on the current page are inaccessible
	at com.kms.katalon.core.webui.keyword.internal.WebUIKeywordMain.stepFailed(WebUIKeywordMain.groovy:64)
	at com.kms.katalon.core.webui.keyword.builtin.VerifyAllLinksOnCurrentPageAccessibleKeyword$_verifyAllLinksOnCurrentPageAccessible_closure1.doCall(VerifyAllLinksOnCurrentPageAccessibleKeyword.groovy:45)
	at com.kms.katalon.core.webui.keyword.builtin.VerifyAllLinksOnCurrentPageAccessibleKeyword$_verifyAllLinksOnCurrentPageAccessible_closure1.call(VerifyAllLinksOnCurrentPageAccessibleKeyword.groovy)
	at com.kms.katalon.core.webui.keyword.internal.WebUIKeywordMain.runKeyword(WebUIKeywordMain.groovy:20)
	... 19 more]]></system-err>
      </testcase>
      <testcase name="Test Cases/All Links are Accessible/Disabled country" classname="Test Cases/All Links are Accessible/Disabled country" status="PASSED">
         <system-out><![CDATA[2019-04-08 17:23:22 - [TEST_CASE][PASSED] - Test Cases/All Links are Accessible/Disabled country: Test Cases/All Links are Accessible/Disabled country

2019-04-08 17:23:22 - [TEST_STEP][PASSED] - comment("Verifying Whether Links are Working or not when we click on Disabled country buynow page"): Verifying Whether Links are Working or not when we click on Disabled country buynow page

2019-04-08 17:23:22 - [MESSAGE][INFO] - Verifying Whether Links are Working or not when we click on Disabled country buynow page

2019-04-08 17:23:22 - [TEST_STEP][PASSED] - openBrowser(""): Browser is opened with url: ''

2019-04-08 17:23:22 - [MESSAGE][WARNING] - A browser is already opened. Closing browser and opening a new one

2019-04-08 17:23:23 - [MESSAGE][INFO] - Starting 'Chrome' driver

2019-04-08 17:23:26 - [MESSAGE][PASSED] - Browser is opened with url: ''

2019-04-08 17:23:26 - [TEST_STEP][PASSED] - navigateToUrl("http://192.168.0.28:90/detail/11/DISABLED_COUNTRY/10"): Navigate to 'http://192.168.0.28:90/detail/11/DISABLED_COUNTRY/10' successfully

2019-04-08 17:23:28 - [MESSAGE][PASSED] - Navigate to 'http://192.168.0.28:90/detail/11/DISABLED_COUNTRY/10' successfully

2019-04-08 17:23:28 - [TEST_STEP][PASSED] - delay(5): Delayed 5 second(s)

2019-04-08 17:23:33 - [MESSAGE][PASSED] - Delayed 5 second(s)

2019-04-08 17:23:33 - [TEST_STEP][PASSED] - verifyTextPresent("DISABLED COUNTRY MEMBERSHIP", false): Text 'DISABLED COUNTRY MEMBERSHIP' is present on page 

2019-04-08 17:23:33 - [MESSAGE][PASSED] - Text 'DISABLED COUNTRY MEMBERSHIP' is present on page 

2019-04-08 17:23:33 - [TEST_STEP][PASSED] - getAllLinksOnCurrentPage(false, []): Found 30 unique links on the page http://192.168.0.28:90/detail/11/DISABLED_COUNTRY/10

2019-04-08 17:23:33 - [MESSAGE][PASSED] - Found 30 unique links on the page http://192.168.0.28:90/detail/11/DISABLED_COUNTRY/10

2019-04-08 17:23:33 - [TEST_STEP][PASSED] - verifyAllLinksOnCurrentPageAccessible(false, []): All links on the page 'http://192.168.0.28:90/detail/11/DISABLED_COUNTRY/10' are accessible

2019-04-08 17:23:34 - [MESSAGE][PASSED] - Found 30 unique links on the page http://192.168.0.28:90/detail/11/DISABLED_COUNTRY/10

2019-04-08 17:23:34 - [MESSAGE][INFO] - HAR: C:\Users\sambhavi\git\staging-mccc\Reports\Al links are accessible\20190408_172225\requests\main\72.har

2019-04-08 17:23:34 - [MESSAGE][PASSED] - Send request successfully

2019-04-08 17:23:34 - [MESSAGE][INFO] - HAR: C:\Users\sambhavi\git\staging-mccc\Reports\Al links are accessible\20190408_172225\requests\main\73.har

2019-04-08 17:23:34 - [MESSAGE][PASSED] - Send request successfully

2019-04-08 17:23:34 - [MESSAGE][INFO] - HAR: C:\Users\sambhavi\git\staging-mccc\Reports\Al links are accessible\20190408_172225\requests\main\74.har

2019-04-08 17:23:34 - [MESSAGE][PASSED] - Send request successfully

2019-04-08 17:23:34 - [MESSAGE][INFO] - HAR: C:\Users\sambhavi\git\staging-mccc\Reports\Al links are accessible\20190408_172225\requests\main\75.har

2019-04-08 17:23:34 - [MESSAGE][PASSED] - Send request successfully

2019-04-08 17:23:34 - [MESSAGE][INFO] - HAR: C:\Users\sambhavi\git\staging-mccc\Reports\Al links are accessible\20190408_172225\requests\main\76.har

2019-04-08 17:23:34 - [MESSAGE][PASSED] - Send request successfully

2019-04-08 17:23:34 - [MESSAGE][INFO] - HAR: C:\Users\sambhavi\git\staging-mccc\Reports\Al links are accessible\20190408_172225\requests\main\77.har

2019-04-08 17:23:34 - [MESSAGE][PASSED] - Send request successfully

2019-04-08 17:23:34 - [MESSAGE][INFO] - HAR: C:\Users\sambhavi\git\staging-mccc\Reports\Al links are accessible\20190408_172225\requests\main\78.har

2019-04-08 17:23:34 - [MESSAGE][PASSED] - Send request successfully

2019-04-08 17:23:34 - [MESSAGE][INFO] - HAR: C:\Users\sambhavi\git\staging-mccc\Reports\Al links are accessible\20190408_172225\requests\main\79.har

2019-04-08 17:23:34 - [MESSAGE][PASSED] - Send request successfully

2019-04-08 17:23:34 - [MESSAGE][INFO] - HAR: C:\Users\sambhavi\git\staging-mccc\Reports\Al links are accessible\20190408_172225\requests\main\80.har

2019-04-08 17:23:34 - [MESSAGE][PASSED] - Send request successfully

2019-04-08 17:23:34 - [MESSAGE][INFO] - HAR: C:\Users\sambhavi\git\staging-mccc\Reports\Al links are accessible\20190408_172225\requests\main\81.har

2019-04-08 17:23:34 - [MESSAGE][PASSED] - Send request successfully

2019-04-08 17:23:34 - [MESSAGE][INFO] - HAR: C:\Users\sambhavi\git\staging-mccc\Reports\Al links are accessible\20190408_172225\requests\main\82.har

2019-04-08 17:23:34 - [MESSAGE][PASSED] - Send request successfully

2019-04-08 17:23:34 - [MESSAGE][INFO] - HAR: C:\Users\sambhavi\git\staging-mccc\Reports\Al links are accessible\20190408_172225\requests\main\83.har

2019-04-08 17:23:34 - [MESSAGE][PASSED] - Send request successfully

2019-04-08 17:23:34 - [MESSAGE][INFO] - HAR: C:\Users\sambhavi\git\staging-mccc\Reports\Al links are accessible\20190408_172225\requests\main\84.har

2019-04-08 17:23:34 - [MESSAGE][PASSED] - Send request successfully

2019-04-08 17:23:34 - [MESSAGE][INFO] - HAR: C:\Users\sambhavi\git\staging-mccc\Reports\Al links are accessible\20190408_172225\requests\main\85.har

2019-04-08 17:23:34 - [MESSAGE][PASSED] - Send request successfully

2019-04-08 17:23:34 - [MESSAGE][INFO] - HAR: C:\Users\sambhavi\git\staging-mccc\Reports\Al links are accessible\20190408_172225\requests\main\86.har

2019-04-08 17:23:34 - [MESSAGE][PASSED] - Send request successfully

2019-04-08 17:23:34 - [MESSAGE][INFO] - HAR: C:\Users\sambhavi\git\staging-mccc\Reports\Al links are accessible\20190408_172225\requests\main\87.har

2019-04-08 17:23:34 - [MESSAGE][PASSED] - Send request successfully

2019-04-08 17:23:34 - [MESSAGE][INFO] - HAR: C:\Users\sambhavi\git\staging-mccc\Reports\Al links are accessible\20190408_172225\requests\main\88.har

2019-04-08 17:23:34 - [MESSAGE][PASSED] - Send request successfully

2019-04-08 17:23:34 - [MESSAGE][INFO] - HAR: C:\Users\sambhavi\git\staging-mccc\Reports\Al links are accessible\20190408_172225\requests\main\89.har

2019-04-08 17:23:34 - [MESSAGE][PASSED] - Send request successfully

2019-04-08 17:23:34 - [MESSAGE][INFO] - HAR: C:\Users\sambhavi\git\staging-mccc\Reports\Al links are accessible\20190408_172225\requests\main\90.har

2019-04-08 17:23:34 - [MESSAGE][PASSED] - Send request successfully

2019-04-08 17:23:34 - [MESSAGE][INFO] - HAR: C:\Users\sambhavi\git\staging-mccc\Reports\Al links are accessible\20190408_172225\requests\main\91.har

2019-04-08 17:23:34 - [MESSAGE][PASSED] - Send request successfully

2019-04-08 17:23:35 - [MESSAGE][INFO] - HAR: C:\Users\sambhavi\git\staging-mccc\Reports\Al links are accessible\20190408_172225\requests\main\92.har

2019-04-08 17:23:35 - [MESSAGE][PASSED] - Send request successfully

2019-04-08 17:23:35 - [MESSAGE][INFO] - HAR: C:\Users\sambhavi\git\staging-mccc\Reports\Al links are accessible\20190408_172225\requests\main\93.har

2019-04-08 17:23:35 - [MESSAGE][PASSED] - Send request successfully

2019-04-08 17:23:35 - [MESSAGE][INFO] - HAR: C:\Users\sambhavi\git\staging-mccc\Reports\Al links are accessible\20190408_172225\requests\main\94.har

2019-04-08 17:23:35 - [MESSAGE][PASSED] - Send request successfully

2019-04-08 17:23:35 - [MESSAGE][INFO] - HAR: C:\Users\sambhavi\git\staging-mccc\Reports\Al links are accessible\20190408_172225\requests\main\95.har

2019-04-08 17:23:35 - [MESSAGE][PASSED] - Send request successfully

2019-04-08 17:23:35 - [MESSAGE][INFO] - HAR: C:\Users\sambhavi\git\staging-mccc\Reports\Al links are accessible\20190408_172225\requests\main\96.har

2019-04-08 17:23:35 - [MESSAGE][PASSED] - Send request successfully

2019-04-08 17:23:35 - [MESSAGE][INFO] - HAR: C:\Users\sambhavi\git\staging-mccc\Reports\Al links are accessible\20190408_172225\requests\main\97.har

2019-04-08 17:23:35 - [MESSAGE][PASSED] - Send request successfully

2019-04-08 17:23:35 - [MESSAGE][INFO] - HAR: C:\Users\sambhavi\git\staging-mccc\Reports\Al links are accessible\20190408_172225\requests\main\98.har

2019-04-08 17:23:35 - [MESSAGE][PASSED] - Send request successfully

2019-04-08 17:23:35 - [MESSAGE][INFO] - HAR: C:\Users\sambhavi\git\staging-mccc\Reports\Al links are accessible\20190408_172225\requests\main\99.har

2019-04-08 17:23:35 - [MESSAGE][PASSED] - Send request successfully

2019-04-08 17:23:35 - [MESSAGE][INFO] - HAR: C:\Users\sambhavi\git\staging-mccc\Reports\Al links are accessible\20190408_172225\requests\main\100.har

2019-04-08 17:23:35 - [MESSAGE][PASSED] - Send request successfully

2019-04-08 17:23:35 - [MESSAGE][INFO] - HAR: C:\Users\sambhavi\git\staging-mccc\Reports\Al links are accessible\20190408_172225\requests\main\101.har

2019-04-08 17:23:35 - [MESSAGE][PASSED] - Send request successfully

2019-04-08 17:23:35 - [MESSAGE][PASSED] - All links are accessible

2019-04-08 17:23:35 - [MESSAGE][PASSED] - All links on the page 'http://192.168.0.28:90/detail/11/DISABLED_COUNTRY/10' are accessible]]></system-out>
         <system-err><![CDATA[]]></system-err>
      </testcase>
      <testcase name="Test Cases/All Links are Accessible/Disabled full" classname="Test Cases/All Links are Accessible/Disabled full" status="PASSED">
         <system-out><![CDATA[2019-04-08 17:23:35 - [TEST_CASE][PASSED] - Test Cases/All Links are Accessible/Disabled full: Test Cases/All Links are Accessible/Disabled full

2019-04-08 17:23:35 - [TEST_STEP][PASSED] - openBrowser(""): Browser is opened with url: ''

2019-04-08 17:23:35 - [MESSAGE][WARNING] - A browser is already opened. Closing browser and opening a new one

2019-04-08 17:23:36 - [MESSAGE][INFO] - Starting 'Chrome' driver

2019-04-08 17:23:38 - [MESSAGE][PASSED] - Browser is opened with url: ''

2019-04-08 17:23:38 - [TEST_STEP][PASSED] - navigateToUrl("http://192.168.0.28:90/detail/10/DISABLED_FULL/9"): Navigate to 'http://192.168.0.28:90/detail/10/DISABLED_FULL/9' successfully

2019-04-08 17:23:40 - [MESSAGE][PASSED] - Navigate to 'http://192.168.0.28:90/detail/10/DISABLED_FULL/9' successfully

2019-04-08 17:23:40 - [TEST_STEP][PASSED] - delay(5): Delayed 5 second(s)

2019-04-08 17:23:45 - [MESSAGE][PASSED] - Delayed 5 second(s)

2019-04-08 17:23:45 - [TEST_STEP][PASSED] - verifyTextPresent("DISABLED FULL MEMBERSHIP", false): Text 'DISABLED FULL MEMBERSHIP' is present on page 

2019-04-08 17:23:46 - [MESSAGE][PASSED] - Text 'DISABLED FULL MEMBERSHIP' is present on page 

2019-04-08 17:23:46 - [TEST_STEP][PASSED] - getAllLinksOnCurrentPage(false, []): Found 30 unique links on the page http://192.168.0.28:90/detail/10/DISABLED_FULL/9

2019-04-08 17:23:46 - [MESSAGE][PASSED] - Found 30 unique links on the page http://192.168.0.28:90/detail/10/DISABLED_FULL/9

2019-04-08 17:23:46 - [TEST_STEP][PASSED] - verifyAllLinksOnCurrentPageAccessible(false, []): All links on the page 'http://192.168.0.28:90/detail/10/DISABLED_FULL/9' are accessible

2019-04-08 17:23:46 - [MESSAGE][PASSED] - Found 30 unique links on the page http://192.168.0.28:90/detail/10/DISABLED_FULL/9

2019-04-08 17:23:46 - [MESSAGE][INFO] - HAR: C:\Users\sambhavi\git\staging-mccc\Reports\Al links are accessible\20190408_172225\requests\main\102.har

2019-04-08 17:23:46 - [MESSAGE][PASSED] - Send request successfully

2019-04-08 17:23:47 - [MESSAGE][INFO] - HAR: C:\Users\sambhavi\git\staging-mccc\Reports\Al links are accessible\20190408_172225\requests\main\103.har

2019-04-08 17:23:47 - [MESSAGE][PASSED] - Send request successfully

2019-04-08 17:23:47 - [MESSAGE][INFO] - HAR: C:\Users\sambhavi\git\staging-mccc\Reports\Al links are accessible\20190408_172225\requests\main\104.har

2019-04-08 17:23:47 - [MESSAGE][PASSED] - Send request successfully

2019-04-08 17:23:47 - [MESSAGE][INFO] - HAR: C:\Users\sambhavi\git\staging-mccc\Reports\Al links are accessible\20190408_172225\requests\main\105.har

2019-04-08 17:23:47 - [MESSAGE][PASSED] - Send request successfully

2019-04-08 17:23:47 - [MESSAGE][INFO] - HAR: C:\Users\sambhavi\git\staging-mccc\Reports\Al links are accessible\20190408_172225\requests\main\106.har

2019-04-08 17:23:47 - [MESSAGE][PASSED] - Send request successfully

2019-04-08 17:23:47 - [MESSAGE][INFO] - HAR: C:\Users\sambhavi\git\staging-mccc\Reports\Al links are accessible\20190408_172225\requests\main\107.har

2019-04-08 17:23:47 - [MESSAGE][PASSED] - Send request successfully

2019-04-08 17:23:47 - [MESSAGE][INFO] - HAR: C:\Users\sambhavi\git\staging-mccc\Reports\Al links are accessible\20190408_172225\requests\main\108.har

2019-04-08 17:23:47 - [MESSAGE][PASSED] - Send request successfully

2019-04-08 17:23:47 - [MESSAGE][INFO] - HAR: C:\Users\sambhavi\git\staging-mccc\Reports\Al links are accessible\20190408_172225\requests\main\109.har

2019-04-08 17:23:47 - [MESSAGE][PASSED] - Send request successfully

2019-04-08 17:23:47 - [MESSAGE][INFO] - HAR: C:\Users\sambhavi\git\staging-mccc\Reports\Al links are accessible\20190408_172225\requests\main\110.har

2019-04-08 17:23:47 - [MESSAGE][PASSED] - Send request successfully

2019-04-08 17:23:47 - [MESSAGE][INFO] - HAR: C:\Users\sambhavi\git\staging-mccc\Reports\Al links are accessible\20190408_172225\requests\main\111.har

2019-04-08 17:23:47 - [MESSAGE][PASSED] - Send request successfully

2019-04-08 17:23:47 - [MESSAGE][INFO] - HAR: C:\Users\sambhavi\git\staging-mccc\Reports\Al links are accessible\20190408_172225\requests\main\112.har

2019-04-08 17:23:47 - [MESSAGE][PASSED] - Send request successfully

2019-04-08 17:23:47 - [MESSAGE][INFO] - HAR: C:\Users\sambhavi\git\staging-mccc\Reports\Al links are accessible\20190408_172225\requests\main\113.har

2019-04-08 17:23:47 - [MESSAGE][PASSED] - Send request successfully

2019-04-08 17:23:47 - [MESSAGE][INFO] - HAR: C:\Users\sambhavi\git\staging-mccc\Reports\Al links are accessible\20190408_172225\requests\main\114.har

2019-04-08 17:23:47 - [MESSAGE][PASSED] - Send request successfully

2019-04-08 17:23:47 - [MESSAGE][INFO] - HAR: C:\Users\sambhavi\git\staging-mccc\Reports\Al links are accessible\20190408_172225\requests\main\115.har

2019-04-08 17:23:47 - [MESSAGE][PASSED] - Send request successfully

2019-04-08 17:23:47 - [MESSAGE][INFO] - HAR: C:\Users\sambhavi\git\staging-mccc\Reports\Al links are accessible\20190408_172225\requests\main\116.har

2019-04-08 17:23:47 - [MESSAGE][PASSED] - Send request successfully

2019-04-08 17:23:47 - [MESSAGE][INFO] - HAR: C:\Users\sambhavi\git\staging-mccc\Reports\Al links are accessible\20190408_172225\requests\main\117.har

2019-04-08 17:23:47 - [MESSAGE][PASSED] - Send request successfully

2019-04-08 17:23:47 - [MESSAGE][INFO] - HAR: C:\Users\sambhavi\git\staging-mccc\Reports\Al links are accessible\20190408_172225\requests\main\118.har

2019-04-08 17:23:47 - [MESSAGE][PASSED] - Send request successfully

2019-04-08 17:23:47 - [MESSAGE][INFO] - HAR: C:\Users\sambhavi\git\staging-mccc\Reports\Al links are accessible\20190408_172225\requests\main\119.har

2019-04-08 17:23:47 - [MESSAGE][PASSED] - Send request successfully

2019-04-08 17:23:47 - [MESSAGE][INFO] - HAR: C:\Users\sambhavi\git\staging-mccc\Reports\Al links are accessible\20190408_172225\requests\main\120.har

2019-04-08 17:23:47 - [MESSAGE][PASSED] - Send request successfully

2019-04-08 17:23:47 - [MESSAGE][INFO] - HAR: C:\Users\sambhavi\git\staging-mccc\Reports\Al links are accessible\20190408_172225\requests\main\121.har

2019-04-08 17:23:47 - [MESSAGE][PASSED] - Send request successfully

2019-04-08 17:23:47 - [MESSAGE][INFO] - HAR: C:\Users\sambhavi\git\staging-mccc\Reports\Al links are accessible\20190408_172225\requests\main\122.har

2019-04-08 17:23:47 - [MESSAGE][PASSED] - Send request successfully

2019-04-08 17:23:47 - [MESSAGE][INFO] - HAR: C:\Users\sambhavi\git\staging-mccc\Reports\Al links are accessible\20190408_172225\requests\main\123.har

2019-04-08 17:23:47 - [MESSAGE][PASSED] - Send request successfully

2019-04-08 17:23:47 - [MESSAGE][INFO] - HAR: C:\Users\sambhavi\git\staging-mccc\Reports\Al links are accessible\20190408_172225\requests\main\124.har

2019-04-08 17:23:47 - [MESSAGE][PASSED] - Send request successfully

2019-04-08 17:23:47 - [MESSAGE][INFO] - HAR: C:\Users\sambhavi\git\staging-mccc\Reports\Al links are accessible\20190408_172225\requests\main\125.har

2019-04-08 17:23:47 - [MESSAGE][PASSED] - Send request successfully

2019-04-08 17:23:47 - [MESSAGE][INFO] - HAR: C:\Users\sambhavi\git\staging-mccc\Reports\Al links are accessible\20190408_172225\requests\main\126.har

2019-04-08 17:23:47 - [MESSAGE][PASSED] - Send request successfully

2019-04-08 17:23:47 - [MESSAGE][INFO] - HAR: C:\Users\sambhavi\git\staging-mccc\Reports\Al links are accessible\20190408_172225\requests\main\127.har

2019-04-08 17:23:47 - [MESSAGE][PASSED] - Send request successfully

2019-04-08 17:23:47 - [MESSAGE][INFO] - HAR: C:\Users\sambhavi\git\staging-mccc\Reports\Al links are accessible\20190408_172225\requests\main\128.har

2019-04-08 17:23:47 - [MESSAGE][PASSED] - Send request successfully

2019-04-08 17:23:47 - [MESSAGE][INFO] - HAR: C:\Users\sambhavi\git\staging-mccc\Reports\Al links are accessible\20190408_172225\requests\main\129.har

2019-04-08 17:23:47 - [MESSAGE][PASSED] - Send request successfully

2019-04-08 17:23:47 - [MESSAGE][INFO] - HAR: C:\Users\sambhavi\git\staging-mccc\Reports\Al links are accessible\20190408_172225\requests\main\130.har

2019-04-08 17:23:47 - [MESSAGE][PASSED] - Send request successfully

2019-04-08 17:23:47 - [MESSAGE][INFO] - HAR: C:\Users\sambhavi\git\staging-mccc\Reports\Al links are accessible\20190408_172225\requests\main\131.har

2019-04-08 17:23:47 - [MESSAGE][PASSED] - Send request successfully

2019-04-08 17:23:47 - [MESSAGE][PASSED] - All links are accessible

2019-04-08 17:23:47 - [MESSAGE][PASSED] - All links on the page 'http://192.168.0.28:90/detail/10/DISABLED_FULL/9' are accessible]]></system-out>
         <system-err><![CDATA[]]></system-err>
      </testcase>
      <testcase name="Test Cases/All Links are Accessible/Full" classname="Test Cases/All Links are Accessible/Full" status="FAILED">
         <failure type="FAILED" message="Test Cases/All Links are Accessible/Full FAILED.
Reason:
com.kms.katalon.core.exception.StepFailedException: Unable to click on object 'Object Repository/All links are Accessible/Links/Page_Middlesex Cricket Memberships/a_BUY NOW_1'
	at com.kms.katalon.core.webui.keyword.internal.WebUIKeywordMain.stepFailed(WebUIKeywordMain.groovy:64)
	at com.kms.katalon.core.webui.keyword.internal.WebUIKeywordMain.runKeyword(WebUIKeywordMain.groovy:26)
	at com.kms.katalon.core.webui.keyword.builtin.ClickKeyword.click(ClickKeyword.groovy:86)
	at com.kms.katalon.core.webui.keyword.builtin.ClickKeyword.execute(ClickKeyword.groovy:67)
	at com.kms.katalon.core.keyword.internal.KeywordExecutor.executeKeywordForPlatform(KeywordExecutor.groovy:56)
	at com.kms.katalon.core.webui.keyword.WebUiBuiltInKeywords.click(WebUiBuiltInKeywords.groovy:616)
	at com.kms.katalon.core.webui.keyword.WebUiBuiltInKeywords$click$1.call(Unknown Source)
	at Full.run(Full:22)
	at com.kms.katalon.core.main.ScriptEngine.run(ScriptEngine.java:194)
	at com.kms.katalon.core.main.ScriptEngine.runScriptAsRawText(ScriptEngine.java:119)
	at com.kms.katalon.core.main.TestCaseExecutor.runScript(TestCaseExecutor.java:331)
	at com.kms.katalon.core.main.TestCaseExecutor.doExecute(TestCaseExecutor.java:322)
	at com.kms.katalon.core.main.TestCaseExecutor.processExecutionPhase(TestCaseExecutor.java:301)
	at com.kms.katalon.core.main.TestCaseExecutor.accessMainPhase(TestCaseExecutor.java:293)
	at com.kms.katalon.core.main.TestCaseExecutor.execute(TestCaseExecutor.java:227)
	at com.kms.katalon.core.main.TestSuiteExecutor.accessTestCaseMainPhase(TestSuiteExecutor.java:129)
	at com.kms.katalon.core.main.TestSuiteExecutor.accessTestSuiteMainPhase(TestSuiteExecutor.java:112)
	at com.kms.katalon.core.main.TestSuiteExecutor.execute(TestSuiteExecutor.java:81)
	at com.kms.katalon.core.main.TestCaseMain.startTestSuite(TestCaseMain.java:157)
	at com.kms.katalon.core.main.TestCaseMain$startTestSuite$0.call(Unknown Source)
	at TempTestSuite1554724346062.run(TempTestSuite1554724346062.groovy:35)
Caused by: org.openqa.selenium.WebDriverException: unknown error: Element &lt;a class=&quot;btn btn-sm btn-warning my-3 rounded-0 btn-block&quot; href=&quot;/detail/6/FULL/1&quot;>...&lt;/a> is not clickable at point (585, 557). Other element would receive the click: &lt;div class=&quot;col-md-8 text-md-left&quot;>...&lt;/div>
  (Session info: chrome=73.0.3683.86)
  (Driver info: chromedriver=2.43.600210 (68dcf5eebde37173d4027fa8635e332711d2874a),platform=Windows NT 10.0.17134 x86_64) (WARNING: The server did not provide any stacktrace information)
Command duration or timeout: 0 milliseconds
Build info: version: '3.7.1', revision: '8a0099a', time: '2017-11-06T21:07:36.161Z'
System info: host: 'SAMBHAVI', ip: '192.168.0.185', os.name: 'Windows 10', os.arch: 'amd64', os.version: '10.0', java.version: '1.8.0_181'
Driver info: com.kms.katalon.selenium.driver.CChromeDriver
Capabilities {acceptInsecureCerts: false, acceptSslCerts: false, applicationCacheEnabled: false, browserConnectionEnabled: false, browserName: chrome, chrome: {chromedriverVersion: 2.43.600210 (68dcf5eebde371..., userDataDir: C:\Users\sambhavi\AppData\L...}, cssSelectorsEnabled: true, databaseEnabled: false, goog:chromeOptions: {debuggerAddress: localhost:52527}, handlesAlerts: true, hasTouchScreen: false, javascriptEnabled: true, locationContextEnabled: true, mobileEmulationEnabled: false, nativeEvents: true, networkConnectionEnabled: false, pageLoadStrategy: normal, platform: XP, platformName: XP, rotatable: false, setWindowRect: true, takesHeapSnapshot: true, takesScreenshot: true, unexpectedAlertBehaviour: , unhandledPromptBehavior: , version: 73.0.3683.86, webStorageEnabled: true}
Session ID: c6c417ce74d89e8e2bb0f5478dca07a8
	at org.openqa.selenium.remote.ErrorHandler.createThrowable(ErrorHandler.java:214)
	at org.openqa.selenium.remote.ErrorHandler.throwIfResponseFailed(ErrorHandler.java:166)
	at org.openqa.selenium.remote.http.JsonHttpResponseCodec.reconstructValue(JsonHttpResponseCodec.java:40)
	at org.openqa.selenium.remote.http.AbstractHttpResponseCodec.decode(AbstractHttpResponseCodec.java:80)
	at org.openqa.selenium.remote.http.AbstractHttpResponseCodec.decode(AbstractHttpResponseCodec.java:44)
	at org.openqa.selenium.remote.HttpCommandExecutor.execute(HttpCommandExecutor.java:164)
	at org.openqa.selenium.remote.service.DriverCommandExecutor.execute(DriverCommandExecutor.java:83)
	at org.openqa.selenium.remote.RemoteWebDriver.execute(RemoteWebDriver.java:600)
	at com.kms.katalon.selenium.driver.CChromeDriver.execute(CChromeDriver.java:20)
	at org.openqa.selenium.remote.RemoteWebElement.execute(RemoteWebElement.java:279)
	at org.openqa.selenium.remote.RemoteWebElement.click(RemoteWebElement.java:83)
	at com.kms.katalon.core.webui.keyword.builtin.ClickKeyword$_click_closure1.doCall(ClickKeyword.groovy:79)
	at com.kms.katalon.core.webui.keyword.builtin.ClickKeyword$_click_closure1.call(ClickKeyword.groovy)
	at com.kms.katalon.core.webui.keyword.internal.WebUIKeywordMain.runKeyword(WebUIKeywordMain.groovy:20)
	at com.kms.katalon.core.webui.keyword.builtin.ClickKeyword.click(ClickKeyword.groovy:86)
	at com.kms.katalon.core.webui.keyword.builtin.ClickKeyword.execute(ClickKeyword.groovy:67)
	at com.kms.katalon.core.keyword.internal.KeywordExecutor.executeKeywordForPlatform(KeywordExecutor.groovy:56)
	at com.kms.katalon.core.webui.keyword.WebUiBuiltInKeywords.click(WebUiBuiltInKeywords.groovy:616)
	at com.kms.katalon.core.webui.keyword.WebUiBuiltInKeywords$click$1.call(Unknown Source)
	at Script1554273181949.run(Script1554273181949.groovy:22)
	... 13 more
"/>
         <system-out><![CDATA[2019-04-08 17:23:47 - [TEST_CASE][FAILED] - Test Cases/All Links are Accessible/Full: Test Cases/All Links are Accessible/Full FAILED.
Reason:
com.kms.katalon.core.exception.StepFailedException: Unable to click on object 'Object Repository/All links are Accessible/Links/Page_Middlesex Cricket Memberships/a_BUY NOW_1'
	at com.kms.katalon.core.webui.keyword.internal.WebUIKeywordMain.stepFailed(WebUIKeywordMain.groovy:64)
	at com.kms.katalon.core.webui.keyword.internal.WebUIKeywordMain.runKeyword(WebUIKeywordMain.groovy:26)
	at com.kms.katalon.core.webui.keyword.builtin.ClickKeyword.click(ClickKeyword.groovy:86)
	at com.kms.katalon.core.webui.keyword.builtin.ClickKeyword.execute(ClickKeyword.groovy:67)
	at com.kms.katalon.core.keyword.internal.KeywordExecutor.executeKeywordForPlatform(KeywordExecutor.groovy:56)
	at com.kms.katalon.core.webui.keyword.WebUiBuiltInKeywords.click(WebUiBuiltInKeywords.groovy:616)
	at com.kms.katalon.core.webui.keyword.WebUiBuiltInKeywords$click$1.call(Unknown Source)
	at Full.run(Full:22)
	at com.kms.katalon.core.main.ScriptEngine.run(ScriptEngine.java:194)
	at com.kms.katalon.core.main.ScriptEngine.runScriptAsRawText(ScriptEngine.java:119)
	at com.kms.katalon.core.main.TestCaseExecutor.runScript(TestCaseExecutor.java:331)
	at com.kms.katalon.core.main.TestCaseExecutor.doExecute(TestCaseExecutor.java:322)
	at com.kms.katalon.core.main.TestCaseExecutor.processExecutionPhase(TestCaseExecutor.java:301)
	at com.kms.katalon.core.main.TestCaseExecutor.accessMainPhase(TestCaseExecutor.java:293)
	at com.kms.katalon.core.main.TestCaseExecutor.execute(TestCaseExecutor.java:227)
	at com.kms.katalon.core.main.TestSuiteExecutor.accessTestCaseMainPhase(TestSuiteExecutor.java:129)
	at com.kms.katalon.core.main.TestSuiteExecutor.accessTestSuiteMainPhase(TestSuiteExecutor.java:112)
	at com.kms.katalon.core.main.TestSuiteExecutor.execute(TestSuiteExecutor.java:81)
	at com.kms.katalon.core.main.TestCaseMain.startTestSuite(TestCaseMain.java:157)
	at com.kms.katalon.core.main.TestCaseMain$startTestSuite$0.call(Unknown Source)
	at TempTestSuite1554724346062.run(TempTestSuite1554724346062.groovy:35)
Caused by: org.openqa.selenium.WebDriverException: unknown error: Element <a class="btn btn-sm btn-warning my-3 rounded-0 btn-block" href="/detail/6/FULL/1">...</a> is not clickable at point (585, 557). Other element would receive the click: <div class="col-md-8 text-md-left">...</div>
  (Session info: chrome=73.0.3683.86)
  (Driver info: chromedriver=2.43.600210 (68dcf5eebde37173d4027fa8635e332711d2874a),platform=Windows NT 10.0.17134 x86_64) (WARNING: The server did not provide any stacktrace information)
Command duration or timeout: 0 milliseconds
Build info: version: '3.7.1', revision: '8a0099a', time: '2017-11-06T21:07:36.161Z'
System info: host: 'SAMBHAVI', ip: '192.168.0.185', os.name: 'Windows 10', os.arch: 'amd64', os.version: '10.0', java.version: '1.8.0_181'
Driver info: com.kms.katalon.selenium.driver.CChromeDriver
Capabilities {acceptInsecureCerts: false, acceptSslCerts: false, applicationCacheEnabled: false, browserConnectionEnabled: false, browserName: chrome, chrome: {chromedriverVersion: 2.43.600210 (68dcf5eebde371..., userDataDir: C:\Users\sambhavi\AppData\L...}, cssSelectorsEnabled: true, databaseEnabled: false, goog:chromeOptions: {debuggerAddress: localhost:52527}, handlesAlerts: true, hasTouchScreen: false, javascriptEnabled: true, locationContextEnabled: true, mobileEmulationEnabled: false, nativeEvents: true, networkConnectionEnabled: false, pageLoadStrategy: normal, platform: XP, platformName: XP, rotatable: false, setWindowRect: true, takesHeapSnapshot: true, takesScreenshot: true, unexpectedAlertBehaviour: , unhandledPromptBehavior: , version: 73.0.3683.86, webStorageEnabled: true}
Session ID: c6c417ce74d89e8e2bb0f5478dca07a8
	at org.openqa.selenium.remote.ErrorHandler.createThrowable(ErrorHandler.java:214)
	at org.openqa.selenium.remote.ErrorHandler.throwIfResponseFailed(ErrorHandler.java:166)
	at org.openqa.selenium.remote.http.JsonHttpResponseCodec.reconstructValue(JsonHttpResponseCodec.java:40)
	at org.openqa.selenium.remote.http.AbstractHttpResponseCodec.decode(AbstractHttpResponseCodec.java:80)
	at org.openqa.selenium.remote.http.AbstractHttpResponseCodec.decode(AbstractHttpResponseCodec.java:44)
	at org.openqa.selenium.remote.HttpCommandExecutor.execute(HttpCommandExecutor.java:164)
	at org.openqa.selenium.remote.service.DriverCommandExecutor.execute(DriverCommandExecutor.java:83)
	at org.openqa.selenium.remote.RemoteWebDriver.execute(RemoteWebDriver.java:600)
	at com.kms.katalon.selenium.driver.CChromeDriver.execute(CChromeDriver.java:20)
	at org.openqa.selenium.remote.RemoteWebElement.execute(RemoteWebElement.java:279)
	at org.openqa.selenium.remote.RemoteWebElement.click(RemoteWebElement.java:83)
	at com.kms.katalon.core.webui.keyword.builtin.ClickKeyword$_click_closure1.doCall(ClickKeyword.groovy:79)
	at com.kms.katalon.core.webui.keyword.builtin.ClickKeyword$_click_closure1.call(ClickKeyword.groovy)
	at com.kms.katalon.core.webui.keyword.internal.WebUIKeywordMain.runKeyword(WebUIKeywordMain.groovy:20)
	at com.kms.katalon.core.webui.keyword.builtin.ClickKeyword.click(ClickKeyword.groovy:86)
	at com.kms.katalon.core.webui.keyword.builtin.ClickKeyword.execute(ClickKeyword.groovy:67)
	at com.kms.katalon.core.keyword.internal.KeywordExecutor.executeKeywordForPlatform(KeywordExecutor.groovy:56)
	at com.kms.katalon.core.webui.keyword.WebUiBuiltInKeywords.click(WebUiBuiltInKeywords.groovy:616)
	at com.kms.katalon.core.webui.keyword.WebUiBuiltInKeywords$click$1.call(Unknown Source)
	at Script1554273181949.run(Script1554273181949.groovy:22)
	... 13 more


2019-04-08 17:23:48 - [TEST_STEP][PASSED] - openBrowser(""): Browser is opened with url: ''

2019-04-08 17:23:48 - [MESSAGE][WARNING] - A browser is already opened. Closing browser and opening a new one

2019-04-08 17:23:48 - [MESSAGE][INFO] - Starting 'Chrome' driver

2019-04-08 17:23:51 - [MESSAGE][PASSED] - Browser is opened with url: ''

2019-04-08 17:23:51 - [TEST_STEP][PASSED] - navigateToUrl("http://192.168.0.28:90/list"): Navigate to 'http://192.168.0.28:90/list' successfully

2019-04-08 17:23:53 - [MESSAGE][PASSED] - Navigate to 'http://192.168.0.28:90/list' successfully

2019-04-08 17:23:53 - [TEST_STEP][PASSED] - delay(5): Delayed 5 second(s)

2019-04-08 17:23:58 - [MESSAGE][PASSED] - Delayed 5 second(s)

2019-04-08 17:23:58 - [TEST_STEP][FAILED] - click(findTestObject("All links are Accessible/Links/Page_Middlesex Cricket Memberships/a_BUY NOW_1")): click(findTestObject("All links are Accessible/Links/Page_Middlesex Cricket Memberships/a_BUY NOW_1")) FAILED.
Reason:
com.kms.katalon.core.exception.StepFailedException: Unable to click on object 'Object Repository/All links are Accessible/Links/Page_Middlesex Cricket Memberships/a_BUY NOW_1'
	at com.kms.katalon.core.webui.keyword.internal.WebUIKeywordMain.stepFailed(WebUIKeywordMain.groovy:64)
	at com.kms.katalon.core.webui.keyword.internal.WebUIKeywordMain.runKeyword(WebUIKeywordMain.groovy:26)
	at com.kms.katalon.core.webui.keyword.builtin.ClickKeyword.click(ClickKeyword.groovy:86)
	at com.kms.katalon.core.webui.keyword.builtin.ClickKeyword.execute(ClickKeyword.groovy:67)
	at com.kms.katalon.core.keyword.internal.KeywordExecutor.executeKeywordForPlatform(KeywordExecutor.groovy:56)
	at com.kms.katalon.core.webui.keyword.WebUiBuiltInKeywords.click(WebUiBuiltInKeywords.groovy:616)
	at com.kms.katalon.core.webui.keyword.WebUiBuiltInKeywords$click$1.call(Unknown Source)
	at Full.run(Full:22)
	at com.kms.katalon.core.main.ScriptEngine.run(ScriptEngine.java:194)
	at com.kms.katalon.core.main.ScriptEngine.runScriptAsRawText(ScriptEngine.java:119)
	at com.kms.katalon.core.main.TestCaseExecutor.runScript(TestCaseExecutor.java:331)
	at com.kms.katalon.core.main.TestCaseExecutor.doExecute(TestCaseExecutor.java:322)
	at com.kms.katalon.core.main.TestCaseExecutor.processExecutionPhase(TestCaseExecutor.java:301)
	at com.kms.katalon.core.main.TestCaseExecutor.accessMainPhase(TestCaseExecutor.java:293)
	at com.kms.katalon.core.main.TestCaseExecutor.execute(TestCaseExecutor.java:227)
	at com.kms.katalon.core.main.TestSuiteExecutor.accessTestCaseMainPhase(TestSuiteExecutor.java:129)
	at com.kms.katalon.core.main.TestSuiteExecutor.accessTestSuiteMainPhase(TestSuiteExecutor.java:112)
	at com.kms.katalon.core.main.TestSuiteExecutor.execute(TestSuiteExecutor.java:81)
	at com.kms.katalon.core.main.TestCaseMain.startTestSuite(TestCaseMain.java:157)
	at com.kms.katalon.core.main.TestCaseMain$startTestSuite$0.call(Unknown Source)
	at TempTestSuite1554724346062.run(TempTestSuite1554724346062.groovy:35)
Caused by: org.openqa.selenium.WebDriverException: unknown error: Element <a class="btn btn-sm btn-warning my-3 rounded-0 btn-block" href="/detail/6/FULL/1">...</a> is not clickable at point (585, 557). Other element would receive the click: <div class="col-md-8 text-md-left">...</div>
  (Session info: chrome=73.0.3683.86)
  (Driver info: chromedriver=2.43.600210 (68dcf5eebde37173d4027fa8635e332711d2874a),platform=Windows NT 10.0.17134 x86_64) (WARNING: The server did not provide any stacktrace information)
Command duration or timeout: 0 milliseconds
Build info: version: '3.7.1', revision: '8a0099a', time: '2017-11-06T21:07:36.161Z'
System info: host: 'SAMBHAVI', ip: '192.168.0.185', os.name: 'Windows 10', os.arch: 'amd64', os.version: '10.0', java.version: '1.8.0_181'
Driver info: com.kms.katalon.selenium.driver.CChromeDriver
Capabilities {acceptInsecureCerts: false, acceptSslCerts: false, applicationCacheEnabled: false, browserConnectionEnabled: false, browserName: chrome, chrome: {chromedriverVersion: 2.43.600210 (68dcf5eebde371..., userDataDir: C:\Users\sambhavi\AppData\L...}, cssSelectorsEnabled: true, databaseEnabled: false, goog:chromeOptions: {debuggerAddress: localhost:52527}, handlesAlerts: true, hasTouchScreen: false, javascriptEnabled: true, locationContextEnabled: true, mobileEmulationEnabled: false, nativeEvents: true, networkConnectionEnabled: false, pageLoadStrategy: normal, platform: XP, platformName: XP, rotatable: false, setWindowRect: true, takesHeapSnapshot: true, takesScreenshot: true, unexpectedAlertBehaviour: , unhandledPromptBehavior: , version: 73.0.3683.86, webStorageEnabled: true}
Session ID: c6c417ce74d89e8e2bb0f5478dca07a8
	at org.openqa.selenium.remote.ErrorHandler.createThrowable(ErrorHandler.java:214)
	at org.openqa.selenium.remote.ErrorHandler.throwIfResponseFailed(ErrorHandler.java:166)
	at org.openqa.selenium.remote.http.JsonHttpResponseCodec.reconstructValue(JsonHttpResponseCodec.java:40)
	at org.openqa.selenium.remote.http.AbstractHttpResponseCodec.decode(AbstractHttpResponseCodec.java:80)
	at org.openqa.selenium.remote.http.AbstractHttpResponseCodec.decode(AbstractHttpResponseCodec.java:44)
	at org.openqa.selenium.remote.HttpCommandExecutor.execute(HttpCommandExecutor.java:164)
	at org.openqa.selenium.remote.service.DriverCommandExecutor.execute(DriverCommandExecutor.java:83)
	at org.openqa.selenium.remote.RemoteWebDriver.execute(RemoteWebDriver.java:600)
	at com.kms.katalon.selenium.driver.CChromeDriver.execute(CChromeDriver.java:20)
	at org.openqa.selenium.remote.RemoteWebElement.execute(RemoteWebElement.java:279)
	at org.openqa.selenium.remote.RemoteWebElement.click(RemoteWebElement.java:83)
	at com.kms.katalon.core.webui.keyword.builtin.ClickKeyword$_click_closure1.doCall(ClickKeyword.groovy:79)
	at com.kms.katalon.core.webui.keyword.builtin.ClickKeyword$_click_closure1.call(ClickKeyword.groovy)
	at com.kms.katalon.core.webui.keyword.internal.WebUIKeywordMain.runKeyword(WebUIKeywordMain.groovy:20)
	at com.kms.katalon.core.webui.keyword.builtin.ClickKeyword.click(ClickKeyword.groovy:86)
	at com.kms.katalon.core.webui.keyword.builtin.ClickKeyword.execute(ClickKeyword.groovy:67)
	at com.kms.katalon.core.keyword.internal.KeywordExecutor.executeKeywordForPlatform(KeywordExecutor.groovy:56)
	at com.kms.katalon.core.webui.keyword.WebUiBuiltInKeywords.click(WebUiBuiltInKeywords.groovy:616)
	at com.kms.katalon.core.webui.keyword.WebUiBuiltInKeywords$click$1.call(Unknown Source)
	at Script1554273181949.run(Script1554273181949.groovy:22)
	... 13 more


2019-04-08 17:23:58 - [MESSAGE][FAILED] - Unable to click on object 'Object Repository/All links are Accessible/Links/Page_Middlesex Cricket Memberships/a_BUY NOW_1' (Root cause: com.kms.katalon.core.exception.StepFailedException: Unable to click on object 'Object Repository/All links are Accessible/Links/Page_Middlesex Cricket Memberships/a_BUY NOW_1'
	at com.kms.katalon.core.webui.keyword.internal.WebUIKeywordMain.stepFailed(WebUIKeywordMain.groovy:64)
	at com.kms.katalon.core.webui.keyword.internal.WebUIKeywordMain.runKeyword(WebUIKeywordMain.groovy:26)
	at com.kms.katalon.core.webui.keyword.builtin.ClickKeyword.click(ClickKeyword.groovy:86)
	at com.kms.katalon.core.webui.keyword.builtin.ClickKeyword.execute(ClickKeyword.groovy:67)
	at com.kms.katalon.core.keyword.internal.KeywordExecutor.executeKeywordForPlatform(KeywordExecutor.groovy:56)
	at com.kms.katalon.core.webui.keyword.WebUiBuiltInKeywords.click(WebUiBuiltInKeywords.groovy:616)
	at com.kms.katalon.core.webui.keyword.WebUiBuiltInKeywords$click$1.call(Unknown Source)
	at Full.run(Full:22)
	at com.kms.katalon.core.main.ScriptEngine.run(ScriptEngine.java:194)
	at com.kms.katalon.core.main.ScriptEngine.runScriptAsRawText(ScriptEngine.java:119)
	at com.kms.katalon.core.main.TestCaseExecutor.runScript(TestCaseExecutor.java:331)
	at com.kms.katalon.core.main.TestCaseExecutor.doExecute(TestCaseExecutor.java:322)
	at com.kms.katalon.core.main.TestCaseExecutor.processExecutionPhase(TestCaseExecutor.java:301)
	at com.kms.katalon.core.main.TestCaseExecutor.accessMainPhase(TestCaseExecutor.java:293)
	at com.kms.katalon.core.main.TestCaseExecutor.execute(TestCaseExecutor.java:227)
	at com.kms.katalon.core.main.TestSuiteExecutor.accessTestCaseMainPhase(TestSuiteExecutor.java:129)
	at com.kms.katalon.core.main.TestSuiteExecutor.accessTestSuiteMainPhase(TestSuiteExecutor.java:112)
	at com.kms.katalon.core.main.TestSuiteExecutor.execute(TestSuiteExecutor.java:81)
	at com.kms.katalon.core.main.TestCaseMain.startTestSuite(TestCaseMain.java:157)
	at com.kms.katalon.core.main.TestCaseMain$startTestSuite$0.call(Unknown Source)
	at TempTestSuite1554724346062.run(TempTestSuite1554724346062.groovy:35)
Caused by: org.openqa.selenium.WebDriverException: unknown error: Element <a class="btn btn-sm btn-warning my-3 rounded-0 btn-block" href="/detail/6/FULL/1">...</a> is not clickable at point (585, 557). Other element would receive the click: <div class="col-md-8 text-md-left">...</div>
  (Session info: chrome=73.0.3683.86)
  (Driver info: chromedriver=2.43.600210 (68dcf5eebde37173d4027fa8635e332711d2874a),platform=Windows NT 10.0.17134 x86_64) (WARNING: The server did not provide any stacktrace information)
Command duration or timeout: 0 milliseconds
Build info: version: '3.7.1', revision: '8a0099a', time: '2017-11-06T21:07:36.161Z'
System info: host: 'SAMBHAVI', ip: '192.168.0.185', os.name: 'Windows 10', os.arch: 'amd64', os.version: '10.0', java.version: '1.8.0_181'
Driver info: com.kms.katalon.selenium.driver.CChromeDriver
Capabilities {acceptInsecureCerts: false, acceptSslCerts: false, applicationCacheEnabled: false, browserConnectionEnabled: false, browserName: chrome, chrome: {chromedriverVersion: 2.43.600210 (68dcf5eebde371..., userDataDir: C:\Users\sambhavi\AppData\L...}, cssSelectorsEnabled: true, databaseEnabled: false, goog:chromeOptions: {debuggerAddress: localhost:52527}, handlesAlerts: true, hasTouchScreen: false, javascriptEnabled: true, locationContextEnabled: true, mobileEmulationEnabled: false, nativeEvents: true, networkConnectionEnabled: false, pageLoadStrategy: normal, platform: XP, platformName: XP, rotatable: false, setWindowRect: true, takesHeapSnapshot: true, takesScreenshot: true, unexpectedAlertBehaviour: , unhandledPromptBehavior: , version: 73.0.3683.86, webStorageEnabled: true}
Session ID: c6c417ce74d89e8e2bb0f5478dca07a8
	at org.openqa.selenium.remote.ErrorHandler.createThrowable(ErrorHandler.java:214)
	at org.openqa.selenium.remote.ErrorHandler.throwIfResponseFailed(ErrorHandler.java:166)
	at org.openqa.selenium.remote.http.JsonHttpResponseCodec.reconstructValue(JsonHttpResponseCodec.java:40)
	at org.openqa.selenium.remote.http.AbstractHttpResponseCodec.decode(AbstractHttpResponseCodec.java:80)
	at org.openqa.selenium.remote.http.AbstractHttpResponseCodec.decode(AbstractHttpResponseCodec.java:44)
	at org.openqa.selenium.remote.HttpCommandExecutor.execute(HttpCommandExecutor.java:164)
	at org.openqa.selenium.remote.service.DriverCommandExecutor.execute(DriverCommandExecutor.java:83)
	at org.openqa.selenium.remote.RemoteWebDriver.execute(RemoteWebDriver.java:600)
	at com.kms.katalon.selenium.driver.CChromeDriver.execute(CChromeDriver.java:20)
	at org.openqa.selenium.remote.RemoteWebElement.execute(RemoteWebElement.java:279)
	at org.openqa.selenium.remote.RemoteWebElement.click(RemoteWebElement.java:83)
	at com.kms.katalon.core.webui.keyword.builtin.ClickKeyword$_click_closure1.doCall(ClickKeyword.groovy:79)
	at com.kms.katalon.core.webui.keyword.builtin.ClickKeyword$_click_closure1.call(ClickKeyword.groovy)
	at com.kms.katalon.core.webui.keyword.internal.WebUIKeywordMain.runKeyword(WebUIKeywordMain.groovy:20)
	at com.kms.katalon.core.webui.keyword.builtin.ClickKeyword.click(ClickKeyword.groovy:86)
	at com.kms.katalon.core.webui.keyword.builtin.ClickKeyword.execute(ClickKeyword.groovy:67)
	at com.kms.katalon.core.keyword.internal.KeywordExecutor.executeKeywordForPlatform(KeywordExecutor.groovy:56)
	at com.kms.katalon.core.webui.keyword.WebUiBuiltInKeywords.click(WebUiBuiltInKeywords.groovy:616)
	at com.kms.katalon.core.webui.keyword.WebUiBuiltInKeywords$click$1.call(Unknown Source)
	at Script1554273181949.run(Script1554273181949.groovy:22)
	... 13 more
)
[[ATTACHMENT|C:\\Users\\sambhavi\\git\\staging-mccc\\Reports\\Al links are accessible\\20190408_172225\\1554724438291.png]]

2019-04-08 17:23:58 - [MESSAGE][FAILED] - click(findTestObject("All links are Accessible/Links/Page_Middlesex Cricket Memberships/a_BUY NOW_1")) FAILED.
Reason:
com.kms.katalon.core.exception.StepFailedException: Unable to click on object 'Object Repository/All links are Accessible/Links/Page_Middlesex Cricket Memberships/a_BUY NOW_1'
	at com.kms.katalon.core.webui.keyword.internal.WebUIKeywordMain.stepFailed(WebUIKeywordMain.groovy:64)
	at com.kms.katalon.core.webui.keyword.internal.WebUIKeywordMain.runKeyword(WebUIKeywordMain.groovy:26)
	at com.kms.katalon.core.webui.keyword.builtin.ClickKeyword.click(ClickKeyword.groovy:86)
	at com.kms.katalon.core.webui.keyword.builtin.ClickKeyword.execute(ClickKeyword.groovy:67)
	at com.kms.katalon.core.keyword.internal.KeywordExecutor.executeKeywordForPlatform(KeywordExecutor.groovy:56)
	at com.kms.katalon.core.webui.keyword.WebUiBuiltInKeywords.click(WebUiBuiltInKeywords.groovy:616)
	at com.kms.katalon.core.webui.keyword.WebUiBuiltInKeywords$click$1.call(Unknown Source)
	at Full.run(Full:22)
	at com.kms.katalon.core.main.ScriptEngine.run(ScriptEngine.java:194)
	at com.kms.katalon.core.main.ScriptEngine.runScriptAsRawText(ScriptEngine.java:119)
	at com.kms.katalon.core.main.TestCaseExecutor.runScript(TestCaseExecutor.java:331)
	at com.kms.katalon.core.main.TestCaseExecutor.doExecute(TestCaseExecutor.java:322)
	at com.kms.katalon.core.main.TestCaseExecutor.processExecutionPhase(TestCaseExecutor.java:301)
	at com.kms.katalon.core.main.TestCaseExecutor.accessMainPhase(TestCaseExecutor.java:293)
	at com.kms.katalon.core.main.TestCaseExecutor.execute(TestCaseExecutor.java:227)
	at com.kms.katalon.core.main.TestSuiteExecutor.accessTestCaseMainPhase(TestSuiteExecutor.java:129)
	at com.kms.katalon.core.main.TestSuiteExecutor.accessTestSuiteMainPhase(TestSuiteExecutor.java:112)
	at com.kms.katalon.core.main.TestSuiteExecutor.execute(TestSuiteExecutor.java:81)
	at com.kms.katalon.core.main.TestCaseMain.startTestSuite(TestCaseMain.java:157)
	at com.kms.katalon.core.main.TestCaseMain$startTestSuite$0.call(Unknown Source)
	at TempTestSuite1554724346062.run(TempTestSuite1554724346062.groovy:35)
Caused by: org.openqa.selenium.WebDriverException: unknown error: Element <a class="btn btn-sm btn-warning my-3 rounded-0 btn-block" href="/detail/6/FULL/1">...</a> is not clickable at point (585, 557). Other element would receive the click: <div class="col-md-8 text-md-left">...</div>
  (Session info: chrome=73.0.3683.86)
  (Driver info: chromedriver=2.43.600210 (68dcf5eebde37173d4027fa8635e332711d2874a),platform=Windows NT 10.0.17134 x86_64) (WARNING: The server did not provide any stacktrace information)
Command duration or timeout: 0 milliseconds
Build info: version: '3.7.1', revision: '8a0099a', time: '2017-11-06T21:07:36.161Z'
System info: host: 'SAMBHAVI', ip: '192.168.0.185', os.name: 'Windows 10', os.arch: 'amd64', os.version: '10.0', java.version: '1.8.0_181'
Driver info: com.kms.katalon.selenium.driver.CChromeDriver
Capabilities {acceptInsecureCerts: false, acceptSslCerts: false, applicationCacheEnabled: false, browserConnectionEnabled: false, browserName: chrome, chrome: {chromedriverVersion: 2.43.600210 (68dcf5eebde371..., userDataDir: C:\Users\sambhavi\AppData\L...}, cssSelectorsEnabled: true, databaseEnabled: false, goog:chromeOptions: {debuggerAddress: localhost:52527}, handlesAlerts: true, hasTouchScreen: false, javascriptEnabled: true, locationContextEnabled: true, mobileEmulationEnabled: false, nativeEvents: true, networkConnectionEnabled: false, pageLoadStrategy: normal, platform: XP, platformName: XP, rotatable: false, setWindowRect: true, takesHeapSnapshot: true, takesScreenshot: true, unexpectedAlertBehaviour: , unhandledPromptBehavior: , version: 73.0.3683.86, webStorageEnabled: true}
Session ID: c6c417ce74d89e8e2bb0f5478dca07a8
	at org.openqa.selenium.remote.ErrorHandler.createThrowable(ErrorHandler.java:214)
	at org.openqa.selenium.remote.ErrorHandler.throwIfResponseFailed(ErrorHandler.java:166)
	at org.openqa.selenium.remote.http.JsonHttpResponseCodec.reconstructValue(JsonHttpResponseCodec.java:40)
	at org.openqa.selenium.remote.http.AbstractHttpResponseCodec.decode(AbstractHttpResponseCodec.java:80)
	at org.openqa.selenium.remote.http.AbstractHttpResponseCodec.decode(AbstractHttpResponseCodec.java:44)
	at org.openqa.selenium.remote.HttpCommandExecutor.execute(HttpCommandExecutor.java:164)
	at org.openqa.selenium.remote.service.DriverCommandExecutor.execute(DriverCommandExecutor.java:83)
	at org.openqa.selenium.remote.RemoteWebDriver.execute(RemoteWebDriver.java:600)
	at com.kms.katalon.selenium.driver.CChromeDriver.execute(CChromeDriver.java:20)
	at org.openqa.selenium.remote.RemoteWebElement.execute(RemoteWebElement.java:279)
	at org.openqa.selenium.remote.RemoteWebElement.click(RemoteWebElement.java:83)
	at com.kms.katalon.core.webui.keyword.builtin.ClickKeyword$_click_closure1.doCall(ClickKeyword.groovy:79)
	at com.kms.katalon.core.webui.keyword.builtin.ClickKeyword$_click_closure1.call(ClickKeyword.groovy)
	at com.kms.katalon.core.webui.keyword.internal.WebUIKeywordMain.runKeyword(WebUIKeywordMain.groovy:20)
	at com.kms.katalon.core.webui.keyword.builtin.ClickKeyword.click(ClickKeyword.groovy:86)
	at com.kms.katalon.core.webui.keyword.builtin.ClickKeyword.execute(ClickKeyword.groovy:67)
	at com.kms.katalon.core.keyword.internal.KeywordExecutor.executeKeywordForPlatform(KeywordExecutor.groovy:56)
	at com.kms.katalon.core.webui.keyword.WebUiBuiltInKeywords.click(WebUiBuiltInKeywords.groovy:616)
	at com.kms.katalon.core.webui.keyword.WebUiBuiltInKeywords$click$1.call(Unknown Source)
	at Script1554273181949.run(Script1554273181949.groovy:22)
	... 13 more]]></system-out>
         <system-err><![CDATA[2019-04-08 17:23:47 - [TEST_CASE][FAILED] - Test Cases/All Links are Accessible/Full: Test Cases/All Links are Accessible/Full FAILED.
Reason:
com.kms.katalon.core.exception.StepFailedException: Unable to click on object 'Object Repository/All links are Accessible/Links/Page_Middlesex Cricket Memberships/a_BUY NOW_1'
	at com.kms.katalon.core.webui.keyword.internal.WebUIKeywordMain.stepFailed(WebUIKeywordMain.groovy:64)
	at com.kms.katalon.core.webui.keyword.internal.WebUIKeywordMain.runKeyword(WebUIKeywordMain.groovy:26)
	at com.kms.katalon.core.webui.keyword.builtin.ClickKeyword.click(ClickKeyword.groovy:86)
	at com.kms.katalon.core.webui.keyword.builtin.ClickKeyword.execute(ClickKeyword.groovy:67)
	at com.kms.katalon.core.keyword.internal.KeywordExecutor.executeKeywordForPlatform(KeywordExecutor.groovy:56)
	at com.kms.katalon.core.webui.keyword.WebUiBuiltInKeywords.click(WebUiBuiltInKeywords.groovy:616)
	at com.kms.katalon.core.webui.keyword.WebUiBuiltInKeywords$click$1.call(Unknown Source)
	at Full.run(Full:22)
	at com.kms.katalon.core.main.ScriptEngine.run(ScriptEngine.java:194)
	at com.kms.katalon.core.main.ScriptEngine.runScriptAsRawText(ScriptEngine.java:119)
	at com.kms.katalon.core.main.TestCaseExecutor.runScript(TestCaseExecutor.java:331)
	at com.kms.katalon.core.main.TestCaseExecutor.doExecute(TestCaseExecutor.java:322)
	at com.kms.katalon.core.main.TestCaseExecutor.processExecutionPhase(TestCaseExecutor.java:301)
	at com.kms.katalon.core.main.TestCaseExecutor.accessMainPhase(TestCaseExecutor.java:293)
	at com.kms.katalon.core.main.TestCaseExecutor.execute(TestCaseExecutor.java:227)
	at com.kms.katalon.core.main.TestSuiteExecutor.accessTestCaseMainPhase(TestSuiteExecutor.java:129)
	at com.kms.katalon.core.main.TestSuiteExecutor.accessTestSuiteMainPhase(TestSuiteExecutor.java:112)
	at com.kms.katalon.core.main.TestSuiteExecutor.execute(TestSuiteExecutor.java:81)
	at com.kms.katalon.core.main.TestCaseMain.startTestSuite(TestCaseMain.java:157)
	at com.kms.katalon.core.main.TestCaseMain$startTestSuite$0.call(Unknown Source)
	at TempTestSuite1554724346062.run(TempTestSuite1554724346062.groovy:35)
Caused by: org.openqa.selenium.WebDriverException: unknown error: Element <a class="btn btn-sm btn-warning my-3 rounded-0 btn-block" href="/detail/6/FULL/1">...</a> is not clickable at point (585, 557). Other element would receive the click: <div class="col-md-8 text-md-left">...</div>
  (Session info: chrome=73.0.3683.86)
  (Driver info: chromedriver=2.43.600210 (68dcf5eebde37173d4027fa8635e332711d2874a),platform=Windows NT 10.0.17134 x86_64) (WARNING: The server did not provide any stacktrace information)
Command duration or timeout: 0 milliseconds
Build info: version: '3.7.1', revision: '8a0099a', time: '2017-11-06T21:07:36.161Z'
System info: host: 'SAMBHAVI', ip: '192.168.0.185', os.name: 'Windows 10', os.arch: 'amd64', os.version: '10.0', java.version: '1.8.0_181'
Driver info: com.kms.katalon.selenium.driver.CChromeDriver
Capabilities {acceptInsecureCerts: false, acceptSslCerts: false, applicationCacheEnabled: false, browserConnectionEnabled: false, browserName: chrome, chrome: {chromedriverVersion: 2.43.600210 (68dcf5eebde371..., userDataDir: C:\Users\sambhavi\AppData\L...}, cssSelectorsEnabled: true, databaseEnabled: false, goog:chromeOptions: {debuggerAddress: localhost:52527}, handlesAlerts: true, hasTouchScreen: false, javascriptEnabled: true, locationContextEnabled: true, mobileEmulationEnabled: false, nativeEvents: true, networkConnectionEnabled: false, pageLoadStrategy: normal, platform: XP, platformName: XP, rotatable: false, setWindowRect: true, takesHeapSnapshot: true, takesScreenshot: true, unexpectedAlertBehaviour: , unhandledPromptBehavior: , version: 73.0.3683.86, webStorageEnabled: true}
Session ID: c6c417ce74d89e8e2bb0f5478dca07a8
	at org.openqa.selenium.remote.ErrorHandler.createThrowable(ErrorHandler.java:214)
	at org.openqa.selenium.remote.ErrorHandler.throwIfResponseFailed(ErrorHandler.java:166)
	at org.openqa.selenium.remote.http.JsonHttpResponseCodec.reconstructValue(JsonHttpResponseCodec.java:40)
	at org.openqa.selenium.remote.http.AbstractHttpResponseCodec.decode(AbstractHttpResponseCodec.java:80)
	at org.openqa.selenium.remote.http.AbstractHttpResponseCodec.decode(AbstractHttpResponseCodec.java:44)
	at org.openqa.selenium.remote.HttpCommandExecutor.execute(HttpCommandExecutor.java:164)
	at org.openqa.selenium.remote.service.DriverCommandExecutor.execute(DriverCommandExecutor.java:83)
	at org.openqa.selenium.remote.RemoteWebDriver.execute(RemoteWebDriver.java:600)
	at com.kms.katalon.selenium.driver.CChromeDriver.execute(CChromeDriver.java:20)
	at org.openqa.selenium.remote.RemoteWebElement.execute(RemoteWebElement.java:279)
	at org.openqa.selenium.remote.RemoteWebElement.click(RemoteWebElement.java:83)
	at com.kms.katalon.core.webui.keyword.builtin.ClickKeyword$_click_closure1.doCall(ClickKeyword.groovy:79)
	at com.kms.katalon.core.webui.keyword.builtin.ClickKeyword$_click_closure1.call(ClickKeyword.groovy)
	at com.kms.katalon.core.webui.keyword.internal.WebUIKeywordMain.runKeyword(WebUIKeywordMain.groovy:20)
	at com.kms.katalon.core.webui.keyword.builtin.ClickKeyword.click(ClickKeyword.groovy:86)
	at com.kms.katalon.core.webui.keyword.builtin.ClickKeyword.execute(ClickKeyword.groovy:67)
	at com.kms.katalon.core.keyword.internal.KeywordExecutor.executeKeywordForPlatform(KeywordExecutor.groovy:56)
	at com.kms.katalon.core.webui.keyword.WebUiBuiltInKeywords.click(WebUiBuiltInKeywords.groovy:616)
	at com.kms.katalon.core.webui.keyword.WebUiBuiltInKeywords$click$1.call(Unknown Source)
	at Script1554273181949.run(Script1554273181949.groovy:22)
	... 13 more]]></system-err>
      </testcase>
      <testcase name="Test Cases/All Links are Accessible/Junior" classname="Test Cases/All Links are Accessible/Junior" status="PASSED">
         <system-out><![CDATA[2019-04-08 17:23:58 - [TEST_CASE][PASSED] - Test Cases/All Links are Accessible/Junior: Test Cases/All Links are Accessible/Junior

2019-04-08 17:23:58 - [TEST_STEP][PASSED] - openBrowser(""): Browser is opened with url: ''

2019-04-08 17:23:58 - [MESSAGE][WARNING] - A browser is already opened. Closing browser and opening a new one

2019-04-08 17:23:59 - [MESSAGE][INFO] - Starting 'Chrome' driver

2019-04-08 17:24:02 - [MESSAGE][PASSED] - Browser is opened with url: ''

2019-04-08 17:24:02 - [TEST_STEP][PASSED] - navigateToUrl("http://192.168.0.28:90/detail/13/JUNIOR/12"): Navigate to 'http://192.168.0.28:90/detail/13/JUNIOR/12' successfully

2019-04-08 17:24:04 - [MESSAGE][PASSED] - Navigate to 'http://192.168.0.28:90/detail/13/JUNIOR/12' successfully

2019-04-08 17:24:04 - [TEST_STEP][PASSED] - delay(5): Delayed 5 second(s)

2019-04-08 17:24:09 - [MESSAGE][PASSED] - Delayed 5 second(s)

2019-04-08 17:24:09 - [TEST_STEP][PASSED] - verifyTextPresent("JUNIOR MEMBERSHIP", false): Text 'JUNIOR MEMBERSHIP' is present on page 

2019-04-08 17:24:10 - [MESSAGE][PASSED] - Text 'JUNIOR MEMBERSHIP' is present on page 

2019-04-08 17:24:10 - [TEST_STEP][PASSED] - getAllLinksOnCurrentPage(false, []): Found 30 unique links on the page http://192.168.0.28:90/detail/13/JUNIOR/12

2019-04-08 17:24:10 - [MESSAGE][PASSED] - Found 30 unique links on the page http://192.168.0.28:90/detail/13/JUNIOR/12

2019-04-08 17:24:10 - [TEST_STEP][PASSED] - verifyAllLinksOnCurrentPageAccessible(false, []): All links on the page 'http://192.168.0.28:90/detail/13/JUNIOR/12' are accessible

2019-04-08 17:24:10 - [MESSAGE][PASSED] - Found 30 unique links on the page http://192.168.0.28:90/detail/13/JUNIOR/12

2019-04-08 17:24:10 - [MESSAGE][INFO] - HAR: C:\Users\sambhavi\git\staging-mccc\Reports\Al links are accessible\20190408_172225\requests\main\132.har

2019-04-08 17:24:10 - [MESSAGE][PASSED] - Send request successfully

2019-04-08 17:24:11 - [MESSAGE][INFO] - HAR: C:\Users\sambhavi\git\staging-mccc\Reports\Al links are accessible\20190408_172225\requests\main\133.har

2019-04-08 17:24:11 - [MESSAGE][PASSED] - Send request successfully

2019-04-08 17:24:11 - [MESSAGE][INFO] - HAR: C:\Users\sambhavi\git\staging-mccc\Reports\Al links are accessible\20190408_172225\requests\main\134.har

2019-04-08 17:24:11 - [MESSAGE][PASSED] - Send request successfully

2019-04-08 17:24:11 - [MESSAGE][INFO] - HAR: C:\Users\sambhavi\git\staging-mccc\Reports\Al links are accessible\20190408_172225\requests\main\135.har

2019-04-08 17:24:11 - [MESSAGE][PASSED] - Send request successfully

2019-04-08 17:24:11 - [MESSAGE][INFO] - HAR: C:\Users\sambhavi\git\staging-mccc\Reports\Al links are accessible\20190408_172225\requests\main\136.har

2019-04-08 17:24:11 - [MESSAGE][PASSED] - Send request successfully

2019-04-08 17:24:11 - [MESSAGE][INFO] - HAR: C:\Users\sambhavi\git\staging-mccc\Reports\Al links are accessible\20190408_172225\requests\main\137.har

2019-04-08 17:24:11 - [MESSAGE][PASSED] - Send request successfully

2019-04-08 17:24:11 - [MESSAGE][INFO] - HAR: C:\Users\sambhavi\git\staging-mccc\Reports\Al links are accessible\20190408_172225\requests\main\138.har

2019-04-08 17:24:11 - [MESSAGE][PASSED] - Send request successfully

2019-04-08 17:24:11 - [MESSAGE][INFO] - HAR: C:\Users\sambhavi\git\staging-mccc\Reports\Al links are accessible\20190408_172225\requests\main\139.har

2019-04-08 17:24:11 - [MESSAGE][PASSED] - Send request successfully

2019-04-08 17:24:11 - [MESSAGE][INFO] - HAR: C:\Users\sambhavi\git\staging-mccc\Reports\Al links are accessible\20190408_172225\requests\main\140.har

2019-04-08 17:24:11 - [MESSAGE][PASSED] - Send request successfully

2019-04-08 17:24:11 - [MESSAGE][INFO] - HAR: C:\Users\sambhavi\git\staging-mccc\Reports\Al links are accessible\20190408_172225\requests\main\141.har

2019-04-08 17:24:11 - [MESSAGE][PASSED] - Send request successfully

2019-04-08 17:24:11 - [MESSAGE][INFO] - HAR: C:\Users\sambhavi\git\staging-mccc\Reports\Al links are accessible\20190408_172225\requests\main\142.har

2019-04-08 17:24:11 - [MESSAGE][PASSED] - Send request successfully

2019-04-08 17:24:11 - [MESSAGE][INFO] - HAR: C:\Users\sambhavi\git\staging-mccc\Reports\Al links are accessible\20190408_172225\requests\main\143.har

2019-04-08 17:24:11 - [MESSAGE][PASSED] - Send request successfully

2019-04-08 17:24:11 - [MESSAGE][INFO] - HAR: C:\Users\sambhavi\git\staging-mccc\Reports\Al links are accessible\20190408_172225\requests\main\144.har

2019-04-08 17:24:11 - [MESSAGE][PASSED] - Send request successfully

2019-04-08 17:24:11 - [MESSAGE][INFO] - HAR: C:\Users\sambhavi\git\staging-mccc\Reports\Al links are accessible\20190408_172225\requests\main\145.har

2019-04-08 17:24:11 - [MESSAGE][PASSED] - Send request successfully

2019-04-08 17:24:11 - [MESSAGE][INFO] - HAR: C:\Users\sambhavi\git\staging-mccc\Reports\Al links are accessible\20190408_172225\requests\main\146.har

2019-04-08 17:24:11 - [MESSAGE][PASSED] - Send request successfully

2019-04-08 17:24:11 - [MESSAGE][INFO] - HAR: C:\Users\sambhavi\git\staging-mccc\Reports\Al links are accessible\20190408_172225\requests\main\147.har

2019-04-08 17:24:11 - [MESSAGE][PASSED] - Send request successfully

2019-04-08 17:24:11 - [MESSAGE][INFO] - HAR: C:\Users\sambhavi\git\staging-mccc\Reports\Al links are accessible\20190408_172225\requests\main\148.har

2019-04-08 17:24:11 - [MESSAGE][PASSED] - Send request successfully

2019-04-08 17:24:11 - [MESSAGE][INFO] - HAR: C:\Users\sambhavi\git\staging-mccc\Reports\Al links are accessible\20190408_172225\requests\main\149.har

2019-04-08 17:24:11 - [MESSAGE][PASSED] - Send request successfully

2019-04-08 17:24:11 - [MESSAGE][INFO] - HAR: C:\Users\sambhavi\git\staging-mccc\Reports\Al links are accessible\20190408_172225\requests\main\150.har

2019-04-08 17:24:11 - [MESSAGE][PASSED] - Send request successfully

2019-04-08 17:24:11 - [MESSAGE][INFO] - HAR: C:\Users\sambhavi\git\staging-mccc\Reports\Al links are accessible\20190408_172225\requests\main\151.har

2019-04-08 17:24:11 - [MESSAGE][PASSED] - Send request successfully

2019-04-08 17:24:11 - [MESSAGE][INFO] - HAR: C:\Users\sambhavi\git\staging-mccc\Reports\Al links are accessible\20190408_172225\requests\main\152.har

2019-04-08 17:24:11 - [MESSAGE][PASSED] - Send request successfully

2019-04-08 17:24:11 - [MESSAGE][INFO] - HAR: C:\Users\sambhavi\git\staging-mccc\Reports\Al links are accessible\20190408_172225\requests\main\153.har

2019-04-08 17:24:11 - [MESSAGE][PASSED] - Send request successfully

2019-04-08 17:24:11 - [MESSAGE][INFO] - HAR: C:\Users\sambhavi\git\staging-mccc\Reports\Al links are accessible\20190408_172225\requests\main\154.har

2019-04-08 17:24:11 - [MESSAGE][PASSED] - Send request successfully

2019-04-08 17:24:11 - [MESSAGE][INFO] - HAR: C:\Users\sambhavi\git\staging-mccc\Reports\Al links are accessible\20190408_172225\requests\main\155.har

2019-04-08 17:24:11 - [MESSAGE][PASSED] - Send request successfully

2019-04-08 17:24:11 - [MESSAGE][INFO] - HAR: C:\Users\sambhavi\git\staging-mccc\Reports\Al links are accessible\20190408_172225\requests\main\156.har

2019-04-08 17:24:11 - [MESSAGE][PASSED] - Send request successfully

2019-04-08 17:24:11 - [MESSAGE][INFO] - HAR: C:\Users\sambhavi\git\staging-mccc\Reports\Al links are accessible\20190408_172225\requests\main\157.har

2019-04-08 17:24:11 - [MESSAGE][PASSED] - Send request successfully

2019-04-08 17:24:11 - [MESSAGE][INFO] - HAR: C:\Users\sambhavi\git\staging-mccc\Reports\Al links are accessible\20190408_172225\requests\main\158.har

2019-04-08 17:24:11 - [MESSAGE][PASSED] - Send request successfully

2019-04-08 17:24:11 - [MESSAGE][INFO] - HAR: C:\Users\sambhavi\git\staging-mccc\Reports\Al links are accessible\20190408_172225\requests\main\159.har

2019-04-08 17:24:11 - [MESSAGE][PASSED] - Send request successfully

2019-04-08 17:24:11 - [MESSAGE][INFO] - HAR: C:\Users\sambhavi\git\staging-mccc\Reports\Al links are accessible\20190408_172225\requests\main\160.har

2019-04-08 17:24:11 - [MESSAGE][PASSED] - Send request successfully

2019-04-08 17:24:11 - [MESSAGE][INFO] - HAR: C:\Users\sambhavi\git\staging-mccc\Reports\Al links are accessible\20190408_172225\requests\main\161.har

2019-04-08 17:24:11 - [MESSAGE][PASSED] - Send request successfully

2019-04-08 17:24:11 - [MESSAGE][PASSED] - All links are accessible

2019-04-08 17:24:11 - [MESSAGE][PASSED] - All links on the page 'http://192.168.0.28:90/detail/13/JUNIOR/12' are accessible]]></system-out>
         <system-err><![CDATA[]]></system-err>
      </testcase>
      <testcase name="Test Cases/All Links are Accessible/Membership page links" classname="Test Cases/All Links are Accessible/Membership page links" status="PASSED">
         <system-out><![CDATA[2019-04-08 17:24:11 - [TEST_CASE][PASSED] - Test Cases/All Links are Accessible/Membership page links: Test Cases/All Links are Accessible/Membership page links

2019-04-08 17:24:11 - [TEST_STEP][PASSED] - openBrowser(""): Browser is opened with url: ''

2019-04-08 17:24:11 - [MESSAGE][WARNING] - A browser is already opened. Closing browser and opening a new one

2019-04-08 17:24:12 - [MESSAGE][INFO] - Starting 'Chrome' driver

2019-04-08 17:24:15 - [MESSAGE][PASSED] - Browser is opened with url: ''

2019-04-08 17:24:15 - [TEST_STEP][PASSED] - navigateToUrl("http://192.168.0.28:90/list"): Navigate to 'http://192.168.0.28:90/list' successfully

2019-04-08 17:24:17 - [MESSAGE][PASSED] - Navigate to 'http://192.168.0.28:90/list' successfully

2019-04-08 17:24:17 - [TEST_STEP][PASSED] - getAllLinksOnCurrentPage(false, []): Found 41 unique links on the page http://192.168.0.28:90/list

2019-04-08 17:24:18 - [MESSAGE][PASSED] - Found 41 unique links on the page http://192.168.0.28:90/list

2019-04-08 17:24:18 - [TEST_STEP][PASSED] - verifyAllLinksOnCurrentPageAccessible(false, [], STOP_ON_FAILURE): All links on the page 'http://192.168.0.28:90/list' are accessible

2019-04-08 17:24:18 - [MESSAGE][PASSED] - Found 41 unique links on the page http://192.168.0.28:90/list

2019-04-08 17:24:18 - [MESSAGE][INFO] - HAR: C:\Users\sambhavi\git\staging-mccc\Reports\Al links are accessible\20190408_172225\requests\main\162.har

2019-04-08 17:24:18 - [MESSAGE][PASSED] - Send request successfully

2019-04-08 17:24:19 - [MESSAGE][INFO] - HAR: C:\Users\sambhavi\git\staging-mccc\Reports\Al links are accessible\20190408_172225\requests\main\163.har

2019-04-08 17:24:19 - [MESSAGE][PASSED] - Send request successfully

2019-04-08 17:24:19 - [MESSAGE][INFO] - HAR: C:\Users\sambhavi\git\staging-mccc\Reports\Al links are accessible\20190408_172225\requests\main\164.har

2019-04-08 17:24:19 - [MESSAGE][PASSED] - Send request successfully

2019-04-08 17:24:19 - [MESSAGE][INFO] - HAR: C:\Users\sambhavi\git\staging-mccc\Reports\Al links are accessible\20190408_172225\requests\main\165.har

2019-04-08 17:24:19 - [MESSAGE][PASSED] - Send request successfully

2019-04-08 17:24:19 - [MESSAGE][INFO] - HAR: C:\Users\sambhavi\git\staging-mccc\Reports\Al links are accessible\20190408_172225\requests\main\166.har

2019-04-08 17:24:19 - [MESSAGE][PASSED] - Send request successfully

2019-04-08 17:24:19 - [MESSAGE][INFO] - HAR: C:\Users\sambhavi\git\staging-mccc\Reports\Al links are accessible\20190408_172225\requests\main\167.har

2019-04-08 17:24:19 - [MESSAGE][PASSED] - Send request successfully

2019-04-08 17:24:19 - [MESSAGE][INFO] - HAR: C:\Users\sambhavi\git\staging-mccc\Reports\Al links are accessible\20190408_172225\requests\main\168.har

2019-04-08 17:24:19 - [MESSAGE][PASSED] - Send request successfully

2019-04-08 17:24:19 - [MESSAGE][INFO] - HAR: C:\Users\sambhavi\git\staging-mccc\Reports\Al links are accessible\20190408_172225\requests\main\169.har

2019-04-08 17:24:19 - [MESSAGE][PASSED] - Send request successfully

2019-04-08 17:24:19 - [MESSAGE][INFO] - HAR: C:\Users\sambhavi\git\staging-mccc\Reports\Al links are accessible\20190408_172225\requests\main\170.har

2019-04-08 17:24:19 - [MESSAGE][PASSED] - Send request successfully

2019-04-08 17:24:19 - [MESSAGE][INFO] - HAR: C:\Users\sambhavi\git\staging-mccc\Reports\Al links are accessible\20190408_172225\requests\main\171.har

2019-04-08 17:24:19 - [MESSAGE][PASSED] - Send request successfully

2019-04-08 17:24:19 - [MESSAGE][INFO] - HAR: C:\Users\sambhavi\git\staging-mccc\Reports\Al links are accessible\20190408_172225\requests\main\172.har

2019-04-08 17:24:19 - [MESSAGE][PASSED] - Send request successfully

2019-04-08 17:24:19 - [MESSAGE][INFO] - HAR: C:\Users\sambhavi\git\staging-mccc\Reports\Al links are accessible\20190408_172225\requests\main\173.har

2019-04-08 17:24:19 - [MESSAGE][PASSED] - Send request successfully

2019-04-08 17:24:19 - [MESSAGE][INFO] - HAR: C:\Users\sambhavi\git\staging-mccc\Reports\Al links are accessible\20190408_172225\requests\main\174.har

2019-04-08 17:24:19 - [MESSAGE][PASSED] - Send request successfully

2019-04-08 17:24:19 - [MESSAGE][INFO] - HAR: C:\Users\sambhavi\git\staging-mccc\Reports\Al links are accessible\20190408_172225\requests\main\175.har

2019-04-08 17:24:19 - [MESSAGE][PASSED] - Send request successfully

2019-04-08 17:24:19 - [MESSAGE][INFO] - HAR: C:\Users\sambhavi\git\staging-mccc\Reports\Al links are accessible\20190408_172225\requests\main\176.har

2019-04-08 17:24:19 - [MESSAGE][PASSED] - Send request successfully

2019-04-08 17:24:20 - [MESSAGE][INFO] - HAR: C:\Users\sambhavi\git\staging-mccc\Reports\Al links are accessible\20190408_172225\requests\main\177.har

2019-04-08 17:24:20 - [MESSAGE][PASSED] - Send request successfully

2019-04-08 17:24:20 - [MESSAGE][INFO] - HAR: C:\Users\sambhavi\git\staging-mccc\Reports\Al links are accessible\20190408_172225\requests\main\178.har

2019-04-08 17:24:20 - [MESSAGE][PASSED] - Send request successfully

2019-04-08 17:24:20 - [MESSAGE][INFO] - HAR: C:\Users\sambhavi\git\staging-mccc\Reports\Al links are accessible\20190408_172225\requests\main\179.har

2019-04-08 17:24:20 - [MESSAGE][PASSED] - Send request successfully

2019-04-08 17:24:20 - [MESSAGE][INFO] - HAR: C:\Users\sambhavi\git\staging-mccc\Reports\Al links are accessible\20190408_172225\requests\main\180.har

2019-04-08 17:24:20 - [MESSAGE][PASSED] - Send request successfully

2019-04-08 17:24:20 - [MESSAGE][INFO] - HAR: C:\Users\sambhavi\git\staging-mccc\Reports\Al links are accessible\20190408_172225\requests\main\181.har

2019-04-08 17:24:20 - [MESSAGE][PASSED] - Send request successfully

2019-04-08 17:24:20 - [MESSAGE][INFO] - HAR: C:\Users\sambhavi\git\staging-mccc\Reports\Al links are accessible\20190408_172225\requests\main\182.har

2019-04-08 17:24:20 - [MESSAGE][PASSED] - Send request successfully

2019-04-08 17:24:20 - [MESSAGE][INFO] - HAR: C:\Users\sambhavi\git\staging-mccc\Reports\Al links are accessible\20190408_172225\requests\main\183.har

2019-04-08 17:24:20 - [MESSAGE][PASSED] - Send request successfully

2019-04-08 17:24:20 - [MESSAGE][INFO] - HAR: C:\Users\sambhavi\git\staging-mccc\Reports\Al links are accessible\20190408_172225\requests\main\184.har

2019-04-08 17:24:20 - [MESSAGE][PASSED] - Send request successfully

2019-04-08 17:24:20 - [MESSAGE][INFO] - HAR: C:\Users\sambhavi\git\staging-mccc\Reports\Al links are accessible\20190408_172225\requests\main\185.har

2019-04-08 17:24:20 - [MESSAGE][PASSED] - Send request successfully

2019-04-08 17:24:20 - [MESSAGE][INFO] - HAR: C:\Users\sambhavi\git\staging-mccc\Reports\Al links are accessible\20190408_172225\requests\main\186.har

2019-04-08 17:24:20 - [MESSAGE][PASSED] - Send request successfully

2019-04-08 17:24:20 - [MESSAGE][INFO] - HAR: C:\Users\sambhavi\git\staging-mccc\Reports\Al links are accessible\20190408_172225\requests\main\187.har

2019-04-08 17:24:20 - [MESSAGE][PASSED] - Send request successfully

2019-04-08 17:24:20 - [MESSAGE][INFO] - HAR: C:\Users\sambhavi\git\staging-mccc\Reports\Al links are accessible\20190408_172225\requests\main\188.har

2019-04-08 17:24:20 - [MESSAGE][PASSED] - Send request successfully

2019-04-08 17:24:20 - [MESSAGE][INFO] - HAR: C:\Users\sambhavi\git\staging-mccc\Reports\Al links are accessible\20190408_172225\requests\main\189.har

2019-04-08 17:24:20 - [MESSAGE][PASSED] - Send request successfully

2019-04-08 17:24:20 - [MESSAGE][INFO] - HAR: C:\Users\sambhavi\git\staging-mccc\Reports\Al links are accessible\20190408_172225\requests\main\190.har

2019-04-08 17:24:20 - [MESSAGE][PASSED] - Send request successfully

2019-04-08 17:24:20 - [MESSAGE][INFO] - HAR: C:\Users\sambhavi\git\staging-mccc\Reports\Al links are accessible\20190408_172225\requests\main\191.har

2019-04-08 17:24:20 - [MESSAGE][PASSED] - Send request successfully

2019-04-08 17:24:20 - [MESSAGE][INFO] - HAR: C:\Users\sambhavi\git\staging-mccc\Reports\Al links are accessible\20190408_172225\requests\main\192.har

2019-04-08 17:24:20 - [MESSAGE][PASSED] - Send request successfully

2019-04-08 17:24:20 - [MESSAGE][INFO] - HAR: C:\Users\sambhavi\git\staging-mccc\Reports\Al links are accessible\20190408_172225\requests\main\193.har

2019-04-08 17:24:20 - [MESSAGE][PASSED] - Send request successfully

2019-04-08 17:24:20 - [MESSAGE][INFO] - HAR: C:\Users\sambhavi\git\staging-mccc\Reports\Al links are accessible\20190408_172225\requests\main\194.har

2019-04-08 17:24:20 - [MESSAGE][PASSED] - Send request successfully

2019-04-08 17:24:20 - [MESSAGE][INFO] - HAR: C:\Users\sambhavi\git\staging-mccc\Reports\Al links are accessible\20190408_172225\requests\main\195.har

2019-04-08 17:24:20 - [MESSAGE][PASSED] - Send request successfully

2019-04-08 17:24:20 - [MESSAGE][INFO] - HAR: C:\Users\sambhavi\git\staging-mccc\Reports\Al links are accessible\20190408_172225\requests\main\196.har

2019-04-08 17:24:20 - [MESSAGE][PASSED] - Send request successfully

2019-04-08 17:24:20 - [MESSAGE][INFO] - HAR: C:\Users\sambhavi\git\staging-mccc\Reports\Al links are accessible\20190408_172225\requests\main\197.har

2019-04-08 17:24:20 - [MESSAGE][PASSED] - Send request successfully

2019-04-08 17:24:20 - [MESSAGE][INFO] - HAR: C:\Users\sambhavi\git\staging-mccc\Reports\Al links are accessible\20190408_172225\requests\main\198.har

2019-04-08 17:24:20 - [MESSAGE][PASSED] - Send request successfully

2019-04-08 17:24:20 - [MESSAGE][INFO] - HAR: C:\Users\sambhavi\git\staging-mccc\Reports\Al links are accessible\20190408_172225\requests\main\199.har

2019-04-08 17:24:20 - [MESSAGE][PASSED] - Send request successfully

2019-04-08 17:24:20 - [MESSAGE][INFO] - HAR: C:\Users\sambhavi\git\staging-mccc\Reports\Al links are accessible\20190408_172225\requests\main\200.har

2019-04-08 17:24:20 - [MESSAGE][PASSED] - Send request successfully

2019-04-08 17:24:20 - [MESSAGE][INFO] - HAR: C:\Users\sambhavi\git\staging-mccc\Reports\Al links are accessible\20190408_172225\requests\main\201.har

2019-04-08 17:24:20 - [MESSAGE][PASSED] - Send request successfully

2019-04-08 17:24:20 - [MESSAGE][INFO] - HAR: C:\Users\sambhavi\git\staging-mccc\Reports\Al links are accessible\20190408_172225\requests\main\202.har

2019-04-08 17:24:20 - [MESSAGE][PASSED] - Send request successfully

2019-04-08 17:24:20 - [MESSAGE][PASSED] - All links are accessible

2019-04-08 17:24:20 - [MESSAGE][PASSED] - All links on the page 'http://192.168.0.28:90/list' are accessible]]></system-out>
         <system-err><![CDATA[]]></system-err>
      </testcase>
      <testcase name="Test Cases/All Links are Accessible/Premier" classname="Test Cases/All Links are Accessible/Premier" status="FAILED">
         <failure type="FAILED" message="Test Cases/All Links are Accessible/Premier FAILED.
Reason:
com.kms.katalon.core.exception.StepFailedException: Unable to click on object
	at com.kms.katalon.core.webui.keyword.internal.WebUIKeywordMain.stepFailed(WebUIKeywordMain.groovy:64)
	at com.kms.katalon.core.webui.keyword.internal.WebUIKeywordMain.runKeyword(WebUIKeywordMain.groovy:26)
	at com.kms.katalon.core.webui.keyword.builtin.ClickKeyword.click(ClickKeyword.groovy:86)
	at com.kms.katalon.core.webui.keyword.builtin.ClickKeyword.execute(ClickKeyword.groovy:67)
	at com.kms.katalon.core.keyword.internal.KeywordExecutor.executeKeywordForPlatform(KeywordExecutor.groovy:56)
	at com.kms.katalon.core.webui.keyword.WebUiBuiltInKeywords.click(WebUiBuiltInKeywords.groovy:616)
	at com.kms.katalon.core.webui.keyword.WebUiBuiltInKeywords$click$1.call(Unknown Source)
	at Premier.run(Premier:22)
	at com.kms.katalon.core.main.ScriptEngine.run(ScriptEngine.java:194)
	at com.kms.katalon.core.main.ScriptEngine.runScriptAsRawText(ScriptEngine.java:119)
	at com.kms.katalon.core.main.TestCaseExecutor.runScript(TestCaseExecutor.java:331)
	at com.kms.katalon.core.main.TestCaseExecutor.doExecute(TestCaseExecutor.java:322)
	at com.kms.katalon.core.main.TestCaseExecutor.processExecutionPhase(TestCaseExecutor.java:301)
	at com.kms.katalon.core.main.TestCaseExecutor.accessMainPhase(TestCaseExecutor.java:293)
	at com.kms.katalon.core.main.TestCaseExecutor.execute(TestCaseExecutor.java:227)
	at com.kms.katalon.core.main.TestSuiteExecutor.accessTestCaseMainPhase(TestSuiteExecutor.java:129)
	at com.kms.katalon.core.main.TestSuiteExecutor.accessTestSuiteMainPhase(TestSuiteExecutor.java:112)
	at com.kms.katalon.core.main.TestSuiteExecutor.execute(TestSuiteExecutor.java:81)
	at com.kms.katalon.core.main.TestCaseMain.startTestSuite(TestCaseMain.java:157)
	at com.kms.katalon.core.main.TestCaseMain$startTestSuite$0.call(Unknown Source)
	at TempTestSuite1554724346062.run(TempTestSuite1554724346062.groovy:35)
Caused by: java.lang.IllegalArgumentException: Object is null
	at com.kms.katalon.core.helper.KeywordHelper.checkTestObjectParameter(KeywordHelper.java:33)
	at com.kms.katalon.core.webui.keyword.builtin.ClickKeyword$_click_closure1.doCall(ClickKeyword.groovy:75)
	at com.kms.katalon.core.webui.keyword.builtin.ClickKeyword$_click_closure1.call(ClickKeyword.groovy)
	at com.kms.katalon.core.webui.keyword.internal.WebUIKeywordMain.runKeyword(WebUIKeywordMain.groovy:20)
	at com.kms.katalon.core.webui.keyword.builtin.ClickKeyword.click(ClickKeyword.groovy:86)
	at com.kms.katalon.core.webui.keyword.builtin.ClickKeyword.execute(ClickKeyword.groovy:67)
	at com.kms.katalon.core.keyword.internal.KeywordExecutor.executeKeywordForPlatform(KeywordExecutor.groovy:56)
	at com.kms.katalon.core.webui.keyword.WebUiBuiltInKeywords.click(WebUiBuiltInKeywords.groovy:616)
	at com.kms.katalon.core.webui.keyword.WebUiBuiltInKeywords$click$1.call(Unknown Source)
	at Script1554272453091.run(Script1554272453091.groovy:22)
	... 13 more
"/>
         <system-out><![CDATA[2019-04-08 17:24:21 - [TEST_CASE][FAILED] - Test Cases/All Links are Accessible/Premier: Test Cases/All Links are Accessible/Premier FAILED.
Reason:
com.kms.katalon.core.exception.StepFailedException: Unable to click on object
	at com.kms.katalon.core.webui.keyword.internal.WebUIKeywordMain.stepFailed(WebUIKeywordMain.groovy:64)
	at com.kms.katalon.core.webui.keyword.internal.WebUIKeywordMain.runKeyword(WebUIKeywordMain.groovy:26)
	at com.kms.katalon.core.webui.keyword.builtin.ClickKeyword.click(ClickKeyword.groovy:86)
	at com.kms.katalon.core.webui.keyword.builtin.ClickKeyword.execute(ClickKeyword.groovy:67)
	at com.kms.katalon.core.keyword.internal.KeywordExecutor.executeKeywordForPlatform(KeywordExecutor.groovy:56)
	at com.kms.katalon.core.webui.keyword.WebUiBuiltInKeywords.click(WebUiBuiltInKeywords.groovy:616)
	at com.kms.katalon.core.webui.keyword.WebUiBuiltInKeywords$click$1.call(Unknown Source)
	at Premier.run(Premier:22)
	at com.kms.katalon.core.main.ScriptEngine.run(ScriptEngine.java:194)
	at com.kms.katalon.core.main.ScriptEngine.runScriptAsRawText(ScriptEngine.java:119)
	at com.kms.katalon.core.main.TestCaseExecutor.runScript(TestCaseExecutor.java:331)
	at com.kms.katalon.core.main.TestCaseExecutor.doExecute(TestCaseExecutor.java:322)
	at com.kms.katalon.core.main.TestCaseExecutor.processExecutionPhase(TestCaseExecutor.java:301)
	at com.kms.katalon.core.main.TestCaseExecutor.accessMainPhase(TestCaseExecutor.java:293)
	at com.kms.katalon.core.main.TestCaseExecutor.execute(TestCaseExecutor.java:227)
	at com.kms.katalon.core.main.TestSuiteExecutor.accessTestCaseMainPhase(TestSuiteExecutor.java:129)
	at com.kms.katalon.core.main.TestSuiteExecutor.accessTestSuiteMainPhase(TestSuiteExecutor.java:112)
	at com.kms.katalon.core.main.TestSuiteExecutor.execute(TestSuiteExecutor.java:81)
	at com.kms.katalon.core.main.TestCaseMain.startTestSuite(TestCaseMain.java:157)
	at com.kms.katalon.core.main.TestCaseMain$startTestSuite$0.call(Unknown Source)
	at TempTestSuite1554724346062.run(TempTestSuite1554724346062.groovy:35)
Caused by: java.lang.IllegalArgumentException: Object is null
	at com.kms.katalon.core.helper.KeywordHelper.checkTestObjectParameter(KeywordHelper.java:33)
	at com.kms.katalon.core.webui.keyword.builtin.ClickKeyword$_click_closure1.doCall(ClickKeyword.groovy:75)
	at com.kms.katalon.core.webui.keyword.builtin.ClickKeyword$_click_closure1.call(ClickKeyword.groovy)
	at com.kms.katalon.core.webui.keyword.internal.WebUIKeywordMain.runKeyword(WebUIKeywordMain.groovy:20)
	at com.kms.katalon.core.webui.keyword.builtin.ClickKeyword.click(ClickKeyword.groovy:86)
	at com.kms.katalon.core.webui.keyword.builtin.ClickKeyword.execute(ClickKeyword.groovy:67)
	at com.kms.katalon.core.keyword.internal.KeywordExecutor.executeKeywordForPlatform(KeywordExecutor.groovy:56)
	at com.kms.katalon.core.webui.keyword.WebUiBuiltInKeywords.click(WebUiBuiltInKeywords.groovy:616)
	at com.kms.katalon.core.webui.keyword.WebUiBuiltInKeywords$click$1.call(Unknown Source)
	at Script1554272453091.run(Script1554272453091.groovy:22)
	... 13 more


2019-04-08 17:24:21 - [TEST_STEP][PASSED] - openBrowser(""): Browser is opened with url: ''

2019-04-08 17:24:21 - [MESSAGE][WARNING] - A browser is already opened. Closing browser and opening a new one

2019-04-08 17:24:21 - [MESSAGE][INFO] - Starting 'Chrome' driver

2019-04-08 17:24:24 - [MESSAGE][PASSED] - Browser is opened with url: ''

2019-04-08 17:24:24 - [TEST_STEP][PASSED] - navigateToUrl("http://192.168.0.28:90/list"): Navigate to 'http://192.168.0.28:90/list' successfully

2019-04-08 17:24:26 - [MESSAGE][PASSED] - Navigate to 'http://192.168.0.28:90/list' successfully

2019-04-08 17:24:26 - [TEST_STEP][PASSED] - delay(5): Delayed 5 second(s)

2019-04-08 17:24:31 - [MESSAGE][PASSED] - Delayed 5 second(s)

2019-04-08 17:24:31 - [TEST_STEP][FAILED] - click(findTestObject("Summary/spy/Page_Middlesex Cricket Memberships/a_BUY NOW")): click(findTestObject("Summary/spy/Page_Middlesex Cricket Memberships/a_BUY NOW")) FAILED.
Reason:
com.kms.katalon.core.exception.StepFailedException: Unable to click on object
	at com.kms.katalon.core.webui.keyword.internal.WebUIKeywordMain.stepFailed(WebUIKeywordMain.groovy:64)
	at com.kms.katalon.core.webui.keyword.internal.WebUIKeywordMain.runKeyword(WebUIKeywordMain.groovy:26)
	at com.kms.katalon.core.webui.keyword.builtin.ClickKeyword.click(ClickKeyword.groovy:86)
	at com.kms.katalon.core.webui.keyword.builtin.ClickKeyword.execute(ClickKeyword.groovy:67)
	at com.kms.katalon.core.keyword.internal.KeywordExecutor.executeKeywordForPlatform(KeywordExecutor.groovy:56)
	at com.kms.katalon.core.webui.keyword.WebUiBuiltInKeywords.click(WebUiBuiltInKeywords.groovy:616)
	at com.kms.katalon.core.webui.keyword.WebUiBuiltInKeywords$click$1.call(Unknown Source)
	at Premier.run(Premier:22)
	at com.kms.katalon.core.main.ScriptEngine.run(ScriptEngine.java:194)
	at com.kms.katalon.core.main.ScriptEngine.runScriptAsRawText(ScriptEngine.java:119)
	at com.kms.katalon.core.main.TestCaseExecutor.runScript(TestCaseExecutor.java:331)
	at com.kms.katalon.core.main.TestCaseExecutor.doExecute(TestCaseExecutor.java:322)
	at com.kms.katalon.core.main.TestCaseExecutor.processExecutionPhase(TestCaseExecutor.java:301)
	at com.kms.katalon.core.main.TestCaseExecutor.accessMainPhase(TestCaseExecutor.java:293)
	at com.kms.katalon.core.main.TestCaseExecutor.execute(TestCaseExecutor.java:227)
	at com.kms.katalon.core.main.TestSuiteExecutor.accessTestCaseMainPhase(TestSuiteExecutor.java:129)
	at com.kms.katalon.core.main.TestSuiteExecutor.accessTestSuiteMainPhase(TestSuiteExecutor.java:112)
	at com.kms.katalon.core.main.TestSuiteExecutor.execute(TestSuiteExecutor.java:81)
	at com.kms.katalon.core.main.TestCaseMain.startTestSuite(TestCaseMain.java:157)
	at com.kms.katalon.core.main.TestCaseMain$startTestSuite$0.call(Unknown Source)
	at TempTestSuite1554724346062.run(TempTestSuite1554724346062.groovy:35)
Caused by: java.lang.IllegalArgumentException: Object is null
	at com.kms.katalon.core.helper.KeywordHelper.checkTestObjectParameter(KeywordHelper.java:33)
	at com.kms.katalon.core.webui.keyword.builtin.ClickKeyword$_click_closure1.doCall(ClickKeyword.groovy:75)
	at com.kms.katalon.core.webui.keyword.builtin.ClickKeyword$_click_closure1.call(ClickKeyword.groovy)
	at com.kms.katalon.core.webui.keyword.internal.WebUIKeywordMain.runKeyword(WebUIKeywordMain.groovy:20)
	at com.kms.katalon.core.webui.keyword.builtin.ClickKeyword.click(ClickKeyword.groovy:86)
	at com.kms.katalon.core.webui.keyword.builtin.ClickKeyword.execute(ClickKeyword.groovy:67)
	at com.kms.katalon.core.keyword.internal.KeywordExecutor.executeKeywordForPlatform(KeywordExecutor.groovy:56)
	at com.kms.katalon.core.webui.keyword.WebUiBuiltInKeywords.click(WebUiBuiltInKeywords.groovy:616)
	at com.kms.katalon.core.webui.keyword.WebUiBuiltInKeywords$click$1.call(Unknown Source)
	at Script1554272453091.run(Script1554272453091.groovy:22)
	... 13 more


2019-04-08 17:24:32 - [MESSAGE][WARNING] - Test object with id 'Object Repository/Summary/spy/Page_Middlesex Cricket Memberships/a_BUY NOW' does not exist

2019-04-08 17:24:32 - [MESSAGE][WARNING] - Test object with id 'Object Repository/' does not exist

2019-04-08 17:24:32 - [MESSAGE][FAILED] - Unable to click on object (Root cause: com.kms.katalon.core.exception.StepFailedException: Unable to click on object
	at com.kms.katalon.core.webui.keyword.internal.WebUIKeywordMain.stepFailed(WebUIKeywordMain.groovy:64)
	at com.kms.katalon.core.webui.keyword.internal.WebUIKeywordMain.runKeyword(WebUIKeywordMain.groovy:26)
	at com.kms.katalon.core.webui.keyword.builtin.ClickKeyword.click(ClickKeyword.groovy:86)
	at com.kms.katalon.core.webui.keyword.builtin.ClickKeyword.execute(ClickKeyword.groovy:67)
	at com.kms.katalon.core.keyword.internal.KeywordExecutor.executeKeywordForPlatform(KeywordExecutor.groovy:56)
	at com.kms.katalon.core.webui.keyword.WebUiBuiltInKeywords.click(WebUiBuiltInKeywords.groovy:616)
	at com.kms.katalon.core.webui.keyword.WebUiBuiltInKeywords$click$1.call(Unknown Source)
	at Premier.run(Premier:22)
	at com.kms.katalon.core.main.ScriptEngine.run(ScriptEngine.java:194)
	at com.kms.katalon.core.main.ScriptEngine.runScriptAsRawText(ScriptEngine.java:119)
	at com.kms.katalon.core.main.TestCaseExecutor.runScript(TestCaseExecutor.java:331)
	at com.kms.katalon.core.main.TestCaseExecutor.doExecute(TestCaseExecutor.java:322)
	at com.kms.katalon.core.main.TestCaseExecutor.processExecutionPhase(TestCaseExecutor.java:301)
	at com.kms.katalon.core.main.TestCaseExecutor.accessMainPhase(TestCaseExecutor.java:293)
	at com.kms.katalon.core.main.TestCaseExecutor.execute(TestCaseExecutor.java:227)
	at com.kms.katalon.core.main.TestSuiteExecutor.accessTestCaseMainPhase(TestSuiteExecutor.java:129)
	at com.kms.katalon.core.main.TestSuiteExecutor.accessTestSuiteMainPhase(TestSuiteExecutor.java:112)
	at com.kms.katalon.core.main.TestSuiteExecutor.execute(TestSuiteExecutor.java:81)
	at com.kms.katalon.core.main.TestCaseMain.startTestSuite(TestCaseMain.java:157)
	at com.kms.katalon.core.main.TestCaseMain$startTestSuite$0.call(Unknown Source)
	at TempTestSuite1554724346062.run(TempTestSuite1554724346062.groovy:35)
Caused by: java.lang.IllegalArgumentException: Object is null
	at com.kms.katalon.core.helper.KeywordHelper.checkTestObjectParameter(KeywordHelper.java:33)
	at com.kms.katalon.core.webui.keyword.builtin.ClickKeyword$_click_closure1.doCall(ClickKeyword.groovy:75)
	at com.kms.katalon.core.webui.keyword.builtin.ClickKeyword$_click_closure1.call(ClickKeyword.groovy)
	at com.kms.katalon.core.webui.keyword.internal.WebUIKeywordMain.runKeyword(WebUIKeywordMain.groovy:20)
	at com.kms.katalon.core.webui.keyword.builtin.ClickKeyword.click(ClickKeyword.groovy:86)
	at com.kms.katalon.core.webui.keyword.builtin.ClickKeyword.execute(ClickKeyword.groovy:67)
	at com.kms.katalon.core.keyword.internal.KeywordExecutor.executeKeywordForPlatform(KeywordExecutor.groovy:56)
	at com.kms.katalon.core.webui.keyword.WebUiBuiltInKeywords.click(WebUiBuiltInKeywords.groovy:616)
	at com.kms.katalon.core.webui.keyword.WebUiBuiltInKeywords$click$1.call(Unknown Source)
	at Script1554272453091.run(Script1554272453091.groovy:22)
	... 13 more
)
[[ATTACHMENT|C:\\Users\\sambhavi\\git\\staging-mccc\\Reports\\Al links are accessible\\20190408_172225\\1554724472101.png]]

2019-04-08 17:24:32 - [MESSAGE][FAILED] - click(findTestObject("Summary/spy/Page_Middlesex Cricket Memberships/a_BUY NOW")) FAILED.
Reason:
com.kms.katalon.core.exception.StepFailedException: Unable to click on object
	at com.kms.katalon.core.webui.keyword.internal.WebUIKeywordMain.stepFailed(WebUIKeywordMain.groovy:64)
	at com.kms.katalon.core.webui.keyword.internal.WebUIKeywordMain.runKeyword(WebUIKeywordMain.groovy:26)
	at com.kms.katalon.core.webui.keyword.builtin.ClickKeyword.click(ClickKeyword.groovy:86)
	at com.kms.katalon.core.webui.keyword.builtin.ClickKeyword.execute(ClickKeyword.groovy:67)
	at com.kms.katalon.core.keyword.internal.KeywordExecutor.executeKeywordForPlatform(KeywordExecutor.groovy:56)
	at com.kms.katalon.core.webui.keyword.WebUiBuiltInKeywords.click(WebUiBuiltInKeywords.groovy:616)
	at com.kms.katalon.core.webui.keyword.WebUiBuiltInKeywords$click$1.call(Unknown Source)
	at Premier.run(Premier:22)
	at com.kms.katalon.core.main.ScriptEngine.run(ScriptEngine.java:194)
	at com.kms.katalon.core.main.ScriptEngine.runScriptAsRawText(ScriptEngine.java:119)
	at com.kms.katalon.core.main.TestCaseExecutor.runScript(TestCaseExecutor.java:331)
	at com.kms.katalon.core.main.TestCaseExecutor.doExecute(TestCaseExecutor.java:322)
	at com.kms.katalon.core.main.TestCaseExecutor.processExecutionPhase(TestCaseExecutor.java:301)
	at com.kms.katalon.core.main.TestCaseExecutor.accessMainPhase(TestCaseExecutor.java:293)
	at com.kms.katalon.core.main.TestCaseExecutor.execute(TestCaseExecutor.java:227)
	at com.kms.katalon.core.main.TestSuiteExecutor.accessTestCaseMainPhase(TestSuiteExecutor.java:129)
	at com.kms.katalon.core.main.TestSuiteExecutor.accessTestSuiteMainPhase(TestSuiteExecutor.java:112)
	at com.kms.katalon.core.main.TestSuiteExecutor.execute(TestSuiteExecutor.java:81)
	at com.kms.katalon.core.main.TestCaseMain.startTestSuite(TestCaseMain.java:157)
	at com.kms.katalon.core.main.TestCaseMain$startTestSuite$0.call(Unknown Source)
	at TempTestSuite1554724346062.run(TempTestSuite1554724346062.groovy:35)
Caused by: java.lang.IllegalArgumentException: Object is null
	at com.kms.katalon.core.helper.KeywordHelper.checkTestObjectParameter(KeywordHelper.java:33)
	at com.kms.katalon.core.webui.keyword.builtin.ClickKeyword$_click_closure1.doCall(ClickKeyword.groovy:75)
	at com.kms.katalon.core.webui.keyword.builtin.ClickKeyword$_click_closure1.call(ClickKeyword.groovy)
	at com.kms.katalon.core.webui.keyword.internal.WebUIKeywordMain.runKeyword(WebUIKeywordMain.groovy:20)
	at com.kms.katalon.core.webui.keyword.builtin.ClickKeyword.click(ClickKeyword.groovy:86)
	at com.kms.katalon.core.webui.keyword.builtin.ClickKeyword.execute(ClickKeyword.groovy:67)
	at com.kms.katalon.core.keyword.internal.KeywordExecutor.executeKeywordForPlatform(KeywordExecutor.groovy:56)
	at com.kms.katalon.core.webui.keyword.WebUiBuiltInKeywords.click(WebUiBuiltInKeywords.groovy:616)
	at com.kms.katalon.core.webui.keyword.WebUiBuiltInKeywords$click$1.call(Unknown Source)
	at Script1554272453091.run(Script1554272453091.groovy:22)
	... 13 more]]></system-out>
         <system-err><![CDATA[2019-04-08 17:24:21 - [TEST_CASE][FAILED] - Test Cases/All Links are Accessible/Premier: Test Cases/All Links are Accessible/Premier FAILED.
Reason:
com.kms.katalon.core.exception.StepFailedException: Unable to click on object
	at com.kms.katalon.core.webui.keyword.internal.WebUIKeywordMain.stepFailed(WebUIKeywordMain.groovy:64)
	at com.kms.katalon.core.webui.keyword.internal.WebUIKeywordMain.runKeyword(WebUIKeywordMain.groovy:26)
	at com.kms.katalon.core.webui.keyword.builtin.ClickKeyword.click(ClickKeyword.groovy:86)
	at com.kms.katalon.core.webui.keyword.builtin.ClickKeyword.execute(ClickKeyword.groovy:67)
	at com.kms.katalon.core.keyword.internal.KeywordExecutor.executeKeywordForPlatform(KeywordExecutor.groovy:56)
	at com.kms.katalon.core.webui.keyword.WebUiBuiltInKeywords.click(WebUiBuiltInKeywords.groovy:616)
	at com.kms.katalon.core.webui.keyword.WebUiBuiltInKeywords$click$1.call(Unknown Source)
	at Premier.run(Premier:22)
	at com.kms.katalon.core.main.ScriptEngine.run(ScriptEngine.java:194)
	at com.kms.katalon.core.main.ScriptEngine.runScriptAsRawText(ScriptEngine.java:119)
	at com.kms.katalon.core.main.TestCaseExecutor.runScript(TestCaseExecutor.java:331)
	at com.kms.katalon.core.main.TestCaseExecutor.doExecute(TestCaseExecutor.java:322)
	at com.kms.katalon.core.main.TestCaseExecutor.processExecutionPhase(TestCaseExecutor.java:301)
	at com.kms.katalon.core.main.TestCaseExecutor.accessMainPhase(TestCaseExecutor.java:293)
	at com.kms.katalon.core.main.TestCaseExecutor.execute(TestCaseExecutor.java:227)
	at com.kms.katalon.core.main.TestSuiteExecutor.accessTestCaseMainPhase(TestSuiteExecutor.java:129)
	at com.kms.katalon.core.main.TestSuiteExecutor.accessTestSuiteMainPhase(TestSuiteExecutor.java:112)
	at com.kms.katalon.core.main.TestSuiteExecutor.execute(TestSuiteExecutor.java:81)
	at com.kms.katalon.core.main.TestCaseMain.startTestSuite(TestCaseMain.java:157)
	at com.kms.katalon.core.main.TestCaseMain$startTestSuite$0.call(Unknown Source)
	at TempTestSuite1554724346062.run(TempTestSuite1554724346062.groovy:35)
Caused by: java.lang.IllegalArgumentException: Object is null
	at com.kms.katalon.core.helper.KeywordHelper.checkTestObjectParameter(KeywordHelper.java:33)
	at com.kms.katalon.core.webui.keyword.builtin.ClickKeyword$_click_closure1.doCall(ClickKeyword.groovy:75)
	at com.kms.katalon.core.webui.keyword.builtin.ClickKeyword$_click_closure1.call(ClickKeyword.groovy)
	at com.kms.katalon.core.webui.keyword.internal.WebUIKeywordMain.runKeyword(WebUIKeywordMain.groovy:20)
	at com.kms.katalon.core.webui.keyword.builtin.ClickKeyword.click(ClickKeyword.groovy:86)
	at com.kms.katalon.core.webui.keyword.builtin.ClickKeyword.execute(ClickKeyword.groovy:67)
	at com.kms.katalon.core.keyword.internal.KeywordExecutor.executeKeywordForPlatform(KeywordExecutor.groovy:56)
	at com.kms.katalon.core.webui.keyword.WebUiBuiltInKeywords.click(WebUiBuiltInKeywords.groovy:616)
	at com.kms.katalon.core.webui.keyword.WebUiBuiltInKeywords$click$1.call(Unknown Source)
	at Script1554272453091.run(Script1554272453091.groovy:22)
	... 13 more]]></system-err>
      </testcase>
      <testcase name="Test Cases/All Links are Accessible/primium plus" classname="Test Cases/All Links are Accessible/primium plus" status="PASSED">
         <system-out><![CDATA[2019-04-08 17:24:32 - [TEST_CASE][PASSED] - Test Cases/All Links are Accessible/primium plus: Test Cases/All Links are Accessible/primium plus

2019-04-08 17:24:32 - [TEST_STEP][PASSED] - openBrowser(""): Browser is opened with url: ''

2019-04-08 17:24:32 - [MESSAGE][WARNING] - A browser is already opened. Closing browser and opening a new one

2019-04-08 17:24:33 - [MESSAGE][INFO] - Starting 'Chrome' driver

2019-04-08 17:24:36 - [MESSAGE][PASSED] - Browser is opened with url: ''

2019-04-08 17:24:36 - [TEST_STEP][PASSED] - navigateToUrl("http://192.168.0.28:90/detail/9/PREMIER_PLUS/8"): Navigate to 'http://192.168.0.28:90/detail/9/PREMIER_PLUS/8' successfully

2019-04-08 17:24:38 - [MESSAGE][PASSED] - Navigate to 'http://192.168.0.28:90/detail/9/PREMIER_PLUS/8' successfully

2019-04-08 17:24:38 - [TEST_STEP][PASSED] - delay(5): Delayed 5 second(s)

2019-04-08 17:24:43 - [MESSAGE][PASSED] - Delayed 5 second(s)

2019-04-08 17:24:43 - [TEST_STEP][PASSED] - verifyTextPresent("PREMIER PLUS MEMBERSHIP", false): Text 'PREMIER PLUS MEMBERSHIP' is present on page 

2019-04-08 17:24:43 - [MESSAGE][PASSED] - Text 'PREMIER PLUS MEMBERSHIP' is present on page 

2019-04-08 17:24:43 - [TEST_STEP][PASSED] - getAllLinksOnCurrentPage(false, []): Found 31 unique links on the page http://192.168.0.28:90/detail/9/PREMIER_PLUS/8

2019-04-08 17:24:43 - [MESSAGE][PASSED] - Found 31 unique links on the page http://192.168.0.28:90/detail/9/PREMIER_PLUS/8

2019-04-08 17:24:43 - [TEST_STEP][PASSED] - verifyAllLinksOnCurrentPageAccessible(false, []): All links on the page 'http://192.168.0.28:90/detail/9/PREMIER_PLUS/8' are accessible

2019-04-08 17:24:44 - [MESSAGE][PASSED] - Found 31 unique links on the page http://192.168.0.28:90/detail/9/PREMIER_PLUS/8

2019-04-08 17:24:44 - [MESSAGE][INFO] - HAR: C:\Users\sambhavi\git\staging-mccc\Reports\Al links are accessible\20190408_172225\requests\main\203.har

2019-04-08 17:24:44 - [MESSAGE][PASSED] - Send request successfully

2019-04-08 17:24:44 - [MESSAGE][INFO] - HAR: C:\Users\sambhavi\git\staging-mccc\Reports\Al links are accessible\20190408_172225\requests\main\204.har

2019-04-08 17:24:44 - [MESSAGE][PASSED] - Send request successfully

2019-04-08 17:24:44 - [MESSAGE][INFO] - HAR: C:\Users\sambhavi\git\staging-mccc\Reports\Al links are accessible\20190408_172225\requests\main\205.har

2019-04-08 17:24:44 - [MESSAGE][PASSED] - Send request successfully

2019-04-08 17:24:44 - [MESSAGE][INFO] - HAR: C:\Users\sambhavi\git\staging-mccc\Reports\Al links are accessible\20190408_172225\requests\main\206.har

2019-04-08 17:24:44 - [MESSAGE][PASSED] - Send request successfully

2019-04-08 17:24:44 - [MESSAGE][INFO] - HAR: C:\Users\sambhavi\git\staging-mccc\Reports\Al links are accessible\20190408_172225\requests\main\207.har

2019-04-08 17:24:44 - [MESSAGE][PASSED] - Send request successfully

2019-04-08 17:24:44 - [MESSAGE][INFO] - HAR: C:\Users\sambhavi\git\staging-mccc\Reports\Al links are accessible\20190408_172225\requests\main\208.har

2019-04-08 17:24:44 - [MESSAGE][PASSED] - Send request successfully

2019-04-08 17:24:44 - [MESSAGE][INFO] - HAR: C:\Users\sambhavi\git\staging-mccc\Reports\Al links are accessible\20190408_172225\requests\main\209.har

2019-04-08 17:24:44 - [MESSAGE][PASSED] - Send request successfully

2019-04-08 17:24:44 - [MESSAGE][INFO] - HAR: C:\Users\sambhavi\git\staging-mccc\Reports\Al links are accessible\20190408_172225\requests\main\210.har

2019-04-08 17:24:44 - [MESSAGE][PASSED] - Send request successfully

2019-04-08 17:24:44 - [MESSAGE][INFO] - HAR: C:\Users\sambhavi\git\staging-mccc\Reports\Al links are accessible\20190408_172225\requests\main\211.har

2019-04-08 17:24:44 - [MESSAGE][PASSED] - Send request successfully

2019-04-08 17:24:44 - [MESSAGE][INFO] - HAR: C:\Users\sambhavi\git\staging-mccc\Reports\Al links are accessible\20190408_172225\requests\main\212.har

2019-04-08 17:24:44 - [MESSAGE][PASSED] - Send request successfully

2019-04-08 17:24:44 - [MESSAGE][INFO] - HAR: C:\Users\sambhavi\git\staging-mccc\Reports\Al links are accessible\20190408_172225\requests\main\213.har

2019-04-08 17:24:44 - [MESSAGE][PASSED] - Send request successfully

2019-04-08 17:24:44 - [MESSAGE][INFO] - HAR: C:\Users\sambhavi\git\staging-mccc\Reports\Al links are accessible\20190408_172225\requests\main\214.har

2019-04-08 17:24:44 - [MESSAGE][PASSED] - Send request successfully

2019-04-08 17:24:44 - [MESSAGE][INFO] - HAR: C:\Users\sambhavi\git\staging-mccc\Reports\Al links are accessible\20190408_172225\requests\main\215.har

2019-04-08 17:24:44 - [MESSAGE][PASSED] - Send request successfully

2019-04-08 17:24:44 - [MESSAGE][INFO] - HAR: C:\Users\sambhavi\git\staging-mccc\Reports\Al links are accessible\20190408_172225\requests\main\216.har

2019-04-08 17:24:44 - [MESSAGE][PASSED] - Send request successfully

2019-04-08 17:24:44 - [MESSAGE][INFO] - HAR: C:\Users\sambhavi\git\staging-mccc\Reports\Al links are accessible\20190408_172225\requests\main\217.har

2019-04-08 17:24:44 - [MESSAGE][PASSED] - Send request successfully

2019-04-08 17:24:44 - [MESSAGE][INFO] - HAR: C:\Users\sambhavi\git\staging-mccc\Reports\Al links are accessible\20190408_172225\requests\main\218.har

2019-04-08 17:24:44 - [MESSAGE][PASSED] - Send request successfully

2019-04-08 17:24:44 - [MESSAGE][INFO] - HAR: C:\Users\sambhavi\git\staging-mccc\Reports\Al links are accessible\20190408_172225\requests\main\219.har

2019-04-08 17:24:44 - [MESSAGE][PASSED] - Send request successfully

2019-04-08 17:24:44 - [MESSAGE][INFO] - HAR: C:\Users\sambhavi\git\staging-mccc\Reports\Al links are accessible\20190408_172225\requests\main\220.har

2019-04-08 17:24:44 - [MESSAGE][PASSED] - Send request successfully

2019-04-08 17:24:44 - [MESSAGE][INFO] - HAR: C:\Users\sambhavi\git\staging-mccc\Reports\Al links are accessible\20190408_172225\requests\main\221.har

2019-04-08 17:24:44 - [MESSAGE][PASSED] - Send request successfully

2019-04-08 17:24:44 - [MESSAGE][INFO] - HAR: C:\Users\sambhavi\git\staging-mccc\Reports\Al links are accessible\20190408_172225\requests\main\222.har

2019-04-08 17:24:44 - [MESSAGE][PASSED] - Send request successfully

2019-04-08 17:24:44 - [MESSAGE][INFO] - HAR: C:\Users\sambhavi\git\staging-mccc\Reports\Al links are accessible\20190408_172225\requests\main\223.har

2019-04-08 17:24:44 - [MESSAGE][PASSED] - Send request successfully

2019-04-08 17:24:44 - [MESSAGE][INFO] - HAR: C:\Users\sambhavi\git\staging-mccc\Reports\Al links are accessible\20190408_172225\requests\main\224.har

2019-04-08 17:24:44 - [MESSAGE][PASSED] - Send request successfully

2019-04-08 17:24:44 - [MESSAGE][INFO] - HAR: C:\Users\sambhavi\git\staging-mccc\Reports\Al links are accessible\20190408_172225\requests\main\225.har

2019-04-08 17:24:44 - [MESSAGE][PASSED] - Send request successfully

2019-04-08 17:24:44 - [MESSAGE][INFO] - HAR: C:\Users\sambhavi\git\staging-mccc\Reports\Al links are accessible\20190408_172225\requests\main\226.har

2019-04-08 17:24:44 - [MESSAGE][PASSED] - Send request successfully

2019-04-08 17:24:44 - [MESSAGE][INFO] - HAR: C:\Users\sambhavi\git\staging-mccc\Reports\Al links are accessible\20190408_172225\requests\main\227.har

2019-04-08 17:24:44 - [MESSAGE][PASSED] - Send request successfully

2019-04-08 17:24:44 - [MESSAGE][INFO] - HAR: C:\Users\sambhavi\git\staging-mccc\Reports\Al links are accessible\20190408_172225\requests\main\228.har

2019-04-08 17:24:44 - [MESSAGE][PASSED] - Send request successfully

2019-04-08 17:24:44 - [MESSAGE][INFO] - HAR: C:\Users\sambhavi\git\staging-mccc\Reports\Al links are accessible\20190408_172225\requests\main\229.har

2019-04-08 17:24:44 - [MESSAGE][PASSED] - Send request successfully

2019-04-08 17:24:44 - [MESSAGE][INFO] - HAR: C:\Users\sambhavi\git\staging-mccc\Reports\Al links are accessible\20190408_172225\requests\main\230.har

2019-04-08 17:24:44 - [MESSAGE][PASSED] - Send request successfully

2019-04-08 17:24:44 - [MESSAGE][INFO] - HAR: C:\Users\sambhavi\git\staging-mccc\Reports\Al links are accessible\20190408_172225\requests\main\231.har

2019-04-08 17:24:44 - [MESSAGE][PASSED] - Send request successfully

2019-04-08 17:24:45 - [MESSAGE][INFO] - HAR: C:\Users\sambhavi\git\staging-mccc\Reports\Al links are accessible\20190408_172225\requests\main\232.har

2019-04-08 17:24:45 - [MESSAGE][PASSED] - Send request successfully

2019-04-08 17:24:45 - [MESSAGE][INFO] - HAR: C:\Users\sambhavi\git\staging-mccc\Reports\Al links are accessible\20190408_172225\requests\main\233.har

2019-04-08 17:24:45 - [MESSAGE][PASSED] - Send request successfully

2019-04-08 17:24:45 - [MESSAGE][PASSED] - All links are accessible

2019-04-08 17:24:45 - [MESSAGE][PASSED] - All links on the page 'http://192.168.0.28:90/detail/9/PREMIER_PLUS/8' are accessible]]></system-out>
         <system-err><![CDATA[]]></system-err>
      </testcase>
      <testcase name="Test Cases/All Links are Accessible/Privacy policy" classname="Test Cases/All Links are Accessible/Privacy policy" status="FAILED">
         <failure type="FAILED" message="Test Cases/All Links are Accessible/Privacy policy FAILED.
Reason:
com.kms.katalon.core.exception.StepFailedException: Unable to verify all links on the page 'http://192.168.0.28:90/privacy-policy' are accessible
	at com.kms.katalon.core.webui.keyword.internal.WebUIKeywordMain.stepFailed(WebUIKeywordMain.groovy:64)
	at com.kms.katalon.core.webui.keyword.internal.WebUIKeywordMain.runKeyword(WebUIKeywordMain.groovy:26)
	at com.kms.katalon.core.webui.keyword.builtin.VerifyAllLinksOnCurrentPageAccessibleKeyword.verifyAllLinksOnCurrentPageAccessible(VerifyAllLinksOnCurrentPageAccessibleKeyword.groovy:48)
	at com.kms.katalon.core.webui.keyword.builtin.VerifyAllLinksOnCurrentPageAccessibleKeyword.execute(VerifyAllLinksOnCurrentPageAccessibleKeyword.groovy:32)
	at com.kms.katalon.core.keyword.internal.KeywordExecutor.executeKeywordForPlatform(KeywordExecutor.groovy:56)
	at com.kms.katalon.core.webui.keyword.WebUiBuiltInKeywords.verifyAllLinksOnCurrentPageAccessible(WebUiBuiltInKeywords.groovy:3739)
	at com.kms.katalon.core.webui.keyword.WebUiBuiltInKeywords$verifyAllLinksOnCurrentPageAccessible$6.call(Unknown Source)
	at Privacy policy.run(Privacy policy:26)
	at com.kms.katalon.core.main.ScriptEngine.run(ScriptEngine.java:194)
	at com.kms.katalon.core.main.ScriptEngine.runScriptAsRawText(ScriptEngine.java:119)
	at com.kms.katalon.core.main.TestCaseExecutor.runScript(TestCaseExecutor.java:331)
	at com.kms.katalon.core.main.TestCaseExecutor.doExecute(TestCaseExecutor.java:322)
	at com.kms.katalon.core.main.TestCaseExecutor.processExecutionPhase(TestCaseExecutor.java:301)
	at com.kms.katalon.core.main.TestCaseExecutor.accessMainPhase(TestCaseExecutor.java:293)
	at com.kms.katalon.core.main.TestCaseExecutor.execute(TestCaseExecutor.java:227)
	at com.kms.katalon.core.main.TestSuiteExecutor.accessTestCaseMainPhase(TestSuiteExecutor.java:129)
	at com.kms.katalon.core.main.TestSuiteExecutor.accessTestSuiteMainPhase(TestSuiteExecutor.java:112)
	at com.kms.katalon.core.main.TestSuiteExecutor.execute(TestSuiteExecutor.java:81)
	at com.kms.katalon.core.main.TestCaseMain.startTestSuite(TestCaseMain.java:157)
	at com.kms.katalon.core.main.TestCaseMain$startTestSuite$0.call(Unknown Source)
	at TempTestSuite1554724346062.run(TempTestSuite1554724346062.groovy:35)
Caused by: com.kms.katalon.core.exception.StepFailedException: Some of links on the current page are inaccessible
	at com.kms.katalon.core.webui.keyword.internal.WebUIKeywordMain.stepFailed(WebUIKeywordMain.groovy:64)
	at com.kms.katalon.core.webui.keyword.builtin.VerifyAllLinksOnCurrentPageAccessibleKeyword$_verifyAllLinksOnCurrentPageAccessible_closure1.doCall(VerifyAllLinksOnCurrentPageAccessibleKeyword.groovy:45)
	at com.kms.katalon.core.webui.keyword.builtin.VerifyAllLinksOnCurrentPageAccessibleKeyword$_verifyAllLinksOnCurrentPageAccessible_closure1.call(VerifyAllLinksOnCurrentPageAccessibleKeyword.groovy)
	at com.kms.katalon.core.webui.keyword.internal.WebUIKeywordMain.runKeyword(WebUIKeywordMain.groovy:20)
	... 19 more
"/>
         <system-out><![CDATA[2019-04-08 17:24:45 - [TEST_CASE][FAILED] - Test Cases/All Links are Accessible/Privacy policy: Test Cases/All Links are Accessible/Privacy policy FAILED.
Reason:
com.kms.katalon.core.exception.StepFailedException: Unable to verify all links on the page 'http://192.168.0.28:90/privacy-policy' are accessible
	at com.kms.katalon.core.webui.keyword.internal.WebUIKeywordMain.stepFailed(WebUIKeywordMain.groovy:64)
	at com.kms.katalon.core.webui.keyword.internal.WebUIKeywordMain.runKeyword(WebUIKeywordMain.groovy:26)
	at com.kms.katalon.core.webui.keyword.builtin.VerifyAllLinksOnCurrentPageAccessibleKeyword.verifyAllLinksOnCurrentPageAccessible(VerifyAllLinksOnCurrentPageAccessibleKeyword.groovy:48)
	at com.kms.katalon.core.webui.keyword.builtin.VerifyAllLinksOnCurrentPageAccessibleKeyword.execute(VerifyAllLinksOnCurrentPageAccessibleKeyword.groovy:32)
	at com.kms.katalon.core.keyword.internal.KeywordExecutor.executeKeywordForPlatform(KeywordExecutor.groovy:56)
	at com.kms.katalon.core.webui.keyword.WebUiBuiltInKeywords.verifyAllLinksOnCurrentPageAccessible(WebUiBuiltInKeywords.groovy:3739)
	at com.kms.katalon.core.webui.keyword.WebUiBuiltInKeywords$verifyAllLinksOnCurrentPageAccessible$6.call(Unknown Source)
	at Privacy policy.run(Privacy policy:26)
	at com.kms.katalon.core.main.ScriptEngine.run(ScriptEngine.java:194)
	at com.kms.katalon.core.main.ScriptEngine.runScriptAsRawText(ScriptEngine.java:119)
	at com.kms.katalon.core.main.TestCaseExecutor.runScript(TestCaseExecutor.java:331)
	at com.kms.katalon.core.main.TestCaseExecutor.doExecute(TestCaseExecutor.java:322)
	at com.kms.katalon.core.main.TestCaseExecutor.processExecutionPhase(TestCaseExecutor.java:301)
	at com.kms.katalon.core.main.TestCaseExecutor.accessMainPhase(TestCaseExecutor.java:293)
	at com.kms.katalon.core.main.TestCaseExecutor.execute(TestCaseExecutor.java:227)
	at com.kms.katalon.core.main.TestSuiteExecutor.accessTestCaseMainPhase(TestSuiteExecutor.java:129)
	at com.kms.katalon.core.main.TestSuiteExecutor.accessTestSuiteMainPhase(TestSuiteExecutor.java:112)
	at com.kms.katalon.core.main.TestSuiteExecutor.execute(TestSuiteExecutor.java:81)
	at com.kms.katalon.core.main.TestCaseMain.startTestSuite(TestCaseMain.java:157)
	at com.kms.katalon.core.main.TestCaseMain$startTestSuite$0.call(Unknown Source)
	at TempTestSuite1554724346062.run(TempTestSuite1554724346062.groovy:35)
Caused by: com.kms.katalon.core.exception.StepFailedException: Some of links on the current page are inaccessible
	at com.kms.katalon.core.webui.keyword.internal.WebUIKeywordMain.stepFailed(WebUIKeywordMain.groovy:64)
	at com.kms.katalon.core.webui.keyword.builtin.VerifyAllLinksOnCurrentPageAccessibleKeyword$_verifyAllLinksOnCurrentPageAccessible_closure1.doCall(VerifyAllLinksOnCurrentPageAccessibleKeyword.groovy:45)
	at com.kms.katalon.core.webui.keyword.builtin.VerifyAllLinksOnCurrentPageAccessibleKeyword$_verifyAllLinksOnCurrentPageAccessible_closure1.call(VerifyAllLinksOnCurrentPageAccessibleKeyword.groovy)
	at com.kms.katalon.core.webui.keyword.internal.WebUIKeywordMain.runKeyword(WebUIKeywordMain.groovy:20)
	... 19 more


2019-04-08 17:24:45 - [TEST_STEP][PASSED] - openBrowser(""): Browser is opened with url: ''

2019-04-08 17:24:45 - [MESSAGE][WARNING] - A browser is already opened. Closing browser and opening a new one

2019-04-08 17:24:45 - [MESSAGE][INFO] - Starting 'Chrome' driver

2019-04-08 17:24:48 - [MESSAGE][PASSED] - Browser is opened with url: ''

2019-04-08 17:24:48 - [TEST_STEP][PASSED] - navigateToUrl("http://192.168.0.28:90/list"): Navigate to 'http://192.168.0.28:90/list' successfully

2019-04-08 17:24:53 - [MESSAGE][PASSED] - Navigate to 'http://192.168.0.28:90/list' successfully

2019-04-08 17:24:53 - [TEST_STEP][PASSED] - click(findTestObject("All links are Accessible/Privacy policy/Page_Middlesex Cricket Memberships/small_Privacy Policy")): Object: 'Object Repository/All links are Accessible/Privacy policy/Page_Middlesex Cricket Memberships/small_Privacy Policy' is clicked on

2019-04-08 17:24:53 - [MESSAGE][PASSED] - Object: 'Object Repository/All links are Accessible/Privacy policy/Page_Middlesex Cricket Memberships/small_Privacy Policy' is clicked on

2019-04-08 17:24:53 - [TEST_STEP][PASSED] - switchToWindowIndex(1): Switched to window with index: '1'

2019-04-08 17:24:53 - [MESSAGE][PASSED] - Switched to window with index: '1'

2019-04-08 17:24:53 - [TEST_STEP][PASSED] - getAllLinksOnCurrentPage(false, []): Found 16 unique links on the page http://192.168.0.28:90/privacy-policy

2019-04-08 17:24:54 - [MESSAGE][PASSED] - Found 16 unique links on the page http://192.168.0.28:90/privacy-policy

2019-04-08 17:24:54 - [TEST_STEP][FAILED] - verifyAllLinksOnCurrentPageAccessible(false, [], STOP_ON_FAILURE): verifyAllLinksOnCurrentPageAccessible(false, [], STOP_ON_FAILURE) FAILED.
Reason:
com.kms.katalon.core.exception.StepFailedException: Unable to verify all links on the page 'http://192.168.0.28:90/privacy-policy' are accessible
	at com.kms.katalon.core.webui.keyword.internal.WebUIKeywordMain.stepFailed(WebUIKeywordMain.groovy:64)
	at com.kms.katalon.core.webui.keyword.internal.WebUIKeywordMain.runKeyword(WebUIKeywordMain.groovy:26)
	at com.kms.katalon.core.webui.keyword.builtin.VerifyAllLinksOnCurrentPageAccessibleKeyword.verifyAllLinksOnCurrentPageAccessible(VerifyAllLinksOnCurrentPageAccessibleKeyword.groovy:48)
	at com.kms.katalon.core.webui.keyword.builtin.VerifyAllLinksOnCurrentPageAccessibleKeyword.execute(VerifyAllLinksOnCurrentPageAccessibleKeyword.groovy:32)
	at com.kms.katalon.core.keyword.internal.KeywordExecutor.executeKeywordForPlatform(KeywordExecutor.groovy:56)
	at com.kms.katalon.core.webui.keyword.WebUiBuiltInKeywords.verifyAllLinksOnCurrentPageAccessible(WebUiBuiltInKeywords.groovy:3739)
	at com.kms.katalon.core.webui.keyword.WebUiBuiltInKeywords$verifyAllLinksOnCurrentPageAccessible$6.call(Unknown Source)
	at Privacy policy.run(Privacy policy:26)
	at com.kms.katalon.core.main.ScriptEngine.run(ScriptEngine.java:194)
	at com.kms.katalon.core.main.ScriptEngine.runScriptAsRawText(ScriptEngine.java:119)
	at com.kms.katalon.core.main.TestCaseExecutor.runScript(TestCaseExecutor.java:331)
	at com.kms.katalon.core.main.TestCaseExecutor.doExecute(TestCaseExecutor.java:322)
	at com.kms.katalon.core.main.TestCaseExecutor.processExecutionPhase(TestCaseExecutor.java:301)
	at com.kms.katalon.core.main.TestCaseExecutor.accessMainPhase(TestCaseExecutor.java:293)
	at com.kms.katalon.core.main.TestCaseExecutor.execute(TestCaseExecutor.java:227)
	at com.kms.katalon.core.main.TestSuiteExecutor.accessTestCaseMainPhase(TestSuiteExecutor.java:129)
	at com.kms.katalon.core.main.TestSuiteExecutor.accessTestSuiteMainPhase(TestSuiteExecutor.java:112)
	at com.kms.katalon.core.main.TestSuiteExecutor.execute(TestSuiteExecutor.java:81)
	at com.kms.katalon.core.main.TestCaseMain.startTestSuite(TestCaseMain.java:157)
	at com.kms.katalon.core.main.TestCaseMain$startTestSuite$0.call(Unknown Source)
	at TempTestSuite1554724346062.run(TempTestSuite1554724346062.groovy:35)
Caused by: com.kms.katalon.core.exception.StepFailedException: Some of links on the current page are inaccessible
	at com.kms.katalon.core.webui.keyword.internal.WebUIKeywordMain.stepFailed(WebUIKeywordMain.groovy:64)
	at com.kms.katalon.core.webui.keyword.builtin.VerifyAllLinksOnCurrentPageAccessibleKeyword$_verifyAllLinksOnCurrentPageAccessible_closure1.doCall(VerifyAllLinksOnCurrentPageAccessibleKeyword.groovy:45)
	at com.kms.katalon.core.webui.keyword.builtin.VerifyAllLinksOnCurrentPageAccessibleKeyword$_verifyAllLinksOnCurrentPageAccessible_closure1.call(VerifyAllLinksOnCurrentPageAccessibleKeyword.groovy)
	at com.kms.katalon.core.webui.keyword.internal.WebUIKeywordMain.runKeyword(WebUIKeywordMain.groovy:20)
	... 19 more


2019-04-08 17:24:55 - [MESSAGE][PASSED] - Found 16 unique links on the page http://192.168.0.28:90/privacy-policy

2019-04-08 17:24:55 - [MESSAGE][INFO] - HAR: C:\Users\sambhavi\git\staging-mccc\Reports\Al links are accessible\20190408_172225\requests\main\234.har

2019-04-08 17:24:55 - [MESSAGE][PASSED] - Send request successfully

2019-04-08 17:24:55 - [MESSAGE][INFO] - HAR: C:\Users\sambhavi\git\staging-mccc\Reports\Al links are accessible\20190408_172225\requests\main\235.har

2019-04-08 17:24:55 - [MESSAGE][PASSED] - Send request successfully

2019-04-08 17:24:55 - [MESSAGE][INFO] - HAR: C:\Users\sambhavi\git\staging-mccc\Reports\Al links are accessible\20190408_172225\requests\main\236.har

2019-04-08 17:24:55 - [MESSAGE][PASSED] - Send request successfully

2019-04-08 17:24:55 - [MESSAGE][INFO] - HAR: C:\Users\sambhavi\git\staging-mccc\Reports\Al links are accessible\20190408_172225\requests\main\237.har

2019-04-08 17:24:55 - [MESSAGE][PASSED] - Send request successfully

2019-04-08 17:24:55 - [MESSAGE][INFO] - HAR: C:\Users\sambhavi\git\staging-mccc\Reports\Al links are accessible\20190408_172225\requests\main\238.har

2019-04-08 17:24:55 - [MESSAGE][PASSED] - Send request successfully

2019-04-08 17:24:55 - [MESSAGE][INFO] - HAR: C:\Users\sambhavi\git\staging-mccc\Reports\Al links are accessible\20190408_172225\requests\main\239.har

2019-04-08 17:24:55 - [MESSAGE][PASSED] - Send request successfully

2019-04-08 17:24:55 - [MESSAGE][INFO] - HAR: C:\Users\sambhavi\git\staging-mccc\Reports\Al links are accessible\20190408_172225\requests\main\240.har

2019-04-08 17:24:55 - [MESSAGE][PASSED] - Send request successfully

2019-04-08 17:24:55 - [MESSAGE][INFO] - HAR: C:\Users\sambhavi\git\staging-mccc\Reports\Al links are accessible\20190408_172225\requests\main\241.har

2019-04-08 17:24:55 - [MESSAGE][PASSED] - Send request successfully

2019-04-08 17:24:55 - [MESSAGE][INFO] - HAR: C:\Users\sambhavi\git\staging-mccc\Reports\Al links are accessible\20190408_172225\requests\main\242.har

2019-04-08 17:24:55 - [MESSAGE][PASSED] - Send request successfully

2019-04-08 17:24:55 - [MESSAGE][INFO] - HAR: C:\Users\sambhavi\git\staging-mccc\Reports\Al links are accessible\20190408_172225\requests\main\243.har

2019-04-08 17:24:55 - [MESSAGE][PASSED] - Send request successfully

2019-04-08 17:24:55 - [MESSAGE][INFO] - HAR: C:\Users\sambhavi\git\staging-mccc\Reports\Al links are accessible\20190408_172225\requests\main\244.har

2019-04-08 17:24:55 - [MESSAGE][PASSED] - Send request successfully

2019-04-08 17:24:55 - [MESSAGE][INFO] - HAR: C:\Users\sambhavi\git\staging-mccc\Reports\Al links are accessible\20190408_172225\requests\main\245.har

2019-04-08 17:24:55 - [MESSAGE][PASSED] - Send request successfully

2019-04-08 17:24:55 - [MESSAGE][INFO] - HAR: C:\Users\sambhavi\git\staging-mccc\Reports\Al links are accessible\20190408_172225\requests\main\246.har

2019-04-08 17:24:55 - [MESSAGE][PASSED] - Send request successfully

2019-04-08 17:24:55 - [MESSAGE][INFO] - HAR: C:\Users\sambhavi\git\staging-mccc\Reports\Al links are accessible\20190408_172225\requests\main\247.har

2019-04-08 17:24:55 - [MESSAGE][PASSED] - Send request successfully

2019-04-08 17:24:55 - [MESSAGE][INFO] - HAR: C:\Users\sambhavi\git\staging-mccc\Reports\Al links are accessible\20190408_172225\requests\main\248.har

2019-04-08 17:24:55 - [MESSAGE][PASSED] - Send request successfully

2019-04-08 17:24:55 - [MESSAGE][INFO] - HAR: C:\Users\sambhavi\git\staging-mccc\Reports\Al links are accessible\20190408_172225\requests\main\249.har

2019-04-08 17:24:55 - [MESSAGE][PASSED] - Send request successfully

2019-04-08 17:24:55 - [MESSAGE][WARNING] - Found 1 inaccessible links [http://192.168.0.28:90/img/logo-fav.png] (Root cause: com.kms.katalon.core.exception.StepFailedException: Found 1 inaccessible links [http://192.168.0.28:90/img/logo-fav.png]
	at com.kms.katalon.core.webui.keyword.internal.WebUIKeywordMain.stepFailed(WebUIKeywordMain.groovy:64)
	at com.kms.katalon.core.webui.keyword.builtin.VerifyLinksAccessibleKeyword$_verifyLinksAccessible_closure1.doCall(VerifyLinksAccessibleKeyword.groovy:52)
	at com.kms.katalon.core.webui.keyword.builtin.VerifyLinksAccessibleKeyword$_verifyLinksAccessible_closure1.call(VerifyLinksAccessibleKeyword.groovy)
	at com.kms.katalon.core.webui.keyword.internal.WebUIKeywordMain.runKeyword(WebUIKeywordMain.groovy:20)
	at com.kms.katalon.core.webui.keyword.builtin.VerifyLinksAccessibleKeyword.verifyLinksAccessible(VerifyLinksAccessibleKeyword.groovy:37)
	at com.kms.katalon.core.webui.keyword.builtin.VerifyLinksAccessibleKeyword.execute(VerifyLinksAccessibleKeyword.groovy:32)
	at com.kms.katalon.core.keyword.internal.KeywordExecutor.executeKeywordForPlatform(KeywordExecutor.groovy:56)
	at com.kms.katalon.core.webui.keyword.WebUiBuiltInKeywords.verifyLinksAccessible(WebUiBuiltInKeywords.groovy:3709)
	at com.kms.katalon.core.webui.keyword.builtin.VerifyAllLinksOnCurrentPageAccessibleKeyword$_verifyAllLinksOnCurrentPageAccessible_closure1.doCall(VerifyAllLinksOnCurrentPageAccessibleKeyword.groovy:40)
	at com.kms.katalon.core.webui.keyword.builtin.VerifyAllLinksOnCurrentPageAccessibleKeyword$_verifyAllLinksOnCurrentPageAccessible_closure1.call(VerifyAllLinksOnCurrentPageAccessibleKeyword.groovy)
	at com.kms.katalon.core.webui.keyword.internal.WebUIKeywordMain.runKeyword(WebUIKeywordMain.groovy:20)
	at com.kms.katalon.core.webui.keyword.builtin.VerifyAllLinksOnCurrentPageAccessibleKeyword.verifyAllLinksOnCurrentPageAccessible(VerifyAllLinksOnCurrentPageAccessibleKeyword.groovy:48)
	at com.kms.katalon.core.webui.keyword.builtin.VerifyAllLinksOnCurrentPageAccessibleKeyword.execute(VerifyAllLinksOnCurrentPageAccessibleKeyword.groovy:32)
	at com.kms.katalon.core.keyword.internal.KeywordExecutor.executeKeywordForPlatform(KeywordExecutor.groovy:56)
	at com.kms.katalon.core.webui.keyword.WebUiBuiltInKeywords.verifyAllLinksOnCurrentPageAccessible(WebUiBuiltInKeywords.groovy:3739)
	at com.kms.katalon.core.webui.keyword.WebUiBuiltInKeywords$verifyAllLinksOnCurrentPageAccessible$6.call(Unknown Source)
	at Privacy policy.run(Privacy policy:26)
	at com.kms.katalon.core.main.ScriptEngine.run(ScriptEngine.java:194)
	at com.kms.katalon.core.main.ScriptEngine.runScriptAsRawText(ScriptEngine.java:119)
	at com.kms.katalon.core.main.TestCaseExecutor.runScript(TestCaseExecutor.java:331)
	at com.kms.katalon.core.main.TestCaseExecutor.doExecute(TestCaseExecutor.java:322)
	at com.kms.katalon.core.main.TestCaseExecutor.processExecutionPhase(TestCaseExecutor.java:301)
	at com.kms.katalon.core.main.TestCaseExecutor.accessMainPhase(TestCaseExecutor.java:293)
	at com.kms.katalon.core.main.TestCaseExecutor.execute(TestCaseExecutor.java:227)
	at com.kms.katalon.core.main.TestSuiteExecutor.accessTestCaseMainPhase(TestSuiteExecutor.java:129)
	at com.kms.katalon.core.main.TestSuiteExecutor.accessTestSuiteMainPhase(TestSuiteExecutor.java:112)
	at com.kms.katalon.core.main.TestSuiteExecutor.execute(TestSuiteExecutor.java:81)
	at com.kms.katalon.core.main.TestCaseMain.startTestSuite(TestCaseMain.java:157)
	at com.kms.katalon.core.main.TestCaseMain$startTestSuite$0.call(Unknown Source)
	at TempTestSuite1554724346062.run(TempTestSuite1554724346062.groovy:35)
)

2019-04-08 17:24:55 - [MESSAGE][FAILED] - Some of links on the current page are inaccessible (Root cause: com.kms.katalon.core.exception.StepFailedException: Some of links on the current page are inaccessible
	at com.kms.katalon.core.webui.keyword.internal.WebUIKeywordMain.stepFailed(WebUIKeywordMain.groovy:64)
	at com.kms.katalon.core.webui.keyword.builtin.VerifyAllLinksOnCurrentPageAccessibleKeyword$_verifyAllLinksOnCurrentPageAccessible_closure1.doCall(VerifyAllLinksOnCurrentPageAccessibleKeyword.groovy:45)
	at com.kms.katalon.core.webui.keyword.builtin.VerifyAllLinksOnCurrentPageAccessibleKeyword$_verifyAllLinksOnCurrentPageAccessible_closure1.call(VerifyAllLinksOnCurrentPageAccessibleKeyword.groovy)
	at com.kms.katalon.core.webui.keyword.internal.WebUIKeywordMain.runKeyword(WebUIKeywordMain.groovy:20)
	at com.kms.katalon.core.webui.keyword.builtin.VerifyAllLinksOnCurrentPageAccessibleKeyword.verifyAllLinksOnCurrentPageAccessible(VerifyAllLinksOnCurrentPageAccessibleKeyword.groovy:48)
	at com.kms.katalon.core.webui.keyword.builtin.VerifyAllLinksOnCurrentPageAccessibleKeyword.execute(VerifyAllLinksOnCurrentPageAccessibleKeyword.groovy:32)
	at com.kms.katalon.core.keyword.internal.KeywordExecutor.executeKeywordForPlatform(KeywordExecutor.groovy:56)
	at com.kms.katalon.core.webui.keyword.WebUiBuiltInKeywords.verifyAllLinksOnCurrentPageAccessible(WebUiBuiltInKeywords.groovy:3739)
	at com.kms.katalon.core.webui.keyword.WebUiBuiltInKeywords$verifyAllLinksOnCurrentPageAccessible$6.call(Unknown Source)
	at Privacy policy.run(Privacy policy:26)
	at com.kms.katalon.core.main.ScriptEngine.run(ScriptEngine.java:194)
	at com.kms.katalon.core.main.ScriptEngine.runScriptAsRawText(ScriptEngine.java:119)
	at com.kms.katalon.core.main.TestCaseExecutor.runScript(TestCaseExecutor.java:331)
	at com.kms.katalon.core.main.TestCaseExecutor.doExecute(TestCaseExecutor.java:322)
	at com.kms.katalon.core.main.TestCaseExecutor.processExecutionPhase(TestCaseExecutor.java:301)
	at com.kms.katalon.core.main.TestCaseExecutor.accessMainPhase(TestCaseExecutor.java:293)
	at com.kms.katalon.core.main.TestCaseExecutor.execute(TestCaseExecutor.java:227)
	at com.kms.katalon.core.main.TestSuiteExecutor.accessTestCaseMainPhase(TestSuiteExecutor.java:129)
	at com.kms.katalon.core.main.TestSuiteExecutor.accessTestSuiteMainPhase(TestSuiteExecutor.java:112)
	at com.kms.katalon.core.main.TestSuiteExecutor.execute(TestSuiteExecutor.java:81)
	at com.kms.katalon.core.main.TestCaseMain.startTestSuite(TestCaseMain.java:157)
	at com.kms.katalon.core.main.TestCaseMain$startTestSuite$0.call(Unknown Source)
	at TempTestSuite1554724346062.run(TempTestSuite1554724346062.groovy:35)
)

2019-04-08 17:24:55 - [MESSAGE][FAILED] - Unable to verify all links on the page 'http://192.168.0.28:90/privacy-policy' are accessible (Root cause: com.kms.katalon.core.exception.StepFailedException: Unable to verify all links on the page 'http://192.168.0.28:90/privacy-policy' are accessible
	at com.kms.katalon.core.webui.keyword.internal.WebUIKeywordMain.stepFailed(WebUIKeywordMain.groovy:64)
	at com.kms.katalon.core.webui.keyword.internal.WebUIKeywordMain.runKeyword(WebUIKeywordMain.groovy:26)
	at com.kms.katalon.core.webui.keyword.builtin.VerifyAllLinksOnCurrentPageAccessibleKeyword.verifyAllLinksOnCurrentPageAccessible(VerifyAllLinksOnCurrentPageAccessibleKeyword.groovy:48)
	at com.kms.katalon.core.webui.keyword.builtin.VerifyAllLinksOnCurrentPageAccessibleKeyword.execute(VerifyAllLinksOnCurrentPageAccessibleKeyword.groovy:32)
	at com.kms.katalon.core.keyword.internal.KeywordExecutor.executeKeywordForPlatform(KeywordExecutor.groovy:56)
	at com.kms.katalon.core.webui.keyword.WebUiBuiltInKeywords.verifyAllLinksOnCurrentPageAccessible(WebUiBuiltInKeywords.groovy:3739)
	at com.kms.katalon.core.webui.keyword.WebUiBuiltInKeywords$verifyAllLinksOnCurrentPageAccessible$6.call(Unknown Source)
	at Privacy policy.run(Privacy policy:26)
	at com.kms.katalon.core.main.ScriptEngine.run(ScriptEngine.java:194)
	at com.kms.katalon.core.main.ScriptEngine.runScriptAsRawText(ScriptEngine.java:119)
	at com.kms.katalon.core.main.TestCaseExecutor.runScript(TestCaseExecutor.java:331)
	at com.kms.katalon.core.main.TestCaseExecutor.doExecute(TestCaseExecutor.java:322)
	at com.kms.katalon.core.main.TestCaseExecutor.processExecutionPhase(TestCaseExecutor.java:301)
	at com.kms.katalon.core.main.TestCaseExecutor.accessMainPhase(TestCaseExecutor.java:293)
	at com.kms.katalon.core.main.TestCaseExecutor.execute(TestCaseExecutor.java:227)
	at com.kms.katalon.core.main.TestSuiteExecutor.accessTestCaseMainPhase(TestSuiteExecutor.java:129)
	at com.kms.katalon.core.main.TestSuiteExecutor.accessTestSuiteMainPhase(TestSuiteExecutor.java:112)
	at com.kms.katalon.core.main.TestSuiteExecutor.execute(TestSuiteExecutor.java:81)
	at com.kms.katalon.core.main.TestCaseMain.startTestSuite(TestCaseMain.java:157)
	at com.kms.katalon.core.main.TestCaseMain$startTestSuite$0.call(Unknown Source)
	at TempTestSuite1554724346062.run(TempTestSuite1554724346062.groovy:35)
Caused by: com.kms.katalon.core.exception.StepFailedException: Some of links on the current page are inaccessible
	at com.kms.katalon.core.webui.keyword.internal.WebUIKeywordMain.stepFailed(WebUIKeywordMain.groovy:64)
	at com.kms.katalon.core.webui.keyword.builtin.VerifyAllLinksOnCurrentPageAccessibleKeyword$_verifyAllLinksOnCurrentPageAccessible_closure1.doCall(VerifyAllLinksOnCurrentPageAccessibleKeyword.groovy:45)
	at com.kms.katalon.core.webui.keyword.builtin.VerifyAllLinksOnCurrentPageAccessibleKeyword$_verifyAllLinksOnCurrentPageAccessible_closure1.call(VerifyAllLinksOnCurrentPageAccessibleKeyword.groovy)
	at com.kms.katalon.core.webui.keyword.internal.WebUIKeywordMain.runKeyword(WebUIKeywordMain.groovy:20)
	... 19 more
)

2019-04-08 17:24:55 - [MESSAGE][FAILED] - verifyAllLinksOnCurrentPageAccessible(false, [], STOP_ON_FAILURE) FAILED.
Reason:
com.kms.katalon.core.exception.StepFailedException: Unable to verify all links on the page 'http://192.168.0.28:90/privacy-policy' are accessible
	at com.kms.katalon.core.webui.keyword.internal.WebUIKeywordMain.stepFailed(WebUIKeywordMain.groovy:64)
	at com.kms.katalon.core.webui.keyword.internal.WebUIKeywordMain.runKeyword(WebUIKeywordMain.groovy:26)
	at com.kms.katalon.core.webui.keyword.builtin.VerifyAllLinksOnCurrentPageAccessibleKeyword.verifyAllLinksOnCurrentPageAccessible(VerifyAllLinksOnCurrentPageAccessibleKeyword.groovy:48)
	at com.kms.katalon.core.webui.keyword.builtin.VerifyAllLinksOnCurrentPageAccessibleKeyword.execute(VerifyAllLinksOnCurrentPageAccessibleKeyword.groovy:32)
	at com.kms.katalon.core.keyword.internal.KeywordExecutor.executeKeywordForPlatform(KeywordExecutor.groovy:56)
	at com.kms.katalon.core.webui.keyword.WebUiBuiltInKeywords.verifyAllLinksOnCurrentPageAccessible(WebUiBuiltInKeywords.groovy:3739)
	at com.kms.katalon.core.webui.keyword.WebUiBuiltInKeywords$verifyAllLinksOnCurrentPageAccessible$6.call(Unknown Source)
	at Privacy policy.run(Privacy policy:26)
	at com.kms.katalon.core.main.ScriptEngine.run(ScriptEngine.java:194)
	at com.kms.katalon.core.main.ScriptEngine.runScriptAsRawText(ScriptEngine.java:119)
	at com.kms.katalon.core.main.TestCaseExecutor.runScript(TestCaseExecutor.java:331)
	at com.kms.katalon.core.main.TestCaseExecutor.doExecute(TestCaseExecutor.java:322)
	at com.kms.katalon.core.main.TestCaseExecutor.processExecutionPhase(TestCaseExecutor.java:301)
	at com.kms.katalon.core.main.TestCaseExecutor.accessMainPhase(TestCaseExecutor.java:293)
	at com.kms.katalon.core.main.TestCaseExecutor.execute(TestCaseExecutor.java:227)
	at com.kms.katalon.core.main.TestSuiteExecutor.accessTestCaseMainPhase(TestSuiteExecutor.java:129)
	at com.kms.katalon.core.main.TestSuiteExecutor.accessTestSuiteMainPhase(TestSuiteExecutor.java:112)
	at com.kms.katalon.core.main.TestSuiteExecutor.execute(TestSuiteExecutor.java:81)
	at com.kms.katalon.core.main.TestCaseMain.startTestSuite(TestCaseMain.java:157)
	at com.kms.katalon.core.main.TestCaseMain$startTestSuite$0.call(Unknown Source)
	at TempTestSuite1554724346062.run(TempTestSuite1554724346062.groovy:35)
Caused by: com.kms.katalon.core.exception.StepFailedException: Some of links on the current page are inaccessible
	at com.kms.katalon.core.webui.keyword.internal.WebUIKeywordMain.stepFailed(WebUIKeywordMain.groovy:64)
	at com.kms.katalon.core.webui.keyword.builtin.VerifyAllLinksOnCurrentPageAccessibleKeyword$_verifyAllLinksOnCurrentPageAccessible_closure1.doCall(VerifyAllLinksOnCurrentPageAccessibleKeyword.groovy:45)
	at com.kms.katalon.core.webui.keyword.builtin.VerifyAllLinksOnCurrentPageAccessibleKeyword$_verifyAllLinksOnCurrentPageAccessible_closure1.call(VerifyAllLinksOnCurrentPageAccessibleKeyword.groovy)
	at com.kms.katalon.core.webui.keyword.internal.WebUIKeywordMain.runKeyword(WebUIKeywordMain.groovy:20)
	... 19 more]]></system-out>
         <system-err><![CDATA[2019-04-08 17:24:45 - [TEST_CASE][FAILED] - Test Cases/All Links are Accessible/Privacy policy: Test Cases/All Links are Accessible/Privacy policy FAILED.
Reason:
com.kms.katalon.core.exception.StepFailedException: Unable to verify all links on the page 'http://192.168.0.28:90/privacy-policy' are accessible
	at com.kms.katalon.core.webui.keyword.internal.WebUIKeywordMain.stepFailed(WebUIKeywordMain.groovy:64)
	at com.kms.katalon.core.webui.keyword.internal.WebUIKeywordMain.runKeyword(WebUIKeywordMain.groovy:26)
	at com.kms.katalon.core.webui.keyword.builtin.VerifyAllLinksOnCurrentPageAccessibleKeyword.verifyAllLinksOnCurrentPageAccessible(VerifyAllLinksOnCurrentPageAccessibleKeyword.groovy:48)
	at com.kms.katalon.core.webui.keyword.builtin.VerifyAllLinksOnCurrentPageAccessibleKeyword.execute(VerifyAllLinksOnCurrentPageAccessibleKeyword.groovy:32)
	at com.kms.katalon.core.keyword.internal.KeywordExecutor.executeKeywordForPlatform(KeywordExecutor.groovy:56)
	at com.kms.katalon.core.webui.keyword.WebUiBuiltInKeywords.verifyAllLinksOnCurrentPageAccessible(WebUiBuiltInKeywords.groovy:3739)
	at com.kms.katalon.core.webui.keyword.WebUiBuiltInKeywords$verifyAllLinksOnCurrentPageAccessible$6.call(Unknown Source)
	at Privacy policy.run(Privacy policy:26)
	at com.kms.katalon.core.main.ScriptEngine.run(ScriptEngine.java:194)
	at com.kms.katalon.core.main.ScriptEngine.runScriptAsRawText(ScriptEngine.java:119)
	at com.kms.katalon.core.main.TestCaseExecutor.runScript(TestCaseExecutor.java:331)
	at com.kms.katalon.core.main.TestCaseExecutor.doExecute(TestCaseExecutor.java:322)
	at com.kms.katalon.core.main.TestCaseExecutor.processExecutionPhase(TestCaseExecutor.java:301)
	at com.kms.katalon.core.main.TestCaseExecutor.accessMainPhase(TestCaseExecutor.java:293)
	at com.kms.katalon.core.main.TestCaseExecutor.execute(TestCaseExecutor.java:227)
	at com.kms.katalon.core.main.TestSuiteExecutor.accessTestCaseMainPhase(TestSuiteExecutor.java:129)
	at com.kms.katalon.core.main.TestSuiteExecutor.accessTestSuiteMainPhase(TestSuiteExecutor.java:112)
	at com.kms.katalon.core.main.TestSuiteExecutor.execute(TestSuiteExecutor.java:81)
	at com.kms.katalon.core.main.TestCaseMain.startTestSuite(TestCaseMain.java:157)
	at com.kms.katalon.core.main.TestCaseMain$startTestSuite$0.call(Unknown Source)
	at TempTestSuite1554724346062.run(TempTestSuite1554724346062.groovy:35)
Caused by: com.kms.katalon.core.exception.StepFailedException: Some of links on the current page are inaccessible
	at com.kms.katalon.core.webui.keyword.internal.WebUIKeywordMain.stepFailed(WebUIKeywordMain.groovy:64)
	at com.kms.katalon.core.webui.keyword.builtin.VerifyAllLinksOnCurrentPageAccessibleKeyword$_verifyAllLinksOnCurrentPageAccessible_closure1.doCall(VerifyAllLinksOnCurrentPageAccessibleKeyword.groovy:45)
	at com.kms.katalon.core.webui.keyword.builtin.VerifyAllLinksOnCurrentPageAccessibleKeyword$_verifyAllLinksOnCurrentPageAccessible_closure1.call(VerifyAllLinksOnCurrentPageAccessibleKeyword.groovy)
	at com.kms.katalon.core.webui.keyword.internal.WebUIKeywordMain.runKeyword(WebUIKeywordMain.groovy:20)
	... 19 more]]></system-err>
      </testcase>
      <testcase name="Test Cases/All Links are Accessible/Teen" classname="Test Cases/All Links are Accessible/Teen" status="PASSED">
         <system-out><![CDATA[2019-04-08 17:24:55 - [TEST_CASE][PASSED] - Test Cases/All Links are Accessible/Teen: Test Cases/All Links are Accessible/Teen

2019-04-08 17:24:55 - [TEST_STEP][PASSED] - openBrowser(""): Browser is opened with url: ''

2019-04-08 17:24:55 - [MESSAGE][WARNING] - A browser is already opened. Closing browser and opening a new one

2019-04-08 17:24:56 - [MESSAGE][INFO] - Starting 'Chrome' driver

2019-04-08 17:25:00 - [MESSAGE][PASSED] - Browser is opened with url: ''

2019-04-08 17:25:00 - [TEST_STEP][PASSED] - navigateToUrl("http://192.168.0.28:90/detail/12/TEEN/11"): Navigate to 'http://192.168.0.28:90/detail/12/TEEN/11' successfully

2019-04-08 17:25:04 - [MESSAGE][PASSED] - Navigate to 'http://192.168.0.28:90/detail/12/TEEN/11' successfully

2019-04-08 17:25:04 - [TEST_STEP][PASSED] - delay(5): Delayed 5 second(s)

2019-04-08 17:25:09 - [MESSAGE][PASSED] - Delayed 5 second(s)

2019-04-08 17:25:09 - [TEST_STEP][PASSED] - verifyTextPresent("TEEN MEMBERSHIP", false): Text 'TEEN MEMBERSHIP' is present on page 

2019-04-08 17:25:10 - [MESSAGE][PASSED] - Text 'TEEN MEMBERSHIP' is present on page 

2019-04-08 17:25:10 - [TEST_STEP][PASSED] - getAllLinksOnCurrentPage(false, []): Found 30 unique links on the page http://192.168.0.28:90/detail/12/TEEN/11

2019-04-08 17:25:11 - [MESSAGE][PASSED] - Found 30 unique links on the page http://192.168.0.28:90/detail/12/TEEN/11

2019-04-08 17:25:11 - [TEST_STEP][PASSED] - verifyAllLinksOnCurrentPageAccessible(false, []): All links on the page 'http://192.168.0.28:90/detail/12/TEEN/11' are accessible

2019-04-08 17:25:11 - [MESSAGE][PASSED] - Found 30 unique links on the page http://192.168.0.28:90/detail/12/TEEN/11

2019-04-08 17:25:11 - [MESSAGE][INFO] - HAR: C:\Users\sambhavi\git\staging-mccc\Reports\Al links are accessible\20190408_172225\requests\main\250.har

2019-04-08 17:25:11 - [MESSAGE][PASSED] - Send request successfully

2019-04-08 17:25:12 - [MESSAGE][INFO] - HAR: C:\Users\sambhavi\git\staging-mccc\Reports\Al links are accessible\20190408_172225\requests\main\251.har

2019-04-08 17:25:12 - [MESSAGE][PASSED] - Send request successfully

2019-04-08 17:25:12 - [MESSAGE][INFO] - HAR: C:\Users\sambhavi\git\staging-mccc\Reports\Al links are accessible\20190408_172225\requests\main\252.har

2019-04-08 17:25:12 - [MESSAGE][PASSED] - Send request successfully

2019-04-08 17:25:12 - [MESSAGE][INFO] - HAR: C:\Users\sambhavi\git\staging-mccc\Reports\Al links are accessible\20190408_172225\requests\main\253.har

2019-04-08 17:25:12 - [MESSAGE][PASSED] - Send request successfully

2019-04-08 17:25:12 - [MESSAGE][INFO] - HAR: C:\Users\sambhavi\git\staging-mccc\Reports\Al links are accessible\20190408_172225\requests\main\254.har

2019-04-08 17:25:12 - [MESSAGE][PASSED] - Send request successfully

2019-04-08 17:25:12 - [MESSAGE][INFO] - HAR: C:\Users\sambhavi\git\staging-mccc\Reports\Al links are accessible\20190408_172225\requests\main\255.har

2019-04-08 17:25:12 - [MESSAGE][PASSED] - Send request successfully

2019-04-08 17:25:12 - [MESSAGE][INFO] - HAR: C:\Users\sambhavi\git\staging-mccc\Reports\Al links are accessible\20190408_172225\requests\main\256.har

2019-04-08 17:25:12 - [MESSAGE][PASSED] - Send request successfully

2019-04-08 17:25:12 - [MESSAGE][INFO] - HAR: C:\Users\sambhavi\git\staging-mccc\Reports\Al links are accessible\20190408_172225\requests\main\257.har

2019-04-08 17:25:12 - [MESSAGE][PASSED] - Send request successfully

2019-04-08 17:25:12 - [MESSAGE][INFO] - HAR: C:\Users\sambhavi\git\staging-mccc\Reports\Al links are accessible\20190408_172225\requests\main\258.har

2019-04-08 17:25:12 - [MESSAGE][PASSED] - Send request successfully

2019-04-08 17:25:12 - [MESSAGE][INFO] - HAR: C:\Users\sambhavi\git\staging-mccc\Reports\Al links are accessible\20190408_172225\requests\main\259.har

2019-04-08 17:25:12 - [MESSAGE][PASSED] - Send request successfully

2019-04-08 17:25:12 - [MESSAGE][INFO] - HAR: C:\Users\sambhavi\git\staging-mccc\Reports\Al links are accessible\20190408_172225\requests\main\260.har

2019-04-08 17:25:12 - [MESSAGE][PASSED] - Send request successfully

2019-04-08 17:25:12 - [MESSAGE][INFO] - HAR: C:\Users\sambhavi\git\staging-mccc\Reports\Al links are accessible\20190408_172225\requests\main\261.har

2019-04-08 17:25:12 - [MESSAGE][PASSED] - Send request successfully

2019-04-08 17:25:12 - [MESSAGE][INFO] - HAR: C:\Users\sambhavi\git\staging-mccc\Reports\Al links are accessible\20190408_172225\requests\main\262.har

2019-04-08 17:25:12 - [MESSAGE][PASSED] - Send request successfully

2019-04-08 17:25:12 - [MESSAGE][INFO] - HAR: C:\Users\sambhavi\git\staging-mccc\Reports\Al links are accessible\20190408_172225\requests\main\263.har

2019-04-08 17:25:12 - [MESSAGE][PASSED] - Send request successfully

2019-04-08 17:25:12 - [MESSAGE][INFO] - HAR: C:\Users\sambhavi\git\staging-mccc\Reports\Al links are accessible\20190408_172225\requests\main\264.har

2019-04-08 17:25:12 - [MESSAGE][PASSED] - Send request successfully

2019-04-08 17:25:12 - [MESSAGE][INFO] - HAR: C:\Users\sambhavi\git\staging-mccc\Reports\Al links are accessible\20190408_172225\requests\main\265.har

2019-04-08 17:25:12 - [MESSAGE][PASSED] - Send request successfully

2019-04-08 17:25:12 - [MESSAGE][INFO] - HAR: C:\Users\sambhavi\git\staging-mccc\Reports\Al links are accessible\20190408_172225\requests\main\266.har

2019-04-08 17:25:12 - [MESSAGE][PASSED] - Send request successfully

2019-04-08 17:25:12 - [MESSAGE][INFO] - HAR: C:\Users\sambhavi\git\staging-mccc\Reports\Al links are accessible\20190408_172225\requests\main\267.har

2019-04-08 17:25:12 - [MESSAGE][PASSED] - Send request successfully

2019-04-08 17:25:12 - [MESSAGE][INFO] - HAR: C:\Users\sambhavi\git\staging-mccc\Reports\Al links are accessible\20190408_172225\requests\main\268.har

2019-04-08 17:25:12 - [MESSAGE][PASSED] - Send request successfully

2019-04-08 17:25:12 - [MESSAGE][INFO] - HAR: C:\Users\sambhavi\git\staging-mccc\Reports\Al links are accessible\20190408_172225\requests\main\269.har

2019-04-08 17:25:12 - [MESSAGE][PASSED] - Send request successfully

2019-04-08 17:25:12 - [MESSAGE][INFO] - HAR: C:\Users\sambhavi\git\staging-mccc\Reports\Al links are accessible\20190408_172225\requests\main\270.har

2019-04-08 17:25:12 - [MESSAGE][PASSED] - Send request successfully

2019-04-08 17:25:12 - [MESSAGE][INFO] - HAR: C:\Users\sambhavi\git\staging-mccc\Reports\Al links are accessible\20190408_172225\requests\main\271.har

2019-04-08 17:25:12 - [MESSAGE][PASSED] - Send request successfully

2019-04-08 17:25:12 - [MESSAGE][INFO] - HAR: C:\Users\sambhavi\git\staging-mccc\Reports\Al links are accessible\20190408_172225\requests\main\272.har

2019-04-08 17:25:12 - [MESSAGE][PASSED] - Send request successfully

2019-04-08 17:25:12 - [MESSAGE][INFO] - HAR: C:\Users\sambhavi\git\staging-mccc\Reports\Al links are accessible\20190408_172225\requests\main\273.har

2019-04-08 17:25:12 - [MESSAGE][PASSED] - Send request successfully

2019-04-08 17:25:12 - [MESSAGE][INFO] - HAR: C:\Users\sambhavi\git\staging-mccc\Reports\Al links are accessible\20190408_172225\requests\main\274.har

2019-04-08 17:25:12 - [MESSAGE][PASSED] - Send request successfully

2019-04-08 17:25:12 - [MESSAGE][INFO] - HAR: C:\Users\sambhavi\git\staging-mccc\Reports\Al links are accessible\20190408_172225\requests\main\275.har

2019-04-08 17:25:12 - [MESSAGE][PASSED] - Send request successfully

2019-04-08 17:25:12 - [MESSAGE][INFO] - HAR: C:\Users\sambhavi\git\staging-mccc\Reports\Al links are accessible\20190408_172225\requests\main\276.har

2019-04-08 17:25:12 - [MESSAGE][PASSED] - Send request successfully

2019-04-08 17:25:12 - [MESSAGE][INFO] - HAR: C:\Users\sambhavi\git\staging-mccc\Reports\Al links are accessible\20190408_172225\requests\main\277.har

2019-04-08 17:25:12 - [MESSAGE][PASSED] - Send request successfully

2019-04-08 17:25:12 - [MESSAGE][INFO] - HAR: C:\Users\sambhavi\git\staging-mccc\Reports\Al links are accessible\20190408_172225\requests\main\278.har

2019-04-08 17:25:12 - [MESSAGE][PASSED] - Send request successfully

2019-04-08 17:25:12 - [MESSAGE][INFO] - HAR: C:\Users\sambhavi\git\staging-mccc\Reports\Al links are accessible\20190408_172225\requests\main\279.har

2019-04-08 17:25:12 - [MESSAGE][PASSED] - Send request successfully

2019-04-08 17:25:12 - [MESSAGE][PASSED] - All links are accessible

2019-04-08 17:25:12 - [MESSAGE][PASSED] - All links on the page 'http://192.168.0.28:90/detail/12/TEEN/11' are accessible]]></system-out>
         <system-err><![CDATA[]]></system-err>
      </testcase>
      <testcase name="Test Cases/All Links are Accessible/Terms and Conditions links" classname="Test Cases/All Links are Accessible/Terms and Conditions links" status="FAILED">
         <failure type="FAILED" message="Test Cases/All Links are Accessible/Terms and Conditions links FAILED.
Reason:
com.kms.katalon.core.exception.StepFailedException: Unable to verify all links on the page 'http://192.168.0.28:90/terms-conditions' are accessible
	at com.kms.katalon.core.webui.keyword.internal.WebUIKeywordMain.stepFailed(WebUIKeywordMain.groovy:64)
	at com.kms.katalon.core.webui.keyword.internal.WebUIKeywordMain.runKeyword(WebUIKeywordMain.groovy:26)
	at com.kms.katalon.core.webui.keyword.builtin.VerifyAllLinksOnCurrentPageAccessibleKeyword.verifyAllLinksOnCurrentPageAccessible(VerifyAllLinksOnCurrentPageAccessibleKeyword.groovy:48)
	at com.kms.katalon.core.webui.keyword.builtin.VerifyAllLinksOnCurrentPageAccessibleKeyword.execute(VerifyAllLinksOnCurrentPageAccessibleKeyword.groovy:32)
	at com.kms.katalon.core.keyword.internal.KeywordExecutor.executeKeywordForPlatform(KeywordExecutor.groovy:56)
	at com.kms.katalon.core.webui.keyword.WebUiBuiltInKeywords.verifyAllLinksOnCurrentPageAccessible(WebUiBuiltInKeywords.groovy:3754)
	at com.kms.katalon.core.webui.keyword.WebUiBuiltInKeywords$verifyAllLinksOnCurrentPageAccessible$4.call(Unknown Source)
	at Terms and Conditions links.run(Terms and Conditions links:28)
	at com.kms.katalon.core.main.ScriptEngine.run(ScriptEngine.java:194)
	at com.kms.katalon.core.main.ScriptEngine.runScriptAsRawText(ScriptEngine.java:119)
	at com.kms.katalon.core.main.TestCaseExecutor.runScript(TestCaseExecutor.java:331)
	at com.kms.katalon.core.main.TestCaseExecutor.doExecute(TestCaseExecutor.java:322)
	at com.kms.katalon.core.main.TestCaseExecutor.processExecutionPhase(TestCaseExecutor.java:301)
	at com.kms.katalon.core.main.TestCaseExecutor.accessMainPhase(TestCaseExecutor.java:293)
	at com.kms.katalon.core.main.TestCaseExecutor.execute(TestCaseExecutor.java:227)
	at com.kms.katalon.core.main.TestSuiteExecutor.accessTestCaseMainPhase(TestSuiteExecutor.java:129)
	at com.kms.katalon.core.main.TestSuiteExecutor.accessTestSuiteMainPhase(TestSuiteExecutor.java:112)
	at com.kms.katalon.core.main.TestSuiteExecutor.execute(TestSuiteExecutor.java:81)
	at com.kms.katalon.core.main.TestCaseMain.startTestSuite(TestCaseMain.java:157)
	at com.kms.katalon.core.main.TestCaseMain$startTestSuite$0.call(Unknown Source)
	at TempTestSuite1554724346062.run(TempTestSuite1554724346062.groovy:35)
Caused by: com.kms.katalon.core.exception.StepFailedException: Some of links on the current page are inaccessible
	at com.kms.katalon.core.webui.keyword.internal.WebUIKeywordMain.stepFailed(WebUIKeywordMain.groovy:64)
	at com.kms.katalon.core.webui.keyword.builtin.VerifyAllLinksOnCurrentPageAccessibleKeyword$_verifyAllLinksOnCurrentPageAccessible_closure1.doCall(VerifyAllLinksOnCurrentPageAccessibleKeyword.groovy:45)
	at com.kms.katalon.core.webui.keyword.builtin.VerifyAllLinksOnCurrentPageAccessibleKeyword$_verifyAllLinksOnCurrentPageAccessible_closure1.call(VerifyAllLinksOnCurrentPageAccessibleKeyword.groovy)
	at com.kms.katalon.core.webui.keyword.internal.WebUIKeywordMain.runKeyword(WebUIKeywordMain.groovy:20)
	... 19 more
"/>
         <system-out><![CDATA[2019-04-08 17:25:12 - [TEST_CASE][FAILED] - Test Cases/All Links are Accessible/Terms and Conditions links: Test Cases/All Links are Accessible/Terms and Conditions links FAILED.
Reason:
com.kms.katalon.core.exception.StepFailedException: Unable to verify all links on the page 'http://192.168.0.28:90/terms-conditions' are accessible
	at com.kms.katalon.core.webui.keyword.internal.WebUIKeywordMain.stepFailed(WebUIKeywordMain.groovy:64)
	at com.kms.katalon.core.webui.keyword.internal.WebUIKeywordMain.runKeyword(WebUIKeywordMain.groovy:26)
	at com.kms.katalon.core.webui.keyword.builtin.VerifyAllLinksOnCurrentPageAccessibleKeyword.verifyAllLinksOnCurrentPageAccessible(VerifyAllLinksOnCurrentPageAccessibleKeyword.groovy:48)
	at com.kms.katalon.core.webui.keyword.builtin.VerifyAllLinksOnCurrentPageAccessibleKeyword.execute(VerifyAllLinksOnCurrentPageAccessibleKeyword.groovy:32)
	at com.kms.katalon.core.keyword.internal.KeywordExecutor.executeKeywordForPlatform(KeywordExecutor.groovy:56)
	at com.kms.katalon.core.webui.keyword.WebUiBuiltInKeywords.verifyAllLinksOnCurrentPageAccessible(WebUiBuiltInKeywords.groovy:3754)
	at com.kms.katalon.core.webui.keyword.WebUiBuiltInKeywords$verifyAllLinksOnCurrentPageAccessible$4.call(Unknown Source)
	at Terms and Conditions links.run(Terms and Conditions links:28)
	at com.kms.katalon.core.main.ScriptEngine.run(ScriptEngine.java:194)
	at com.kms.katalon.core.main.ScriptEngine.runScriptAsRawText(ScriptEngine.java:119)
	at com.kms.katalon.core.main.TestCaseExecutor.runScript(TestCaseExecutor.java:331)
	at com.kms.katalon.core.main.TestCaseExecutor.doExecute(TestCaseExecutor.java:322)
	at com.kms.katalon.core.main.TestCaseExecutor.processExecutionPhase(TestCaseExecutor.java:301)
	at com.kms.katalon.core.main.TestCaseExecutor.accessMainPhase(TestCaseExecutor.java:293)
	at com.kms.katalon.core.main.TestCaseExecutor.execute(TestCaseExecutor.java:227)
	at com.kms.katalon.core.main.TestSuiteExecutor.accessTestCaseMainPhase(TestSuiteExecutor.java:129)
	at com.kms.katalon.core.main.TestSuiteExecutor.accessTestSuiteMainPhase(TestSuiteExecutor.java:112)
	at com.kms.katalon.core.main.TestSuiteExecutor.execute(TestSuiteExecutor.java:81)
	at com.kms.katalon.core.main.TestCaseMain.startTestSuite(TestCaseMain.java:157)
	at com.kms.katalon.core.main.TestCaseMain$startTestSuite$0.call(Unknown Source)
	at TempTestSuite1554724346062.run(TempTestSuite1554724346062.groovy:35)
Caused by: com.kms.katalon.core.exception.StepFailedException: Some of links on the current page are inaccessible
	at com.kms.katalon.core.webui.keyword.internal.WebUIKeywordMain.stepFailed(WebUIKeywordMain.groovy:64)
	at com.kms.katalon.core.webui.keyword.builtin.VerifyAllLinksOnCurrentPageAccessibleKeyword$_verifyAllLinksOnCurrentPageAccessible_closure1.doCall(VerifyAllLinksOnCurrentPageAccessibleKeyword.groovy:45)
	at com.kms.katalon.core.webui.keyword.builtin.VerifyAllLinksOnCurrentPageAccessibleKeyword$_verifyAllLinksOnCurrentPageAccessible_closure1.call(VerifyAllLinksOnCurrentPageAccessibleKeyword.groovy)
	at com.kms.katalon.core.webui.keyword.internal.WebUIKeywordMain.runKeyword(WebUIKeywordMain.groovy:20)
	... 19 more


2019-04-08 17:25:13 - [TEST_STEP][PASSED] - openBrowser(""): Browser is opened with url: ''

2019-04-08 17:25:13 - [MESSAGE][WARNING] - A browser is already opened. Closing browser and opening a new one

2019-04-08 17:25:13 - [MESSAGE][INFO] - Starting 'Chrome' driver

2019-04-08 17:25:17 - [MESSAGE][PASSED] - Browser is opened with url: ''

2019-04-08 17:25:17 - [TEST_STEP][PASSED] - navigateToUrl("http://192.168.0.28:90/list"): Navigate to 'http://192.168.0.28:90/list' successfully

2019-04-08 17:25:21 - [MESSAGE][PASSED] - Navigate to 'http://192.168.0.28:90/list' successfully

2019-04-08 17:25:21 - [TEST_STEP][PASSED] - click(findTestObject("All links are Accessible/Terms and conditions/Page_Middlesex Cricket Memberships/small_Terms  Conditions")): Object: 'Object Repository/All links are Accessible/Terms and conditions/Page_Middlesex Cricket Memberships/small_Terms  Conditions' is clicked on

2019-04-08 17:25:21 - [MESSAGE][PASSED] - Object: 'Object Repository/All links are Accessible/Terms and conditions/Page_Middlesex Cricket Memberships/small_Terms  Conditions' is clicked on

2019-04-08 17:25:21 - [TEST_STEP][PASSED] - switchToWindowIndex(1): Switched to window with index: '1'

2019-04-08 17:25:21 - [MESSAGE][PASSED] - Switched to window with index: '1'

2019-04-08 17:25:21 - [TEST_STEP][PASSED] - verifyTextPresent("TERMS AND CONDITIONS", false): Text 'TERMS AND CONDITIONS' is present on page 

2019-04-08 17:25:22 - [MESSAGE][PASSED] - Text 'TERMS AND CONDITIONS' is present on page 

2019-04-08 17:25:22 - [TEST_STEP][PASSED] - getAllLinksOnCurrentPage(false, []): Found 20 unique links on the page http://192.168.0.28:90/terms-conditions

2019-04-08 17:25:23 - [MESSAGE][PASSED] - Found 20 unique links on the page http://192.168.0.28:90/terms-conditions

2019-04-08 17:25:23 - [TEST_STEP][FAILED] - verifyAllLinksOnCurrentPageAccessible(false, []): verifyAllLinksOnCurrentPageAccessible(false, []) FAILED.
Reason:
com.kms.katalon.core.exception.StepFailedException: Unable to verify all links on the page 'http://192.168.0.28:90/terms-conditions' are accessible
	at com.kms.katalon.core.webui.keyword.internal.WebUIKeywordMain.stepFailed(WebUIKeywordMain.groovy:64)
	at com.kms.katalon.core.webui.keyword.internal.WebUIKeywordMain.runKeyword(WebUIKeywordMain.groovy:26)
	at com.kms.katalon.core.webui.keyword.builtin.VerifyAllLinksOnCurrentPageAccessibleKeyword.verifyAllLinksOnCurrentPageAccessible(VerifyAllLinksOnCurrentPageAccessibleKeyword.groovy:48)
	at com.kms.katalon.core.webui.keyword.builtin.VerifyAllLinksOnCurrentPageAccessibleKeyword.execute(VerifyAllLinksOnCurrentPageAccessibleKeyword.groovy:32)
	at com.kms.katalon.core.keyword.internal.KeywordExecutor.executeKeywordForPlatform(KeywordExecutor.groovy:56)
	at com.kms.katalon.core.webui.keyword.WebUiBuiltInKeywords.verifyAllLinksOnCurrentPageAccessible(WebUiBuiltInKeywords.groovy:3754)
	at com.kms.katalon.core.webui.keyword.WebUiBuiltInKeywords$verifyAllLinksOnCurrentPageAccessible$4.call(Unknown Source)
	at Terms and Conditions links.run(Terms and Conditions links:28)
	at com.kms.katalon.core.main.ScriptEngine.run(ScriptEngine.java:194)
	at com.kms.katalon.core.main.ScriptEngine.runScriptAsRawText(ScriptEngine.java:119)
	at com.kms.katalon.core.main.TestCaseExecutor.runScript(TestCaseExecutor.java:331)
	at com.kms.katalon.core.main.TestCaseExecutor.doExecute(TestCaseExecutor.java:322)
	at com.kms.katalon.core.main.TestCaseExecutor.processExecutionPhase(TestCaseExecutor.java:301)
	at com.kms.katalon.core.main.TestCaseExecutor.accessMainPhase(TestCaseExecutor.java:293)
	at com.kms.katalon.core.main.TestCaseExecutor.execute(TestCaseExecutor.java:227)
	at com.kms.katalon.core.main.TestSuiteExecutor.accessTestCaseMainPhase(TestSuiteExecutor.java:129)
	at com.kms.katalon.core.main.TestSuiteExecutor.accessTestSuiteMainPhase(TestSuiteExecutor.java:112)
	at com.kms.katalon.core.main.TestSuiteExecutor.execute(TestSuiteExecutor.java:81)
	at com.kms.katalon.core.main.TestCaseMain.startTestSuite(TestCaseMain.java:157)
	at com.kms.katalon.core.main.TestCaseMain$startTestSuite$0.call(Unknown Source)
	at TempTestSuite1554724346062.run(TempTestSuite1554724346062.groovy:35)
Caused by: com.kms.katalon.core.exception.StepFailedException: Some of links on the current page are inaccessible
	at com.kms.katalon.core.webui.keyword.internal.WebUIKeywordMain.stepFailed(WebUIKeywordMain.groovy:64)
	at com.kms.katalon.core.webui.keyword.builtin.VerifyAllLinksOnCurrentPageAccessibleKeyword$_verifyAllLinksOnCurrentPageAccessible_closure1.doCall(VerifyAllLinksOnCurrentPageAccessibleKeyword.groovy:45)
	at com.kms.katalon.core.webui.keyword.builtin.VerifyAllLinksOnCurrentPageAccessibleKeyword$_verifyAllLinksOnCurrentPageAccessible_closure1.call(VerifyAllLinksOnCurrentPageAccessibleKeyword.groovy)
	at com.kms.katalon.core.webui.keyword.internal.WebUIKeywordMain.runKeyword(WebUIKeywordMain.groovy:20)
	... 19 more


2019-04-08 17:25:23 - [MESSAGE][PASSED] - Found 20 unique links on the page http://192.168.0.28:90/terms-conditions

2019-04-08 17:25:23 - [MESSAGE][INFO] - HAR: C:\Users\sambhavi\git\staging-mccc\Reports\Al links are accessible\20190408_172225\requests\main\280.har

2019-04-08 17:25:23 - [MESSAGE][PASSED] - Send request successfully

2019-04-08 17:25:23 - [MESSAGE][INFO] - HAR: C:\Users\sambhavi\git\staging-mccc\Reports\Al links are accessible\20190408_172225\requests\main\281.har

2019-04-08 17:25:23 - [MESSAGE][PASSED] - Send request successfully

2019-04-08 17:25:23 - [MESSAGE][INFO] - HAR: C:\Users\sambhavi\git\staging-mccc\Reports\Al links are accessible\20190408_172225\requests\main\282.har

2019-04-08 17:25:23 - [MESSAGE][PASSED] - Send request successfully

2019-04-08 17:25:23 - [MESSAGE][INFO] - HAR: C:\Users\sambhavi\git\staging-mccc\Reports\Al links are accessible\20190408_172225\requests\main\283.har

2019-04-08 17:25:23 - [MESSAGE][PASSED] - Send request successfully

2019-04-08 17:25:23 - [MESSAGE][INFO] - HAR: C:\Users\sambhavi\git\staging-mccc\Reports\Al links are accessible\20190408_172225\requests\main\284.har

2019-04-08 17:25:23 - [MESSAGE][PASSED] - Send request successfully

2019-04-08 17:25:23 - [MESSAGE][INFO] - HAR: C:\Users\sambhavi\git\staging-mccc\Reports\Al links are accessible\20190408_172225\requests\main\285.har

2019-04-08 17:25:23 - [MESSAGE][PASSED] - Send request successfully

2019-04-08 17:25:23 - [MESSAGE][INFO] - HAR: C:\Users\sambhavi\git\staging-mccc\Reports\Al links are accessible\20190408_172225\requests\main\286.har

2019-04-08 17:25:23 - [MESSAGE][PASSED] - Send request successfully

2019-04-08 17:25:23 - [MESSAGE][INFO] - HAR: C:\Users\sambhavi\git\staging-mccc\Reports\Al links are accessible\20190408_172225\requests\main\287.har

2019-04-08 17:25:23 - [MESSAGE][PASSED] - Send request successfully

2019-04-08 17:25:23 - [MESSAGE][INFO] - HAR: C:\Users\sambhavi\git\staging-mccc\Reports\Al links are accessible\20190408_172225\requests\main\288.har

2019-04-08 17:25:23 - [MESSAGE][PASSED] - Send request successfully

2019-04-08 17:25:23 - [MESSAGE][INFO] - HAR: C:\Users\sambhavi\git\staging-mccc\Reports\Al links are accessible\20190408_172225\requests\main\289.har

2019-04-08 17:25:23 - [MESSAGE][PASSED] - Send request successfully

2019-04-08 17:25:23 - [MESSAGE][INFO] - HAR: C:\Users\sambhavi\git\staging-mccc\Reports\Al links are accessible\20190408_172225\requests\main\290.har

2019-04-08 17:25:23 - [MESSAGE][PASSED] - Send request successfully

2019-04-08 17:25:23 - [MESSAGE][INFO] - HAR: C:\Users\sambhavi\git\staging-mccc\Reports\Al links are accessible\20190408_172225\requests\main\291.har

2019-04-08 17:25:23 - [MESSAGE][PASSED] - Send request successfully

2019-04-08 17:25:23 - [MESSAGE][INFO] - HAR: C:\Users\sambhavi\git\staging-mccc\Reports\Al links are accessible\20190408_172225\requests\main\292.har

2019-04-08 17:25:23 - [MESSAGE][PASSED] - Send request successfully

2019-04-08 17:25:23 - [MESSAGE][INFO] - HAR: C:\Users\sambhavi\git\staging-mccc\Reports\Al links are accessible\20190408_172225\requests\main\293.har

2019-04-08 17:25:23 - [MESSAGE][PASSED] - Send request successfully

2019-04-08 17:25:23 - [MESSAGE][INFO] - HAR: C:\Users\sambhavi\git\staging-mccc\Reports\Al links are accessible\20190408_172225\requests\main\294.har

2019-04-08 17:25:23 - [MESSAGE][PASSED] - Send request successfully

2019-04-08 17:25:23 - [MESSAGE][INFO] - HAR: C:\Users\sambhavi\git\staging-mccc\Reports\Al links are accessible\20190408_172225\requests\main\295.har

2019-04-08 17:25:23 - [MESSAGE][PASSED] - Send request successfully

2019-04-08 17:25:23 - [MESSAGE][INFO] - HAR: C:\Users\sambhavi\git\staging-mccc\Reports\Al links are accessible\20190408_172225\requests\main\296.har

2019-04-08 17:25:23 - [MESSAGE][PASSED] - Send request successfully

2019-04-08 17:25:23 - [MESSAGE][INFO] - HAR: C:\Users\sambhavi\git\staging-mccc\Reports\Al links are accessible\20190408_172225\requests\main\297.har

2019-04-08 17:25:23 - [MESSAGE][PASSED] - Send request successfully

2019-04-08 17:25:23 - [MESSAGE][INFO] - HAR: C:\Users\sambhavi\git\staging-mccc\Reports\Al links are accessible\20190408_172225\requests\main\298.har

2019-04-08 17:25:23 - [MESSAGE][PASSED] - Send request successfully

2019-04-08 17:25:23 - [MESSAGE][INFO] - HAR: C:\Users\sambhavi\git\staging-mccc\Reports\Al links are accessible\20190408_172225\requests\main\299.har

2019-04-08 17:25:23 - [MESSAGE][PASSED] - Send request successfully

2019-04-08 17:25:23 - [MESSAGE][WARNING] - Found 3 inaccessible links [http://192.168.0.28:90/img/logo-fav.png, http://192.168.0.28:90/assets/js/vendor/popper.min.js, http://192.168.0.28:90/assets/js/vendor/holder.min.js] (Root cause: com.kms.katalon.core.exception.StepFailedException: Found 3 inaccessible links [http://192.168.0.28:90/img/logo-fav.png, http://192.168.0.28:90/assets/js/vendor/popper.min.js, http://192.168.0.28:90/assets/js/vendor/holder.min.js]
	at com.kms.katalon.core.webui.keyword.internal.WebUIKeywordMain.stepFailed(WebUIKeywordMain.groovy:64)
	at com.kms.katalon.core.webui.keyword.builtin.VerifyLinksAccessibleKeyword$_verifyLinksAccessible_closure1.doCall(VerifyLinksAccessibleKeyword.groovy:52)
	at com.kms.katalon.core.webui.keyword.builtin.VerifyLinksAccessibleKeyword$_verifyLinksAccessible_closure1.call(VerifyLinksAccessibleKeyword.groovy)
	at com.kms.katalon.core.webui.keyword.internal.WebUIKeywordMain.runKeyword(WebUIKeywordMain.groovy:20)
	at com.kms.katalon.core.webui.keyword.builtin.VerifyLinksAccessibleKeyword.verifyLinksAccessible(VerifyLinksAccessibleKeyword.groovy:37)
	at com.kms.katalon.core.webui.keyword.builtin.VerifyLinksAccessibleKeyword.execute(VerifyLinksAccessibleKeyword.groovy:32)
	at com.kms.katalon.core.keyword.internal.KeywordExecutor.executeKeywordForPlatform(KeywordExecutor.groovy:56)
	at com.kms.katalon.core.webui.keyword.WebUiBuiltInKeywords.verifyLinksAccessible(WebUiBuiltInKeywords.groovy:3709)
	at com.kms.katalon.core.webui.keyword.builtin.VerifyAllLinksOnCurrentPageAccessibleKeyword$_verifyAllLinksOnCurrentPageAccessible_closure1.doCall(VerifyAllLinksOnCurrentPageAccessibleKeyword.groovy:40)
	at com.kms.katalon.core.webui.keyword.builtin.VerifyAllLinksOnCurrentPageAccessibleKeyword$_verifyAllLinksOnCurrentPageAccessible_closure1.call(VerifyAllLinksOnCurrentPageAccessibleKeyword.groovy)
	at com.kms.katalon.core.webui.keyword.internal.WebUIKeywordMain.runKeyword(WebUIKeywordMain.groovy:20)
	at com.kms.katalon.core.webui.keyword.builtin.VerifyAllLinksOnCurrentPageAccessibleKeyword.verifyAllLinksOnCurrentPageAccessible(VerifyAllLinksOnCurrentPageAccessibleKeyword.groovy:48)
	at com.kms.katalon.core.webui.keyword.builtin.VerifyAllLinksOnCurrentPageAccessibleKeyword.execute(VerifyAllLinksOnCurrentPageAccessibleKeyword.groovy:32)
	at com.kms.katalon.core.keyword.internal.KeywordExecutor.executeKeywordForPlatform(KeywordExecutor.groovy:56)
	at com.kms.katalon.core.webui.keyword.WebUiBuiltInKeywords.verifyAllLinksOnCurrentPageAccessible(WebUiBuiltInKeywords.groovy:3754)
	at com.kms.katalon.core.webui.keyword.WebUiBuiltInKeywords$verifyAllLinksOnCurrentPageAccessible$4.call(Unknown Source)
	at Terms and Conditions links.run(Terms and Conditions links:28)
	at com.kms.katalon.core.main.ScriptEngine.run(ScriptEngine.java:194)
	at com.kms.katalon.core.main.ScriptEngine.runScriptAsRawText(ScriptEngine.java:119)
	at com.kms.katalon.core.main.TestCaseExecutor.runScript(TestCaseExecutor.java:331)
	at com.kms.katalon.core.main.TestCaseExecutor.doExecute(TestCaseExecutor.java:322)
	at com.kms.katalon.core.main.TestCaseExecutor.processExecutionPhase(TestCaseExecutor.java:301)
	at com.kms.katalon.core.main.TestCaseExecutor.accessMainPhase(TestCaseExecutor.java:293)
	at com.kms.katalon.core.main.TestCaseExecutor.execute(TestCaseExecutor.java:227)
	at com.kms.katalon.core.main.TestSuiteExecutor.accessTestCaseMainPhase(TestSuiteExecutor.java:129)
	at com.kms.katalon.core.main.TestSuiteExecutor.accessTestSuiteMainPhase(TestSuiteExecutor.java:112)
	at com.kms.katalon.core.main.TestSuiteExecutor.execute(TestSuiteExecutor.java:81)
	at com.kms.katalon.core.main.TestCaseMain.startTestSuite(TestCaseMain.java:157)
	at com.kms.katalon.core.main.TestCaseMain$startTestSuite$0.call(Unknown Source)
	at TempTestSuite1554724346062.run(TempTestSuite1554724346062.groovy:35)
)

2019-04-08 17:25:23 - [MESSAGE][FAILED] - Some of links on the current page are inaccessible (Root cause: com.kms.katalon.core.exception.StepFailedException: Some of links on the current page are inaccessible
	at com.kms.katalon.core.webui.keyword.internal.WebUIKeywordMain.stepFailed(WebUIKeywordMain.groovy:64)
	at com.kms.katalon.core.webui.keyword.builtin.VerifyAllLinksOnCurrentPageAccessibleKeyword$_verifyAllLinksOnCurrentPageAccessible_closure1.doCall(VerifyAllLinksOnCurrentPageAccessibleKeyword.groovy:45)
	at com.kms.katalon.core.webui.keyword.builtin.VerifyAllLinksOnCurrentPageAccessibleKeyword$_verifyAllLinksOnCurrentPageAccessible_closure1.call(VerifyAllLinksOnCurrentPageAccessibleKeyword.groovy)
	at com.kms.katalon.core.webui.keyword.internal.WebUIKeywordMain.runKeyword(WebUIKeywordMain.groovy:20)
	at com.kms.katalon.core.webui.keyword.builtin.VerifyAllLinksOnCurrentPageAccessibleKeyword.verifyAllLinksOnCurrentPageAccessible(VerifyAllLinksOnCurrentPageAccessibleKeyword.groovy:48)
	at com.kms.katalon.core.webui.keyword.builtin.VerifyAllLinksOnCurrentPageAccessibleKeyword.execute(VerifyAllLinksOnCurrentPageAccessibleKeyword.groovy:32)
	at com.kms.katalon.core.keyword.internal.KeywordExecutor.executeKeywordForPlatform(KeywordExecutor.groovy:56)
	at com.kms.katalon.core.webui.keyword.WebUiBuiltInKeywords.verifyAllLinksOnCurrentPageAccessible(WebUiBuiltInKeywords.groovy:3754)
	at com.kms.katalon.core.webui.keyword.WebUiBuiltInKeywords$verifyAllLinksOnCurrentPageAccessible$4.call(Unknown Source)
	at Terms and Conditions links.run(Terms and Conditions links:28)
	at com.kms.katalon.core.main.ScriptEngine.run(ScriptEngine.java:194)
	at com.kms.katalon.core.main.ScriptEngine.runScriptAsRawText(ScriptEngine.java:119)
	at com.kms.katalon.core.main.TestCaseExecutor.runScript(TestCaseExecutor.java:331)
	at com.kms.katalon.core.main.TestCaseExecutor.doExecute(TestCaseExecutor.java:322)
	at com.kms.katalon.core.main.TestCaseExecutor.processExecutionPhase(TestCaseExecutor.java:301)
	at com.kms.katalon.core.main.TestCaseExecutor.accessMainPhase(TestCaseExecutor.java:293)
	at com.kms.katalon.core.main.TestCaseExecutor.execute(TestCaseExecutor.java:227)
	at com.kms.katalon.core.main.TestSuiteExecutor.accessTestCaseMainPhase(TestSuiteExecutor.java:129)
	at com.kms.katalon.core.main.TestSuiteExecutor.accessTestSuiteMainPhase(TestSuiteExecutor.java:112)
	at com.kms.katalon.core.main.TestSuiteExecutor.execute(TestSuiteExecutor.java:81)
	at com.kms.katalon.core.main.TestCaseMain.startTestSuite(TestCaseMain.java:157)
	at com.kms.katalon.core.main.TestCaseMain$startTestSuite$0.call(Unknown Source)
	at TempTestSuite1554724346062.run(TempTestSuite1554724346062.groovy:35)
)

2019-04-08 17:25:23 - [MESSAGE][FAILED] - Unable to verify all links on the page 'http://192.168.0.28:90/terms-conditions' are accessible (Root cause: com.kms.katalon.core.exception.StepFailedException: Unable to verify all links on the page 'http://192.168.0.28:90/terms-conditions' are accessible
	at com.kms.katalon.core.webui.keyword.internal.WebUIKeywordMain.stepFailed(WebUIKeywordMain.groovy:64)
	at com.kms.katalon.core.webui.keyword.internal.WebUIKeywordMain.runKeyword(WebUIKeywordMain.groovy:26)
	at com.kms.katalon.core.webui.keyword.builtin.VerifyAllLinksOnCurrentPageAccessibleKeyword.verifyAllLinksOnCurrentPageAccessible(VerifyAllLinksOnCurrentPageAccessibleKeyword.groovy:48)
	at com.kms.katalon.core.webui.keyword.builtin.VerifyAllLinksOnCurrentPageAccessibleKeyword.execute(VerifyAllLinksOnCurrentPageAccessibleKeyword.groovy:32)
	at com.kms.katalon.core.keyword.internal.KeywordExecutor.executeKeywordForPlatform(KeywordExecutor.groovy:56)
	at com.kms.katalon.core.webui.keyword.WebUiBuiltInKeywords.verifyAllLinksOnCurrentPageAccessible(WebUiBuiltInKeywords.groovy:3754)
	at com.kms.katalon.core.webui.keyword.WebUiBuiltInKeywords$verifyAllLinksOnCurrentPageAccessible$4.call(Unknown Source)
	at Terms and Conditions links.run(Terms and Conditions links:28)
	at com.kms.katalon.core.main.ScriptEngine.run(ScriptEngine.java:194)
	at com.kms.katalon.core.main.ScriptEngine.runScriptAsRawText(ScriptEngine.java:119)
	at com.kms.katalon.core.main.TestCaseExecutor.runScript(TestCaseExecutor.java:331)
	at com.kms.katalon.core.main.TestCaseExecutor.doExecute(TestCaseExecutor.java:322)
	at com.kms.katalon.core.main.TestCaseExecutor.processExecutionPhase(TestCaseExecutor.java:301)
	at com.kms.katalon.core.main.TestCaseExecutor.accessMainPhase(TestCaseExecutor.java:293)
	at com.kms.katalon.core.main.TestCaseExecutor.execute(TestCaseExecutor.java:227)
	at com.kms.katalon.core.main.TestSuiteExecutor.accessTestCaseMainPhase(TestSuiteExecutor.java:129)
	at com.kms.katalon.core.main.TestSuiteExecutor.accessTestSuiteMainPhase(TestSuiteExecutor.java:112)
	at com.kms.katalon.core.main.TestSuiteExecutor.execute(TestSuiteExecutor.java:81)
	at com.kms.katalon.core.main.TestCaseMain.startTestSuite(TestCaseMain.java:157)
	at com.kms.katalon.core.main.TestCaseMain$startTestSuite$0.call(Unknown Source)
	at TempTestSuite1554724346062.run(TempTestSuite1554724346062.groovy:35)
Caused by: com.kms.katalon.core.exception.StepFailedException: Some of links on the current page are inaccessible
	at com.kms.katalon.core.webui.keyword.internal.WebUIKeywordMain.stepFailed(WebUIKeywordMain.groovy:64)
	at com.kms.katalon.core.webui.keyword.builtin.VerifyAllLinksOnCurrentPageAccessibleKeyword$_verifyAllLinksOnCurrentPageAccessible_closure1.doCall(VerifyAllLinksOnCurrentPageAccessibleKeyword.groovy:45)
	at com.kms.katalon.core.webui.keyword.builtin.VerifyAllLinksOnCurrentPageAccessibleKeyword$_verifyAllLinksOnCurrentPageAccessible_closure1.call(VerifyAllLinksOnCurrentPageAccessibleKeyword.groovy)
	at com.kms.katalon.core.webui.keyword.internal.WebUIKeywordMain.runKeyword(WebUIKeywordMain.groovy:20)
	... 19 more
)

2019-04-08 17:25:23 - [MESSAGE][FAILED] - verifyAllLinksOnCurrentPageAccessible(false, []) FAILED.
Reason:
com.kms.katalon.core.exception.StepFailedException: Unable to verify all links on the page 'http://192.168.0.28:90/terms-conditions' are accessible
	at com.kms.katalon.core.webui.keyword.internal.WebUIKeywordMain.stepFailed(WebUIKeywordMain.groovy:64)
	at com.kms.katalon.core.webui.keyword.internal.WebUIKeywordMain.runKeyword(WebUIKeywordMain.groovy:26)
	at com.kms.katalon.core.webui.keyword.builtin.VerifyAllLinksOnCurrentPageAccessibleKeyword.verifyAllLinksOnCurrentPageAccessible(VerifyAllLinksOnCurrentPageAccessibleKeyword.groovy:48)
	at com.kms.katalon.core.webui.keyword.builtin.VerifyAllLinksOnCurrentPageAccessibleKeyword.execute(VerifyAllLinksOnCurrentPageAccessibleKeyword.groovy:32)
	at com.kms.katalon.core.keyword.internal.KeywordExecutor.executeKeywordForPlatform(KeywordExecutor.groovy:56)
	at com.kms.katalon.core.webui.keyword.WebUiBuiltInKeywords.verifyAllLinksOnCurrentPageAccessible(WebUiBuiltInKeywords.groovy:3754)
	at com.kms.katalon.core.webui.keyword.WebUiBuiltInKeywords$verifyAllLinksOnCurrentPageAccessible$4.call(Unknown Source)
	at Terms and Conditions links.run(Terms and Conditions links:28)
	at com.kms.katalon.core.main.ScriptEngine.run(ScriptEngine.java:194)
	at com.kms.katalon.core.main.ScriptEngine.runScriptAsRawText(ScriptEngine.java:119)
	at com.kms.katalon.core.main.TestCaseExecutor.runScript(TestCaseExecutor.java:331)
	at com.kms.katalon.core.main.TestCaseExecutor.doExecute(TestCaseExecutor.java:322)
	at com.kms.katalon.core.main.TestCaseExecutor.processExecutionPhase(TestCaseExecutor.java:301)
	at com.kms.katalon.core.main.TestCaseExecutor.accessMainPhase(TestCaseExecutor.java:293)
	at com.kms.katalon.core.main.TestCaseExecutor.execute(TestCaseExecutor.java:227)
	at com.kms.katalon.core.main.TestSuiteExecutor.accessTestCaseMainPhase(TestSuiteExecutor.java:129)
	at com.kms.katalon.core.main.TestSuiteExecutor.accessTestSuiteMainPhase(TestSuiteExecutor.java:112)
	at com.kms.katalon.core.main.TestSuiteExecutor.execute(TestSuiteExecutor.java:81)
	at com.kms.katalon.core.main.TestCaseMain.startTestSuite(TestCaseMain.java:157)
	at com.kms.katalon.core.main.TestCaseMain$startTestSuite$0.call(Unknown Source)
	at TempTestSuite1554724346062.run(TempTestSuite1554724346062.groovy:35)
Caused by: com.kms.katalon.core.exception.StepFailedException: Some of links on the current page are inaccessible
	at com.kms.katalon.core.webui.keyword.internal.WebUIKeywordMain.stepFailed(WebUIKeywordMain.groovy:64)
	at com.kms.katalon.core.webui.keyword.builtin.VerifyAllLinksOnCurrentPageAccessibleKeyword$_verifyAllLinksOnCurrentPageAccessible_closure1.doCall(VerifyAllLinksOnCurrentPageAccessibleKeyword.groovy:45)
	at com.kms.katalon.core.webui.keyword.builtin.VerifyAllLinksOnCurrentPageAccessibleKeyword$_verifyAllLinksOnCurrentPageAccessible_closure1.call(VerifyAllLinksOnCurrentPageAccessibleKeyword.groovy)
	at com.kms.katalon.core.webui.keyword.internal.WebUIKeywordMain.runKeyword(WebUIKeywordMain.groovy:20)
	... 19 more]]></system-out>
         <system-err><![CDATA[2019-04-08 17:25:12 - [TEST_CASE][FAILED] - Test Cases/All Links are Accessible/Terms and Conditions links: Test Cases/All Links are Accessible/Terms and Conditions links FAILED.
Reason:
com.kms.katalon.core.exception.StepFailedException: Unable to verify all links on the page 'http://192.168.0.28:90/terms-conditions' are accessible
	at com.kms.katalon.core.webui.keyword.internal.WebUIKeywordMain.stepFailed(WebUIKeywordMain.groovy:64)
	at com.kms.katalon.core.webui.keyword.internal.WebUIKeywordMain.runKeyword(WebUIKeywordMain.groovy:26)
	at com.kms.katalon.core.webui.keyword.builtin.VerifyAllLinksOnCurrentPageAccessibleKeyword.verifyAllLinksOnCurrentPageAccessible(VerifyAllLinksOnCurrentPageAccessibleKeyword.groovy:48)
	at com.kms.katalon.core.webui.keyword.builtin.VerifyAllLinksOnCurrentPageAccessibleKeyword.execute(VerifyAllLinksOnCurrentPageAccessibleKeyword.groovy:32)
	at com.kms.katalon.core.keyword.internal.KeywordExecutor.executeKeywordForPlatform(KeywordExecutor.groovy:56)
	at com.kms.katalon.core.webui.keyword.WebUiBuiltInKeywords.verifyAllLinksOnCurrentPageAccessible(WebUiBuiltInKeywords.groovy:3754)
	at com.kms.katalon.core.webui.keyword.WebUiBuiltInKeywords$verifyAllLinksOnCurrentPageAccessible$4.call(Unknown Source)
	at Terms and Conditions links.run(Terms and Conditions links:28)
	at com.kms.katalon.core.main.ScriptEngine.run(ScriptEngine.java:194)
	at com.kms.katalon.core.main.ScriptEngine.runScriptAsRawText(ScriptEngine.java:119)
	at com.kms.katalon.core.main.TestCaseExecutor.runScript(TestCaseExecutor.java:331)
	at com.kms.katalon.core.main.TestCaseExecutor.doExecute(TestCaseExecutor.java:322)
	at com.kms.katalon.core.main.TestCaseExecutor.processExecutionPhase(TestCaseExecutor.java:301)
	at com.kms.katalon.core.main.TestCaseExecutor.accessMainPhase(TestCaseExecutor.java:293)
	at com.kms.katalon.core.main.TestCaseExecutor.execute(TestCaseExecutor.java:227)
	at com.kms.katalon.core.main.TestSuiteExecutor.accessTestCaseMainPhase(TestSuiteExecutor.java:129)
	at com.kms.katalon.core.main.TestSuiteExecutor.accessTestSuiteMainPhase(TestSuiteExecutor.java:112)
	at com.kms.katalon.core.main.TestSuiteExecutor.execute(TestSuiteExecutor.java:81)
	at com.kms.katalon.core.main.TestCaseMain.startTestSuite(TestCaseMain.java:157)
	at com.kms.katalon.core.main.TestCaseMain$startTestSuite$0.call(Unknown Source)
	at TempTestSuite1554724346062.run(TempTestSuite1554724346062.groovy:35)
Caused by: com.kms.katalon.core.exception.StepFailedException: Some of links on the current page are inaccessible
	at com.kms.katalon.core.webui.keyword.internal.WebUIKeywordMain.stepFailed(WebUIKeywordMain.groovy:64)
	at com.kms.katalon.core.webui.keyword.builtin.VerifyAllLinksOnCurrentPageAccessibleKeyword$_verifyAllLinksOnCurrentPageAccessible_closure1.doCall(VerifyAllLinksOnCurrentPageAccessibleKeyword.groovy:45)
	at com.kms.katalon.core.webui.keyword.builtin.VerifyAllLinksOnCurrentPageAccessibleKeyword$_verifyAllLinksOnCurrentPageAccessible_closure1.call(VerifyAllLinksOnCurrentPageAccessibleKeyword.groovy)
	at com.kms.katalon.core.webui.keyword.internal.WebUIKeywordMain.runKeyword(WebUIKeywordMain.groovy:20)
	... 19 more]]></system-err>
      </testcase>
      <testcase name="Test Cases/All Links are Accessible/Young adult" classname="Test Cases/All Links are Accessible/Young adult" status="PASSED">
         <system-out><![CDATA[2019-04-08 17:25:23 - [TEST_CASE][PASSED] - Test Cases/All Links are Accessible/Young adult: Test Cases/All Links are Accessible/Young adult

2019-04-08 17:25:23 - [TEST_STEP][PASSED] - openBrowser(""): Browser is opened with url: ''

2019-04-08 17:25:23 - [MESSAGE][WARNING] - A browser is already opened. Closing browser and opening a new one

2019-04-08 17:25:24 - [MESSAGE][INFO] - Starting 'Chrome' driver

2019-04-08 17:25:27 - [MESSAGE][PASSED] - Browser is opened with url: ''

2019-04-08 17:25:27 - [TEST_STEP][PASSED] - navigateToUrl("http://192.168.0.28:90/detail/8/YOUNG_ADULT_STUDENT/3"): Navigate to 'http://192.168.0.28:90/detail/8/YOUNG_ADULT_STUDENT/3' successfully

2019-04-08 17:25:30 - [MESSAGE][PASSED] - Navigate to 'http://192.168.0.28:90/detail/8/YOUNG_ADULT_STUDENT/3' successfully

2019-04-08 17:25:30 - [TEST_STEP][PASSED] - delay(5): Delayed 5 second(s)

2019-04-08 17:25:35 - [MESSAGE][PASSED] - Delayed 5 second(s)

2019-04-08 17:25:35 - [TEST_STEP][PASSED] - verifyTextPresent("YOUNG ADULT / STUDENT MEMBERSHIP", false): Text 'YOUNG ADULT / STUDENT MEMBERSHIP' is present on page 

2019-04-08 17:25:36 - [MESSAGE][PASSED] - Text 'YOUNG ADULT / STUDENT MEMBERSHIP' is present on page 

2019-04-08 17:25:36 - [TEST_STEP][PASSED] - getAllLinksOnCurrentPage(false, []): Found 32 unique links on the page http://192.168.0.28:90/detail/8/YOUNG_ADULT_STUDENT/3

2019-04-08 17:25:36 - [MESSAGE][PASSED] - Found 32 unique links on the page http://192.168.0.28:90/detail/8/YOUNG_ADULT_STUDENT/3

2019-04-08 17:25:36 - [TEST_STEP][PASSED] - verifyAllLinksOnCurrentPageAccessible(false, []): All links on the page 'http://192.168.0.28:90/detail/8/YOUNG_ADULT_STUDENT/3' are accessible

2019-04-08 17:25:37 - [MESSAGE][PASSED] - Found 32 unique links on the page http://192.168.0.28:90/detail/8/YOUNG_ADULT_STUDENT/3

2019-04-08 17:25:37 - [MESSAGE][INFO] - HAR: C:\Users\sambhavi\git\staging-mccc\Reports\Al links are accessible\20190408_172225\requests\main\300.har

2019-04-08 17:25:37 - [MESSAGE][PASSED] - Send request successfully

2019-04-08 17:25:37 - [MESSAGE][INFO] - HAR: C:\Users\sambhavi\git\staging-mccc\Reports\Al links are accessible\20190408_172225\requests\main\301.har

2019-04-08 17:25:37 - [MESSAGE][PASSED] - Send request successfully

2019-04-08 17:25:37 - [MESSAGE][INFO] - HAR: C:\Users\sambhavi\git\staging-mccc\Reports\Al links are accessible\20190408_172225\requests\main\302.har

2019-04-08 17:25:37 - [MESSAGE][PASSED] - Send request successfully

2019-04-08 17:25:37 - [MESSAGE][INFO] - HAR: C:\Users\sambhavi\git\staging-mccc\Reports\Al links are accessible\20190408_172225\requests\main\303.har

2019-04-08 17:25:37 - [MESSAGE][PASSED] - Send request successfully

2019-04-08 17:25:37 - [MESSAGE][INFO] - HAR: C:\Users\sambhavi\git\staging-mccc\Reports\Al links are accessible\20190408_172225\requests\main\304.har

2019-04-08 17:25:37 - [MESSAGE][PASSED] - Send request successfully

2019-04-08 17:25:37 - [MESSAGE][INFO] - HAR: C:\Users\sambhavi\git\staging-mccc\Reports\Al links are accessible\20190408_172225\requests\main\305.har

2019-04-08 17:25:37 - [MESSAGE][PASSED] - Send request successfully

2019-04-08 17:25:37 - [MESSAGE][INFO] - HAR: C:\Users\sambhavi\git\staging-mccc\Reports\Al links are accessible\20190408_172225\requests\main\306.har

2019-04-08 17:25:37 - [MESSAGE][PASSED] - Send request successfully

2019-04-08 17:25:37 - [MESSAGE][INFO] - HAR: C:\Users\sambhavi\git\staging-mccc\Reports\Al links are accessible\20190408_172225\requests\main\307.har

2019-04-08 17:25:37 - [MESSAGE][PASSED] - Send request successfully

2019-04-08 17:25:37 - [MESSAGE][INFO] - HAR: C:\Users\sambhavi\git\staging-mccc\Reports\Al links are accessible\20190408_172225\requests\main\308.har

2019-04-08 17:25:37 - [MESSAGE][PASSED] - Send request successfully

2019-04-08 17:25:37 - [MESSAGE][INFO] - HAR: C:\Users\sambhavi\git\staging-mccc\Reports\Al links are accessible\20190408_172225\requests\main\309.har

2019-04-08 17:25:37 - [MESSAGE][PASSED] - Send request successfully

2019-04-08 17:25:37 - [MESSAGE][INFO] - HAR: C:\Users\sambhavi\git\staging-mccc\Reports\Al links are accessible\20190408_172225\requests\main\310.har

2019-04-08 17:25:37 - [MESSAGE][PASSED] - Send request successfully

2019-04-08 17:25:38 - [MESSAGE][INFO] - HAR: C:\Users\sambhavi\git\staging-mccc\Reports\Al links are accessible\20190408_172225\requests\main\311.har

2019-04-08 17:25:38 - [MESSAGE][PASSED] - Send request successfully

2019-04-08 17:25:38 - [MESSAGE][INFO] - HAR: C:\Users\sambhavi\git\staging-mccc\Reports\Al links are accessible\20190408_172225\requests\main\312.har

2019-04-08 17:25:38 - [MESSAGE][PASSED] - Send request successfully

2019-04-08 17:25:38 - [MESSAGE][INFO] - HAR: C:\Users\sambhavi\git\staging-mccc\Reports\Al links are accessible\20190408_172225\requests\main\313.har

2019-04-08 17:25:38 - [MESSAGE][PASSED] - Send request successfully

2019-04-08 17:25:38 - [MESSAGE][INFO] - HAR: C:\Users\sambhavi\git\staging-mccc\Reports\Al links are accessible\20190408_172225\requests\main\314.har

2019-04-08 17:25:38 - [MESSAGE][PASSED] - Send request successfully

2019-04-08 17:25:38 - [MESSAGE][INFO] - HAR: C:\Users\sambhavi\git\staging-mccc\Reports\Al links are accessible\20190408_172225\requests\main\315.har

2019-04-08 17:25:38 - [MESSAGE][PASSED] - Send request successfully

2019-04-08 17:25:38 - [MESSAGE][INFO] - HAR: C:\Users\sambhavi\git\staging-mccc\Reports\Al links are accessible\20190408_172225\requests\main\316.har

2019-04-08 17:25:38 - [MESSAGE][PASSED] - Send request successfully

2019-04-08 17:25:38 - [MESSAGE][INFO] - HAR: C:\Users\sambhavi\git\staging-mccc\Reports\Al links are accessible\20190408_172225\requests\main\317.har

2019-04-08 17:25:38 - [MESSAGE][PASSED] - Send request successfully

2019-04-08 17:25:38 - [MESSAGE][INFO] - HAR: C:\Users\sambhavi\git\staging-mccc\Reports\Al links are accessible\20190408_172225\requests\main\318.har

2019-04-08 17:25:38 - [MESSAGE][PASSED] - Send request successfully

2019-04-08 17:25:38 - [MESSAGE][INFO] - HAR: C:\Users\sambhavi\git\staging-mccc\Reports\Al links are accessible\20190408_172225\requests\main\319.har

2019-04-08 17:25:38 - [MESSAGE][PASSED] - Send request successfully

2019-04-08 17:25:38 - [MESSAGE][INFO] - HAR: C:\Users\sambhavi\git\staging-mccc\Reports\Al links are accessible\20190408_172225\requests\main\320.har

2019-04-08 17:25:38 - [MESSAGE][PASSED] - Send request successfully

2019-04-08 17:25:38 - [MESSAGE][INFO] - HAR: C:\Users\sambhavi\git\staging-mccc\Reports\Al links are accessible\20190408_172225\requests\main\321.har

2019-04-08 17:25:38 - [MESSAGE][PASSED] - Send request successfully

2019-04-08 17:25:38 - [MESSAGE][INFO] - HAR: C:\Users\sambhavi\git\staging-mccc\Reports\Al links are accessible\20190408_172225\requests\main\322.har

2019-04-08 17:25:38 - [MESSAGE][PASSED] - Send request successfully

2019-04-08 17:25:38 - [MESSAGE][INFO] - HAR: C:\Users\sambhavi\git\staging-mccc\Reports\Al links are accessible\20190408_172225\requests\main\323.har

2019-04-08 17:25:38 - [MESSAGE][PASSED] - Send request successfully

2019-04-08 17:25:38 - [MESSAGE][INFO] - HAR: C:\Users\sambhavi\git\staging-mccc\Reports\Al links are accessible\20190408_172225\requests\main\324.har

2019-04-08 17:25:38 - [MESSAGE][PASSED] - Send request successfully

2019-04-08 17:25:38 - [MESSAGE][INFO] - HAR: C:\Users\sambhavi\git\staging-mccc\Reports\Al links are accessible\20190408_172225\requests\main\325.har

2019-04-08 17:25:38 - [MESSAGE][PASSED] - Send request successfully

2019-04-08 17:25:38 - [MESSAGE][INFO] - HAR: C:\Users\sambhavi\git\staging-mccc\Reports\Al links are accessible\20190408_172225\requests\main\326.har

2019-04-08 17:25:38 - [MESSAGE][PASSED] - Send request successfully

2019-04-08 17:25:38 - [MESSAGE][INFO] - HAR: C:\Users\sambhavi\git\staging-mccc\Reports\Al links are accessible\20190408_172225\requests\main\327.har

2019-04-08 17:25:38 - [MESSAGE][PASSED] - Send request successfully

2019-04-08 17:25:38 - [MESSAGE][INFO] - HAR: C:\Users\sambhavi\git\staging-mccc\Reports\Al links are accessible\20190408_172225\requests\main\328.har

2019-04-08 17:25:38 - [MESSAGE][PASSED] - Send request successfully

2019-04-08 17:25:38 - [MESSAGE][INFO] - HAR: C:\Users\sambhavi\git\staging-mccc\Reports\Al links are accessible\20190408_172225\requests\main\329.har

2019-04-08 17:25:38 - [MESSAGE][PASSED] - Send request successfully

2019-04-08 17:25:38 - [MESSAGE][INFO] - HAR: C:\Users\sambhavi\git\staging-mccc\Reports\Al links are accessible\20190408_172225\requests\main\330.har

2019-04-08 17:25:38 - [MESSAGE][PASSED] - Send request successfully

2019-04-08 17:25:38 - [MESSAGE][INFO] - HAR: C:\Users\sambhavi\git\staging-mccc\Reports\Al links are accessible\20190408_172225\requests\main\331.har

2019-04-08 17:25:38 - [MESSAGE][PASSED] - Send request successfully

2019-04-08 17:25:38 - [MESSAGE][PASSED] - All links are accessible

2019-04-08 17:25:38 - [MESSAGE][PASSED] - All links on the page 'http://192.168.0.28:90/detail/8/YOUNG_ADULT_STUDENT/3' are accessible]]></system-out>
         <system-err><![CDATA[]]></system-err>
      </testcase>
      <system-out><![CDATA[2019-04-08 17:22:30 - [TEST_SUITE][FAILED] - Al links are accessible: Test Cases/All Links are Accessible/Delivery,Returns and cancellations FAILED.
Reason:
com.kms.katalon.core.exception.StepFailedException: Unable to verify all links on the page 'http://192.168.0.28:90/delivery-returns-and-cancellations' are accessible
	at com.kms.katalon.core.webui.keyword.internal.WebUIKeywordMain.stepFailed(WebUIKeywordMain.groovy:64)
	at com.kms.katalon.core.webui.keyword.internal.WebUIKeywordMain.runKeyword(WebUIKeywordMain.groovy:26)
	at com.kms.katalon.core.webui.keyword.builtin.VerifyAllLinksOnCurrentPageAccessibleKeyword.verifyAllLinksOnCurrentPageAccessible(VerifyAllLinksOnCurrentPageAccessibleKeyword.groovy:48)
	at com.kms.katalon.core.webui.keyword.builtin.VerifyAllLinksOnCurrentPageAccessibleKeyword.execute(VerifyAllLinksOnCurrentPageAccessibleKeyword.groovy:32)
	at com.kms.katalon.core.keyword.internal.KeywordExecutor.executeKeywordForPlatform(KeywordExecutor.groovy:56)
	at com.kms.katalon.core.webui.keyword.WebUiBuiltInKeywords.verifyAllLinksOnCurrentPageAccessible(WebUiBuiltInKeywords.groovy:3754)
	at com.kms.katalon.core.webui.keyword.WebUiBuiltInKeywords$verifyAllLinksOnCurrentPageAccessible$4.call(Unknown Source)
	at Delivery,Returns and cancellations.run(Delivery,Returns and cancellations:37)
	at com.kms.katalon.core.main.ScriptEngine.run(ScriptEngine.java:194)
	at com.kms.katalon.core.main.ScriptEngine.runScriptAsRawText(ScriptEngine.java:119)
	at com.kms.katalon.core.main.TestCaseExecutor.runScript(TestCaseExecutor.java:331)
	at com.kms.katalon.core.main.TestCaseExecutor.doExecute(TestCaseExecutor.java:322)
	at com.kms.katalon.core.main.TestCaseExecutor.processExecutionPhase(TestCaseExecutor.java:301)
	at com.kms.katalon.core.main.TestCaseExecutor.accessMainPhase(TestCaseExecutor.java:293)
	at com.kms.katalon.core.main.TestCaseExecutor.execute(TestCaseExecutor.java:227)
	at com.kms.katalon.core.main.TestSuiteExecutor.accessTestCaseMainPhase(TestSuiteExecutor.java:129)
	at com.kms.katalon.core.main.TestSuiteExecutor.accessTestSuiteMainPhase(TestSuiteExecutor.java:112)
	at com.kms.katalon.core.main.TestSuiteExecutor.execute(TestSuiteExecutor.java:81)
	at com.kms.katalon.core.main.TestCaseMain.startTestSuite(TestCaseMain.java:157)
	at com.kms.katalon.core.main.TestCaseMain$startTestSuite$0.call(Unknown Source)
	at TempTestSuite1554724346062.run(TempTestSuite1554724346062.groovy:35)
Caused by: com.kms.katalon.core.exception.StepFailedException: Some of links on the current page are inaccessible
	at com.kms.katalon.core.webui.keyword.internal.WebUIKeywordMain.stepFailed(WebUIKeywordMain.groovy:64)
	at com.kms.katalon.core.webui.keyword.builtin.VerifyAllLinksOnCurrentPageAccessibleKeyword$_verifyAllLinksOnCurrentPageAccessible_closure1.doCall(VerifyAllLinksOnCurrentPageAccessibleKeyword.groovy:45)
	at com.kms.katalon.core.webui.keyword.builtin.VerifyAllLinksOnCurrentPageAccessibleKeyword$_verifyAllLinksOnCurrentPageAccessible_closure1.call(VerifyAllLinksOnCurrentPageAccessibleKeyword.groovy)
	at com.kms.katalon.core.webui.keyword.internal.WebUIKeywordMain.runKeyword(WebUIKeywordMain.groovy:20)
	... 19 more]]></system-out>
      <system-err><![CDATA[2019-04-08 17:22:30 - [TEST_SUITE][FAILED] - Al links are accessible: Test Cases/All Links are Accessible/Delivery,Returns and cancellations FAILED.
Reason:
com.kms.katalon.core.exception.StepFailedException: Unable to verify all links on the page 'http://192.168.0.28:90/delivery-returns-and-cancellations' are accessible
	at com.kms.katalon.core.webui.keyword.internal.WebUIKeywordMain.stepFailed(WebUIKeywordMain.groovy:64)
	at com.kms.katalon.core.webui.keyword.internal.WebUIKeywordMain.runKeyword(WebUIKeywordMain.groovy:26)
	at com.kms.katalon.core.webui.keyword.builtin.VerifyAllLinksOnCurrentPageAccessibleKeyword.verifyAllLinksOnCurrentPageAccessible(VerifyAllLinksOnCurrentPageAccessibleKeyword.groovy:48)
	at com.kms.katalon.core.webui.keyword.builtin.VerifyAllLinksOnCurrentPageAccessibleKeyword.execute(VerifyAllLinksOnCurrentPageAccessibleKeyword.groovy:32)
	at com.kms.katalon.core.keyword.internal.KeywordExecutor.executeKeywordForPlatform(KeywordExecutor.groovy:56)
	at com.kms.katalon.core.webui.keyword.WebUiBuiltInKeywords.verifyAllLinksOnCurrentPageAccessible(WebUiBuiltInKeywords.groovy:3754)
	at com.kms.katalon.core.webui.keyword.WebUiBuiltInKeywords$verifyAllLinksOnCurrentPageAccessible$4.call(Unknown Source)
	at Delivery,Returns and cancellations.run(Delivery,Returns and cancellations:37)
	at com.kms.katalon.core.main.ScriptEngine.run(ScriptEngine.java:194)
	at com.kms.katalon.core.main.ScriptEngine.runScriptAsRawText(ScriptEngine.java:119)
	at com.kms.katalon.core.main.TestCaseExecutor.runScript(TestCaseExecutor.java:331)
	at com.kms.katalon.core.main.TestCaseExecutor.doExecute(TestCaseExecutor.java:322)
	at com.kms.katalon.core.main.TestCaseExecutor.processExecutionPhase(TestCaseExecutor.java:301)
	at com.kms.katalon.core.main.TestCaseExecutor.accessMainPhase(TestCaseExecutor.java:293)
	at com.kms.katalon.core.main.TestCaseExecutor.execute(TestCaseExecutor.java:227)
	at com.kms.katalon.core.main.TestSuiteExecutor.accessTestCaseMainPhase(TestSuiteExecutor.java:129)
	at com.kms.katalon.core.main.TestSuiteExecutor.accessTestSuiteMainPhase(TestSuiteExecutor.java:112)
	at com.kms.katalon.core.main.TestSuiteExecutor.execute(TestSuiteExecutor.java:81)
	at com.kms.katalon.core.main.TestCaseMain.startTestSuite(TestCaseMain.java:157)
	at com.kms.katalon.core.main.TestCaseMain$startTestSuite$0.call(Unknown Source)
	at TempTestSuite1554724346062.run(TempTestSuite1554724346062.groovy:35)
Caused by: com.kms.katalon.core.exception.StepFailedException: Some of links on the current page are inaccessible
	at com.kms.katalon.core.webui.keyword.internal.WebUIKeywordMain.stepFailed(WebUIKeywordMain.groovy:64)
	at com.kms.katalon.core.webui.keyword.builtin.VerifyAllLinksOnCurrentPageAccessibleKeyword$_verifyAllLinksOnCurrentPageAccessible_closure1.doCall(VerifyAllLinksOnCurrentPageAccessibleKeyword.groovy:45)
	at com.kms.katalon.core.webui.keyword.builtin.VerifyAllLinksOnCurrentPageAccessibleKeyword$_verifyAllLinksOnCurrentPageAccessible_closure1.call(VerifyAllLinksOnCurrentPageAccessibleKeyword.groovy)
	at com.kms.katalon.core.webui.keyword.internal.WebUIKeywordMain.runKeyword(WebUIKeywordMain.groovy:20)
	... 19 more]]></system-err>
   </testsuite>
</testsuites>
