<?xml version="1.0" encoding="UTF-8"?>
<testsuites name="Al links are accessible" time="169" tests="11" failures="3" errors="0">
   <testsuite name="Al links are accessible" tests="11" failures="3" errors="0" time="169" timestamp="2019-04-09 11:44:00" hostname="sambhavi - sambhavi.jmandigital.in" id="Test Suites/Al links are accessible">
      <properties>
         <property name="deviceName" value=""/>
         <property name="devicePlatform" value=""/>
         <property name="logFolder" value="C:\\Users\\sambhavi\\git\\staging-mccc\\Reports\\Al links are accessible\\20190409_114358"/>
         <property name="logFiles" value="C:\\Users\\sambhavi\\git\\staging-mccc\\Reports\\Al links are accessible\\20190409_114358\\execution0.log"/>
         <property name="attachments" value=""/>
         <property name="hostName" value="sambhavi - sambhavi.jmandigital.in"/>
         <property name="os" value="Windows 10 64bit"/>
         <property name="katalonVersion" value="6.1.0.1"/>
         <property name="browser" value="Chrome 73.0.3683.86"/>
         <property name="hostAddress" value="192.168.0.185"/>
         <property name="sessionId" value="ec3587cde62af43fedf45ea3f00406bf"/>
         <property name="seleniumVersion" value="3.7.1"/>
         <property name="proxyInformation" value="ProxyInformation{proxyOption=NO_PROXY, proxyServerType=HTTP, password=, proxyServerAddress=, proxyServerPort=0}"/>
         <property name="platform" value="Windows 10"/>
      </properties>
      <testcase name="Test Cases/All Links are Accessible/Membership page links" classname="Test Cases/All Links are Accessible/Membership page links" status="PASSED">
         <system-out><![CDATA[2019-04-09 11:44:00 - [TEST_CASE][PASSED] - Test Cases/All Links are Accessible/Membership page links: Test Cases/All Links are Accessible/Membership page links

2019-04-09 11:44:01 - [TEST_STEP][PASSED] - comment("Verifying all links are accessible or not in Membership page/home page"): Verifying all links are accessible or not in Membership page/home page

2019-04-09 11:44:01 - [MESSAGE][INFO] - Verifying all links are accessible or not in Membership page/home page

2019-04-09 11:44:01 - [TEST_STEP][PASSED] - openBrowser(""): Browser is opened with url: ''

2019-04-09 11:44:01 - [MESSAGE][INFO] - Starting 'Chrome' driver

2019-04-09 11:44:01 - [MESSAGE][INFO] - Action delay is set to 0 seconds

2019-04-09 11:44:04 - [MESSAGE][PASSED] - Browser is opened with url: ''

2019-04-09 11:44:04 - [TEST_STEP][PASSED] - navigateToUrl("http://192.168.0.28:90/list"): Navigate to 'http://192.168.0.28:90/list' successfully

2019-04-09 11:44:06 - [MESSAGE][PASSED] - Navigate to 'http://192.168.0.28:90/list' successfully

2019-04-09 11:44:06 - [TEST_STEP][PASSED] - getAllLinksOnCurrentPage(false, []): Found 41 unique links on the page http://192.168.0.28:90/list

2019-04-09 11:44:07 - [MESSAGE][PASSED] - Found 41 unique links on the page http://192.168.0.28:90/list

2019-04-09 11:44:07 - [TEST_STEP][PASSED] - verifyAllLinksOnCurrentPageAccessible(false, [], STOP_ON_FAILURE): All links on the page 'http://192.168.0.28:90/list' are accessible

2019-04-09 11:44:07 - [MESSAGE][PASSED] - Found 41 unique links on the page http://192.168.0.28:90/list

2019-04-09 11:44:08 - [MESSAGE][INFO] - HAR: C:\Users\sambhavi\git\staging-mccc\Reports\Al links are accessible\20190409_114358\requests\main\0.har

2019-04-09 11:44:08 - [MESSAGE][PASSED] - Send request successfully

2019-04-09 11:44:09 - [MESSAGE][INFO] - HAR: C:\Users\sambhavi\git\staging-mccc\Reports\Al links are accessible\20190409_114358\requests\main\1.har

2019-04-09 11:44:09 - [MESSAGE][PASSED] - Send request successfully

2019-04-09 11:44:09 - [MESSAGE][INFO] - HAR: C:\Users\sambhavi\git\staging-mccc\Reports\Al links are accessible\20190409_114358\requests\main\2.har

2019-04-09 11:44:09 - [MESSAGE][PASSED] - Send request successfully

2019-04-09 11:44:09 - [MESSAGE][INFO] - HAR: C:\Users\sambhavi\git\staging-mccc\Reports\Al links are accessible\20190409_114358\requests\main\3.har

2019-04-09 11:44:09 - [MESSAGE][PASSED] - Send request successfully

2019-04-09 11:44:09 - [MESSAGE][INFO] - HAR: C:\Users\sambhavi\git\staging-mccc\Reports\Al links are accessible\20190409_114358\requests\main\4.har

2019-04-09 11:44:09 - [MESSAGE][PASSED] - Send request successfully

2019-04-09 11:44:09 - [MESSAGE][INFO] - HAR: C:\Users\sambhavi\git\staging-mccc\Reports\Al links are accessible\20190409_114358\requests\main\5.har

2019-04-09 11:44:09 - [MESSAGE][PASSED] - Send request successfully

2019-04-09 11:44:09 - [MESSAGE][INFO] - HAR: C:\Users\sambhavi\git\staging-mccc\Reports\Al links are accessible\20190409_114358\requests\main\6.har

2019-04-09 11:44:09 - [MESSAGE][PASSED] - Send request successfully

2019-04-09 11:44:09 - [MESSAGE][INFO] - HAR: C:\Users\sambhavi\git\staging-mccc\Reports\Al links are accessible\20190409_114358\requests\main\7.har

2019-04-09 11:44:09 - [MESSAGE][PASSED] - Send request successfully

2019-04-09 11:44:09 - [MESSAGE][INFO] - HAR: C:\Users\sambhavi\git\staging-mccc\Reports\Al links are accessible\20190409_114358\requests\main\8.har

2019-04-09 11:44:09 - [MESSAGE][PASSED] - Send request successfully

2019-04-09 11:44:09 - [MESSAGE][INFO] - HAR: C:\Users\sambhavi\git\staging-mccc\Reports\Al links are accessible\20190409_114358\requests\main\9.har

2019-04-09 11:44:09 - [MESSAGE][PASSED] - Send request successfully

2019-04-09 11:44:09 - [MESSAGE][INFO] - HAR: C:\Users\sambhavi\git\staging-mccc\Reports\Al links are accessible\20190409_114358\requests\main\10.har

2019-04-09 11:44:09 - [MESSAGE][PASSED] - Send request successfully

2019-04-09 11:44:09 - [MESSAGE][INFO] - HAR: C:\Users\sambhavi\git\staging-mccc\Reports\Al links are accessible\20190409_114358\requests\main\11.har

2019-04-09 11:44:09 - [MESSAGE][PASSED] - Send request successfully

2019-04-09 11:44:09 - [MESSAGE][INFO] - HAR: C:\Users\sambhavi\git\staging-mccc\Reports\Al links are accessible\20190409_114358\requests\main\12.har

2019-04-09 11:44:09 - [MESSAGE][PASSED] - Send request successfully

2019-04-09 11:44:09 - [MESSAGE][INFO] - HAR: C:\Users\sambhavi\git\staging-mccc\Reports\Al links are accessible\20190409_114358\requests\main\13.har

2019-04-09 11:44:09 - [MESSAGE][PASSED] - Send request successfully

2019-04-09 11:44:09 - [MESSAGE][INFO] - HAR: C:\Users\sambhavi\git\staging-mccc\Reports\Al links are accessible\20190409_114358\requests\main\14.har

2019-04-09 11:44:09 - [MESSAGE][PASSED] - Send request successfully

2019-04-09 11:44:09 - [MESSAGE][INFO] - HAR: C:\Users\sambhavi\git\staging-mccc\Reports\Al links are accessible\20190409_114358\requests\main\15.har

2019-04-09 11:44:09 - [MESSAGE][PASSED] - Send request successfully

2019-04-09 11:44:09 - [MESSAGE][INFO] - HAR: C:\Users\sambhavi\git\staging-mccc\Reports\Al links are accessible\20190409_114358\requests\main\16.har

2019-04-09 11:44:09 - [MESSAGE][PASSED] - Send request successfully

2019-04-09 11:44:09 - [MESSAGE][INFO] - HAR: C:\Users\sambhavi\git\staging-mccc\Reports\Al links are accessible\20190409_114358\requests\main\17.har

2019-04-09 11:44:09 - [MESSAGE][PASSED] - Send request successfully

2019-04-09 11:44:09 - [MESSAGE][INFO] - HAR: C:\Users\sambhavi\git\staging-mccc\Reports\Al links are accessible\20190409_114358\requests\main\18.har

2019-04-09 11:44:09 - [MESSAGE][PASSED] - Send request successfully

2019-04-09 11:44:09 - [MESSAGE][INFO] - HAR: C:\Users\sambhavi\git\staging-mccc\Reports\Al links are accessible\20190409_114358\requests\main\19.har

2019-04-09 11:44:09 - [MESSAGE][PASSED] - Send request successfully

2019-04-09 11:44:09 - [MESSAGE][INFO] - HAR: C:\Users\sambhavi\git\staging-mccc\Reports\Al links are accessible\20190409_114358\requests\main\20.har

2019-04-09 11:44:10 - [MESSAGE][PASSED] - Send request successfully

2019-04-09 11:44:10 - [MESSAGE][INFO] - HAR: C:\Users\sambhavi\git\staging-mccc\Reports\Al links are accessible\20190409_114358\requests\main\21.har

2019-04-09 11:44:10 - [MESSAGE][PASSED] - Send request successfully

2019-04-09 11:44:10 - [MESSAGE][INFO] - HAR: C:\Users\sambhavi\git\staging-mccc\Reports\Al links are accessible\20190409_114358\requests\main\22.har

2019-04-09 11:44:10 - [MESSAGE][PASSED] - Send request successfully

2019-04-09 11:44:10 - [MESSAGE][INFO] - HAR: C:\Users\sambhavi\git\staging-mccc\Reports\Al links are accessible\20190409_114358\requests\main\23.har

2019-04-09 11:44:10 - [MESSAGE][PASSED] - Send request successfully

2019-04-09 11:44:10 - [MESSAGE][INFO] - HAR: C:\Users\sambhavi\git\staging-mccc\Reports\Al links are accessible\20190409_114358\requests\main\24.har

2019-04-09 11:44:10 - [MESSAGE][PASSED] - Send request successfully

2019-04-09 11:44:10 - [MESSAGE][INFO] - HAR: C:\Users\sambhavi\git\staging-mccc\Reports\Al links are accessible\20190409_114358\requests\main\25.har

2019-04-09 11:44:10 - [MESSAGE][PASSED] - Send request successfully

2019-04-09 11:44:10 - [MESSAGE][INFO] - HAR: C:\Users\sambhavi\git\staging-mccc\Reports\Al links are accessible\20190409_114358\requests\main\26.har

2019-04-09 11:44:10 - [MESSAGE][PASSED] - Send request successfully

2019-04-09 11:44:10 - [MESSAGE][INFO] - HAR: C:\Users\sambhavi\git\staging-mccc\Reports\Al links are accessible\20190409_114358\requests\main\27.har

2019-04-09 11:44:10 - [MESSAGE][PASSED] - Send request successfully

2019-04-09 11:44:10 - [MESSAGE][INFO] - HAR: C:\Users\sambhavi\git\staging-mccc\Reports\Al links are accessible\20190409_114358\requests\main\28.har

2019-04-09 11:44:10 - [MESSAGE][PASSED] - Send request successfully

2019-04-09 11:44:10 - [MESSAGE][INFO] - HAR: C:\Users\sambhavi\git\staging-mccc\Reports\Al links are accessible\20190409_114358\requests\main\29.har

2019-04-09 11:44:10 - [MESSAGE][PASSED] - Send request successfully

2019-04-09 11:44:10 - [MESSAGE][INFO] - HAR: C:\Users\sambhavi\git\staging-mccc\Reports\Al links are accessible\20190409_114358\requests\main\30.har

2019-04-09 11:44:10 - [MESSAGE][PASSED] - Send request successfully

2019-04-09 11:44:10 - [MESSAGE][INFO] - HAR: C:\Users\sambhavi\git\staging-mccc\Reports\Al links are accessible\20190409_114358\requests\main\31.har

2019-04-09 11:44:10 - [MESSAGE][PASSED] - Send request successfully

2019-04-09 11:44:10 - [MESSAGE][INFO] - HAR: C:\Users\sambhavi\git\staging-mccc\Reports\Al links are accessible\20190409_114358\requests\main\32.har

2019-04-09 11:44:10 - [MESSAGE][PASSED] - Send request successfully

2019-04-09 11:44:10 - [MESSAGE][INFO] - HAR: C:\Users\sambhavi\git\staging-mccc\Reports\Al links are accessible\20190409_114358\requests\main\33.har

2019-04-09 11:44:10 - [MESSAGE][PASSED] - Send request successfully

2019-04-09 11:44:10 - [MESSAGE][INFO] - HAR: C:\Users\sambhavi\git\staging-mccc\Reports\Al links are accessible\20190409_114358\requests\main\34.har

2019-04-09 11:44:10 - [MESSAGE][PASSED] - Send request successfully

2019-04-09 11:44:10 - [MESSAGE][INFO] - HAR: C:\Users\sambhavi\git\staging-mccc\Reports\Al links are accessible\20190409_114358\requests\main\35.har

2019-04-09 11:44:10 - [MESSAGE][PASSED] - Send request successfully

2019-04-09 11:44:10 - [MESSAGE][INFO] - HAR: C:\Users\sambhavi\git\staging-mccc\Reports\Al links are accessible\20190409_114358\requests\main\36.har

2019-04-09 11:44:10 - [MESSAGE][PASSED] - Send request successfully

2019-04-09 11:44:10 - [MESSAGE][INFO] - HAR: C:\Users\sambhavi\git\staging-mccc\Reports\Al links are accessible\20190409_114358\requests\main\37.har

2019-04-09 11:44:10 - [MESSAGE][PASSED] - Send request successfully

2019-04-09 11:44:10 - [MESSAGE][INFO] - HAR: C:\Users\sambhavi\git\staging-mccc\Reports\Al links are accessible\20190409_114358\requests\main\38.har

2019-04-09 11:44:10 - [MESSAGE][PASSED] - Send request successfully

2019-04-09 11:44:10 - [MESSAGE][INFO] - HAR: C:\Users\sambhavi\git\staging-mccc\Reports\Al links are accessible\20190409_114358\requests\main\39.har

2019-04-09 11:44:10 - [MESSAGE][PASSED] - Send request successfully

2019-04-09 11:44:10 - [MESSAGE][INFO] - HAR: C:\Users\sambhavi\git\staging-mccc\Reports\Al links are accessible\20190409_114358\requests\main\40.har

2019-04-09 11:44:10 - [MESSAGE][PASSED] - Send request successfully

2019-04-09 11:44:10 - [MESSAGE][PASSED] - All links are accessible

2019-04-09 11:44:10 - [MESSAGE][PASSED] - All links on the page 'http://192.168.0.28:90/list' are accessible]]></system-out>
         <system-err><![CDATA[]]></system-err>
      </testcase>
      <testcase name="Test Cases/All Links are Accessible/Cart" classname="Test Cases/All Links are Accessible/Cart" status="PASSED">
         <system-out><![CDATA[2019-04-09 11:44:10 - [TEST_CASE][PASSED] - Test Cases/All Links are Accessible/Cart: Test Cases/All Links are Accessible/Cart

2019-04-09 11:44:10 - [TEST_STEP][PASSED] - comment("Verifying Whether Links are Working or not when we click on Cart Icon"): Verifying Whether Links are Working or not when we click on Cart Icon

2019-04-09 11:44:10 - [MESSAGE][INFO] - Verifying Whether Links are Working or not when we click on Cart Icon

2019-04-09 11:44:10 - [TEST_STEP][PASSED] - openBrowser(""): Browser is opened with url: ''

2019-04-09 11:44:10 - [MESSAGE][WARNING] - A browser is already opened. Closing browser and opening a new one

2019-04-09 11:44:11 - [MESSAGE][INFO] - Starting 'Chrome' driver

2019-04-09 11:44:15 - [MESSAGE][PASSED] - Browser is opened with url: ''

2019-04-09 11:44:15 - [TEST_STEP][PASSED] - navigateToUrl("http://192.168.0.28:90/list"): Navigate to 'http://192.168.0.28:90/list' successfully

2019-04-09 11:44:19 - [MESSAGE][PASSED] - Navigate to 'http://192.168.0.28:90/list' successfully

2019-04-09 11:44:19 - [TEST_STEP][PASSED] - click(findTestObject("All links are Accessible/Cart")): Object: 'Object Repository/All links are Accessible/Cart' is clicked on

2019-04-09 11:44:20 - [MESSAGE][PASSED] - Object: 'Object Repository/All links are Accessible/Cart' is clicked on

2019-04-09 11:44:20 - [TEST_STEP][PASSED] - verifyTextPresent("Basket", false): Text 'Basket' is present on page 

2019-04-09 11:44:20 - [MESSAGE][PASSED] - Text 'Basket' is present on page 

2019-04-09 11:44:20 - [TEST_STEP][PASSED] - getAllLinksOnCurrentPage(false, []): Found 24 unique links on the page http://192.168.0.28:90/basket

2019-04-09 11:44:20 - [MESSAGE][PASSED] - Found 24 unique links on the page http://192.168.0.28:90/basket

2019-04-09 11:44:20 - [TEST_STEP][PASSED] - verifyAllLinksOnCurrentPageAccessible(false, []): All links on the page 'http://192.168.0.28:90/basket' are accessible

2019-04-09 11:44:21 - [MESSAGE][PASSED] - Found 24 unique links on the page http://192.168.0.28:90/basket

2019-04-09 11:44:21 - [MESSAGE][INFO] - HAR: C:\Users\sambhavi\git\staging-mccc\Reports\Al links are accessible\20190409_114358\requests\main\41.har

2019-04-09 11:44:21 - [MESSAGE][PASSED] - Send request successfully

2019-04-09 11:44:21 - [MESSAGE][INFO] - HAR: C:\Users\sambhavi\git\staging-mccc\Reports\Al links are accessible\20190409_114358\requests\main\42.har

2019-04-09 11:44:21 - [MESSAGE][PASSED] - Send request successfully

2019-04-09 11:44:21 - [MESSAGE][INFO] - HAR: C:\Users\sambhavi\git\staging-mccc\Reports\Al links are accessible\20190409_114358\requests\main\43.har

2019-04-09 11:44:21 - [MESSAGE][PASSED] - Send request successfully

2019-04-09 11:44:21 - [MESSAGE][INFO] - HAR: C:\Users\sambhavi\git\staging-mccc\Reports\Al links are accessible\20190409_114358\requests\main\44.har

2019-04-09 11:44:21 - [MESSAGE][PASSED] - Send request successfully

2019-04-09 11:44:21 - [MESSAGE][INFO] - HAR: C:\Users\sambhavi\git\staging-mccc\Reports\Al links are accessible\20190409_114358\requests\main\45.har

2019-04-09 11:44:21 - [MESSAGE][PASSED] - Send request successfully

2019-04-09 11:44:21 - [MESSAGE][INFO] - HAR: C:\Users\sambhavi\git\staging-mccc\Reports\Al links are accessible\20190409_114358\requests\main\46.har

2019-04-09 11:44:21 - [MESSAGE][PASSED] - Send request successfully

2019-04-09 11:44:21 - [MESSAGE][INFO] - HAR: C:\Users\sambhavi\git\staging-mccc\Reports\Al links are accessible\20190409_114358\requests\main\47.har

2019-04-09 11:44:21 - [MESSAGE][PASSED] - Send request successfully

2019-04-09 11:44:21 - [MESSAGE][INFO] - HAR: C:\Users\sambhavi\git\staging-mccc\Reports\Al links are accessible\20190409_114358\requests\main\48.har

2019-04-09 11:44:21 - [MESSAGE][PASSED] - Send request successfully

2019-04-09 11:44:21 - [MESSAGE][INFO] - HAR: C:\Users\sambhavi\git\staging-mccc\Reports\Al links are accessible\20190409_114358\requests\main\49.har

2019-04-09 11:44:21 - [MESSAGE][PASSED] - Send request successfully

2019-04-09 11:44:21 - [MESSAGE][INFO] - HAR: C:\Users\sambhavi\git\staging-mccc\Reports\Al links are accessible\20190409_114358\requests\main\50.har

2019-04-09 11:44:21 - [MESSAGE][PASSED] - Send request successfully

2019-04-09 11:44:21 - [MESSAGE][INFO] - HAR: C:\Users\sambhavi\git\staging-mccc\Reports\Al links are accessible\20190409_114358\requests\main\51.har

2019-04-09 11:44:21 - [MESSAGE][PASSED] - Send request successfully

2019-04-09 11:44:21 - [MESSAGE][INFO] - HAR: C:\Users\sambhavi\git\staging-mccc\Reports\Al links are accessible\20190409_114358\requests\main\52.har

2019-04-09 11:44:21 - [MESSAGE][PASSED] - Send request successfully

2019-04-09 11:44:21 - [MESSAGE][INFO] - HAR: C:\Users\sambhavi\git\staging-mccc\Reports\Al links are accessible\20190409_114358\requests\main\53.har

2019-04-09 11:44:21 - [MESSAGE][PASSED] - Send request successfully

2019-04-09 11:44:21 - [MESSAGE][INFO] - HAR: C:\Users\sambhavi\git\staging-mccc\Reports\Al links are accessible\20190409_114358\requests\main\54.har

2019-04-09 11:44:21 - [MESSAGE][PASSED] - Send request successfully

2019-04-09 11:44:21 - [MESSAGE][INFO] - HAR: C:\Users\sambhavi\git\staging-mccc\Reports\Al links are accessible\20190409_114358\requests\main\55.har

2019-04-09 11:44:21 - [MESSAGE][PASSED] - Send request successfully

2019-04-09 11:44:21 - [MESSAGE][INFO] - HAR: C:\Users\sambhavi\git\staging-mccc\Reports\Al links are accessible\20190409_114358\requests\main\56.har

2019-04-09 11:44:21 - [MESSAGE][PASSED] - Send request successfully

2019-04-09 11:44:21 - [MESSAGE][INFO] - HAR: C:\Users\sambhavi\git\staging-mccc\Reports\Al links are accessible\20190409_114358\requests\main\57.har

2019-04-09 11:44:21 - [MESSAGE][PASSED] - Send request successfully

2019-04-09 11:44:21 - [MESSAGE][INFO] - HAR: C:\Users\sambhavi\git\staging-mccc\Reports\Al links are accessible\20190409_114358\requests\main\58.har

2019-04-09 11:44:21 - [MESSAGE][PASSED] - Send request successfully

2019-04-09 11:44:21 - [MESSAGE][INFO] - HAR: C:\Users\sambhavi\git\staging-mccc\Reports\Al links are accessible\20190409_114358\requests\main\59.har

2019-04-09 11:44:21 - [MESSAGE][PASSED] - Send request successfully

2019-04-09 11:44:21 - [MESSAGE][INFO] - HAR: C:\Users\sambhavi\git\staging-mccc\Reports\Al links are accessible\20190409_114358\requests\main\60.har

2019-04-09 11:44:21 - [MESSAGE][PASSED] - Send request successfully

2019-04-09 11:44:21 - [MESSAGE][INFO] - HAR: C:\Users\sambhavi\git\staging-mccc\Reports\Al links are accessible\20190409_114358\requests\main\61.har

2019-04-09 11:44:21 - [MESSAGE][PASSED] - Send request successfully

2019-04-09 11:44:21 - [MESSAGE][INFO] - HAR: C:\Users\sambhavi\git\staging-mccc\Reports\Al links are accessible\20190409_114358\requests\main\62.har

2019-04-09 11:44:21 - [MESSAGE][PASSED] - Send request successfully

2019-04-09 11:44:21 - [MESSAGE][INFO] - HAR: C:\Users\sambhavi\git\staging-mccc\Reports\Al links are accessible\20190409_114358\requests\main\63.har

2019-04-09 11:44:21 - [MESSAGE][PASSED] - Send request successfully

2019-04-09 11:44:21 - [MESSAGE][INFO] - HAR: C:\Users\sambhavi\git\staging-mccc\Reports\Al links are accessible\20190409_114358\requests\main\64.har

2019-04-09 11:44:21 - [MESSAGE][PASSED] - Send request successfully

2019-04-09 11:44:21 - [MESSAGE][PASSED] - All links are accessible

2019-04-09 11:44:21 - [MESSAGE][PASSED] - All links on the page 'http://192.168.0.28:90/basket' are accessible]]></system-out>
         <system-err><![CDATA[]]></system-err>
      </testcase>
      <testcase name="Test Cases/All Links are Accessible/Country" classname="Test Cases/All Links are Accessible/Country" status="PASSED">
         <system-out><![CDATA[2019-04-09 11:44:21 - [TEST_CASE][PASSED] - Test Cases/All Links are Accessible/Country: Test Cases/All Links are Accessible/Country

2019-04-09 11:44:22 - [TEST_STEP][PASSED] - comment("Verifying Whether Links are Working or not when we click on Country Buynow"): Verifying Whether Links are Working or not when we click on Country Buynow

2019-04-09 11:44:22 - [MESSAGE][INFO] - Verifying Whether Links are Working or not when we click on Country Buynow

2019-04-09 11:44:22 - [TEST_STEP][PASSED] - openBrowser(""): Browser is opened with url: ''

2019-04-09 11:44:22 - [MESSAGE][WARNING] - A browser is already opened. Closing browser and opening a new one

2019-04-09 11:44:22 - [MESSAGE][INFO] - Starting 'Chrome' driver

2019-04-09 11:44:25 - [MESSAGE][PASSED] - Browser is opened with url: ''

2019-04-09 11:44:25 - [TEST_STEP][PASSED] - navigateToUrl("http://192.168.0.28:90/detail/7/COUNTRY/2"): Navigate to 'http://192.168.0.28:90/detail/7/COUNTRY/2' successfully

2019-04-09 11:44:29 - [MESSAGE][PASSED] - Navigate to 'http://192.168.0.28:90/detail/7/COUNTRY/2' successfully

2019-04-09 11:44:29 - [TEST_STEP][PASSED] - delay(5): Delayed 5 second(s)

2019-04-09 11:44:34 - [MESSAGE][PASSED] - Delayed 5 second(s)

2019-04-09 11:44:34 - [TEST_STEP][PASSED] - verifyTextPresent("COUNTRY MEMBERSHIP", false): Text 'COUNTRY MEMBERSHIP' is present on page 

2019-04-09 11:44:34 - [MESSAGE][PASSED] - Text 'COUNTRY MEMBERSHIP' is present on page 

2019-04-09 11:44:34 - [TEST_STEP][PASSED] - getAllLinksOnCurrentPage(false, []): Found 32 unique links on the page http://192.168.0.28:90/detail/7/COUNTRY/2

2019-04-09 11:44:34 - [MESSAGE][PASSED] - Found 32 unique links on the page http://192.168.0.28:90/detail/7/COUNTRY/2

2019-04-09 11:44:34 - [TEST_STEP][PASSED] - verifyAllLinksOnCurrentPageAccessible(false, []): All links on the page 'http://192.168.0.28:90/detail/7/COUNTRY/2' are accessible

2019-04-09 11:44:35 - [MESSAGE][PASSED] - Found 32 unique links on the page http://192.168.0.28:90/detail/7/COUNTRY/2

2019-04-09 11:44:35 - [MESSAGE][INFO] - HAR: C:\Users\sambhavi\git\staging-mccc\Reports\Al links are accessible\20190409_114358\requests\main\65.har

2019-04-09 11:44:35 - [MESSAGE][PASSED] - Send request successfully

2019-04-09 11:44:35 - [MESSAGE][INFO] - HAR: C:\Users\sambhavi\git\staging-mccc\Reports\Al links are accessible\20190409_114358\requests\main\66.har

2019-04-09 11:44:35 - [MESSAGE][PASSED] - Send request successfully

2019-04-09 11:44:35 - [MESSAGE][INFO] - HAR: C:\Users\sambhavi\git\staging-mccc\Reports\Al links are accessible\20190409_114358\requests\main\67.har

2019-04-09 11:44:35 - [MESSAGE][PASSED] - Send request successfully

2019-04-09 11:44:35 - [MESSAGE][INFO] - HAR: C:\Users\sambhavi\git\staging-mccc\Reports\Al links are accessible\20190409_114358\requests\main\68.har

2019-04-09 11:44:35 - [MESSAGE][PASSED] - Send request successfully

2019-04-09 11:44:35 - [MESSAGE][INFO] - HAR: C:\Users\sambhavi\git\staging-mccc\Reports\Al links are accessible\20190409_114358\requests\main\69.har

2019-04-09 11:44:35 - [MESSAGE][PASSED] - Send request successfully

2019-04-09 11:44:35 - [MESSAGE][INFO] - HAR: C:\Users\sambhavi\git\staging-mccc\Reports\Al links are accessible\20190409_114358\requests\main\70.har

2019-04-09 11:44:35 - [MESSAGE][PASSED] - Send request successfully

2019-04-09 11:44:35 - [MESSAGE][INFO] - HAR: C:\Users\sambhavi\git\staging-mccc\Reports\Al links are accessible\20190409_114358\requests\main\71.har

2019-04-09 11:44:35 - [MESSAGE][PASSED] - Send request successfully

2019-04-09 11:44:35 - [MESSAGE][INFO] - HAR: C:\Users\sambhavi\git\staging-mccc\Reports\Al links are accessible\20190409_114358\requests\main\72.har

2019-04-09 11:44:35 - [MESSAGE][PASSED] - Send request successfully

2019-04-09 11:44:35 - [MESSAGE][INFO] - HAR: C:\Users\sambhavi\git\staging-mccc\Reports\Al links are accessible\20190409_114358\requests\main\73.har

2019-04-09 11:44:35 - [MESSAGE][PASSED] - Send request successfully

2019-04-09 11:44:35 - [MESSAGE][INFO] - HAR: C:\Users\sambhavi\git\staging-mccc\Reports\Al links are accessible\20190409_114358\requests\main\74.har

2019-04-09 11:44:35 - [MESSAGE][PASSED] - Send request successfully

2019-04-09 11:44:35 - [MESSAGE][INFO] - HAR: C:\Users\sambhavi\git\staging-mccc\Reports\Al links are accessible\20190409_114358\requests\main\75.har

2019-04-09 11:44:35 - [MESSAGE][PASSED] - Send request successfully

2019-04-09 11:44:35 - [MESSAGE][INFO] - HAR: C:\Users\sambhavi\git\staging-mccc\Reports\Al links are accessible\20190409_114358\requests\main\76.har

2019-04-09 11:44:35 - [MESSAGE][PASSED] - Send request successfully

2019-04-09 11:44:35 - [MESSAGE][INFO] - HAR: C:\Users\sambhavi\git\staging-mccc\Reports\Al links are accessible\20190409_114358\requests\main\77.har

2019-04-09 11:44:35 - [MESSAGE][PASSED] - Send request successfully

2019-04-09 11:44:35 - [MESSAGE][INFO] - HAR: C:\Users\sambhavi\git\staging-mccc\Reports\Al links are accessible\20190409_114358\requests\main\78.har

2019-04-09 11:44:35 - [MESSAGE][PASSED] - Send request successfully

2019-04-09 11:44:35 - [MESSAGE][INFO] - HAR: C:\Users\sambhavi\git\staging-mccc\Reports\Al links are accessible\20190409_114358\requests\main\79.har

2019-04-09 11:44:35 - [MESSAGE][PASSED] - Send request successfully

2019-04-09 11:44:35 - [MESSAGE][INFO] - HAR: C:\Users\sambhavi\git\staging-mccc\Reports\Al links are accessible\20190409_114358\requests\main\80.har

2019-04-09 11:44:35 - [MESSAGE][PASSED] - Send request successfully

2019-04-09 11:44:35 - [MESSAGE][INFO] - HAR: C:\Users\sambhavi\git\staging-mccc\Reports\Al links are accessible\20190409_114358\requests\main\81.har

2019-04-09 11:44:35 - [MESSAGE][PASSED] - Send request successfully

2019-04-09 11:44:35 - [MESSAGE][INFO] - HAR: C:\Users\sambhavi\git\staging-mccc\Reports\Al links are accessible\20190409_114358\requests\main\82.har

2019-04-09 11:44:35 - [MESSAGE][PASSED] - Send request successfully

2019-04-09 11:44:35 - [MESSAGE][INFO] - HAR: C:\Users\sambhavi\git\staging-mccc\Reports\Al links are accessible\20190409_114358\requests\main\83.har

2019-04-09 11:44:35 - [MESSAGE][PASSED] - Send request successfully

2019-04-09 11:44:35 - [MESSAGE][INFO] - HAR: C:\Users\sambhavi\git\staging-mccc\Reports\Al links are accessible\20190409_114358\requests\main\84.har

2019-04-09 11:44:35 - [MESSAGE][PASSED] - Send request successfully

2019-04-09 11:44:35 - [MESSAGE][INFO] - HAR: C:\Users\sambhavi\git\staging-mccc\Reports\Al links are accessible\20190409_114358\requests\main\85.har

2019-04-09 11:44:35 - [MESSAGE][PASSED] - Send request successfully

2019-04-09 11:44:35 - [MESSAGE][INFO] - HAR: C:\Users\sambhavi\git\staging-mccc\Reports\Al links are accessible\20190409_114358\requests\main\86.har

2019-04-09 11:44:35 - [MESSAGE][PASSED] - Send request successfully

2019-04-09 11:44:35 - [MESSAGE][INFO] - HAR: C:\Users\sambhavi\git\staging-mccc\Reports\Al links are accessible\20190409_114358\requests\main\87.har

2019-04-09 11:44:35 - [MESSAGE][PASSED] - Send request successfully

2019-04-09 11:44:36 - [MESSAGE][INFO] - HAR: C:\Users\sambhavi\git\staging-mccc\Reports\Al links are accessible\20190409_114358\requests\main\88.har

2019-04-09 11:44:36 - [MESSAGE][PASSED] - Send request successfully

2019-04-09 11:44:36 - [MESSAGE][INFO] - HAR: C:\Users\sambhavi\git\staging-mccc\Reports\Al links are accessible\20190409_114358\requests\main\89.har

2019-04-09 11:44:36 - [MESSAGE][PASSED] - Send request successfully

2019-04-09 11:44:36 - [MESSAGE][INFO] - HAR: C:\Users\sambhavi\git\staging-mccc\Reports\Al links are accessible\20190409_114358\requests\main\90.har

2019-04-09 11:44:36 - [MESSAGE][PASSED] - Send request successfully

2019-04-09 11:44:36 - [MESSAGE][INFO] - HAR: C:\Users\sambhavi\git\staging-mccc\Reports\Al links are accessible\20190409_114358\requests\main\91.har

2019-04-09 11:44:36 - [MESSAGE][PASSED] - Send request successfully

2019-04-09 11:44:36 - [MESSAGE][INFO] - HAR: C:\Users\sambhavi\git\staging-mccc\Reports\Al links are accessible\20190409_114358\requests\main\92.har

2019-04-09 11:44:36 - [MESSAGE][PASSED] - Send request successfully

2019-04-09 11:44:36 - [MESSAGE][INFO] - HAR: C:\Users\sambhavi\git\staging-mccc\Reports\Al links are accessible\20190409_114358\requests\main\93.har

2019-04-09 11:44:36 - [MESSAGE][PASSED] - Send request successfully

2019-04-09 11:44:36 - [MESSAGE][INFO] - HAR: C:\Users\sambhavi\git\staging-mccc\Reports\Al links are accessible\20190409_114358\requests\main\94.har

2019-04-09 11:44:36 - [MESSAGE][PASSED] - Send request successfully

2019-04-09 11:44:36 - [MESSAGE][INFO] - HAR: C:\Users\sambhavi\git\staging-mccc\Reports\Al links are accessible\20190409_114358\requests\main\95.har

2019-04-09 11:44:36 - [MESSAGE][PASSED] - Send request successfully

2019-04-09 11:44:36 - [MESSAGE][INFO] - HAR: C:\Users\sambhavi\git\staging-mccc\Reports\Al links are accessible\20190409_114358\requests\main\96.har

2019-04-09 11:44:36 - [MESSAGE][PASSED] - Send request successfully

2019-04-09 11:44:36 - [MESSAGE][PASSED] - All links are accessible

2019-04-09 11:44:36 - [MESSAGE][PASSED] - All links on the page 'http://192.168.0.28:90/detail/7/COUNTRY/2' are accessible]]></system-out>
         <system-err><![CDATA[]]></system-err>
      </testcase>
      <testcase name="Test Cases/All Links are Accessible/Disabled country" classname="Test Cases/All Links are Accessible/Disabled country" status="PASSED">
         <system-out><![CDATA[2019-04-09 11:44:36 - [TEST_CASE][PASSED] - Test Cases/All Links are Accessible/Disabled country: Test Cases/All Links are Accessible/Disabled country

2019-04-09 11:44:36 - [TEST_STEP][PASSED] - comment("Verifying Whether Links are Working or not when we click on Disabled country buynow page"): Verifying Whether Links are Working or not when we click on Disabled country buynow page

2019-04-09 11:44:36 - [MESSAGE][INFO] - Verifying Whether Links are Working or not when we click on Disabled country buynow page

2019-04-09 11:44:36 - [TEST_STEP][PASSED] - openBrowser(""): Browser is opened with url: ''

2019-04-09 11:44:36 - [MESSAGE][WARNING] - A browser is already opened. Closing browser and opening a new one

2019-04-09 11:44:37 - [MESSAGE][INFO] - Starting 'Chrome' driver

2019-04-09 11:44:39 - [MESSAGE][PASSED] - Browser is opened with url: ''

2019-04-09 11:44:39 - [TEST_STEP][PASSED] - navigateToUrl("http://192.168.0.28:90/detail/11/DISABLED_COUNTRY/10"): Navigate to 'http://192.168.0.28:90/detail/11/DISABLED_COUNTRY/10' successfully

2019-04-09 11:44:43 - [MESSAGE][PASSED] - Navigate to 'http://192.168.0.28:90/detail/11/DISABLED_COUNTRY/10' successfully

2019-04-09 11:44:43 - [TEST_STEP][PASSED] - delay(5): Delayed 5 second(s)

2019-04-09 11:44:48 - [MESSAGE][PASSED] - Delayed 5 second(s)

2019-04-09 11:44:48 - [TEST_STEP][PASSED] - verifyTextPresent("DISABLED COUNTRY MEMBERSHIP", false): Text 'DISABLED COUNTRY MEMBERSHIP' is present on page 

2019-04-09 11:44:48 - [MESSAGE][PASSED] - Text 'DISABLED COUNTRY MEMBERSHIP' is present on page 

2019-04-09 11:44:48 - [TEST_STEP][PASSED] - getAllLinksOnCurrentPage(false, []): Found 30 unique links on the page http://192.168.0.28:90/detail/11/DISABLED_COUNTRY/10

2019-04-09 11:44:48 - [MESSAGE][PASSED] - Found 30 unique links on the page http://192.168.0.28:90/detail/11/DISABLED_COUNTRY/10

2019-04-09 11:44:48 - [TEST_STEP][PASSED] - verifyAllLinksOnCurrentPageAccessible(false, []): All links on the page 'http://192.168.0.28:90/detail/11/DISABLED_COUNTRY/10' are accessible

2019-04-09 11:44:49 - [MESSAGE][PASSED] - Found 30 unique links on the page http://192.168.0.28:90/detail/11/DISABLED_COUNTRY/10

2019-04-09 11:44:49 - [MESSAGE][INFO] - HAR: C:\Users\sambhavi\git\staging-mccc\Reports\Al links are accessible\20190409_114358\requests\main\97.har

2019-04-09 11:44:49 - [MESSAGE][PASSED] - Send request successfully

2019-04-09 11:44:49 - [MESSAGE][INFO] - HAR: C:\Users\sambhavi\git\staging-mccc\Reports\Al links are accessible\20190409_114358\requests\main\98.har

2019-04-09 11:44:49 - [MESSAGE][PASSED] - Send request successfully

2019-04-09 11:44:49 - [MESSAGE][INFO] - HAR: C:\Users\sambhavi\git\staging-mccc\Reports\Al links are accessible\20190409_114358\requests\main\99.har

2019-04-09 11:44:49 - [MESSAGE][PASSED] - Send request successfully

2019-04-09 11:44:49 - [MESSAGE][INFO] - HAR: C:\Users\sambhavi\git\staging-mccc\Reports\Al links are accessible\20190409_114358\requests\main\100.har

2019-04-09 11:44:49 - [MESSAGE][PASSED] - Send request successfully

2019-04-09 11:44:49 - [MESSAGE][INFO] - HAR: C:\Users\sambhavi\git\staging-mccc\Reports\Al links are accessible\20190409_114358\requests\main\101.har

2019-04-09 11:44:49 - [MESSAGE][PASSED] - Send request successfully

2019-04-09 11:44:49 - [MESSAGE][INFO] - HAR: C:\Users\sambhavi\git\staging-mccc\Reports\Al links are accessible\20190409_114358\requests\main\102.har

2019-04-09 11:44:49 - [MESSAGE][PASSED] - Send request successfully

2019-04-09 11:44:49 - [MESSAGE][INFO] - HAR: C:\Users\sambhavi\git\staging-mccc\Reports\Al links are accessible\20190409_114358\requests\main\103.har

2019-04-09 11:44:49 - [MESSAGE][PASSED] - Send request successfully

2019-04-09 11:44:49 - [MESSAGE][INFO] - HAR: C:\Users\sambhavi\git\staging-mccc\Reports\Al links are accessible\20190409_114358\requests\main\104.har

2019-04-09 11:44:49 - [MESSAGE][PASSED] - Send request successfully

2019-04-09 11:44:49 - [MESSAGE][INFO] - HAR: C:\Users\sambhavi\git\staging-mccc\Reports\Al links are accessible\20190409_114358\requests\main\105.har

2019-04-09 11:44:49 - [MESSAGE][PASSED] - Send request successfully

2019-04-09 11:44:49 - [MESSAGE][INFO] - HAR: C:\Users\sambhavi\git\staging-mccc\Reports\Al links are accessible\20190409_114358\requests\main\106.har

2019-04-09 11:44:49 - [MESSAGE][PASSED] - Send request successfully

2019-04-09 11:44:49 - [MESSAGE][INFO] - HAR: C:\Users\sambhavi\git\staging-mccc\Reports\Al links are accessible\20190409_114358\requests\main\107.har

2019-04-09 11:44:49 - [MESSAGE][PASSED] - Send request successfully

2019-04-09 11:44:49 - [MESSAGE][INFO] - HAR: C:\Users\sambhavi\git\staging-mccc\Reports\Al links are accessible\20190409_114358\requests\main\108.har

2019-04-09 11:44:49 - [MESSAGE][PASSED] - Send request successfully

2019-04-09 11:44:49 - [MESSAGE][INFO] - HAR: C:\Users\sambhavi\git\staging-mccc\Reports\Al links are accessible\20190409_114358\requests\main\109.har

2019-04-09 11:44:49 - [MESSAGE][PASSED] - Send request successfully

2019-04-09 11:44:49 - [MESSAGE][INFO] - HAR: C:\Users\sambhavi\git\staging-mccc\Reports\Al links are accessible\20190409_114358\requests\main\110.har

2019-04-09 11:44:49 - [MESSAGE][PASSED] - Send request successfully

2019-04-09 11:44:49 - [MESSAGE][INFO] - HAR: C:\Users\sambhavi\git\staging-mccc\Reports\Al links are accessible\20190409_114358\requests\main\111.har

2019-04-09 11:44:49 - [MESSAGE][PASSED] - Send request successfully

2019-04-09 11:44:49 - [MESSAGE][INFO] - HAR: C:\Users\sambhavi\git\staging-mccc\Reports\Al links are accessible\20190409_114358\requests\main\112.har

2019-04-09 11:44:49 - [MESSAGE][PASSED] - Send request successfully

2019-04-09 11:44:49 - [MESSAGE][INFO] - HAR: C:\Users\sambhavi\git\staging-mccc\Reports\Al links are accessible\20190409_114358\requests\main\113.har

2019-04-09 11:44:49 - [MESSAGE][PASSED] - Send request successfully

2019-04-09 11:44:49 - [MESSAGE][INFO] - HAR: C:\Users\sambhavi\git\staging-mccc\Reports\Al links are accessible\20190409_114358\requests\main\114.har

2019-04-09 11:44:49 - [MESSAGE][PASSED] - Send request successfully

2019-04-09 11:44:49 - [MESSAGE][INFO] - HAR: C:\Users\sambhavi\git\staging-mccc\Reports\Al links are accessible\20190409_114358\requests\main\115.har

2019-04-09 11:44:49 - [MESSAGE][PASSED] - Send request successfully

2019-04-09 11:44:49 - [MESSAGE][INFO] - HAR: C:\Users\sambhavi\git\staging-mccc\Reports\Al links are accessible\20190409_114358\requests\main\116.har

2019-04-09 11:44:49 - [MESSAGE][PASSED] - Send request successfully

2019-04-09 11:44:49 - [MESSAGE][INFO] - HAR: C:\Users\sambhavi\git\staging-mccc\Reports\Al links are accessible\20190409_114358\requests\main\117.har

2019-04-09 11:44:49 - [MESSAGE][PASSED] - Send request successfully

2019-04-09 11:44:49 - [MESSAGE][INFO] - HAR: C:\Users\sambhavi\git\staging-mccc\Reports\Al links are accessible\20190409_114358\requests\main\118.har

2019-04-09 11:44:49 - [MESSAGE][PASSED] - Send request successfully

2019-04-09 11:44:49 - [MESSAGE][INFO] - HAR: C:\Users\sambhavi\git\staging-mccc\Reports\Al links are accessible\20190409_114358\requests\main\119.har

2019-04-09 11:44:49 - [MESSAGE][PASSED] - Send request successfully

2019-04-09 11:44:49 - [MESSAGE][INFO] - HAR: C:\Users\sambhavi\git\staging-mccc\Reports\Al links are accessible\20190409_114358\requests\main\120.har

2019-04-09 11:44:49 - [MESSAGE][PASSED] - Send request successfully

2019-04-09 11:44:50 - [MESSAGE][INFO] - HAR: C:\Users\sambhavi\git\staging-mccc\Reports\Al links are accessible\20190409_114358\requests\main\121.har

2019-04-09 11:44:50 - [MESSAGE][PASSED] - Send request successfully

2019-04-09 11:44:50 - [MESSAGE][INFO] - HAR: C:\Users\sambhavi\git\staging-mccc\Reports\Al links are accessible\20190409_114358\requests\main\122.har

2019-04-09 11:44:50 - [MESSAGE][PASSED] - Send request successfully

2019-04-09 11:44:50 - [MESSAGE][INFO] - HAR: C:\Users\sambhavi\git\staging-mccc\Reports\Al links are accessible\20190409_114358\requests\main\123.har

2019-04-09 11:44:50 - [MESSAGE][PASSED] - Send request successfully

2019-04-09 11:44:50 - [MESSAGE][INFO] - HAR: C:\Users\sambhavi\git\staging-mccc\Reports\Al links are accessible\20190409_114358\requests\main\124.har

2019-04-09 11:44:50 - [MESSAGE][PASSED] - Send request successfully

2019-04-09 11:44:50 - [MESSAGE][INFO] - HAR: C:\Users\sambhavi\git\staging-mccc\Reports\Al links are accessible\20190409_114358\requests\main\125.har

2019-04-09 11:44:50 - [MESSAGE][PASSED] - Send request successfully

2019-04-09 11:44:50 - [MESSAGE][INFO] - HAR: C:\Users\sambhavi\git\staging-mccc\Reports\Al links are accessible\20190409_114358\requests\main\126.har

2019-04-09 11:44:50 - [MESSAGE][PASSED] - Send request successfully

2019-04-09 11:44:50 - [MESSAGE][PASSED] - All links are accessible

2019-04-09 11:44:50 - [MESSAGE][PASSED] - All links on the page 'http://192.168.0.28:90/detail/11/DISABLED_COUNTRY/10' are accessible]]></system-out>
         <system-err><![CDATA[]]></system-err>
      </testcase>
      <testcase name="Test Cases/All Links are Accessible/Disabled full" classname="Test Cases/All Links are Accessible/Disabled full" status="PASSED">
         <system-out><![CDATA[2019-04-09 11:44:50 - [TEST_CASE][PASSED] - Test Cases/All Links are Accessible/Disabled full: Test Cases/All Links are Accessible/Disabled full

2019-04-09 11:44:50 - [TEST_STEP][PASSED] - comment("Verifying whether all the links are working or not when we click on Disabled full buynow"): Verifying whether all the links are working or not when we click on Disabled full buynow

2019-04-09 11:44:50 - [MESSAGE][INFO] - Verifying whether all the links are working or not when we click on Disabled full buynow

2019-04-09 11:44:50 - [TEST_STEP][PASSED] - openBrowser(""): Browser is opened with url: ''

2019-04-09 11:44:50 - [MESSAGE][WARNING] - A browser is already opened. Closing browser and opening a new one

2019-04-09 11:44:50 - [MESSAGE][INFO] - Starting 'Chrome' driver

2019-04-09 11:44:53 - [MESSAGE][PASSED] - Browser is opened with url: ''

2019-04-09 11:44:53 - [TEST_STEP][PASSED] - navigateToUrl("http://192.168.0.28:90/detail/10/DISABLED_FULL/9"): Navigate to 'http://192.168.0.28:90/detail/10/DISABLED_FULL/9' successfully

2019-04-09 11:44:55 - [MESSAGE][PASSED] - Navigate to 'http://192.168.0.28:90/detail/10/DISABLED_FULL/9' successfully

2019-04-09 11:44:55 - [TEST_STEP][PASSED] - delay(5): Delayed 5 second(s)

2019-04-09 11:45:00 - [MESSAGE][PASSED] - Delayed 5 second(s)

2019-04-09 11:45:00 - [TEST_STEP][PASSED] - verifyTextPresent("DISABLED FULL MEMBERSHIP", false): Text 'DISABLED FULL MEMBERSHIP' is present on page 

2019-04-09 11:45:01 - [MESSAGE][PASSED] - Text 'DISABLED FULL MEMBERSHIP' is present on page 

2019-04-09 11:45:01 - [TEST_STEP][PASSED] - getAllLinksOnCurrentPage(false, []): Found 30 unique links on the page http://192.168.0.28:90/detail/10/DISABLED_FULL/9

2019-04-09 11:45:01 - [MESSAGE][PASSED] - Found 30 unique links on the page http://192.168.0.28:90/detail/10/DISABLED_FULL/9

2019-04-09 11:45:01 - [TEST_STEP][PASSED] - verifyAllLinksOnCurrentPageAccessible(false, []): All links on the page 'http://192.168.0.28:90/detail/10/DISABLED_FULL/9' are accessible

2019-04-09 11:45:01 - [MESSAGE][PASSED] - Found 30 unique links on the page http://192.168.0.28:90/detail/10/DISABLED_FULL/9

2019-04-09 11:45:02 - [MESSAGE][INFO] - HAR: C:\Users\sambhavi\git\staging-mccc\Reports\Al links are accessible\20190409_114358\requests\main\127.har

2019-04-09 11:45:02 - [MESSAGE][PASSED] - Send request successfully

2019-04-09 11:45:02 - [MESSAGE][INFO] - HAR: C:\Users\sambhavi\git\staging-mccc\Reports\Al links are accessible\20190409_114358\requests\main\128.har

2019-04-09 11:45:02 - [MESSAGE][PASSED] - Send request successfully

2019-04-09 11:45:02 - [MESSAGE][INFO] - HAR: C:\Users\sambhavi\git\staging-mccc\Reports\Al links are accessible\20190409_114358\requests\main\129.har

2019-04-09 11:45:02 - [MESSAGE][PASSED] - Send request successfully

2019-04-09 11:45:02 - [MESSAGE][INFO] - HAR: C:\Users\sambhavi\git\staging-mccc\Reports\Al links are accessible\20190409_114358\requests\main\130.har

2019-04-09 11:45:02 - [MESSAGE][PASSED] - Send request successfully

2019-04-09 11:45:02 - [MESSAGE][INFO] - HAR: C:\Users\sambhavi\git\staging-mccc\Reports\Al links are accessible\20190409_114358\requests\main\131.har

2019-04-09 11:45:02 - [MESSAGE][PASSED] - Send request successfully

2019-04-09 11:45:02 - [MESSAGE][INFO] - HAR: C:\Users\sambhavi\git\staging-mccc\Reports\Al links are accessible\20190409_114358\requests\main\132.har

2019-04-09 11:45:02 - [MESSAGE][PASSED] - Send request successfully

2019-04-09 11:45:02 - [MESSAGE][INFO] - HAR: C:\Users\sambhavi\git\staging-mccc\Reports\Al links are accessible\20190409_114358\requests\main\133.har

2019-04-09 11:45:02 - [MESSAGE][PASSED] - Send request successfully

2019-04-09 11:45:02 - [MESSAGE][INFO] - HAR: C:\Users\sambhavi\git\staging-mccc\Reports\Al links are accessible\20190409_114358\requests\main\134.har

2019-04-09 11:45:02 - [MESSAGE][PASSED] - Send request successfully

2019-04-09 11:45:02 - [MESSAGE][INFO] - HAR: C:\Users\sambhavi\git\staging-mccc\Reports\Al links are accessible\20190409_114358\requests\main\135.har

2019-04-09 11:45:02 - [MESSAGE][PASSED] - Send request successfully

2019-04-09 11:45:02 - [MESSAGE][INFO] - HAR: C:\Users\sambhavi\git\staging-mccc\Reports\Al links are accessible\20190409_114358\requests\main\136.har

2019-04-09 11:45:02 - [MESSAGE][PASSED] - Send request successfully

2019-04-09 11:45:02 - [MESSAGE][INFO] - HAR: C:\Users\sambhavi\git\staging-mccc\Reports\Al links are accessible\20190409_114358\requests\main\137.har

2019-04-09 11:45:02 - [MESSAGE][PASSED] - Send request successfully

2019-04-09 11:45:02 - [MESSAGE][INFO] - HAR: C:\Users\sambhavi\git\staging-mccc\Reports\Al links are accessible\20190409_114358\requests\main\138.har

2019-04-09 11:45:02 - [MESSAGE][PASSED] - Send request successfully

2019-04-09 11:45:02 - [MESSAGE][INFO] - HAR: C:\Users\sambhavi\git\staging-mccc\Reports\Al links are accessible\20190409_114358\requests\main\139.har

2019-04-09 11:45:02 - [MESSAGE][PASSED] - Send request successfully

2019-04-09 11:45:02 - [MESSAGE][INFO] - HAR: C:\Users\sambhavi\git\staging-mccc\Reports\Al links are accessible\20190409_114358\requests\main\140.har

2019-04-09 11:45:02 - [MESSAGE][PASSED] - Send request successfully

2019-04-09 11:45:02 - [MESSAGE][INFO] - HAR: C:\Users\sambhavi\git\staging-mccc\Reports\Al links are accessible\20190409_114358\requests\main\141.har

2019-04-09 11:45:02 - [MESSAGE][PASSED] - Send request successfully

2019-04-09 11:45:02 - [MESSAGE][INFO] - HAR: C:\Users\sambhavi\git\staging-mccc\Reports\Al links are accessible\20190409_114358\requests\main\142.har

2019-04-09 11:45:02 - [MESSAGE][PASSED] - Send request successfully

2019-04-09 11:45:02 - [MESSAGE][INFO] - HAR: C:\Users\sambhavi\git\staging-mccc\Reports\Al links are accessible\20190409_114358\requests\main\143.har

2019-04-09 11:45:02 - [MESSAGE][PASSED] - Send request successfully

2019-04-09 11:45:02 - [MESSAGE][INFO] - HAR: C:\Users\sambhavi\git\staging-mccc\Reports\Al links are accessible\20190409_114358\requests\main\144.har

2019-04-09 11:45:02 - [MESSAGE][PASSED] - Send request successfully

2019-04-09 11:45:02 - [MESSAGE][INFO] - HAR: C:\Users\sambhavi\git\staging-mccc\Reports\Al links are accessible\20190409_114358\requests\main\145.har

2019-04-09 11:45:02 - [MESSAGE][PASSED] - Send request successfully

2019-04-09 11:45:02 - [MESSAGE][INFO] - HAR: C:\Users\sambhavi\git\staging-mccc\Reports\Al links are accessible\20190409_114358\requests\main\146.har

2019-04-09 11:45:02 - [MESSAGE][PASSED] - Send request successfully

2019-04-09 11:45:02 - [MESSAGE][INFO] - HAR: C:\Users\sambhavi\git\staging-mccc\Reports\Al links are accessible\20190409_114358\requests\main\147.har

2019-04-09 11:45:02 - [MESSAGE][PASSED] - Send request successfully

2019-04-09 11:45:02 - [MESSAGE][INFO] - HAR: C:\Users\sambhavi\git\staging-mccc\Reports\Al links are accessible\20190409_114358\requests\main\148.har

2019-04-09 11:45:02 - [MESSAGE][PASSED] - Send request successfully

2019-04-09 11:45:02 - [MESSAGE][INFO] - HAR: C:\Users\sambhavi\git\staging-mccc\Reports\Al links are accessible\20190409_114358\requests\main\149.har

2019-04-09 11:45:02 - [MESSAGE][PASSED] - Send request successfully

2019-04-09 11:45:02 - [MESSAGE][INFO] - HAR: C:\Users\sambhavi\git\staging-mccc\Reports\Al links are accessible\20190409_114358\requests\main\150.har

2019-04-09 11:45:02 - [MESSAGE][PASSED] - Send request successfully

2019-04-09 11:45:02 - [MESSAGE][INFO] - HAR: C:\Users\sambhavi\git\staging-mccc\Reports\Al links are accessible\20190409_114358\requests\main\151.har

2019-04-09 11:45:02 - [MESSAGE][PASSED] - Send request successfully

2019-04-09 11:45:02 - [MESSAGE][INFO] - HAR: C:\Users\sambhavi\git\staging-mccc\Reports\Al links are accessible\20190409_114358\requests\main\152.har

2019-04-09 11:45:02 - [MESSAGE][PASSED] - Send request successfully

2019-04-09 11:45:02 - [MESSAGE][INFO] - HAR: C:\Users\sambhavi\git\staging-mccc\Reports\Al links are accessible\20190409_114358\requests\main\153.har

2019-04-09 11:45:02 - [MESSAGE][PASSED] - Send request successfully

2019-04-09 11:45:02 - [MESSAGE][INFO] - HAR: C:\Users\sambhavi\git\staging-mccc\Reports\Al links are accessible\20190409_114358\requests\main\154.har

2019-04-09 11:45:02 - [MESSAGE][PASSED] - Send request successfully

2019-04-09 11:45:02 - [MESSAGE][INFO] - HAR: C:\Users\sambhavi\git\staging-mccc\Reports\Al links are accessible\20190409_114358\requests\main\155.har

2019-04-09 11:45:02 - [MESSAGE][PASSED] - Send request successfully

2019-04-09 11:45:02 - [MESSAGE][INFO] - HAR: C:\Users\sambhavi\git\staging-mccc\Reports\Al links are accessible\20190409_114358\requests\main\156.har

2019-04-09 11:45:02 - [MESSAGE][PASSED] - Send request successfully

2019-04-09 11:45:02 - [MESSAGE][PASSED] - All links are accessible

2019-04-09 11:45:02 - [MESSAGE][PASSED] - All links on the page 'http://192.168.0.28:90/detail/10/DISABLED_FULL/9' are accessible]]></system-out>
         <system-err><![CDATA[]]></system-err>
      </testcase>
      <testcase name="Test Cases/All Links are Accessible/Full" classname="Test Cases/All Links are Accessible/Full" status="PASSED">
         <system-out><![CDATA[2019-04-09 11:45:02 - [TEST_CASE][PASSED] - Test Cases/All Links are Accessible/Full: Test Cases/All Links are Accessible/Full

2019-04-09 11:45:02 - [TEST_STEP][PASSED] - comment("Verifying Whether Links are Working or not when we click on Full buynow page"): Verifying Whether Links are Working or not when we click on Full buynow page

2019-04-09 11:45:02 - [MESSAGE][INFO] - Verifying Whether Links are Working or not when we click on Full buynow page

2019-04-09 11:45:02 - [TEST_STEP][PASSED] - openBrowser(""): Browser is opened with url: ''

2019-04-09 11:45:02 - [MESSAGE][WARNING] - A browser is already opened. Closing browser and opening a new one

2019-04-09 11:45:03 - [MESSAGE][INFO] - Starting 'Chrome' driver

2019-04-09 11:45:06 - [MESSAGE][PASSED] - Browser is opened with url: ''

2019-04-09 11:45:06 - [TEST_STEP][PASSED] - navigateToUrl("http://192.168.0.28:90/detail/6/FULL/1"): Navigate to 'http://192.168.0.28:90/detail/6/FULL/1' successfully

2019-04-09 11:45:09 - [MESSAGE][PASSED] - Navigate to 'http://192.168.0.28:90/detail/6/FULL/1' successfully

2019-04-09 11:45:09 - [TEST_STEP][PASSED] - verifyTextPresent("FULL MEMBERSHIP", false): Text 'FULL MEMBERSHIP' is present on page 

2019-04-09 11:45:09 - [MESSAGE][PASSED] - Text 'FULL MEMBERSHIP' is present on page 

2019-04-09 11:45:09 - [TEST_STEP][PASSED] - getAllLinksOnCurrentPage(false, []): Found 32 unique links on the page http://192.168.0.28:90/detail/6/FULL/1

2019-04-09 11:45:10 - [MESSAGE][PASSED] - Found 32 unique links on the page http://192.168.0.28:90/detail/6/FULL/1

2019-04-09 11:45:10 - [TEST_STEP][PASSED] - verifyAllLinksOnCurrentPageAccessible(false, []): All links on the page 'http://192.168.0.28:90/detail/6/FULL/1' are accessible

2019-04-09 11:45:10 - [MESSAGE][PASSED] - Found 32 unique links on the page http://192.168.0.28:90/detail/6/FULL/1

2019-04-09 11:45:10 - [MESSAGE][INFO] - HAR: C:\Users\sambhavi\git\staging-mccc\Reports\Al links are accessible\20190409_114358\requests\main\157.har

2019-04-09 11:45:10 - [MESSAGE][PASSED] - Send request successfully

2019-04-09 11:45:10 - [MESSAGE][INFO] - HAR: C:\Users\sambhavi\git\staging-mccc\Reports\Al links are accessible\20190409_114358\requests\main\158.har

2019-04-09 11:45:10 - [MESSAGE][PASSED] - Send request successfully

2019-04-09 11:45:10 - [MESSAGE][INFO] - HAR: C:\Users\sambhavi\git\staging-mccc\Reports\Al links are accessible\20190409_114358\requests\main\159.har

2019-04-09 11:45:10 - [MESSAGE][PASSED] - Send request successfully

2019-04-09 11:45:10 - [MESSAGE][INFO] - HAR: C:\Users\sambhavi\git\staging-mccc\Reports\Al links are accessible\20190409_114358\requests\main\160.har

2019-04-09 11:45:10 - [MESSAGE][PASSED] - Send request successfully

2019-04-09 11:45:10 - [MESSAGE][INFO] - HAR: C:\Users\sambhavi\git\staging-mccc\Reports\Al links are accessible\20190409_114358\requests\main\161.har

2019-04-09 11:45:10 - [MESSAGE][PASSED] - Send request successfully

2019-04-09 11:45:10 - [MESSAGE][INFO] - HAR: C:\Users\sambhavi\git\staging-mccc\Reports\Al links are accessible\20190409_114358\requests\main\162.har

2019-04-09 11:45:10 - [MESSAGE][PASSED] - Send request successfully

2019-04-09 11:45:10 - [MESSAGE][INFO] - HAR: C:\Users\sambhavi\git\staging-mccc\Reports\Al links are accessible\20190409_114358\requests\main\163.har

2019-04-09 11:45:10 - [MESSAGE][PASSED] - Send request successfully

2019-04-09 11:45:10 - [MESSAGE][INFO] - HAR: C:\Users\sambhavi\git\staging-mccc\Reports\Al links are accessible\20190409_114358\requests\main\164.har

2019-04-09 11:45:10 - [MESSAGE][PASSED] - Send request successfully

2019-04-09 11:45:10 - [MESSAGE][INFO] - HAR: C:\Users\sambhavi\git\staging-mccc\Reports\Al links are accessible\20190409_114358\requests\main\165.har

2019-04-09 11:45:10 - [MESSAGE][PASSED] - Send request successfully

2019-04-09 11:45:10 - [MESSAGE][INFO] - HAR: C:\Users\sambhavi\git\staging-mccc\Reports\Al links are accessible\20190409_114358\requests\main\166.har

2019-04-09 11:45:10 - [MESSAGE][PASSED] - Send request successfully

2019-04-09 11:45:11 - [MESSAGE][INFO] - HAR: C:\Users\sambhavi\git\staging-mccc\Reports\Al links are accessible\20190409_114358\requests\main\167.har

2019-04-09 11:45:11 - [MESSAGE][PASSED] - Send request successfully

2019-04-09 11:45:11 - [MESSAGE][INFO] - HAR: C:\Users\sambhavi\git\staging-mccc\Reports\Al links are accessible\20190409_114358\requests\main\168.har

2019-04-09 11:45:11 - [MESSAGE][PASSED] - Send request successfully

2019-04-09 11:45:11 - [MESSAGE][INFO] - HAR: C:\Users\sambhavi\git\staging-mccc\Reports\Al links are accessible\20190409_114358\requests\main\169.har

2019-04-09 11:45:11 - [MESSAGE][PASSED] - Send request successfully

2019-04-09 11:45:11 - [MESSAGE][INFO] - HAR: C:\Users\sambhavi\git\staging-mccc\Reports\Al links are accessible\20190409_114358\requests\main\170.har

2019-04-09 11:45:11 - [MESSAGE][PASSED] - Send request successfully

2019-04-09 11:45:11 - [MESSAGE][INFO] - HAR: C:\Users\sambhavi\git\staging-mccc\Reports\Al links are accessible\20190409_114358\requests\main\171.har

2019-04-09 11:45:11 - [MESSAGE][PASSED] - Send request successfully

2019-04-09 11:45:11 - [MESSAGE][INFO] - HAR: C:\Users\sambhavi\git\staging-mccc\Reports\Al links are accessible\20190409_114358\requests\main\172.har

2019-04-09 11:45:11 - [MESSAGE][PASSED] - Send request successfully

2019-04-09 11:45:11 - [MESSAGE][INFO] - HAR: C:\Users\sambhavi\git\staging-mccc\Reports\Al links are accessible\20190409_114358\requests\main\173.har

2019-04-09 11:45:11 - [MESSAGE][PASSED] - Send request successfully

2019-04-09 11:45:11 - [MESSAGE][INFO] - HAR: C:\Users\sambhavi\git\staging-mccc\Reports\Al links are accessible\20190409_114358\requests\main\174.har

2019-04-09 11:45:11 - [MESSAGE][PASSED] - Send request successfully

2019-04-09 11:45:11 - [MESSAGE][INFO] - HAR: C:\Users\sambhavi\git\staging-mccc\Reports\Al links are accessible\20190409_114358\requests\main\175.har

2019-04-09 11:45:11 - [MESSAGE][PASSED] - Send request successfully

2019-04-09 11:45:11 - [MESSAGE][INFO] - HAR: C:\Users\sambhavi\git\staging-mccc\Reports\Al links are accessible\20190409_114358\requests\main\176.har

2019-04-09 11:45:11 - [MESSAGE][PASSED] - Send request successfully

2019-04-09 11:45:11 - [MESSAGE][INFO] - HAR: C:\Users\sambhavi\git\staging-mccc\Reports\Al links are accessible\20190409_114358\requests\main\177.har

2019-04-09 11:45:11 - [MESSAGE][PASSED] - Send request successfully

2019-04-09 11:45:11 - [MESSAGE][INFO] - HAR: C:\Users\sambhavi\git\staging-mccc\Reports\Al links are accessible\20190409_114358\requests\main\178.har

2019-04-09 11:45:11 - [MESSAGE][PASSED] - Send request successfully

2019-04-09 11:45:11 - [MESSAGE][INFO] - HAR: C:\Users\sambhavi\git\staging-mccc\Reports\Al links are accessible\20190409_114358\requests\main\179.har

2019-04-09 11:45:11 - [MESSAGE][PASSED] - Send request successfully

2019-04-09 11:45:11 - [MESSAGE][INFO] - HAR: C:\Users\sambhavi\git\staging-mccc\Reports\Al links are accessible\20190409_114358\requests\main\180.har

2019-04-09 11:45:11 - [MESSAGE][PASSED] - Send request successfully

2019-04-09 11:45:11 - [MESSAGE][INFO] - HAR: C:\Users\sambhavi\git\staging-mccc\Reports\Al links are accessible\20190409_114358\requests\main\181.har

2019-04-09 11:45:11 - [MESSAGE][PASSED] - Send request successfully

2019-04-09 11:45:11 - [MESSAGE][INFO] - HAR: C:\Users\sambhavi\git\staging-mccc\Reports\Al links are accessible\20190409_114358\requests\main\182.har

2019-04-09 11:45:11 - [MESSAGE][PASSED] - Send request successfully

2019-04-09 11:45:11 - [MESSAGE][INFO] - HAR: C:\Users\sambhavi\git\staging-mccc\Reports\Al links are accessible\20190409_114358\requests\main\183.har

2019-04-09 11:45:11 - [MESSAGE][PASSED] - Send request successfully

2019-04-09 11:45:11 - [MESSAGE][INFO] - HAR: C:\Users\sambhavi\git\staging-mccc\Reports\Al links are accessible\20190409_114358\requests\main\184.har

2019-04-09 11:45:11 - [MESSAGE][PASSED] - Send request successfully

2019-04-09 11:45:11 - [MESSAGE][INFO] - HAR: C:\Users\sambhavi\git\staging-mccc\Reports\Al links are accessible\20190409_114358\requests\main\185.har

2019-04-09 11:45:11 - [MESSAGE][PASSED] - Send request successfully

2019-04-09 11:45:11 - [MESSAGE][INFO] - HAR: C:\Users\sambhavi\git\staging-mccc\Reports\Al links are accessible\20190409_114358\requests\main\186.har

2019-04-09 11:45:11 - [MESSAGE][PASSED] - Send request successfully

2019-04-09 11:45:11 - [MESSAGE][INFO] - HAR: C:\Users\sambhavi\git\staging-mccc\Reports\Al links are accessible\20190409_114358\requests\main\187.har

2019-04-09 11:45:11 - [MESSAGE][PASSED] - Send request successfully

2019-04-09 11:45:11 - [MESSAGE][INFO] - HAR: C:\Users\sambhavi\git\staging-mccc\Reports\Al links are accessible\20190409_114358\requests\main\188.har

2019-04-09 11:45:11 - [MESSAGE][PASSED] - Send request successfully

2019-04-09 11:45:11 - [MESSAGE][PASSED] - All links are accessible

2019-04-09 11:45:11 - [MESSAGE][PASSED] - All links on the page 'http://192.168.0.28:90/detail/6/FULL/1' are accessible]]></system-out>
         <system-err><![CDATA[]]></system-err>
      </testcase>
      <testcase name="Test Cases/All Links are Accessible/Junior" classname="Test Cases/All Links are Accessible/Junior" status="PASSED">
         <system-out><![CDATA[2019-04-09 11:45:11 - [TEST_CASE][PASSED] - Test Cases/All Links are Accessible/Junior: Test Cases/All Links are Accessible/Junior

2019-04-09 11:45:11 - [TEST_STEP][PASSED] - comment("Verifying Whether Links are Working or not when we click on Junior buynow page"): Verifying Whether Links are Working or not when we click on Junior buynow page

2019-04-09 11:45:11 - [MESSAGE][INFO] - Verifying Whether Links are Working or not when we click on Junior buynow page

2019-04-09 11:45:11 - [TEST_STEP][PASSED] - openBrowser(""): Browser is opened with url: ''

2019-04-09 11:45:11 - [MESSAGE][WARNING] - A browser is already opened. Closing browser and opening a new one

2019-04-09 11:45:12 - [MESSAGE][INFO] - Starting 'Chrome' driver

2019-04-09 11:45:14 - [MESSAGE][PASSED] - Browser is opened with url: ''

2019-04-09 11:45:14 - [TEST_STEP][PASSED] - navigateToUrl("http://192.168.0.28:90/detail/13/JUNIOR/12"): Navigate to 'http://192.168.0.28:90/detail/13/JUNIOR/12' successfully

2019-04-09 11:45:17 - [MESSAGE][PASSED] - Navigate to 'http://192.168.0.28:90/detail/13/JUNIOR/12' successfully

2019-04-09 11:45:17 - [TEST_STEP][PASSED] - delay(5): Delayed 5 second(s)

2019-04-09 11:45:22 - [MESSAGE][PASSED] - Delayed 5 second(s)

2019-04-09 11:45:22 - [TEST_STEP][PASSED] - verifyTextPresent("JUNIOR MEMBERSHIP", false): Text 'JUNIOR MEMBERSHIP' is present on page 

2019-04-09 11:45:22 - [MESSAGE][PASSED] - Text 'JUNIOR MEMBERSHIP' is present on page 

2019-04-09 11:45:22 - [TEST_STEP][PASSED] - getAllLinksOnCurrentPage(false, []): Found 30 unique links on the page http://192.168.0.28:90/detail/13/JUNIOR/12

2019-04-09 11:45:23 - [MESSAGE][PASSED] - Found 30 unique links on the page http://192.168.0.28:90/detail/13/JUNIOR/12

2019-04-09 11:45:23 - [TEST_STEP][PASSED] - verifyAllLinksOnCurrentPageAccessible(false, []): All links on the page 'http://192.168.0.28:90/detail/13/JUNIOR/12' are accessible

2019-04-09 11:45:23 - [MESSAGE][PASSED] - Found 30 unique links on the page http://192.168.0.28:90/detail/13/JUNIOR/12

2019-04-09 11:45:23 - [MESSAGE][INFO] - HAR: C:\Users\sambhavi\git\staging-mccc\Reports\Al links are accessible\20190409_114358\requests\main\189.har

2019-04-09 11:45:23 - [MESSAGE][PASSED] - Send request successfully

2019-04-09 11:45:23 - [MESSAGE][INFO] - HAR: C:\Users\sambhavi\git\staging-mccc\Reports\Al links are accessible\20190409_114358\requests\main\190.har

2019-04-09 11:45:23 - [MESSAGE][PASSED] - Send request successfully

2019-04-09 11:45:23 - [MESSAGE][INFO] - HAR: C:\Users\sambhavi\git\staging-mccc\Reports\Al links are accessible\20190409_114358\requests\main\191.har

2019-04-09 11:45:23 - [MESSAGE][PASSED] - Send request successfully

2019-04-09 11:45:23 - [MESSAGE][INFO] - HAR: C:\Users\sambhavi\git\staging-mccc\Reports\Al links are accessible\20190409_114358\requests\main\192.har

2019-04-09 11:45:23 - [MESSAGE][PASSED] - Send request successfully

2019-04-09 11:45:23 - [MESSAGE][INFO] - HAR: C:\Users\sambhavi\git\staging-mccc\Reports\Al links are accessible\20190409_114358\requests\main\193.har

2019-04-09 11:45:23 - [MESSAGE][PASSED] - Send request successfully

2019-04-09 11:45:23 - [MESSAGE][INFO] - HAR: C:\Users\sambhavi\git\staging-mccc\Reports\Al links are accessible\20190409_114358\requests\main\194.har

2019-04-09 11:45:24 - [MESSAGE][PASSED] - Send request successfully

2019-04-09 11:45:24 - [MESSAGE][INFO] - HAR: C:\Users\sambhavi\git\staging-mccc\Reports\Al links are accessible\20190409_114358\requests\main\195.har

2019-04-09 11:45:24 - [MESSAGE][PASSED] - Send request successfully

2019-04-09 11:45:24 - [MESSAGE][INFO] - HAR: C:\Users\sambhavi\git\staging-mccc\Reports\Al links are accessible\20190409_114358\requests\main\196.har

2019-04-09 11:45:24 - [MESSAGE][PASSED] - Send request successfully

2019-04-09 11:45:24 - [MESSAGE][INFO] - HAR: C:\Users\sambhavi\git\staging-mccc\Reports\Al links are accessible\20190409_114358\requests\main\197.har

2019-04-09 11:45:24 - [MESSAGE][PASSED] - Send request successfully

2019-04-09 11:45:24 - [MESSAGE][INFO] - HAR: C:\Users\sambhavi\git\staging-mccc\Reports\Al links are accessible\20190409_114358\requests\main\198.har

2019-04-09 11:45:24 - [MESSAGE][PASSED] - Send request successfully

2019-04-09 11:45:24 - [MESSAGE][INFO] - HAR: C:\Users\sambhavi\git\staging-mccc\Reports\Al links are accessible\20190409_114358\requests\main\199.har

2019-04-09 11:45:24 - [MESSAGE][PASSED] - Send request successfully

2019-04-09 11:45:24 - [MESSAGE][INFO] - HAR: C:\Users\sambhavi\git\staging-mccc\Reports\Al links are accessible\20190409_114358\requests\main\200.har

2019-04-09 11:45:24 - [MESSAGE][PASSED] - Send request successfully

2019-04-09 11:45:24 - [MESSAGE][INFO] - HAR: C:\Users\sambhavi\git\staging-mccc\Reports\Al links are accessible\20190409_114358\requests\main\201.har

2019-04-09 11:45:24 - [MESSAGE][PASSED] - Send request successfully

2019-04-09 11:45:24 - [MESSAGE][INFO] - HAR: C:\Users\sambhavi\git\staging-mccc\Reports\Al links are accessible\20190409_114358\requests\main\202.har

2019-04-09 11:45:24 - [MESSAGE][PASSED] - Send request successfully

2019-04-09 11:45:24 - [MESSAGE][INFO] - HAR: C:\Users\sambhavi\git\staging-mccc\Reports\Al links are accessible\20190409_114358\requests\main\203.har

2019-04-09 11:45:24 - [MESSAGE][PASSED] - Send request successfully

2019-04-09 11:45:24 - [MESSAGE][INFO] - HAR: C:\Users\sambhavi\git\staging-mccc\Reports\Al links are accessible\20190409_114358\requests\main\204.har

2019-04-09 11:45:24 - [MESSAGE][PASSED] - Send request successfully

2019-04-09 11:45:24 - [MESSAGE][INFO] - HAR: C:\Users\sambhavi\git\staging-mccc\Reports\Al links are accessible\20190409_114358\requests\main\205.har

2019-04-09 11:45:24 - [MESSAGE][PASSED] - Send request successfully

2019-04-09 11:45:24 - [MESSAGE][INFO] - HAR: C:\Users\sambhavi\git\staging-mccc\Reports\Al links are accessible\20190409_114358\requests\main\206.har

2019-04-09 11:45:24 - [MESSAGE][PASSED] - Send request successfully

2019-04-09 11:45:24 - [MESSAGE][INFO] - HAR: C:\Users\sambhavi\git\staging-mccc\Reports\Al links are accessible\20190409_114358\requests\main\207.har

2019-04-09 11:45:24 - [MESSAGE][PASSED] - Send request successfully

2019-04-09 11:45:24 - [MESSAGE][INFO] - HAR: C:\Users\sambhavi\git\staging-mccc\Reports\Al links are accessible\20190409_114358\requests\main\208.har

2019-04-09 11:45:24 - [MESSAGE][PASSED] - Send request successfully

2019-04-09 11:45:24 - [MESSAGE][INFO] - HAR: C:\Users\sambhavi\git\staging-mccc\Reports\Al links are accessible\20190409_114358\requests\main\209.har

2019-04-09 11:45:24 - [MESSAGE][PASSED] - Send request successfully

2019-04-09 11:45:24 - [MESSAGE][INFO] - HAR: C:\Users\sambhavi\git\staging-mccc\Reports\Al links are accessible\20190409_114358\requests\main\210.har

2019-04-09 11:45:24 - [MESSAGE][PASSED] - Send request successfully

2019-04-09 11:45:24 - [MESSAGE][INFO] - HAR: C:\Users\sambhavi\git\staging-mccc\Reports\Al links are accessible\20190409_114358\requests\main\211.har

2019-04-09 11:45:24 - [MESSAGE][PASSED] - Send request successfully

2019-04-09 11:45:24 - [MESSAGE][INFO] - HAR: C:\Users\sambhavi\git\staging-mccc\Reports\Al links are accessible\20190409_114358\requests\main\212.har

2019-04-09 11:45:24 - [MESSAGE][PASSED] - Send request successfully

2019-04-09 11:45:24 - [MESSAGE][INFO] - HAR: C:\Users\sambhavi\git\staging-mccc\Reports\Al links are accessible\20190409_114358\requests\main\213.har

2019-04-09 11:45:24 - [MESSAGE][PASSED] - Send request successfully

2019-04-09 11:45:24 - [MESSAGE][INFO] - HAR: C:\Users\sambhavi\git\staging-mccc\Reports\Al links are accessible\20190409_114358\requests\main\214.har

2019-04-09 11:45:24 - [MESSAGE][PASSED] - Send request successfully

2019-04-09 11:45:24 - [MESSAGE][INFO] - HAR: C:\Users\sambhavi\git\staging-mccc\Reports\Al links are accessible\20190409_114358\requests\main\215.har

2019-04-09 11:45:24 - [MESSAGE][PASSED] - Send request successfully

2019-04-09 11:45:24 - [MESSAGE][INFO] - HAR: C:\Users\sambhavi\git\staging-mccc\Reports\Al links are accessible\20190409_114358\requests\main\216.har

2019-04-09 11:45:24 - [MESSAGE][PASSED] - Send request successfully

2019-04-09 11:45:24 - [MESSAGE][INFO] - HAR: C:\Users\sambhavi\git\staging-mccc\Reports\Al links are accessible\20190409_114358\requests\main\217.har

2019-04-09 11:45:24 - [MESSAGE][PASSED] - Send request successfully

2019-04-09 11:45:24 - [MESSAGE][INFO] - HAR: C:\Users\sambhavi\git\staging-mccc\Reports\Al links are accessible\20190409_114358\requests\main\218.har

2019-04-09 11:45:24 - [MESSAGE][PASSED] - Send request successfully

2019-04-09 11:45:24 - [MESSAGE][PASSED] - All links are accessible

2019-04-09 11:45:24 - [MESSAGE][PASSED] - All links on the page 'http://192.168.0.28:90/detail/13/JUNIOR/12' are accessible]]></system-out>
         <system-err><![CDATA[]]></system-err>
      </testcase>
      <testcase name="Test Cases/All Links are Accessible/Teen" classname="Test Cases/All Links are Accessible/Teen" status="PASSED">
         <system-out><![CDATA[2019-04-09 11:45:24 - [TEST_CASE][PASSED] - Test Cases/All Links are Accessible/Teen: Test Cases/All Links are Accessible/Teen

2019-04-09 11:45:24 - [TEST_STEP][PASSED] - comment("Verifying Whether Links are Working or not when we click on Teen buynow page"): Verifying Whether Links are Working or not when we click on Teen buynow page

2019-04-09 11:45:24 - [MESSAGE][INFO] - Verifying Whether Links are Working or not when we click on Teen buynow page

2019-04-09 11:45:24 - [TEST_STEP][PASSED] - openBrowser(""): Browser is opened with url: ''

2019-04-09 11:45:24 - [MESSAGE][WARNING] - A browser is already opened. Closing browser and opening a new one

2019-04-09 11:45:25 - [MESSAGE][INFO] - Starting 'Chrome' driver

2019-04-09 11:45:29 - [MESSAGE][PASSED] - Browser is opened with url: ''

2019-04-09 11:45:29 - [TEST_STEP][PASSED] - navigateToUrl("http://192.168.0.28:90/detail/12/TEEN/11"): Navigate to 'http://192.168.0.28:90/detail/12/TEEN/11' successfully

2019-04-09 11:45:31 - [MESSAGE][PASSED] - Navigate to 'http://192.168.0.28:90/detail/12/TEEN/11' successfully

2019-04-09 11:45:31 - [TEST_STEP][PASSED] - delay(5): Delayed 5 second(s)

2019-04-09 11:45:36 - [MESSAGE][PASSED] - Delayed 5 second(s)

2019-04-09 11:45:36 - [TEST_STEP][PASSED] - verifyTextPresent("TEEN MEMBERSHIP", false): Text 'TEEN MEMBERSHIP' is present on page 

2019-04-09 11:45:36 - [MESSAGE][PASSED] - Text 'TEEN MEMBERSHIP' is present on page 

2019-04-09 11:45:36 - [TEST_STEP][PASSED] - getAllLinksOnCurrentPage(false, []): Found 30 unique links on the page http://192.168.0.28:90/detail/12/TEEN/11

2019-04-09 11:45:36 - [MESSAGE][PASSED] - Found 30 unique links on the page http://192.168.0.28:90/detail/12/TEEN/11

2019-04-09 11:45:36 - [TEST_STEP][PASSED] - verifyAllLinksOnCurrentPageAccessible(false, []): All links on the page 'http://192.168.0.28:90/detail/12/TEEN/11' are accessible

2019-04-09 11:45:37 - [MESSAGE][PASSED] - Found 30 unique links on the page http://192.168.0.28:90/detail/12/TEEN/11

2019-04-09 11:45:37 - [MESSAGE][INFO] - HAR: C:\Users\sambhavi\git\staging-mccc\Reports\Al links are accessible\20190409_114358\requests\main\219.har

2019-04-09 11:45:37 - [MESSAGE][PASSED] - Send request successfully

2019-04-09 11:45:37 - [MESSAGE][INFO] - HAR: C:\Users\sambhavi\git\staging-mccc\Reports\Al links are accessible\20190409_114358\requests\main\220.har

2019-04-09 11:45:37 - [MESSAGE][PASSED] - Send request successfully

2019-04-09 11:45:37 - [MESSAGE][INFO] - HAR: C:\Users\sambhavi\git\staging-mccc\Reports\Al links are accessible\20190409_114358\requests\main\221.har

2019-04-09 11:45:37 - [MESSAGE][PASSED] - Send request successfully

2019-04-09 11:45:37 - [MESSAGE][INFO] - HAR: C:\Users\sambhavi\git\staging-mccc\Reports\Al links are accessible\20190409_114358\requests\main\222.har

2019-04-09 11:45:37 - [MESSAGE][PASSED] - Send request successfully

2019-04-09 11:45:37 - [MESSAGE][INFO] - HAR: C:\Users\sambhavi\git\staging-mccc\Reports\Al links are accessible\20190409_114358\requests\main\223.har

2019-04-09 11:45:37 - [MESSAGE][PASSED] - Send request successfully

2019-04-09 11:45:37 - [MESSAGE][INFO] - HAR: C:\Users\sambhavi\git\staging-mccc\Reports\Al links are accessible\20190409_114358\requests\main\224.har

2019-04-09 11:45:37 - [MESSAGE][PASSED] - Send request successfully

2019-04-09 11:45:37 - [MESSAGE][INFO] - HAR: C:\Users\sambhavi\git\staging-mccc\Reports\Al links are accessible\20190409_114358\requests\main\225.har

2019-04-09 11:45:37 - [MESSAGE][PASSED] - Send request successfully

2019-04-09 11:45:37 - [MESSAGE][INFO] - HAR: C:\Users\sambhavi\git\staging-mccc\Reports\Al links are accessible\20190409_114358\requests\main\226.har

2019-04-09 11:45:37 - [MESSAGE][PASSED] - Send request successfully

2019-04-09 11:45:37 - [MESSAGE][INFO] - HAR: C:\Users\sambhavi\git\staging-mccc\Reports\Al links are accessible\20190409_114358\requests\main\227.har

2019-04-09 11:45:37 - [MESSAGE][PASSED] - Send request successfully

2019-04-09 11:45:37 - [MESSAGE][INFO] - HAR: C:\Users\sambhavi\git\staging-mccc\Reports\Al links are accessible\20190409_114358\requests\main\228.har

2019-04-09 11:45:37 - [MESSAGE][PASSED] - Send request successfully

2019-04-09 11:45:37 - [MESSAGE][INFO] - HAR: C:\Users\sambhavi\git\staging-mccc\Reports\Al links are accessible\20190409_114358\requests\main\229.har

2019-04-09 11:45:37 - [MESSAGE][PASSED] - Send request successfully

2019-04-09 11:45:37 - [MESSAGE][INFO] - HAR: C:\Users\sambhavi\git\staging-mccc\Reports\Al links are accessible\20190409_114358\requests\main\230.har

2019-04-09 11:45:37 - [MESSAGE][PASSED] - Send request successfully

2019-04-09 11:45:37 - [MESSAGE][INFO] - HAR: C:\Users\sambhavi\git\staging-mccc\Reports\Al links are accessible\20190409_114358\requests\main\231.har

2019-04-09 11:45:37 - [MESSAGE][PASSED] - Send request successfully

2019-04-09 11:45:37 - [MESSAGE][INFO] - HAR: C:\Users\sambhavi\git\staging-mccc\Reports\Al links are accessible\20190409_114358\requests\main\232.har

2019-04-09 11:45:37 - [MESSAGE][PASSED] - Send request successfully

2019-04-09 11:45:37 - [MESSAGE][INFO] - HAR: C:\Users\sambhavi\git\staging-mccc\Reports\Al links are accessible\20190409_114358\requests\main\233.har

2019-04-09 11:45:37 - [MESSAGE][PASSED] - Send request successfully

2019-04-09 11:45:37 - [MESSAGE][INFO] - HAR: C:\Users\sambhavi\git\staging-mccc\Reports\Al links are accessible\20190409_114358\requests\main\234.har

2019-04-09 11:45:37 - [MESSAGE][PASSED] - Send request successfully

2019-04-09 11:45:37 - [MESSAGE][INFO] - HAR: C:\Users\sambhavi\git\staging-mccc\Reports\Al links are accessible\20190409_114358\requests\main\235.har

2019-04-09 11:45:37 - [MESSAGE][PASSED] - Send request successfully

2019-04-09 11:45:37 - [MESSAGE][INFO] - HAR: C:\Users\sambhavi\git\staging-mccc\Reports\Al links are accessible\20190409_114358\requests\main\236.har

2019-04-09 11:45:37 - [MESSAGE][PASSED] - Send request successfully

2019-04-09 11:45:37 - [MESSAGE][INFO] - HAR: C:\Users\sambhavi\git\staging-mccc\Reports\Al links are accessible\20190409_114358\requests\main\237.har

2019-04-09 11:45:37 - [MESSAGE][PASSED] - Send request successfully

2019-04-09 11:45:37 - [MESSAGE][INFO] - HAR: C:\Users\sambhavi\git\staging-mccc\Reports\Al links are accessible\20190409_114358\requests\main\238.har

2019-04-09 11:45:37 - [MESSAGE][PASSED] - Send request successfully

2019-04-09 11:45:37 - [MESSAGE][INFO] - HAR: C:\Users\sambhavi\git\staging-mccc\Reports\Al links are accessible\20190409_114358\requests\main\239.har

2019-04-09 11:45:37 - [MESSAGE][PASSED] - Send request successfully

2019-04-09 11:45:37 - [MESSAGE][INFO] - HAR: C:\Users\sambhavi\git\staging-mccc\Reports\Al links are accessible\20190409_114358\requests\main\240.har

2019-04-09 11:45:37 - [MESSAGE][PASSED] - Send request successfully

2019-04-09 11:45:37 - [MESSAGE][INFO] - HAR: C:\Users\sambhavi\git\staging-mccc\Reports\Al links are accessible\20190409_114358\requests\main\241.har

2019-04-09 11:45:37 - [MESSAGE][PASSED] - Send request successfully

2019-04-09 11:45:37 - [MESSAGE][INFO] - HAR: C:\Users\sambhavi\git\staging-mccc\Reports\Al links are accessible\20190409_114358\requests\main\242.har

2019-04-09 11:45:37 - [MESSAGE][PASSED] - Send request successfully

2019-04-09 11:45:37 - [MESSAGE][INFO] - HAR: C:\Users\sambhavi\git\staging-mccc\Reports\Al links are accessible\20190409_114358\requests\main\243.har

2019-04-09 11:45:37 - [MESSAGE][PASSED] - Send request successfully

2019-04-09 11:45:38 - [MESSAGE][INFO] - HAR: C:\Users\sambhavi\git\staging-mccc\Reports\Al links are accessible\20190409_114358\requests\main\244.har

2019-04-09 11:45:38 - [MESSAGE][PASSED] - Send request successfully

2019-04-09 11:45:38 - [MESSAGE][INFO] - HAR: C:\Users\sambhavi\git\staging-mccc\Reports\Al links are accessible\20190409_114358\requests\main\245.har

2019-04-09 11:45:38 - [MESSAGE][PASSED] - Send request successfully

2019-04-09 11:45:38 - [MESSAGE][INFO] - HAR: C:\Users\sambhavi\git\staging-mccc\Reports\Al links are accessible\20190409_114358\requests\main\246.har

2019-04-09 11:45:38 - [MESSAGE][PASSED] - Send request successfully

2019-04-09 11:45:38 - [MESSAGE][INFO] - HAR: C:\Users\sambhavi\git\staging-mccc\Reports\Al links are accessible\20190409_114358\requests\main\247.har

2019-04-09 11:45:38 - [MESSAGE][PASSED] - Send request successfully

2019-04-09 11:45:38 - [MESSAGE][INFO] - HAR: C:\Users\sambhavi\git\staging-mccc\Reports\Al links are accessible\20190409_114358\requests\main\248.har

2019-04-09 11:45:38 - [MESSAGE][PASSED] - Send request successfully

2019-04-09 11:45:38 - [MESSAGE][PASSED] - All links are accessible

2019-04-09 11:45:38 - [MESSAGE][PASSED] - All links on the page 'http://192.168.0.28:90/detail/12/TEEN/11' are accessible]]></system-out>
         <system-err><![CDATA[]]></system-err>
      </testcase>
      <testcase name="Test Cases/All Links are Accessible/Premier" classname="Test Cases/All Links are Accessible/Premier" status="PASSED">
         <system-out><![CDATA[2019-04-09 11:45:38 - [TEST_CASE][PASSED] - Test Cases/All Links are Accessible/Premier: Test Cases/All Links are Accessible/Premier

2019-04-09 11:45:38 - [TEST_STEP][PASSED] - openBrowser("Verifying  all links are working or not in Premier page"): Browser is opened with url: 'Verifying  all links are working or not in Premier page'

2019-04-09 11:45:38 - [MESSAGE][WARNING] - A browser is already opened. Closing browser and opening a new one

2019-04-09 11:45:39 - [MESSAGE][INFO] - Starting 'Chrome' driver

2019-04-09 11:45:43 - [MESSAGE][PASSED] - Browser is opened with url: 'Verifying  all links are working or not in Premier page'

2019-04-09 11:45:43 - [TEST_STEP][PASSED] - navigateToUrl("http://192.168.0.28:90/detail/5/PREMIER/0"): Navigate to 'http://192.168.0.28:90/detail/5/PREMIER/0' successfully

2019-04-09 11:45:44 - [MESSAGE][PASSED] - Navigate to 'http://192.168.0.28:90/detail/5/PREMIER/0' successfully

2019-04-09 11:45:44 - [TEST_STEP][PASSED] - delay(5): Delayed 5 second(s)

2019-04-09 11:45:49 - [MESSAGE][PASSED] - Delayed 5 second(s)

2019-04-09 11:45:49 - [TEST_STEP][PASSED] - verifyTextPresent("PREMIER MEMBERSHIP", false): Text 'PREMIER MEMBERSHIP' is present on page 

2019-04-09 11:45:50 - [MESSAGE][PASSED] - Text 'PREMIER MEMBERSHIP' is present on page 

2019-04-09 11:45:50 - [TEST_STEP][PASSED] - getAllLinksOnCurrentPage(false, []): Found 31 unique links on the page http://192.168.0.28:90/detail/5/PREMIER/0

2019-04-09 11:45:50 - [MESSAGE][PASSED] - Found 31 unique links on the page http://192.168.0.28:90/detail/5/PREMIER/0

2019-04-09 11:45:50 - [TEST_STEP][PASSED] - verifyAllLinksOnCurrentPageAccessible(false, []): All links on the page 'http://192.168.0.28:90/detail/5/PREMIER/0' are accessible

2019-04-09 11:45:50 - [MESSAGE][PASSED] - Found 31 unique links on the page http://192.168.0.28:90/detail/5/PREMIER/0

2019-04-09 11:45:51 - [MESSAGE][INFO] - HAR: C:\Users\sambhavi\git\staging-mccc\Reports\Al links are accessible\20190409_114358\requests\main\249.har

2019-04-09 11:45:51 - [MESSAGE][PASSED] - Send request successfully

2019-04-09 11:45:51 - [MESSAGE][INFO] - HAR: C:\Users\sambhavi\git\staging-mccc\Reports\Al links are accessible\20190409_114358\requests\main\250.har

2019-04-09 11:45:51 - [MESSAGE][PASSED] - Send request successfully

2019-04-09 11:45:51 - [MESSAGE][INFO] - HAR: C:\Users\sambhavi\git\staging-mccc\Reports\Al links are accessible\20190409_114358\requests\main\251.har

2019-04-09 11:45:51 - [MESSAGE][PASSED] - Send request successfully

2019-04-09 11:45:51 - [MESSAGE][INFO] - HAR: C:\Users\sambhavi\git\staging-mccc\Reports\Al links are accessible\20190409_114358\requests\main\252.har

2019-04-09 11:45:51 - [MESSAGE][PASSED] - Send request successfully

2019-04-09 11:45:51 - [MESSAGE][INFO] - HAR: C:\Users\sambhavi\git\staging-mccc\Reports\Al links are accessible\20190409_114358\requests\main\253.har

2019-04-09 11:45:51 - [MESSAGE][PASSED] - Send request successfully

2019-04-09 11:45:51 - [MESSAGE][INFO] - HAR: C:\Users\sambhavi\git\staging-mccc\Reports\Al links are accessible\20190409_114358\requests\main\254.har

2019-04-09 11:45:51 - [MESSAGE][PASSED] - Send request successfully

2019-04-09 11:45:51 - [MESSAGE][INFO] - HAR: C:\Users\sambhavi\git\staging-mccc\Reports\Al links are accessible\20190409_114358\requests\main\255.har

2019-04-09 11:45:51 - [MESSAGE][PASSED] - Send request successfully

2019-04-09 11:45:51 - [MESSAGE][INFO] - HAR: C:\Users\sambhavi\git\staging-mccc\Reports\Al links are accessible\20190409_114358\requests\main\256.har

2019-04-09 11:45:51 - [MESSAGE][PASSED] - Send request successfully

2019-04-09 11:45:51 - [MESSAGE][INFO] - HAR: C:\Users\sambhavi\git\staging-mccc\Reports\Al links are accessible\20190409_114358\requests\main\257.har

2019-04-09 11:45:51 - [MESSAGE][PASSED] - Send request successfully

2019-04-09 11:45:51 - [MESSAGE][INFO] - HAR: C:\Users\sambhavi\git\staging-mccc\Reports\Al links are accessible\20190409_114358\requests\main\258.har

2019-04-09 11:45:51 - [MESSAGE][PASSED] - Send request successfully

2019-04-09 11:45:51 - [MESSAGE][INFO] - HAR: C:\Users\sambhavi\git\staging-mccc\Reports\Al links are accessible\20190409_114358\requests\main\259.har

2019-04-09 11:45:51 - [MESSAGE][PASSED] - Send request successfully

2019-04-09 11:45:51 - [MESSAGE][INFO] - HAR: C:\Users\sambhavi\git\staging-mccc\Reports\Al links are accessible\20190409_114358\requests\main\260.har

2019-04-09 11:45:51 - [MESSAGE][PASSED] - Send request successfully

2019-04-09 11:45:51 - [MESSAGE][INFO] - HAR: C:\Users\sambhavi\git\staging-mccc\Reports\Al links are accessible\20190409_114358\requests\main\261.har

2019-04-09 11:45:51 - [MESSAGE][PASSED] - Send request successfully

2019-04-09 11:45:51 - [MESSAGE][INFO] - HAR: C:\Users\sambhavi\git\staging-mccc\Reports\Al links are accessible\20190409_114358\requests\main\262.har

2019-04-09 11:45:51 - [MESSAGE][PASSED] - Send request successfully

2019-04-09 11:45:51 - [MESSAGE][INFO] - HAR: C:\Users\sambhavi\git\staging-mccc\Reports\Al links are accessible\20190409_114358\requests\main\263.har

2019-04-09 11:45:51 - [MESSAGE][PASSED] - Send request successfully

2019-04-09 11:45:51 - [MESSAGE][INFO] - HAR: C:\Users\sambhavi\git\staging-mccc\Reports\Al links are accessible\20190409_114358\requests\main\264.har

2019-04-09 11:45:51 - [MESSAGE][PASSED] - Send request successfully

2019-04-09 11:45:51 - [MESSAGE][INFO] - HAR: C:\Users\sambhavi\git\staging-mccc\Reports\Al links are accessible\20190409_114358\requests\main\265.har

2019-04-09 11:45:51 - [MESSAGE][PASSED] - Send request successfully

2019-04-09 11:45:51 - [MESSAGE][INFO] - HAR: C:\Users\sambhavi\git\staging-mccc\Reports\Al links are accessible\20190409_114358\requests\main\266.har

2019-04-09 11:45:51 - [MESSAGE][PASSED] - Send request successfully

2019-04-09 11:45:51 - [MESSAGE][INFO] - HAR: C:\Users\sambhavi\git\staging-mccc\Reports\Al links are accessible\20190409_114358\requests\main\267.har

2019-04-09 11:45:51 - [MESSAGE][PASSED] - Send request successfully

2019-04-09 11:45:51 - [MESSAGE][INFO] - HAR: C:\Users\sambhavi\git\staging-mccc\Reports\Al links are accessible\20190409_114358\requests\main\268.har

2019-04-09 11:45:51 - [MESSAGE][PASSED] - Send request successfully

2019-04-09 11:45:51 - [MESSAGE][INFO] - HAR: C:\Users\sambhavi\git\staging-mccc\Reports\Al links are accessible\20190409_114358\requests\main\269.har

2019-04-09 11:45:51 - [MESSAGE][PASSED] - Send request successfully

2019-04-09 11:45:51 - [MESSAGE][INFO] - HAR: C:\Users\sambhavi\git\staging-mccc\Reports\Al links are accessible\20190409_114358\requests\main\270.har

2019-04-09 11:45:51 - [MESSAGE][PASSED] - Send request successfully

2019-04-09 11:45:51 - [MESSAGE][INFO] - HAR: C:\Users\sambhavi\git\staging-mccc\Reports\Al links are accessible\20190409_114358\requests\main\271.har

2019-04-09 11:45:51 - [MESSAGE][PASSED] - Send request successfully

2019-04-09 11:45:51 - [MESSAGE][INFO] - HAR: C:\Users\sambhavi\git\staging-mccc\Reports\Al links are accessible\20190409_114358\requests\main\272.har

2019-04-09 11:45:51 - [MESSAGE][PASSED] - Send request successfully

2019-04-09 11:45:51 - [MESSAGE][INFO] - HAR: C:\Users\sambhavi\git\staging-mccc\Reports\Al links are accessible\20190409_114358\requests\main\273.har

2019-04-09 11:45:51 - [MESSAGE][PASSED] - Send request successfully

2019-04-09 11:45:51 - [MESSAGE][INFO] - HAR: C:\Users\sambhavi\git\staging-mccc\Reports\Al links are accessible\20190409_114358\requests\main\274.har

2019-04-09 11:45:51 - [MESSAGE][PASSED] - Send request successfully

2019-04-09 11:45:51 - [MESSAGE][INFO] - HAR: C:\Users\sambhavi\git\staging-mccc\Reports\Al links are accessible\20190409_114358\requests\main\275.har

2019-04-09 11:45:51 - [MESSAGE][PASSED] - Send request successfully

2019-04-09 11:45:51 - [MESSAGE][INFO] - HAR: C:\Users\sambhavi\git\staging-mccc\Reports\Al links are accessible\20190409_114358\requests\main\276.har

2019-04-09 11:45:51 - [MESSAGE][PASSED] - Send request successfully

2019-04-09 11:45:51 - [MESSAGE][INFO] - HAR: C:\Users\sambhavi\git\staging-mccc\Reports\Al links are accessible\20190409_114358\requests\main\277.har

2019-04-09 11:45:51 - [MESSAGE][PASSED] - Send request successfully

2019-04-09 11:45:51 - [MESSAGE][INFO] - HAR: C:\Users\sambhavi\git\staging-mccc\Reports\Al links are accessible\20190409_114358\requests\main\278.har

2019-04-09 11:45:51 - [MESSAGE][PASSED] - Send request successfully

2019-04-09 11:45:51 - [MESSAGE][INFO] - HAR: C:\Users\sambhavi\git\staging-mccc\Reports\Al links are accessible\20190409_114358\requests\main\279.har

2019-04-09 11:45:51 - [MESSAGE][PASSED] - Send request successfully

2019-04-09 11:45:51 - [MESSAGE][PASSED] - All links are accessible

2019-04-09 11:45:51 - [MESSAGE][PASSED] - All links on the page 'http://192.168.0.28:90/detail/5/PREMIER/0' are accessible]]></system-out>
         <system-err><![CDATA[]]></system-err>
      </testcase>
      <testcase name="Test Cases/All Links are Accessible/premium plus" classname="Test Cases/All Links are Accessible/premium plus" status="PASSED">
         <system-out><![CDATA[2019-04-09 11:45:51 - [TEST_CASE][PASSED] - Test Cases/All Links are Accessible/premium plus: Test Cases/All Links are Accessible/premium plus

2019-04-09 11:45:51 - [TEST_STEP][PASSED] - comment("Verifying Whether Links are Working or not when we click on Premium plus buynow page"): Verifying Whether Links are Working or not when we click on Premium plus buynow page

2019-04-09 11:45:51 - [MESSAGE][INFO] - Verifying Whether Links are Working or not when we click on Premium plus buynow page

2019-04-09 11:45:51 - [TEST_STEP][PASSED] - openBrowser(""): Browser is opened with url: ''

2019-04-09 11:45:51 - [MESSAGE][WARNING] - A browser is already opened. Closing browser and opening a new one

2019-04-09 11:45:52 - [MESSAGE][INFO] - Starting 'Chrome' driver

2019-04-09 11:45:55 - [MESSAGE][PASSED] - Browser is opened with url: ''

2019-04-09 11:45:55 - [TEST_STEP][PASSED] - navigateToUrl("http://192.168.0.28:90/detail/9/PREMIER_PLUS/8"): Navigate to 'http://192.168.0.28:90/detail/9/PREMIER_PLUS/8' successfully

2019-04-09 11:45:59 - [MESSAGE][PASSED] - Navigate to 'http://192.168.0.28:90/detail/9/PREMIER_PLUS/8' successfully

2019-04-09 11:45:59 - [TEST_STEP][PASSED] - delay(5): Delayed 5 second(s)

2019-04-09 11:46:04 - [MESSAGE][PASSED] - Delayed 5 second(s)

2019-04-09 11:46:04 - [TEST_STEP][PASSED] - verifyTextPresent("PREMIER PLUS MEMBERSHIP", false): Text 'PREMIER PLUS MEMBERSHIP' is present on page 

2019-04-09 11:46:04 - [MESSAGE][PASSED] - Text 'PREMIER PLUS MEMBERSHIP' is present on page 

2019-04-09 11:46:04 - [TEST_STEP][PASSED] - getAllLinksOnCurrentPage(false, []): Found 31 unique links on the page http://192.168.0.28:90/detail/9/PREMIER_PLUS/8

2019-04-09 11:46:04 - [MESSAGE][PASSED] - Found 31 unique links on the page http://192.168.0.28:90/detail/9/PREMIER_PLUS/8

2019-04-09 11:46:04 - [TEST_STEP][PASSED] - verifyAllLinksOnCurrentPageAccessible(false, []): All links on the page 'http://192.168.0.28:90/detail/9/PREMIER_PLUS/8' are accessible

2019-04-09 11:46:05 - [MESSAGE][PASSED] - Found 31 unique links on the page http://192.168.0.28:90/detail/9/PREMIER_PLUS/8

2019-04-09 11:46:05 - [MESSAGE][INFO] - HAR: C:\Users\sambhavi\git\staging-mccc\Reports\Al links are accessible\20190409_114358\requests\main\280.har

2019-04-09 11:46:05 - [MESSAGE][PASSED] - Send request successfully

2019-04-09 11:46:05 - [MESSAGE][INFO] - HAR: C:\Users\sambhavi\git\staging-mccc\Reports\Al links are accessible\20190409_114358\requests\main\281.har

2019-04-09 11:46:05 - [MESSAGE][PASSED] - Send request successfully

2019-04-09 11:46:05 - [MESSAGE][INFO] - HAR: C:\Users\sambhavi\git\staging-mccc\Reports\Al links are accessible\20190409_114358\requests\main\282.har

2019-04-09 11:46:05 - [MESSAGE][PASSED] - Send request successfully

2019-04-09 11:46:05 - [MESSAGE][INFO] - HAR: C:\Users\sambhavi\git\staging-mccc\Reports\Al links are accessible\20190409_114358\requests\main\283.har

2019-04-09 11:46:05 - [MESSAGE][PASSED] - Send request successfully

2019-04-09 11:46:05 - [MESSAGE][INFO] - HAR: C:\Users\sambhavi\git\staging-mccc\Reports\Al links are accessible\20190409_114358\requests\main\284.har

2019-04-09 11:46:05 - [MESSAGE][PASSED] - Send request successfully

2019-04-09 11:46:05 - [MESSAGE][INFO] - HAR: C:\Users\sambhavi\git\staging-mccc\Reports\Al links are accessible\20190409_114358\requests\main\285.har

2019-04-09 11:46:05 - [MESSAGE][PASSED] - Send request successfully

2019-04-09 11:46:05 - [MESSAGE][INFO] - HAR: C:\Users\sambhavi\git\staging-mccc\Reports\Al links are accessible\20190409_114358\requests\main\286.har

2019-04-09 11:46:05 - [MESSAGE][PASSED] - Send request successfully

2019-04-09 11:46:05 - [MESSAGE][INFO] - HAR: C:\Users\sambhavi\git\staging-mccc\Reports\Al links are accessible\20190409_114358\requests\main\287.har

2019-04-09 11:46:05 - [MESSAGE][PASSED] - Send request successfully

2019-04-09 11:46:05 - [MESSAGE][INFO] - HAR: C:\Users\sambhavi\git\staging-mccc\Reports\Al links are accessible\20190409_114358\requests\main\288.har

2019-04-09 11:46:05 - [MESSAGE][PASSED] - Send request successfully

2019-04-09 11:46:05 - [MESSAGE][INFO] - HAR: C:\Users\sambhavi\git\staging-mccc\Reports\Al links are accessible\20190409_114358\requests\main\289.har

2019-04-09 11:46:05 - [MESSAGE][PASSED] - Send request successfully

2019-04-09 11:46:05 - [MESSAGE][INFO] - HAR: C:\Users\sambhavi\git\staging-mccc\Reports\Al links are accessible\20190409_114358\requests\main\290.har

2019-04-09 11:46:05 - [MESSAGE][PASSED] - Send request successfully

2019-04-09 11:46:05 - [MESSAGE][INFO] - HAR: C:\Users\sambhavi\git\staging-mccc\Reports\Al links are accessible\20190409_114358\requests\main\291.har

2019-04-09 11:46:05 - [MESSAGE][PASSED] - Send request successfully

2019-04-09 11:46:05 - [MESSAGE][INFO] - HAR: C:\Users\sambhavi\git\staging-mccc\Reports\Al links are accessible\20190409_114358\requests\main\292.har

2019-04-09 11:46:05 - [MESSAGE][PASSED] - Send request successfully

2019-04-09 11:46:05 - [MESSAGE][INFO] - HAR: C:\Users\sambhavi\git\staging-mccc\Reports\Al links are accessible\20190409_114358\requests\main\293.har

2019-04-09 11:46:05 - [MESSAGE][PASSED] - Send request successfully

2019-04-09 11:46:05 - [MESSAGE][INFO] - HAR: C:\Users\sambhavi\git\staging-mccc\Reports\Al links are accessible\20190409_114358\requests\main\294.har

2019-04-09 11:46:05 - [MESSAGE][PASSED] - Send request successfully

2019-04-09 11:46:05 - [MESSAGE][INFO] - HAR: C:\Users\sambhavi\git\staging-mccc\Reports\Al links are accessible\20190409_114358\requests\main\295.har

2019-04-09 11:46:05 - [MESSAGE][PASSED] - Send request successfully

2019-04-09 11:46:05 - [MESSAGE][INFO] - HAR: C:\Users\sambhavi\git\staging-mccc\Reports\Al links are accessible\20190409_114358\requests\main\296.har

2019-04-09 11:46:05 - [MESSAGE][PASSED] - Send request successfully

2019-04-09 11:46:05 - [MESSAGE][INFO] - HAR: C:\Users\sambhavi\git\staging-mccc\Reports\Al links are accessible\20190409_114358\requests\main\297.har

2019-04-09 11:46:05 - [MESSAGE][PASSED] - Send request successfully

2019-04-09 11:46:05 - [MESSAGE][INFO] - HAR: C:\Users\sambhavi\git\staging-mccc\Reports\Al links are accessible\20190409_114358\requests\main\298.har

2019-04-09 11:46:05 - [MESSAGE][PASSED] - Send request successfully

2019-04-09 11:46:05 - [MESSAGE][INFO] - HAR: C:\Users\sambhavi\git\staging-mccc\Reports\Al links are accessible\20190409_114358\requests\main\299.har

2019-04-09 11:46:05 - [MESSAGE][PASSED] - Send request successfully

2019-04-09 11:46:05 - [MESSAGE][INFO] - HAR: C:\Users\sambhavi\git\staging-mccc\Reports\Al links are accessible\20190409_114358\requests\main\300.har

2019-04-09 11:46:05 - [MESSAGE][PASSED] - Send request successfully

2019-04-09 11:46:05 - [MESSAGE][INFO] - HAR: C:\Users\sambhavi\git\staging-mccc\Reports\Al links are accessible\20190409_114358\requests\main\301.har

2019-04-09 11:46:05 - [MESSAGE][PASSED] - Send request successfully

2019-04-09 11:46:05 - [MESSAGE][INFO] - HAR: C:\Users\sambhavi\git\staging-mccc\Reports\Al links are accessible\20190409_114358\requests\main\302.har

2019-04-09 11:46:05 - [MESSAGE][PASSED] - Send request successfully

2019-04-09 11:46:05 - [MESSAGE][INFO] - HAR: C:\Users\sambhavi\git\staging-mccc\Reports\Al links are accessible\20190409_114358\requests\main\303.har

2019-04-09 11:46:05 - [MESSAGE][PASSED] - Send request successfully

2019-04-09 11:46:05 - [MESSAGE][INFO] - HAR: C:\Users\sambhavi\git\staging-mccc\Reports\Al links are accessible\20190409_114358\requests\main\304.har

2019-04-09 11:46:05 - [MESSAGE][PASSED] - Send request successfully

2019-04-09 11:46:05 - [MESSAGE][INFO] - HAR: C:\Users\sambhavi\git\staging-mccc\Reports\Al links are accessible\20190409_114358\requests\main\305.har

2019-04-09 11:46:05 - [MESSAGE][PASSED] - Send request successfully

2019-04-09 11:46:05 - [MESSAGE][INFO] - HAR: C:\Users\sambhavi\git\staging-mccc\Reports\Al links are accessible\20190409_114358\requests\main\306.har

2019-04-09 11:46:05 - [MESSAGE][PASSED] - Send request successfully

2019-04-09 11:46:05 - [MESSAGE][INFO] - HAR: C:\Users\sambhavi\git\staging-mccc\Reports\Al links are accessible\20190409_114358\requests\main\307.har

2019-04-09 11:46:05 - [MESSAGE][PASSED] - Send request successfully

2019-04-09 11:46:05 - [MESSAGE][INFO] - HAR: C:\Users\sambhavi\git\staging-mccc\Reports\Al links are accessible\20190409_114358\requests\main\308.har

2019-04-09 11:46:06 - [MESSAGE][PASSED] - Send request successfully

2019-04-09 11:46:06 - [MESSAGE][INFO] - HAR: C:\Users\sambhavi\git\staging-mccc\Reports\Al links are accessible\20190409_114358\requests\main\309.har

2019-04-09 11:46:06 - [MESSAGE][PASSED] - Send request successfully

2019-04-09 11:46:06 - [MESSAGE][INFO] - HAR: C:\Users\sambhavi\git\staging-mccc\Reports\Al links are accessible\20190409_114358\requests\main\310.har

2019-04-09 11:46:06 - [MESSAGE][PASSED] - Send request successfully

2019-04-09 11:46:06 - [MESSAGE][PASSED] - All links are accessible

2019-04-09 11:46:06 - [MESSAGE][PASSED] - All links on the page 'http://192.168.0.28:90/detail/9/PREMIER_PLUS/8' are accessible]]></system-out>
         <system-err><![CDATA[]]></system-err>
      </testcase>
      <testcase name="Test Cases/All Links are Accessible/Young adult" classname="Test Cases/All Links are Accessible/Young adult" status="PASSED">
         <system-out><![CDATA[2019-04-09 11:46:06 - [TEST_CASE][PASSED] - Test Cases/All Links are Accessible/Young adult: Test Cases/All Links are Accessible/Young adult

2019-04-09 11:46:06 - [TEST_STEP][PASSED] - comment("Verifying Whether Links are Working or not when we click on Young adult buynow page"): Verifying Whether Links are Working or not when we click on Young adult buynow page

2019-04-09 11:46:06 - [MESSAGE][INFO] - Verifying Whether Links are Working or not when we click on Young adult buynow page

2019-04-09 11:46:06 - [TEST_STEP][PASSED] - openBrowser(""): Browser is opened with url: ''

2019-04-09 11:46:06 - [MESSAGE][WARNING] - A browser is already opened. Closing browser and opening a new one

2019-04-09 11:46:06 - [MESSAGE][INFO] - Starting 'Chrome' driver

2019-04-09 11:46:10 - [MESSAGE][PASSED] - Browser is opened with url: ''

2019-04-09 11:46:10 - [TEST_STEP][PASSED] - navigateToUrl("http://192.168.0.28:90/detail/8/YOUNG_ADULT_STUDENT/3"): Navigate to 'http://192.168.0.28:90/detail/8/YOUNG_ADULT_STUDENT/3' successfully

2019-04-09 11:46:15 - [MESSAGE][PASSED] - Navigate to 'http://192.168.0.28:90/detail/8/YOUNG_ADULT_STUDENT/3' successfully

2019-04-09 11:46:15 - [TEST_STEP][PASSED] - delay(5): Delayed 5 second(s)

2019-04-09 11:46:20 - [MESSAGE][PASSED] - Delayed 5 second(s)

2019-04-09 11:46:20 - [TEST_STEP][PASSED] - verifyTextPresent("YOUNG ADULT / STUDENT MEMBERSHIP", false): Text 'YOUNG ADULT / STUDENT MEMBERSHIP' is present on page 

2019-04-09 11:46:20 - [MESSAGE][PASSED] - Text 'YOUNG ADULT / STUDENT MEMBERSHIP' is present on page 

2019-04-09 11:46:20 - [TEST_STEP][PASSED] - getAllLinksOnCurrentPage(false, []): Found 32 unique links on the page http://192.168.0.28:90/detail/8/YOUNG_ADULT_STUDENT/3

2019-04-09 11:46:21 - [MESSAGE][PASSED] - Found 32 unique links on the page http://192.168.0.28:90/detail/8/YOUNG_ADULT_STUDENT/3

2019-04-09 11:46:21 - [TEST_STEP][PASSED] - verifyAllLinksOnCurrentPageAccessible(false, []): All links on the page 'http://192.168.0.28:90/detail/8/YOUNG_ADULT_STUDENT/3' are accessible

2019-04-09 11:46:21 - [MESSAGE][PASSED] - Found 32 unique links on the page http://192.168.0.28:90/detail/8/YOUNG_ADULT_STUDENT/3

2019-04-09 11:46:21 - [MESSAGE][INFO] - HAR: C:\Users\sambhavi\git\staging-mccc\Reports\Al links are accessible\20190409_114358\requests\main\311.har

2019-04-09 11:46:21 - [MESSAGE][PASSED] - Send request successfully

2019-04-09 11:46:21 - [MESSAGE][INFO] - HAR: C:\Users\sambhavi\git\staging-mccc\Reports\Al links are accessible\20190409_114358\requests\main\312.har

2019-04-09 11:46:21 - [MESSAGE][PASSED] - Send request successfully

2019-04-09 11:46:21 - [MESSAGE][INFO] - HAR: C:\Users\sambhavi\git\staging-mccc\Reports\Al links are accessible\20190409_114358\requests\main\313.har

2019-04-09 11:46:21 - [MESSAGE][PASSED] - Send request successfully

2019-04-09 11:46:21 - [MESSAGE][INFO] - HAR: C:\Users\sambhavi\git\staging-mccc\Reports\Al links are accessible\20190409_114358\requests\main\314.har

2019-04-09 11:46:21 - [MESSAGE][PASSED] - Send request successfully

2019-04-09 11:46:21 - [MESSAGE][INFO] - HAR: C:\Users\sambhavi\git\staging-mccc\Reports\Al links are accessible\20190409_114358\requests\main\315.har

2019-04-09 11:46:21 - [MESSAGE][PASSED] - Send request successfully

2019-04-09 11:46:21 - [MESSAGE][INFO] - HAR: C:\Users\sambhavi\git\staging-mccc\Reports\Al links are accessible\20190409_114358\requests\main\316.har

2019-04-09 11:46:21 - [MESSAGE][PASSED] - Send request successfully

2019-04-09 11:46:21 - [MESSAGE][INFO] - HAR: C:\Users\sambhavi\git\staging-mccc\Reports\Al links are accessible\20190409_114358\requests\main\317.har

2019-04-09 11:46:21 - [MESSAGE][PASSED] - Send request successfully

2019-04-09 11:46:21 - [MESSAGE][INFO] - HAR: C:\Users\sambhavi\git\staging-mccc\Reports\Al links are accessible\20190409_114358\requests\main\318.har

2019-04-09 11:46:21 - [MESSAGE][PASSED] - Send request successfully

2019-04-09 11:46:21 - [MESSAGE][INFO] - HAR: C:\Users\sambhavi\git\staging-mccc\Reports\Al links are accessible\20190409_114358\requests\main\319.har

2019-04-09 11:46:21 - [MESSAGE][PASSED] - Send request successfully

2019-04-09 11:46:21 - [MESSAGE][INFO] - HAR: C:\Users\sambhavi\git\staging-mccc\Reports\Al links are accessible\20190409_114358\requests\main\320.har

2019-04-09 11:46:21 - [MESSAGE][PASSED] - Send request successfully

2019-04-09 11:46:22 - [MESSAGE][INFO] - HAR: C:\Users\sambhavi\git\staging-mccc\Reports\Al links are accessible\20190409_114358\requests\main\321.har

2019-04-09 11:46:22 - [MESSAGE][PASSED] - Send request successfully

2019-04-09 11:46:22 - [MESSAGE][INFO] - HAR: C:\Users\sambhavi\git\staging-mccc\Reports\Al links are accessible\20190409_114358\requests\main\322.har

2019-04-09 11:46:22 - [MESSAGE][PASSED] - Send request successfully

2019-04-09 11:46:22 - [MESSAGE][INFO] - HAR: C:\Users\sambhavi\git\staging-mccc\Reports\Al links are accessible\20190409_114358\requests\main\323.har

2019-04-09 11:46:22 - [MESSAGE][PASSED] - Send request successfully

2019-04-09 11:46:22 - [MESSAGE][INFO] - HAR: C:\Users\sambhavi\git\staging-mccc\Reports\Al links are accessible\20190409_114358\requests\main\324.har

2019-04-09 11:46:22 - [MESSAGE][PASSED] - Send request successfully

2019-04-09 11:46:22 - [MESSAGE][INFO] - HAR: C:\Users\sambhavi\git\staging-mccc\Reports\Al links are accessible\20190409_114358\requests\main\325.har

2019-04-09 11:46:22 - [MESSAGE][PASSED] - Send request successfully

2019-04-09 11:46:22 - [MESSAGE][INFO] - HAR: C:\Users\sambhavi\git\staging-mccc\Reports\Al links are accessible\20190409_114358\requests\main\326.har

2019-04-09 11:46:22 - [MESSAGE][PASSED] - Send request successfully

2019-04-09 11:46:22 - [MESSAGE][INFO] - HAR: C:\Users\sambhavi\git\staging-mccc\Reports\Al links are accessible\20190409_114358\requests\main\327.har

2019-04-09 11:46:22 - [MESSAGE][PASSED] - Send request successfully

2019-04-09 11:46:22 - [MESSAGE][INFO] - HAR: C:\Users\sambhavi\git\staging-mccc\Reports\Al links are accessible\20190409_114358\requests\main\328.har

2019-04-09 11:46:22 - [MESSAGE][PASSED] - Send request successfully

2019-04-09 11:46:22 - [MESSAGE][INFO] - HAR: C:\Users\sambhavi\git\staging-mccc\Reports\Al links are accessible\20190409_114358\requests\main\329.har

2019-04-09 11:46:22 - [MESSAGE][PASSED] - Send request successfully

2019-04-09 11:46:22 - [MESSAGE][INFO] - HAR: C:\Users\sambhavi\git\staging-mccc\Reports\Al links are accessible\20190409_114358\requests\main\330.har

2019-04-09 11:46:22 - [MESSAGE][PASSED] - Send request successfully

2019-04-09 11:46:22 - [MESSAGE][INFO] - HAR: C:\Users\sambhavi\git\staging-mccc\Reports\Al links are accessible\20190409_114358\requests\main\331.har

2019-04-09 11:46:22 - [MESSAGE][PASSED] - Send request successfully

2019-04-09 11:46:22 - [MESSAGE][INFO] - HAR: C:\Users\sambhavi\git\staging-mccc\Reports\Al links are accessible\20190409_114358\requests\main\332.har

2019-04-09 11:46:22 - [MESSAGE][PASSED] - Send request successfully

2019-04-09 11:46:22 - [MESSAGE][INFO] - HAR: C:\Users\sambhavi\git\staging-mccc\Reports\Al links are accessible\20190409_114358\requests\main\333.har

2019-04-09 11:46:22 - [MESSAGE][PASSED] - Send request successfully

2019-04-09 11:46:22 - [MESSAGE][INFO] - HAR: C:\Users\sambhavi\git\staging-mccc\Reports\Al links are accessible\20190409_114358\requests\main\334.har

2019-04-09 11:46:22 - [MESSAGE][PASSED] - Send request successfully

2019-04-09 11:46:22 - [MESSAGE][INFO] - HAR: C:\Users\sambhavi\git\staging-mccc\Reports\Al links are accessible\20190409_114358\requests\main\335.har

2019-04-09 11:46:22 - [MESSAGE][PASSED] - Send request successfully

2019-04-09 11:46:22 - [MESSAGE][INFO] - HAR: C:\Users\sambhavi\git\staging-mccc\Reports\Al links are accessible\20190409_114358\requests\main\336.har

2019-04-09 11:46:22 - [MESSAGE][PASSED] - Send request successfully

2019-04-09 11:46:22 - [MESSAGE][INFO] - HAR: C:\Users\sambhavi\git\staging-mccc\Reports\Al links are accessible\20190409_114358\requests\main\337.har

2019-04-09 11:46:22 - [MESSAGE][PASSED] - Send request successfully

2019-04-09 11:46:22 - [MESSAGE][INFO] - HAR: C:\Users\sambhavi\git\staging-mccc\Reports\Al links are accessible\20190409_114358\requests\main\338.har

2019-04-09 11:46:22 - [MESSAGE][PASSED] - Send request successfully

2019-04-09 11:46:22 - [MESSAGE][INFO] - HAR: C:\Users\sambhavi\git\staging-mccc\Reports\Al links are accessible\20190409_114358\requests\main\339.har

2019-04-09 11:46:22 - [MESSAGE][PASSED] - Send request successfully

2019-04-09 11:46:22 - [MESSAGE][INFO] - HAR: C:\Users\sambhavi\git\staging-mccc\Reports\Al links are accessible\20190409_114358\requests\main\340.har

2019-04-09 11:46:22 - [MESSAGE][PASSED] - Send request successfully

2019-04-09 11:46:22 - [MESSAGE][INFO] - HAR: C:\Users\sambhavi\git\staging-mccc\Reports\Al links are accessible\20190409_114358\requests\main\341.har

2019-04-09 11:46:22 - [MESSAGE][PASSED] - Send request successfully

2019-04-09 11:46:22 - [MESSAGE][INFO] - HAR: C:\Users\sambhavi\git\staging-mccc\Reports\Al links are accessible\20190409_114358\requests\main\342.har

2019-04-09 11:46:22 - [MESSAGE][PASSED] - Send request successfully

2019-04-09 11:46:22 - [MESSAGE][PASSED] - All links are accessible

2019-04-09 11:46:22 - [MESSAGE][PASSED] - All links on the page 'http://192.168.0.28:90/detail/8/YOUNG_ADULT_STUDENT/3' are accessible]]></system-out>
         <system-err><![CDATA[]]></system-err>
      </testcase>
      <testcase name="Test Cases/All Links are Accessible/Delivery,Returns and cancellations" classname="Test Cases/All Links are Accessible/Delivery,Returns and cancellations" status="FAILED">
         <failure type="FAILED" message="Test Cases/All Links are Accessible/Delivery,Returns and cancellations FAILED.
Reason:
com.kms.katalon.core.exception.StepFailedException: Unable to verify all links on the page 'http://192.168.0.28:90/delivery-returns-and-cancellations' are accessible
	at com.kms.katalon.core.webui.keyword.internal.WebUIKeywordMain.stepFailed(WebUIKeywordMain.groovy:64)
	at com.kms.katalon.core.webui.keyword.internal.WebUIKeywordMain.runKeyword(WebUIKeywordMain.groovy:26)
	at com.kms.katalon.core.webui.keyword.builtin.VerifyAllLinksOnCurrentPageAccessibleKeyword.verifyAllLinksOnCurrentPageAccessible(VerifyAllLinksOnCurrentPageAccessibleKeyword.groovy:48)
	at com.kms.katalon.core.webui.keyword.builtin.VerifyAllLinksOnCurrentPageAccessibleKeyword.execute(VerifyAllLinksOnCurrentPageAccessibleKeyword.groovy:32)
	at com.kms.katalon.core.keyword.internal.KeywordExecutor.executeKeywordForPlatform(KeywordExecutor.groovy:56)
	at com.kms.katalon.core.webui.keyword.WebUiBuiltInKeywords.verifyAllLinksOnCurrentPageAccessible(WebUiBuiltInKeywords.groovy:3754)
	at com.kms.katalon.core.webui.keyword.WebUiBuiltInKeywords$verifyAllLinksOnCurrentPageAccessible$5.call(Unknown Source)
	at Delivery,Returns and cancellations.run(Delivery,Returns and cancellations:37)
	at com.kms.katalon.core.main.ScriptEngine.run(ScriptEngine.java:194)
	at com.kms.katalon.core.main.ScriptEngine.runScriptAsRawText(ScriptEngine.java:119)
	at com.kms.katalon.core.main.TestCaseExecutor.runScript(TestCaseExecutor.java:331)
	at com.kms.katalon.core.main.TestCaseExecutor.doExecute(TestCaseExecutor.java:322)
	at com.kms.katalon.core.main.TestCaseExecutor.processExecutionPhase(TestCaseExecutor.java:301)
	at com.kms.katalon.core.main.TestCaseExecutor.accessMainPhase(TestCaseExecutor.java:293)
	at com.kms.katalon.core.main.TestCaseExecutor.execute(TestCaseExecutor.java:227)
	at com.kms.katalon.core.main.TestSuiteExecutor.accessTestCaseMainPhase(TestSuiteExecutor.java:129)
	at com.kms.katalon.core.main.TestSuiteExecutor.accessTestSuiteMainPhase(TestSuiteExecutor.java:112)
	at com.kms.katalon.core.main.TestSuiteExecutor.execute(TestSuiteExecutor.java:81)
	at com.kms.katalon.core.main.TestCaseMain.startTestSuite(TestCaseMain.java:157)
	at com.kms.katalon.core.main.TestCaseMain$startTestSuite$0.call(Unknown Source)
	at TempTestSuite1554790438768.run(TempTestSuite1554790438768.groovy:35)
Caused by: com.kms.katalon.core.exception.StepFailedException: Some of links on the current page are inaccessible
	at com.kms.katalon.core.webui.keyword.internal.WebUIKeywordMain.stepFailed(WebUIKeywordMain.groovy:64)
	at com.kms.katalon.core.webui.keyword.builtin.VerifyAllLinksOnCurrentPageAccessibleKeyword$_verifyAllLinksOnCurrentPageAccessible_closure1.doCall(VerifyAllLinksOnCurrentPageAccessibleKeyword.groovy:45)
	at com.kms.katalon.core.webui.keyword.builtin.VerifyAllLinksOnCurrentPageAccessibleKeyword$_verifyAllLinksOnCurrentPageAccessible_closure1.call(VerifyAllLinksOnCurrentPageAccessibleKeyword.groovy)
	at com.kms.katalon.core.webui.keyword.internal.WebUIKeywordMain.runKeyword(WebUIKeywordMain.groovy:20)
	... 19 more
"/>
         <system-out><![CDATA[2019-04-09 11:46:22 - [TEST_CASE][FAILED] - Test Cases/All Links are Accessible/Delivery,Returns and cancellations: Test Cases/All Links are Accessible/Delivery,Returns and cancellations FAILED.
Reason:
com.kms.katalon.core.exception.StepFailedException: Unable to verify all links on the page 'http://192.168.0.28:90/delivery-returns-and-cancellations' are accessible
	at com.kms.katalon.core.webui.keyword.internal.WebUIKeywordMain.stepFailed(WebUIKeywordMain.groovy:64)
	at com.kms.katalon.core.webui.keyword.internal.WebUIKeywordMain.runKeyword(WebUIKeywordMain.groovy:26)
	at com.kms.katalon.core.webui.keyword.builtin.VerifyAllLinksOnCurrentPageAccessibleKeyword.verifyAllLinksOnCurrentPageAccessible(VerifyAllLinksOnCurrentPageAccessibleKeyword.groovy:48)
	at com.kms.katalon.core.webui.keyword.builtin.VerifyAllLinksOnCurrentPageAccessibleKeyword.execute(VerifyAllLinksOnCurrentPageAccessibleKeyword.groovy:32)
	at com.kms.katalon.core.keyword.internal.KeywordExecutor.executeKeywordForPlatform(KeywordExecutor.groovy:56)
	at com.kms.katalon.core.webui.keyword.WebUiBuiltInKeywords.verifyAllLinksOnCurrentPageAccessible(WebUiBuiltInKeywords.groovy:3754)
	at com.kms.katalon.core.webui.keyword.WebUiBuiltInKeywords$verifyAllLinksOnCurrentPageAccessible$5.call(Unknown Source)
	at Delivery,Returns and cancellations.run(Delivery,Returns and cancellations:37)
	at com.kms.katalon.core.main.ScriptEngine.run(ScriptEngine.java:194)
	at com.kms.katalon.core.main.ScriptEngine.runScriptAsRawText(ScriptEngine.java:119)
	at com.kms.katalon.core.main.TestCaseExecutor.runScript(TestCaseExecutor.java:331)
	at com.kms.katalon.core.main.TestCaseExecutor.doExecute(TestCaseExecutor.java:322)
	at com.kms.katalon.core.main.TestCaseExecutor.processExecutionPhase(TestCaseExecutor.java:301)
	at com.kms.katalon.core.main.TestCaseExecutor.accessMainPhase(TestCaseExecutor.java:293)
	at com.kms.katalon.core.main.TestCaseExecutor.execute(TestCaseExecutor.java:227)
	at com.kms.katalon.core.main.TestSuiteExecutor.accessTestCaseMainPhase(TestSuiteExecutor.java:129)
	at com.kms.katalon.core.main.TestSuiteExecutor.accessTestSuiteMainPhase(TestSuiteExecutor.java:112)
	at com.kms.katalon.core.main.TestSuiteExecutor.execute(TestSuiteExecutor.java:81)
	at com.kms.katalon.core.main.TestCaseMain.startTestSuite(TestCaseMain.java:157)
	at com.kms.katalon.core.main.TestCaseMain$startTestSuite$0.call(Unknown Source)
	at TempTestSuite1554790438768.run(TempTestSuite1554790438768.groovy:35)
Caused by: com.kms.katalon.core.exception.StepFailedException: Some of links on the current page are inaccessible
	at com.kms.katalon.core.webui.keyword.internal.WebUIKeywordMain.stepFailed(WebUIKeywordMain.groovy:64)
	at com.kms.katalon.core.webui.keyword.builtin.VerifyAllLinksOnCurrentPageAccessibleKeyword$_verifyAllLinksOnCurrentPageAccessible_closure1.doCall(VerifyAllLinksOnCurrentPageAccessibleKeyword.groovy:45)
	at com.kms.katalon.core.webui.keyword.builtin.VerifyAllLinksOnCurrentPageAccessibleKeyword$_verifyAllLinksOnCurrentPageAccessible_closure1.call(VerifyAllLinksOnCurrentPageAccessibleKeyword.groovy)
	at com.kms.katalon.core.webui.keyword.internal.WebUIKeywordMain.runKeyword(WebUIKeywordMain.groovy:20)
	... 19 more


2019-04-09 11:46:22 - [TEST_STEP][PASSED] - comment("Verifying Whether Links are Working or not when we click on Delivery,Returns and cancellations link page"): Verifying Whether Links are Working or not when we click on Delivery,Returns and cancellations link page

2019-04-09 11:46:22 - [MESSAGE][INFO] - Verifying Whether Links are Working or not when we click on Delivery,Returns and cancellations link page

2019-04-09 11:46:22 - [TEST_STEP][PASSED] - openBrowser(""): Browser is opened with url: ''

2019-04-09 11:46:22 - [MESSAGE][WARNING] - A browser is already opened. Closing browser and opening a new one

2019-04-09 11:46:23 - [MESSAGE][INFO] - Starting 'Chrome' driver

2019-04-09 11:46:25 - [MESSAGE][PASSED] - Browser is opened with url: ''

2019-04-09 11:46:25 - [TEST_STEP][PASSED] - navigateToUrl("http://192.168.0.28:90/list"): Navigate to 'http://192.168.0.28:90/list' successfully

2019-04-09 11:46:29 - [MESSAGE][PASSED] - Navigate to 'http://192.168.0.28:90/list' successfully

2019-04-09 11:46:29 - [TEST_STEP][PASSED] - click(findTestObject("All links are Accessible/Delivery,Returns and cancellations/Page_Middlesex Cricket Memberships/small_Delivery Returns and Cancellations")): Object: 'Object Repository/All links are Accessible/Delivery,Returns and cancellations/Page_Middlesex Cricket Memberships/small_Delivery Returns and Cancellations' is clicked on

2019-04-09 11:46:29 - [MESSAGE][PASSED] - Object: 'Object Repository/All links are Accessible/Delivery,Returns and cancellations/Page_Middlesex Cricket Memberships/small_Delivery Returns and Cancellations' is clicked on

2019-04-09 11:46:29 - [TEST_STEP][PASSED] - switchToWindowIndex(1): Switched to window with index: '1'

2019-04-09 11:46:29 - [MESSAGE][PASSED] - Switched to window with index: '1'

2019-04-09 11:46:29 - [TEST_STEP][PASSED] - verifyTextPresent("DELIVERY, RETURNS & CANCELLATIONS", false): Text 'DELIVERY, RETURNS & CANCELLATIONS' is present on page 

2019-04-09 11:46:30 - [MESSAGE][PASSED] - Text 'DELIVERY, RETURNS & CANCELLATIONS' is present on page 

2019-04-09 11:46:30 - [TEST_STEP][PASSED] - getAllLinksOnCurrentPage(false, []): Found 19 unique links on the page http://192.168.0.28:90/delivery-returns-and-cancellations

2019-04-09 11:46:31 - [MESSAGE][PASSED] - Found 19 unique links on the page http://192.168.0.28:90/delivery-returns-and-cancellations

2019-04-09 11:46:31 - [TEST_STEP][FAILED] - verifyAllLinksOnCurrentPageAccessible(false, []): verifyAllLinksOnCurrentPageAccessible(false, []) FAILED.
Reason:
com.kms.katalon.core.exception.StepFailedException: Unable to verify all links on the page 'http://192.168.0.28:90/delivery-returns-and-cancellations' are accessible
	at com.kms.katalon.core.webui.keyword.internal.WebUIKeywordMain.stepFailed(WebUIKeywordMain.groovy:64)
	at com.kms.katalon.core.webui.keyword.internal.WebUIKeywordMain.runKeyword(WebUIKeywordMain.groovy:26)
	at com.kms.katalon.core.webui.keyword.builtin.VerifyAllLinksOnCurrentPageAccessibleKeyword.verifyAllLinksOnCurrentPageAccessible(VerifyAllLinksOnCurrentPageAccessibleKeyword.groovy:48)
	at com.kms.katalon.core.webui.keyword.builtin.VerifyAllLinksOnCurrentPageAccessibleKeyword.execute(VerifyAllLinksOnCurrentPageAccessibleKeyword.groovy:32)
	at com.kms.katalon.core.keyword.internal.KeywordExecutor.executeKeywordForPlatform(KeywordExecutor.groovy:56)
	at com.kms.katalon.core.webui.keyword.WebUiBuiltInKeywords.verifyAllLinksOnCurrentPageAccessible(WebUiBuiltInKeywords.groovy:3754)
	at com.kms.katalon.core.webui.keyword.WebUiBuiltInKeywords$verifyAllLinksOnCurrentPageAccessible$5.call(Unknown Source)
	at Delivery,Returns and cancellations.run(Delivery,Returns and cancellations:37)
	at com.kms.katalon.core.main.ScriptEngine.run(ScriptEngine.java:194)
	at com.kms.katalon.core.main.ScriptEngine.runScriptAsRawText(ScriptEngine.java:119)
	at com.kms.katalon.core.main.TestCaseExecutor.runScript(TestCaseExecutor.java:331)
	at com.kms.katalon.core.main.TestCaseExecutor.doExecute(TestCaseExecutor.java:322)
	at com.kms.katalon.core.main.TestCaseExecutor.processExecutionPhase(TestCaseExecutor.java:301)
	at com.kms.katalon.core.main.TestCaseExecutor.accessMainPhase(TestCaseExecutor.java:293)
	at com.kms.katalon.core.main.TestCaseExecutor.execute(TestCaseExecutor.java:227)
	at com.kms.katalon.core.main.TestSuiteExecutor.accessTestCaseMainPhase(TestSuiteExecutor.java:129)
	at com.kms.katalon.core.main.TestSuiteExecutor.accessTestSuiteMainPhase(TestSuiteExecutor.java:112)
	at com.kms.katalon.core.main.TestSuiteExecutor.execute(TestSuiteExecutor.java:81)
	at com.kms.katalon.core.main.TestCaseMain.startTestSuite(TestCaseMain.java:157)
	at com.kms.katalon.core.main.TestCaseMain$startTestSuite$0.call(Unknown Source)
	at TempTestSuite1554790438768.run(TempTestSuite1554790438768.groovy:35)
Caused by: com.kms.katalon.core.exception.StepFailedException: Some of links on the current page are inaccessible
	at com.kms.katalon.core.webui.keyword.internal.WebUIKeywordMain.stepFailed(WebUIKeywordMain.groovy:64)
	at com.kms.katalon.core.webui.keyword.builtin.VerifyAllLinksOnCurrentPageAccessibleKeyword$_verifyAllLinksOnCurrentPageAccessible_closure1.doCall(VerifyAllLinksOnCurrentPageAccessibleKeyword.groovy:45)
	at com.kms.katalon.core.webui.keyword.builtin.VerifyAllLinksOnCurrentPageAccessibleKeyword$_verifyAllLinksOnCurrentPageAccessible_closure1.call(VerifyAllLinksOnCurrentPageAccessibleKeyword.groovy)
	at com.kms.katalon.core.webui.keyword.internal.WebUIKeywordMain.runKeyword(WebUIKeywordMain.groovy:20)
	... 19 more


2019-04-09 11:46:31 - [MESSAGE][PASSED] - Found 20 unique links on the page http://192.168.0.28:90/delivery-returns-and-cancellations

2019-04-09 11:46:31 - [MESSAGE][INFO] - HAR: C:\Users\sambhavi\git\staging-mccc\Reports\Al links are accessible\20190409_114358\requests\main\343.har

2019-04-09 11:46:31 - [MESSAGE][PASSED] - Send request successfully

2019-04-09 11:46:31 - [MESSAGE][INFO] - HAR: C:\Users\sambhavi\git\staging-mccc\Reports\Al links are accessible\20190409_114358\requests\main\344.har

2019-04-09 11:46:31 - [MESSAGE][PASSED] - Send request successfully

2019-04-09 11:46:31 - [MESSAGE][INFO] - HAR: C:\Users\sambhavi\git\staging-mccc\Reports\Al links are accessible\20190409_114358\requests\main\345.har

2019-04-09 11:46:31 - [MESSAGE][PASSED] - Send request successfully

2019-04-09 11:46:31 - [MESSAGE][INFO] - HAR: C:\Users\sambhavi\git\staging-mccc\Reports\Al links are accessible\20190409_114358\requests\main\346.har

2019-04-09 11:46:31 - [MESSAGE][PASSED] - Send request successfully

2019-04-09 11:46:31 - [MESSAGE][INFO] - HAR: C:\Users\sambhavi\git\staging-mccc\Reports\Al links are accessible\20190409_114358\requests\main\347.har

2019-04-09 11:46:31 - [MESSAGE][PASSED] - Send request successfully

2019-04-09 11:46:31 - [MESSAGE][INFO] - HAR: C:\Users\sambhavi\git\staging-mccc\Reports\Al links are accessible\20190409_114358\requests\main\348.har

2019-04-09 11:46:31 - [MESSAGE][PASSED] - Send request successfully

2019-04-09 11:46:31 - [MESSAGE][INFO] - HAR: C:\Users\sambhavi\git\staging-mccc\Reports\Al links are accessible\20190409_114358\requests\main\349.har

2019-04-09 11:46:31 - [MESSAGE][PASSED] - Send request successfully

2019-04-09 11:46:31 - [MESSAGE][INFO] - HAR: C:\Users\sambhavi\git\staging-mccc\Reports\Al links are accessible\20190409_114358\requests\main\350.har

2019-04-09 11:46:31 - [MESSAGE][PASSED] - Send request successfully

2019-04-09 11:46:31 - [MESSAGE][INFO] - HAR: C:\Users\sambhavi\git\staging-mccc\Reports\Al links are accessible\20190409_114358\requests\main\351.har

2019-04-09 11:46:31 - [MESSAGE][PASSED] - Send request successfully

2019-04-09 11:46:31 - [MESSAGE][INFO] - HAR: C:\Users\sambhavi\git\staging-mccc\Reports\Al links are accessible\20190409_114358\requests\main\352.har

2019-04-09 11:46:31 - [MESSAGE][PASSED] - Send request successfully

2019-04-09 11:46:31 - [MESSAGE][INFO] - HAR: C:\Users\sambhavi\git\staging-mccc\Reports\Al links are accessible\20190409_114358\requests\main\353.har

2019-04-09 11:46:31 - [MESSAGE][PASSED] - Send request successfully

2019-04-09 11:46:31 - [MESSAGE][INFO] - HAR: C:\Users\sambhavi\git\staging-mccc\Reports\Al links are accessible\20190409_114358\requests\main\354.har

2019-04-09 11:46:31 - [MESSAGE][PASSED] - Send request successfully

2019-04-09 11:46:31 - [MESSAGE][INFO] - HAR: C:\Users\sambhavi\git\staging-mccc\Reports\Al links are accessible\20190409_114358\requests\main\355.har

2019-04-09 11:46:31 - [MESSAGE][PASSED] - Send request successfully

2019-04-09 11:46:31 - [MESSAGE][INFO] - HAR: C:\Users\sambhavi\git\staging-mccc\Reports\Al links are accessible\20190409_114358\requests\main\356.har

2019-04-09 11:46:31 - [MESSAGE][PASSED] - Send request successfully

2019-04-09 11:46:31 - [MESSAGE][INFO] - HAR: C:\Users\sambhavi\git\staging-mccc\Reports\Al links are accessible\20190409_114358\requests\main\357.har

2019-04-09 11:46:31 - [MESSAGE][PASSED] - Send request successfully

2019-04-09 11:46:31 - [MESSAGE][INFO] - HAR: C:\Users\sambhavi\git\staging-mccc\Reports\Al links are accessible\20190409_114358\requests\main\358.har

2019-04-09 11:46:31 - [MESSAGE][PASSED] - Send request successfully

2019-04-09 11:46:31 - [MESSAGE][INFO] - HAR: C:\Users\sambhavi\git\staging-mccc\Reports\Al links are accessible\20190409_114358\requests\main\359.har

2019-04-09 11:46:31 - [MESSAGE][PASSED] - Send request successfully

2019-04-09 11:46:31 - [MESSAGE][INFO] - HAR: C:\Users\sambhavi\git\staging-mccc\Reports\Al links are accessible\20190409_114358\requests\main\360.har

2019-04-09 11:46:31 - [MESSAGE][PASSED] - Send request successfully

2019-04-09 11:46:31 - [MESSAGE][INFO] - HAR: C:\Users\sambhavi\git\staging-mccc\Reports\Al links are accessible\20190409_114358\requests\main\361.har

2019-04-09 11:46:31 - [MESSAGE][PASSED] - Send request successfully

2019-04-09 11:46:31 - [MESSAGE][INFO] - HAR: C:\Users\sambhavi\git\staging-mccc\Reports\Al links are accessible\20190409_114358\requests\main\362.har

2019-04-09 11:46:32 - [MESSAGE][PASSED] - Send request successfully

2019-04-09 11:46:32 - [MESSAGE][WARNING] - Found 3 inaccessible links [http://192.168.0.28:90/img/logo-fav.png, http://192.168.0.28:90/assets/js/vendor/popper.min.js, http://192.168.0.28:90/assets/js/vendor/holder.min.js] (Root cause: com.kms.katalon.core.exception.StepFailedException: Found 3 inaccessible links [http://192.168.0.28:90/img/logo-fav.png, http://192.168.0.28:90/assets/js/vendor/popper.min.js, http://192.168.0.28:90/assets/js/vendor/holder.min.js]
	at com.kms.katalon.core.webui.keyword.internal.WebUIKeywordMain.stepFailed(WebUIKeywordMain.groovy:64)
	at com.kms.katalon.core.webui.keyword.builtin.VerifyLinksAccessibleKeyword$_verifyLinksAccessible_closure1.doCall(VerifyLinksAccessibleKeyword.groovy:52)
	at com.kms.katalon.core.webui.keyword.builtin.VerifyLinksAccessibleKeyword$_verifyLinksAccessible_closure1.call(VerifyLinksAccessibleKeyword.groovy)
	at com.kms.katalon.core.webui.keyword.internal.WebUIKeywordMain.runKeyword(WebUIKeywordMain.groovy:20)
	at com.kms.katalon.core.webui.keyword.builtin.VerifyLinksAccessibleKeyword.verifyLinksAccessible(VerifyLinksAccessibleKeyword.groovy:37)
	at com.kms.katalon.core.webui.keyword.builtin.VerifyLinksAccessibleKeyword.execute(VerifyLinksAccessibleKeyword.groovy:32)
	at com.kms.katalon.core.keyword.internal.KeywordExecutor.executeKeywordForPlatform(KeywordExecutor.groovy:56)
	at com.kms.katalon.core.webui.keyword.WebUiBuiltInKeywords.verifyLinksAccessible(WebUiBuiltInKeywords.groovy:3709)
	at com.kms.katalon.core.webui.keyword.builtin.VerifyAllLinksOnCurrentPageAccessibleKeyword$_verifyAllLinksOnCurrentPageAccessible_closure1.doCall(VerifyAllLinksOnCurrentPageAccessibleKeyword.groovy:40)
	at com.kms.katalon.core.webui.keyword.builtin.VerifyAllLinksOnCurrentPageAccessibleKeyword$_verifyAllLinksOnCurrentPageAccessible_closure1.call(VerifyAllLinksOnCurrentPageAccessibleKeyword.groovy)
	at com.kms.katalon.core.webui.keyword.internal.WebUIKeywordMain.runKeyword(WebUIKeywordMain.groovy:20)
	at com.kms.katalon.core.webui.keyword.builtin.VerifyAllLinksOnCurrentPageAccessibleKeyword.verifyAllLinksOnCurrentPageAccessible(VerifyAllLinksOnCurrentPageAccessibleKeyword.groovy:48)
	at com.kms.katalon.core.webui.keyword.builtin.VerifyAllLinksOnCurrentPageAccessibleKeyword.execute(VerifyAllLinksOnCurrentPageAccessibleKeyword.groovy:32)
	at com.kms.katalon.core.keyword.internal.KeywordExecutor.executeKeywordForPlatform(KeywordExecutor.groovy:56)
	at com.kms.katalon.core.webui.keyword.WebUiBuiltInKeywords.verifyAllLinksOnCurrentPageAccessible(WebUiBuiltInKeywords.groovy:3754)
	at com.kms.katalon.core.webui.keyword.WebUiBuiltInKeywords$verifyAllLinksOnCurrentPageAccessible$5.call(Unknown Source)
	at Delivery,Returns and cancellations.run(Delivery,Returns and cancellations:37)
	at com.kms.katalon.core.main.ScriptEngine.run(ScriptEngine.java:194)
	at com.kms.katalon.core.main.ScriptEngine.runScriptAsRawText(ScriptEngine.java:119)
	at com.kms.katalon.core.main.TestCaseExecutor.runScript(TestCaseExecutor.java:331)
	at com.kms.katalon.core.main.TestCaseExecutor.doExecute(TestCaseExecutor.java:322)
	at com.kms.katalon.core.main.TestCaseExecutor.processExecutionPhase(TestCaseExecutor.java:301)
	at com.kms.katalon.core.main.TestCaseExecutor.accessMainPhase(TestCaseExecutor.java:293)
	at com.kms.katalon.core.main.TestCaseExecutor.execute(TestCaseExecutor.java:227)
	at com.kms.katalon.core.main.TestSuiteExecutor.accessTestCaseMainPhase(TestSuiteExecutor.java:129)
	at com.kms.katalon.core.main.TestSuiteExecutor.accessTestSuiteMainPhase(TestSuiteExecutor.java:112)
	at com.kms.katalon.core.main.TestSuiteExecutor.execute(TestSuiteExecutor.java:81)
	at com.kms.katalon.core.main.TestCaseMain.startTestSuite(TestCaseMain.java:157)
	at com.kms.katalon.core.main.TestCaseMain$startTestSuite$0.call(Unknown Source)
	at TempTestSuite1554790438768.run(TempTestSuite1554790438768.groovy:35)
)

2019-04-09 11:46:32 - [MESSAGE][FAILED] - Some of links on the current page are inaccessible (Root cause: com.kms.katalon.core.exception.StepFailedException: Some of links on the current page are inaccessible
	at com.kms.katalon.core.webui.keyword.internal.WebUIKeywordMain.stepFailed(WebUIKeywordMain.groovy:64)
	at com.kms.katalon.core.webui.keyword.builtin.VerifyAllLinksOnCurrentPageAccessibleKeyword$_verifyAllLinksOnCurrentPageAccessible_closure1.doCall(VerifyAllLinksOnCurrentPageAccessibleKeyword.groovy:45)
	at com.kms.katalon.core.webui.keyword.builtin.VerifyAllLinksOnCurrentPageAccessibleKeyword$_verifyAllLinksOnCurrentPageAccessible_closure1.call(VerifyAllLinksOnCurrentPageAccessibleKeyword.groovy)
	at com.kms.katalon.core.webui.keyword.internal.WebUIKeywordMain.runKeyword(WebUIKeywordMain.groovy:20)
	at com.kms.katalon.core.webui.keyword.builtin.VerifyAllLinksOnCurrentPageAccessibleKeyword.verifyAllLinksOnCurrentPageAccessible(VerifyAllLinksOnCurrentPageAccessibleKeyword.groovy:48)
	at com.kms.katalon.core.webui.keyword.builtin.VerifyAllLinksOnCurrentPageAccessibleKeyword.execute(VerifyAllLinksOnCurrentPageAccessibleKeyword.groovy:32)
	at com.kms.katalon.core.keyword.internal.KeywordExecutor.executeKeywordForPlatform(KeywordExecutor.groovy:56)
	at com.kms.katalon.core.webui.keyword.WebUiBuiltInKeywords.verifyAllLinksOnCurrentPageAccessible(WebUiBuiltInKeywords.groovy:3754)
	at com.kms.katalon.core.webui.keyword.WebUiBuiltInKeywords$verifyAllLinksOnCurrentPageAccessible$5.call(Unknown Source)
	at Delivery,Returns and cancellations.run(Delivery,Returns and cancellations:37)
	at com.kms.katalon.core.main.ScriptEngine.run(ScriptEngine.java:194)
	at com.kms.katalon.core.main.ScriptEngine.runScriptAsRawText(ScriptEngine.java:119)
	at com.kms.katalon.core.main.TestCaseExecutor.runScript(TestCaseExecutor.java:331)
	at com.kms.katalon.core.main.TestCaseExecutor.doExecute(TestCaseExecutor.java:322)
	at com.kms.katalon.core.main.TestCaseExecutor.processExecutionPhase(TestCaseExecutor.java:301)
	at com.kms.katalon.core.main.TestCaseExecutor.accessMainPhase(TestCaseExecutor.java:293)
	at com.kms.katalon.core.main.TestCaseExecutor.execute(TestCaseExecutor.java:227)
	at com.kms.katalon.core.main.TestSuiteExecutor.accessTestCaseMainPhase(TestSuiteExecutor.java:129)
	at com.kms.katalon.core.main.TestSuiteExecutor.accessTestSuiteMainPhase(TestSuiteExecutor.java:112)
	at com.kms.katalon.core.main.TestSuiteExecutor.execute(TestSuiteExecutor.java:81)
	at com.kms.katalon.core.main.TestCaseMain.startTestSuite(TestCaseMain.java:157)
	at com.kms.katalon.core.main.TestCaseMain$startTestSuite$0.call(Unknown Source)
	at TempTestSuite1554790438768.run(TempTestSuite1554790438768.groovy:35)
)

2019-04-09 11:46:32 - [MESSAGE][FAILED] - Unable to verify all links on the page 'http://192.168.0.28:90/delivery-returns-and-cancellations' are accessible (Root cause: com.kms.katalon.core.exception.StepFailedException: Unable to verify all links on the page 'http://192.168.0.28:90/delivery-returns-and-cancellations' are accessible
	at com.kms.katalon.core.webui.keyword.internal.WebUIKeywordMain.stepFailed(WebUIKeywordMain.groovy:64)
	at com.kms.katalon.core.webui.keyword.internal.WebUIKeywordMain.runKeyword(WebUIKeywordMain.groovy:26)
	at com.kms.katalon.core.webui.keyword.builtin.VerifyAllLinksOnCurrentPageAccessibleKeyword.verifyAllLinksOnCurrentPageAccessible(VerifyAllLinksOnCurrentPageAccessibleKeyword.groovy:48)
	at com.kms.katalon.core.webui.keyword.builtin.VerifyAllLinksOnCurrentPageAccessibleKeyword.execute(VerifyAllLinksOnCurrentPageAccessibleKeyword.groovy:32)
	at com.kms.katalon.core.keyword.internal.KeywordExecutor.executeKeywordForPlatform(KeywordExecutor.groovy:56)
	at com.kms.katalon.core.webui.keyword.WebUiBuiltInKeywords.verifyAllLinksOnCurrentPageAccessible(WebUiBuiltInKeywords.groovy:3754)
	at com.kms.katalon.core.webui.keyword.WebUiBuiltInKeywords$verifyAllLinksOnCurrentPageAccessible$5.call(Unknown Source)
	at Delivery,Returns and cancellations.run(Delivery,Returns and cancellations:37)
	at com.kms.katalon.core.main.ScriptEngine.run(ScriptEngine.java:194)
	at com.kms.katalon.core.main.ScriptEngine.runScriptAsRawText(ScriptEngine.java:119)
	at com.kms.katalon.core.main.TestCaseExecutor.runScript(TestCaseExecutor.java:331)
	at com.kms.katalon.core.main.TestCaseExecutor.doExecute(TestCaseExecutor.java:322)
	at com.kms.katalon.core.main.TestCaseExecutor.processExecutionPhase(TestCaseExecutor.java:301)
	at com.kms.katalon.core.main.TestCaseExecutor.accessMainPhase(TestCaseExecutor.java:293)
	at com.kms.katalon.core.main.TestCaseExecutor.execute(TestCaseExecutor.java:227)
	at com.kms.katalon.core.main.TestSuiteExecutor.accessTestCaseMainPhase(TestSuiteExecutor.java:129)
	at com.kms.katalon.core.main.TestSuiteExecutor.accessTestSuiteMainPhase(TestSuiteExecutor.java:112)
	at com.kms.katalon.core.main.TestSuiteExecutor.execute(TestSuiteExecutor.java:81)
	at com.kms.katalon.core.main.TestCaseMain.startTestSuite(TestCaseMain.java:157)
	at com.kms.katalon.core.main.TestCaseMain$startTestSuite$0.call(Unknown Source)
	at TempTestSuite1554790438768.run(TempTestSuite1554790438768.groovy:35)
Caused by: com.kms.katalon.core.exception.StepFailedException: Some of links on the current page are inaccessible
	at com.kms.katalon.core.webui.keyword.internal.WebUIKeywordMain.stepFailed(WebUIKeywordMain.groovy:64)
	at com.kms.katalon.core.webui.keyword.builtin.VerifyAllLinksOnCurrentPageAccessibleKeyword$_verifyAllLinksOnCurrentPageAccessible_closure1.doCall(VerifyAllLinksOnCurrentPageAccessibleKeyword.groovy:45)
	at com.kms.katalon.core.webui.keyword.builtin.VerifyAllLinksOnCurrentPageAccessibleKeyword$_verifyAllLinksOnCurrentPageAccessible_closure1.call(VerifyAllLinksOnCurrentPageAccessibleKeyword.groovy)
	at com.kms.katalon.core.webui.keyword.internal.WebUIKeywordMain.runKeyword(WebUIKeywordMain.groovy:20)
	... 19 more
)

2019-04-09 11:46:32 - [MESSAGE][FAILED] - verifyAllLinksOnCurrentPageAccessible(false, []) FAILED.
Reason:
com.kms.katalon.core.exception.StepFailedException: Unable to verify all links on the page 'http://192.168.0.28:90/delivery-returns-and-cancellations' are accessible
	at com.kms.katalon.core.webui.keyword.internal.WebUIKeywordMain.stepFailed(WebUIKeywordMain.groovy:64)
	at com.kms.katalon.core.webui.keyword.internal.WebUIKeywordMain.runKeyword(WebUIKeywordMain.groovy:26)
	at com.kms.katalon.core.webui.keyword.builtin.VerifyAllLinksOnCurrentPageAccessibleKeyword.verifyAllLinksOnCurrentPageAccessible(VerifyAllLinksOnCurrentPageAccessibleKeyword.groovy:48)
	at com.kms.katalon.core.webui.keyword.builtin.VerifyAllLinksOnCurrentPageAccessibleKeyword.execute(VerifyAllLinksOnCurrentPageAccessibleKeyword.groovy:32)
	at com.kms.katalon.core.keyword.internal.KeywordExecutor.executeKeywordForPlatform(KeywordExecutor.groovy:56)
	at com.kms.katalon.core.webui.keyword.WebUiBuiltInKeywords.verifyAllLinksOnCurrentPageAccessible(WebUiBuiltInKeywords.groovy:3754)
	at com.kms.katalon.core.webui.keyword.WebUiBuiltInKeywords$verifyAllLinksOnCurrentPageAccessible$5.call(Unknown Source)
	at Delivery,Returns and cancellations.run(Delivery,Returns and cancellations:37)
	at com.kms.katalon.core.main.ScriptEngine.run(ScriptEngine.java:194)
	at com.kms.katalon.core.main.ScriptEngine.runScriptAsRawText(ScriptEngine.java:119)
	at com.kms.katalon.core.main.TestCaseExecutor.runScript(TestCaseExecutor.java:331)
	at com.kms.katalon.core.main.TestCaseExecutor.doExecute(TestCaseExecutor.java:322)
	at com.kms.katalon.core.main.TestCaseExecutor.processExecutionPhase(TestCaseExecutor.java:301)
	at com.kms.katalon.core.main.TestCaseExecutor.accessMainPhase(TestCaseExecutor.java:293)
	at com.kms.katalon.core.main.TestCaseExecutor.execute(TestCaseExecutor.java:227)
	at com.kms.katalon.core.main.TestSuiteExecutor.accessTestCaseMainPhase(TestSuiteExecutor.java:129)
	at com.kms.katalon.core.main.TestSuiteExecutor.accessTestSuiteMainPhase(TestSuiteExecutor.java:112)
	at com.kms.katalon.core.main.TestSuiteExecutor.execute(TestSuiteExecutor.java:81)
	at com.kms.katalon.core.main.TestCaseMain.startTestSuite(TestCaseMain.java:157)
	at com.kms.katalon.core.main.TestCaseMain$startTestSuite$0.call(Unknown Source)
	at TempTestSuite1554790438768.run(TempTestSuite1554790438768.groovy:35)
Caused by: com.kms.katalon.core.exception.StepFailedException: Some of links on the current page are inaccessible
	at com.kms.katalon.core.webui.keyword.internal.WebUIKeywordMain.stepFailed(WebUIKeywordMain.groovy:64)
	at com.kms.katalon.core.webui.keyword.builtin.VerifyAllLinksOnCurrentPageAccessibleKeyword$_verifyAllLinksOnCurrentPageAccessible_closure1.doCall(VerifyAllLinksOnCurrentPageAccessibleKeyword.groovy:45)
	at com.kms.katalon.core.webui.keyword.builtin.VerifyAllLinksOnCurrentPageAccessibleKeyword$_verifyAllLinksOnCurrentPageAccessible_closure1.call(VerifyAllLinksOnCurrentPageAccessibleKeyword.groovy)
	at com.kms.katalon.core.webui.keyword.internal.WebUIKeywordMain.runKeyword(WebUIKeywordMain.groovy:20)
	... 19 more]]></system-out>
         <system-err><![CDATA[2019-04-09 11:46:22 - [TEST_CASE][FAILED] - Test Cases/All Links are Accessible/Delivery,Returns and cancellations: Test Cases/All Links are Accessible/Delivery,Returns and cancellations FAILED.
Reason:
com.kms.katalon.core.exception.StepFailedException: Unable to verify all links on the page 'http://192.168.0.28:90/delivery-returns-and-cancellations' are accessible
	at com.kms.katalon.core.webui.keyword.internal.WebUIKeywordMain.stepFailed(WebUIKeywordMain.groovy:64)
	at com.kms.katalon.core.webui.keyword.internal.WebUIKeywordMain.runKeyword(WebUIKeywordMain.groovy:26)
	at com.kms.katalon.core.webui.keyword.builtin.VerifyAllLinksOnCurrentPageAccessibleKeyword.verifyAllLinksOnCurrentPageAccessible(VerifyAllLinksOnCurrentPageAccessibleKeyword.groovy:48)
	at com.kms.katalon.core.webui.keyword.builtin.VerifyAllLinksOnCurrentPageAccessibleKeyword.execute(VerifyAllLinksOnCurrentPageAccessibleKeyword.groovy:32)
	at com.kms.katalon.core.keyword.internal.KeywordExecutor.executeKeywordForPlatform(KeywordExecutor.groovy:56)
	at com.kms.katalon.core.webui.keyword.WebUiBuiltInKeywords.verifyAllLinksOnCurrentPageAccessible(WebUiBuiltInKeywords.groovy:3754)
	at com.kms.katalon.core.webui.keyword.WebUiBuiltInKeywords$verifyAllLinksOnCurrentPageAccessible$5.call(Unknown Source)
	at Delivery,Returns and cancellations.run(Delivery,Returns and cancellations:37)
	at com.kms.katalon.core.main.ScriptEngine.run(ScriptEngine.java:194)
	at com.kms.katalon.core.main.ScriptEngine.runScriptAsRawText(ScriptEngine.java:119)
	at com.kms.katalon.core.main.TestCaseExecutor.runScript(TestCaseExecutor.java:331)
	at com.kms.katalon.core.main.TestCaseExecutor.doExecute(TestCaseExecutor.java:322)
	at com.kms.katalon.core.main.TestCaseExecutor.processExecutionPhase(TestCaseExecutor.java:301)
	at com.kms.katalon.core.main.TestCaseExecutor.accessMainPhase(TestCaseExecutor.java:293)
	at com.kms.katalon.core.main.TestCaseExecutor.execute(TestCaseExecutor.java:227)
	at com.kms.katalon.core.main.TestSuiteExecutor.accessTestCaseMainPhase(TestSuiteExecutor.java:129)
	at com.kms.katalon.core.main.TestSuiteExecutor.accessTestSuiteMainPhase(TestSuiteExecutor.java:112)
	at com.kms.katalon.core.main.TestSuiteExecutor.execute(TestSuiteExecutor.java:81)
	at com.kms.katalon.core.main.TestCaseMain.startTestSuite(TestCaseMain.java:157)
	at com.kms.katalon.core.main.TestCaseMain$startTestSuite$0.call(Unknown Source)
	at TempTestSuite1554790438768.run(TempTestSuite1554790438768.groovy:35)
Caused by: com.kms.katalon.core.exception.StepFailedException: Some of links on the current page are inaccessible
	at com.kms.katalon.core.webui.keyword.internal.WebUIKeywordMain.stepFailed(WebUIKeywordMain.groovy:64)
	at com.kms.katalon.core.webui.keyword.builtin.VerifyAllLinksOnCurrentPageAccessibleKeyword$_verifyAllLinksOnCurrentPageAccessible_closure1.doCall(VerifyAllLinksOnCurrentPageAccessibleKeyword.groovy:45)
	at com.kms.katalon.core.webui.keyword.builtin.VerifyAllLinksOnCurrentPageAccessibleKeyword$_verifyAllLinksOnCurrentPageAccessible_closure1.call(VerifyAllLinksOnCurrentPageAccessibleKeyword.groovy)
	at com.kms.katalon.core.webui.keyword.internal.WebUIKeywordMain.runKeyword(WebUIKeywordMain.groovy:20)
	... 19 more]]></system-err>
      </testcase>
      <testcase name="Test Cases/All Links are Accessible/Terms and Conditions links" classname="Test Cases/All Links are Accessible/Terms and Conditions links" status="FAILED">
         <failure type="FAILED" message="Test Cases/All Links are Accessible/Terms and Conditions links FAILED.
Reason:
com.kms.katalon.core.exception.StepFailedException: Unable to verify all links on the page 'http://192.168.0.28:90/terms-conditions' are accessible
	at com.kms.katalon.core.webui.keyword.internal.WebUIKeywordMain.stepFailed(WebUIKeywordMain.groovy:64)
	at com.kms.katalon.core.webui.keyword.internal.WebUIKeywordMain.runKeyword(WebUIKeywordMain.groovy:26)
	at com.kms.katalon.core.webui.keyword.builtin.VerifyAllLinksOnCurrentPageAccessibleKeyword.verifyAllLinksOnCurrentPageAccessible(VerifyAllLinksOnCurrentPageAccessibleKeyword.groovy:48)
	at com.kms.katalon.core.webui.keyword.builtin.VerifyAllLinksOnCurrentPageAccessibleKeyword.execute(VerifyAllLinksOnCurrentPageAccessibleKeyword.groovy:32)
	at com.kms.katalon.core.keyword.internal.KeywordExecutor.executeKeywordForPlatform(KeywordExecutor.groovy:56)
	at com.kms.katalon.core.webui.keyword.WebUiBuiltInKeywords.verifyAllLinksOnCurrentPageAccessible(WebUiBuiltInKeywords.groovy:3754)
	at com.kms.katalon.core.webui.keyword.WebUiBuiltInKeywords$verifyAllLinksOnCurrentPageAccessible$5.call(Unknown Source)
	at Terms and Conditions links.run(Terms and Conditions links:36)
	at com.kms.katalon.core.main.ScriptEngine.run(ScriptEngine.java:194)
	at com.kms.katalon.core.main.ScriptEngine.runScriptAsRawText(ScriptEngine.java:119)
	at com.kms.katalon.core.main.TestCaseExecutor.runScript(TestCaseExecutor.java:331)
	at com.kms.katalon.core.main.TestCaseExecutor.doExecute(TestCaseExecutor.java:322)
	at com.kms.katalon.core.main.TestCaseExecutor.processExecutionPhase(TestCaseExecutor.java:301)
	at com.kms.katalon.core.main.TestCaseExecutor.accessMainPhase(TestCaseExecutor.java:293)
	at com.kms.katalon.core.main.TestCaseExecutor.execute(TestCaseExecutor.java:227)
	at com.kms.katalon.core.main.TestSuiteExecutor.accessTestCaseMainPhase(TestSuiteExecutor.java:129)
	at com.kms.katalon.core.main.TestSuiteExecutor.accessTestSuiteMainPhase(TestSuiteExecutor.java:112)
	at com.kms.katalon.core.main.TestSuiteExecutor.execute(TestSuiteExecutor.java:81)
	at com.kms.katalon.core.main.TestCaseMain.startTestSuite(TestCaseMain.java:157)
	at com.kms.katalon.core.main.TestCaseMain$startTestSuite$0.call(Unknown Source)
	at TempTestSuite1554790438768.run(TempTestSuite1554790438768.groovy:35)
Caused by: com.kms.katalon.core.exception.StepFailedException: Some of links on the current page are inaccessible
	at com.kms.katalon.core.webui.keyword.internal.WebUIKeywordMain.stepFailed(WebUIKeywordMain.groovy:64)
	at com.kms.katalon.core.webui.keyword.builtin.VerifyAllLinksOnCurrentPageAccessibleKeyword$_verifyAllLinksOnCurrentPageAccessible_closure1.doCall(VerifyAllLinksOnCurrentPageAccessibleKeyword.groovy:45)
	at com.kms.katalon.core.webui.keyword.builtin.VerifyAllLinksOnCurrentPageAccessibleKeyword$_verifyAllLinksOnCurrentPageAccessible_closure1.call(VerifyAllLinksOnCurrentPageAccessibleKeyword.groovy)
	at com.kms.katalon.core.webui.keyword.internal.WebUIKeywordMain.runKeyword(WebUIKeywordMain.groovy:20)
	... 19 more
"/>
         <system-out><![CDATA[2019-04-09 11:46:32 - [TEST_CASE][FAILED] - Test Cases/All Links are Accessible/Terms and Conditions links: Test Cases/All Links are Accessible/Terms and Conditions links FAILED.
Reason:
com.kms.katalon.core.exception.StepFailedException: Unable to verify all links on the page 'http://192.168.0.28:90/terms-conditions' are accessible
	at com.kms.katalon.core.webui.keyword.internal.WebUIKeywordMain.stepFailed(WebUIKeywordMain.groovy:64)
	at com.kms.katalon.core.webui.keyword.internal.WebUIKeywordMain.runKeyword(WebUIKeywordMain.groovy:26)
	at com.kms.katalon.core.webui.keyword.builtin.VerifyAllLinksOnCurrentPageAccessibleKeyword.verifyAllLinksOnCurrentPageAccessible(VerifyAllLinksOnCurrentPageAccessibleKeyword.groovy:48)
	at com.kms.katalon.core.webui.keyword.builtin.VerifyAllLinksOnCurrentPageAccessibleKeyword.execute(VerifyAllLinksOnCurrentPageAccessibleKeyword.groovy:32)
	at com.kms.katalon.core.keyword.internal.KeywordExecutor.executeKeywordForPlatform(KeywordExecutor.groovy:56)
	at com.kms.katalon.core.webui.keyword.WebUiBuiltInKeywords.verifyAllLinksOnCurrentPageAccessible(WebUiBuiltInKeywords.groovy:3754)
	at com.kms.katalon.core.webui.keyword.WebUiBuiltInKeywords$verifyAllLinksOnCurrentPageAccessible$5.call(Unknown Source)
	at Terms and Conditions links.run(Terms and Conditions links:36)
	at com.kms.katalon.core.main.ScriptEngine.run(ScriptEngine.java:194)
	at com.kms.katalon.core.main.ScriptEngine.runScriptAsRawText(ScriptEngine.java:119)
	at com.kms.katalon.core.main.TestCaseExecutor.runScript(TestCaseExecutor.java:331)
	at com.kms.katalon.core.main.TestCaseExecutor.doExecute(TestCaseExecutor.java:322)
	at com.kms.katalon.core.main.TestCaseExecutor.processExecutionPhase(TestCaseExecutor.java:301)
	at com.kms.katalon.core.main.TestCaseExecutor.accessMainPhase(TestCaseExecutor.java:293)
	at com.kms.katalon.core.main.TestCaseExecutor.execute(TestCaseExecutor.java:227)
	at com.kms.katalon.core.main.TestSuiteExecutor.accessTestCaseMainPhase(TestSuiteExecutor.java:129)
	at com.kms.katalon.core.main.TestSuiteExecutor.accessTestSuiteMainPhase(TestSuiteExecutor.java:112)
	at com.kms.katalon.core.main.TestSuiteExecutor.execute(TestSuiteExecutor.java:81)
	at com.kms.katalon.core.main.TestCaseMain.startTestSuite(TestCaseMain.java:157)
	at com.kms.katalon.core.main.TestCaseMain$startTestSuite$0.call(Unknown Source)
	at TempTestSuite1554790438768.run(TempTestSuite1554790438768.groovy:35)
Caused by: com.kms.katalon.core.exception.StepFailedException: Some of links on the current page are inaccessible
	at com.kms.katalon.core.webui.keyword.internal.WebUIKeywordMain.stepFailed(WebUIKeywordMain.groovy:64)
	at com.kms.katalon.core.webui.keyword.builtin.VerifyAllLinksOnCurrentPageAccessibleKeyword$_verifyAllLinksOnCurrentPageAccessible_closure1.doCall(VerifyAllLinksOnCurrentPageAccessibleKeyword.groovy:45)
	at com.kms.katalon.core.webui.keyword.builtin.VerifyAllLinksOnCurrentPageAccessibleKeyword$_verifyAllLinksOnCurrentPageAccessible_closure1.call(VerifyAllLinksOnCurrentPageAccessibleKeyword.groovy)
	at com.kms.katalon.core.webui.keyword.internal.WebUIKeywordMain.runKeyword(WebUIKeywordMain.groovy:20)
	... 19 more


2019-04-09 11:46:32 - [TEST_STEP][PASSED] - comment("Verifying Whether Links are Working or not when we click on terms and conditions page"): Verifying Whether Links are Working or not when we click on terms and conditions page

2019-04-09 11:46:32 - [MESSAGE][INFO] - Verifying Whether Links are Working or not when we click on terms and conditions page

2019-04-09 11:46:32 - [TEST_STEP][PASSED] - openBrowser(""): Browser is opened with url: ''

2019-04-09 11:46:32 - [MESSAGE][WARNING] - A browser is already opened. Closing browser and opening a new one

2019-04-09 11:46:33 - [MESSAGE][INFO] - Starting 'Chrome' driver

2019-04-09 11:46:36 - [MESSAGE][PASSED] - Browser is opened with url: ''

2019-04-09 11:46:36 - [TEST_STEP][PASSED] - navigateToUrl("http://192.168.0.28:90/list"): Navigate to 'http://192.168.0.28:90/list' successfully

2019-04-09 11:46:38 - [MESSAGE][PASSED] - Navigate to 'http://192.168.0.28:90/list' successfully

2019-04-09 11:46:38 - [TEST_STEP][PASSED] - click(findTestObject("All links are Accessible/Terms and conditions/Page_Middlesex Cricket Memberships/small_Terms  Conditions")): Object: 'Object Repository/All links are Accessible/Terms and conditions/Page_Middlesex Cricket Memberships/small_Terms  Conditions' is clicked on

2019-04-09 11:46:38 - [MESSAGE][PASSED] - Object: 'Object Repository/All links are Accessible/Terms and conditions/Page_Middlesex Cricket Memberships/small_Terms  Conditions' is clicked on

2019-04-09 11:46:38 - [TEST_STEP][PASSED] - switchToWindowIndex(1): Switched to window with index: '1'

2019-04-09 11:46:38 - [MESSAGE][PASSED] - Switched to window with index: '1'

2019-04-09 11:46:38 - [TEST_STEP][PASSED] - verifyTextPresent("TERMS AND CONDITIONS", false): Text 'TERMS AND CONDITIONS' is present on page 

2019-04-09 11:46:39 - [MESSAGE][PASSED] - Text 'TERMS AND CONDITIONS' is present on page 

2019-04-09 11:46:39 - [TEST_STEP][PASSED] - getAllLinksOnCurrentPage(false, []): Found 20 unique links on the page http://192.168.0.28:90/terms-conditions

2019-04-09 11:46:39 - [MESSAGE][PASSED] - Found 20 unique links on the page http://192.168.0.28:90/terms-conditions

2019-04-09 11:46:39 - [TEST_STEP][FAILED] - verifyAllLinksOnCurrentPageAccessible(false, []): verifyAllLinksOnCurrentPageAccessible(false, []) FAILED.
Reason:
com.kms.katalon.core.exception.StepFailedException: Unable to verify all links on the page 'http://192.168.0.28:90/terms-conditions' are accessible
	at com.kms.katalon.core.webui.keyword.internal.WebUIKeywordMain.stepFailed(WebUIKeywordMain.groovy:64)
	at com.kms.katalon.core.webui.keyword.internal.WebUIKeywordMain.runKeyword(WebUIKeywordMain.groovy:26)
	at com.kms.katalon.core.webui.keyword.builtin.VerifyAllLinksOnCurrentPageAccessibleKeyword.verifyAllLinksOnCurrentPageAccessible(VerifyAllLinksOnCurrentPageAccessibleKeyword.groovy:48)
	at com.kms.katalon.core.webui.keyword.builtin.VerifyAllLinksOnCurrentPageAccessibleKeyword.execute(VerifyAllLinksOnCurrentPageAccessibleKeyword.groovy:32)
	at com.kms.katalon.core.keyword.internal.KeywordExecutor.executeKeywordForPlatform(KeywordExecutor.groovy:56)
	at com.kms.katalon.core.webui.keyword.WebUiBuiltInKeywords.verifyAllLinksOnCurrentPageAccessible(WebUiBuiltInKeywords.groovy:3754)
	at com.kms.katalon.core.webui.keyword.WebUiBuiltInKeywords$verifyAllLinksOnCurrentPageAccessible$5.call(Unknown Source)
	at Terms and Conditions links.run(Terms and Conditions links:36)
	at com.kms.katalon.core.main.ScriptEngine.run(ScriptEngine.java:194)
	at com.kms.katalon.core.main.ScriptEngine.runScriptAsRawText(ScriptEngine.java:119)
	at com.kms.katalon.core.main.TestCaseExecutor.runScript(TestCaseExecutor.java:331)
	at com.kms.katalon.core.main.TestCaseExecutor.doExecute(TestCaseExecutor.java:322)
	at com.kms.katalon.core.main.TestCaseExecutor.processExecutionPhase(TestCaseExecutor.java:301)
	at com.kms.katalon.core.main.TestCaseExecutor.accessMainPhase(TestCaseExecutor.java:293)
	at com.kms.katalon.core.main.TestCaseExecutor.execute(TestCaseExecutor.java:227)
	at com.kms.katalon.core.main.TestSuiteExecutor.accessTestCaseMainPhase(TestSuiteExecutor.java:129)
	at com.kms.katalon.core.main.TestSuiteExecutor.accessTestSuiteMainPhase(TestSuiteExecutor.java:112)
	at com.kms.katalon.core.main.TestSuiteExecutor.execute(TestSuiteExecutor.java:81)
	at com.kms.katalon.core.main.TestCaseMain.startTestSuite(TestCaseMain.java:157)
	at com.kms.katalon.core.main.TestCaseMain$startTestSuite$0.call(Unknown Source)
	at TempTestSuite1554790438768.run(TempTestSuite1554790438768.groovy:35)
Caused by: com.kms.katalon.core.exception.StepFailedException: Some of links on the current page are inaccessible
	at com.kms.katalon.core.webui.keyword.internal.WebUIKeywordMain.stepFailed(WebUIKeywordMain.groovy:64)
	at com.kms.katalon.core.webui.keyword.builtin.VerifyAllLinksOnCurrentPageAccessibleKeyword$_verifyAllLinksOnCurrentPageAccessible_closure1.doCall(VerifyAllLinksOnCurrentPageAccessibleKeyword.groovy:45)
	at com.kms.katalon.core.webui.keyword.builtin.VerifyAllLinksOnCurrentPageAccessibleKeyword$_verifyAllLinksOnCurrentPageAccessible_closure1.call(VerifyAllLinksOnCurrentPageAccessibleKeyword.groovy)
	at com.kms.katalon.core.webui.keyword.internal.WebUIKeywordMain.runKeyword(WebUIKeywordMain.groovy:20)
	... 19 more


2019-04-09 11:46:40 - [MESSAGE][PASSED] - Found 20 unique links on the page http://192.168.0.28:90/terms-conditions

2019-04-09 11:46:40 - [MESSAGE][INFO] - HAR: C:\Users\sambhavi\git\staging-mccc\Reports\Al links are accessible\20190409_114358\requests\main\363.har

2019-04-09 11:46:40 - [MESSAGE][PASSED] - Send request successfully

2019-04-09 11:46:40 - [MESSAGE][INFO] - HAR: C:\Users\sambhavi\git\staging-mccc\Reports\Al links are accessible\20190409_114358\requests\main\364.har

2019-04-09 11:46:40 - [MESSAGE][PASSED] - Send request successfully

2019-04-09 11:46:40 - [MESSAGE][INFO] - HAR: C:\Users\sambhavi\git\staging-mccc\Reports\Al links are accessible\20190409_114358\requests\main\365.har

2019-04-09 11:46:40 - [MESSAGE][PASSED] - Send request successfully

2019-04-09 11:46:40 - [MESSAGE][INFO] - HAR: C:\Users\sambhavi\git\staging-mccc\Reports\Al links are accessible\20190409_114358\requests\main\366.har

2019-04-09 11:46:40 - [MESSAGE][PASSED] - Send request successfully

2019-04-09 11:46:40 - [MESSAGE][INFO] - HAR: C:\Users\sambhavi\git\staging-mccc\Reports\Al links are accessible\20190409_114358\requests\main\367.har

2019-04-09 11:46:40 - [MESSAGE][PASSED] - Send request successfully

2019-04-09 11:46:40 - [MESSAGE][INFO] - HAR: C:\Users\sambhavi\git\staging-mccc\Reports\Al links are accessible\20190409_114358\requests\main\368.har

2019-04-09 11:46:40 - [MESSAGE][PASSED] - Send request successfully

2019-04-09 11:46:40 - [MESSAGE][INFO] - HAR: C:\Users\sambhavi\git\staging-mccc\Reports\Al links are accessible\20190409_114358\requests\main\369.har

2019-04-09 11:46:40 - [MESSAGE][PASSED] - Send request successfully

2019-04-09 11:46:40 - [MESSAGE][INFO] - HAR: C:\Users\sambhavi\git\staging-mccc\Reports\Al links are accessible\20190409_114358\requests\main\370.har

2019-04-09 11:46:40 - [MESSAGE][PASSED] - Send request successfully

2019-04-09 11:46:40 - [MESSAGE][INFO] - HAR: C:\Users\sambhavi\git\staging-mccc\Reports\Al links are accessible\20190409_114358\requests\main\371.har

2019-04-09 11:46:40 - [MESSAGE][PASSED] - Send request successfully

2019-04-09 11:46:40 - [MESSAGE][INFO] - HAR: C:\Users\sambhavi\git\staging-mccc\Reports\Al links are accessible\20190409_114358\requests\main\372.har

2019-04-09 11:46:40 - [MESSAGE][PASSED] - Send request successfully

2019-04-09 11:46:40 - [MESSAGE][INFO] - HAR: C:\Users\sambhavi\git\staging-mccc\Reports\Al links are accessible\20190409_114358\requests\main\373.har

2019-04-09 11:46:40 - [MESSAGE][PASSED] - Send request successfully

2019-04-09 11:46:40 - [MESSAGE][INFO] - HAR: C:\Users\sambhavi\git\staging-mccc\Reports\Al links are accessible\20190409_114358\requests\main\374.har

2019-04-09 11:46:40 - [MESSAGE][PASSED] - Send request successfully

2019-04-09 11:46:40 - [MESSAGE][INFO] - HAR: C:\Users\sambhavi\git\staging-mccc\Reports\Al links are accessible\20190409_114358\requests\main\375.har

2019-04-09 11:46:40 - [MESSAGE][PASSED] - Send request successfully

2019-04-09 11:46:40 - [MESSAGE][INFO] - HAR: C:\Users\sambhavi\git\staging-mccc\Reports\Al links are accessible\20190409_114358\requests\main\376.har

2019-04-09 11:46:40 - [MESSAGE][PASSED] - Send request successfully

2019-04-09 11:46:40 - [MESSAGE][INFO] - HAR: C:\Users\sambhavi\git\staging-mccc\Reports\Al links are accessible\20190409_114358\requests\main\377.har

2019-04-09 11:46:40 - [MESSAGE][PASSED] - Send request successfully

2019-04-09 11:46:40 - [MESSAGE][INFO] - HAR: C:\Users\sambhavi\git\staging-mccc\Reports\Al links are accessible\20190409_114358\requests\main\378.har

2019-04-09 11:46:40 - [MESSAGE][PASSED] - Send request successfully

2019-04-09 11:46:40 - [MESSAGE][INFO] - HAR: C:\Users\sambhavi\git\staging-mccc\Reports\Al links are accessible\20190409_114358\requests\main\379.har

2019-04-09 11:46:40 - [MESSAGE][PASSED] - Send request successfully

2019-04-09 11:46:40 - [MESSAGE][INFO] - HAR: C:\Users\sambhavi\git\staging-mccc\Reports\Al links are accessible\20190409_114358\requests\main\380.har

2019-04-09 11:46:40 - [MESSAGE][PASSED] - Send request successfully

2019-04-09 11:46:40 - [MESSAGE][INFO] - HAR: C:\Users\sambhavi\git\staging-mccc\Reports\Al links are accessible\20190409_114358\requests\main\381.har

2019-04-09 11:46:40 - [MESSAGE][PASSED] - Send request successfully

2019-04-09 11:46:40 - [MESSAGE][INFO] - HAR: C:\Users\sambhavi\git\staging-mccc\Reports\Al links are accessible\20190409_114358\requests\main\382.har

2019-04-09 11:46:40 - [MESSAGE][PASSED] - Send request successfully

2019-04-09 11:46:40 - [MESSAGE][WARNING] - Found 3 inaccessible links [http://192.168.0.28:90/img/logo-fav.png, http://192.168.0.28:90/assets/js/vendor/popper.min.js, http://192.168.0.28:90/assets/js/vendor/holder.min.js] (Root cause: com.kms.katalon.core.exception.StepFailedException: Found 3 inaccessible links [http://192.168.0.28:90/img/logo-fav.png, http://192.168.0.28:90/assets/js/vendor/popper.min.js, http://192.168.0.28:90/assets/js/vendor/holder.min.js]
	at com.kms.katalon.core.webui.keyword.internal.WebUIKeywordMain.stepFailed(WebUIKeywordMain.groovy:64)
	at com.kms.katalon.core.webui.keyword.builtin.VerifyLinksAccessibleKeyword$_verifyLinksAccessible_closure1.doCall(VerifyLinksAccessibleKeyword.groovy:52)
	at com.kms.katalon.core.webui.keyword.builtin.VerifyLinksAccessibleKeyword$_verifyLinksAccessible_closure1.call(VerifyLinksAccessibleKeyword.groovy)
	at com.kms.katalon.core.webui.keyword.internal.WebUIKeywordMain.runKeyword(WebUIKeywordMain.groovy:20)
	at com.kms.katalon.core.webui.keyword.builtin.VerifyLinksAccessibleKeyword.verifyLinksAccessible(VerifyLinksAccessibleKeyword.groovy:37)
	at com.kms.katalon.core.webui.keyword.builtin.VerifyLinksAccessibleKeyword.execute(VerifyLinksAccessibleKeyword.groovy:32)
	at com.kms.katalon.core.keyword.internal.KeywordExecutor.executeKeywordForPlatform(KeywordExecutor.groovy:56)
	at com.kms.katalon.core.webui.keyword.WebUiBuiltInKeywords.verifyLinksAccessible(WebUiBuiltInKeywords.groovy:3709)
	at com.kms.katalon.core.webui.keyword.builtin.VerifyAllLinksOnCurrentPageAccessibleKeyword$_verifyAllLinksOnCurrentPageAccessible_closure1.doCall(VerifyAllLinksOnCurrentPageAccessibleKeyword.groovy:40)
	at com.kms.katalon.core.webui.keyword.builtin.VerifyAllLinksOnCurrentPageAccessibleKeyword$_verifyAllLinksOnCurrentPageAccessible_closure1.call(VerifyAllLinksOnCurrentPageAccessibleKeyword.groovy)
	at com.kms.katalon.core.webui.keyword.internal.WebUIKeywordMain.runKeyword(WebUIKeywordMain.groovy:20)
	at com.kms.katalon.core.webui.keyword.builtin.VerifyAllLinksOnCurrentPageAccessibleKeyword.verifyAllLinksOnCurrentPageAccessible(VerifyAllLinksOnCurrentPageAccessibleKeyword.groovy:48)
	at com.kms.katalon.core.webui.keyword.builtin.VerifyAllLinksOnCurrentPageAccessibleKeyword.execute(VerifyAllLinksOnCurrentPageAccessibleKeyword.groovy:32)
	at com.kms.katalon.core.keyword.internal.KeywordExecutor.executeKeywordForPlatform(KeywordExecutor.groovy:56)
	at com.kms.katalon.core.webui.keyword.WebUiBuiltInKeywords.verifyAllLinksOnCurrentPageAccessible(WebUiBuiltInKeywords.groovy:3754)
	at com.kms.katalon.core.webui.keyword.WebUiBuiltInKeywords$verifyAllLinksOnCurrentPageAccessible$5.call(Unknown Source)
	at Terms and Conditions links.run(Terms and Conditions links:36)
	at com.kms.katalon.core.main.ScriptEngine.run(ScriptEngine.java:194)
	at com.kms.katalon.core.main.ScriptEngine.runScriptAsRawText(ScriptEngine.java:119)
	at com.kms.katalon.core.main.TestCaseExecutor.runScript(TestCaseExecutor.java:331)
	at com.kms.katalon.core.main.TestCaseExecutor.doExecute(TestCaseExecutor.java:322)
	at com.kms.katalon.core.main.TestCaseExecutor.processExecutionPhase(TestCaseExecutor.java:301)
	at com.kms.katalon.core.main.TestCaseExecutor.accessMainPhase(TestCaseExecutor.java:293)
	at com.kms.katalon.core.main.TestCaseExecutor.execute(TestCaseExecutor.java:227)
	at com.kms.katalon.core.main.TestSuiteExecutor.accessTestCaseMainPhase(TestSuiteExecutor.java:129)
	at com.kms.katalon.core.main.TestSuiteExecutor.accessTestSuiteMainPhase(TestSuiteExecutor.java:112)
	at com.kms.katalon.core.main.TestSuiteExecutor.execute(TestSuiteExecutor.java:81)
	at com.kms.katalon.core.main.TestCaseMain.startTestSuite(TestCaseMain.java:157)
	at com.kms.katalon.core.main.TestCaseMain$startTestSuite$0.call(Unknown Source)
	at TempTestSuite1554790438768.run(TempTestSuite1554790438768.groovy:35)
)

2019-04-09 11:46:41 - [MESSAGE][FAILED] - Some of links on the current page are inaccessible (Root cause: com.kms.katalon.core.exception.StepFailedException: Some of links on the current page are inaccessible
	at com.kms.katalon.core.webui.keyword.internal.WebUIKeywordMain.stepFailed(WebUIKeywordMain.groovy:64)
	at com.kms.katalon.core.webui.keyword.builtin.VerifyAllLinksOnCurrentPageAccessibleKeyword$_verifyAllLinksOnCurrentPageAccessible_closure1.doCall(VerifyAllLinksOnCurrentPageAccessibleKeyword.groovy:45)
	at com.kms.katalon.core.webui.keyword.builtin.VerifyAllLinksOnCurrentPageAccessibleKeyword$_verifyAllLinksOnCurrentPageAccessible_closure1.call(VerifyAllLinksOnCurrentPageAccessibleKeyword.groovy)
	at com.kms.katalon.core.webui.keyword.internal.WebUIKeywordMain.runKeyword(WebUIKeywordMain.groovy:20)
	at com.kms.katalon.core.webui.keyword.builtin.VerifyAllLinksOnCurrentPageAccessibleKeyword.verifyAllLinksOnCurrentPageAccessible(VerifyAllLinksOnCurrentPageAccessibleKeyword.groovy:48)
	at com.kms.katalon.core.webui.keyword.builtin.VerifyAllLinksOnCurrentPageAccessibleKeyword.execute(VerifyAllLinksOnCurrentPageAccessibleKeyword.groovy:32)
	at com.kms.katalon.core.keyword.internal.KeywordExecutor.executeKeywordForPlatform(KeywordExecutor.groovy:56)
	at com.kms.katalon.core.webui.keyword.WebUiBuiltInKeywords.verifyAllLinksOnCurrentPageAccessible(WebUiBuiltInKeywords.groovy:3754)
	at com.kms.katalon.core.webui.keyword.WebUiBuiltInKeywords$verifyAllLinksOnCurrentPageAccessible$5.call(Unknown Source)
	at Terms and Conditions links.run(Terms and Conditions links:36)
	at com.kms.katalon.core.main.ScriptEngine.run(ScriptEngine.java:194)
	at com.kms.katalon.core.main.ScriptEngine.runScriptAsRawText(ScriptEngine.java:119)
	at com.kms.katalon.core.main.TestCaseExecutor.runScript(TestCaseExecutor.java:331)
	at com.kms.katalon.core.main.TestCaseExecutor.doExecute(TestCaseExecutor.java:322)
	at com.kms.katalon.core.main.TestCaseExecutor.processExecutionPhase(TestCaseExecutor.java:301)
	at com.kms.katalon.core.main.TestCaseExecutor.accessMainPhase(TestCaseExecutor.java:293)
	at com.kms.katalon.core.main.TestCaseExecutor.execute(TestCaseExecutor.java:227)
	at com.kms.katalon.core.main.TestSuiteExecutor.accessTestCaseMainPhase(TestSuiteExecutor.java:129)
	at com.kms.katalon.core.main.TestSuiteExecutor.accessTestSuiteMainPhase(TestSuiteExecutor.java:112)
	at com.kms.katalon.core.main.TestSuiteExecutor.execute(TestSuiteExecutor.java:81)
	at com.kms.katalon.core.main.TestCaseMain.startTestSuite(TestCaseMain.java:157)
	at com.kms.katalon.core.main.TestCaseMain$startTestSuite$0.call(Unknown Source)
	at TempTestSuite1554790438768.run(TempTestSuite1554790438768.groovy:35)
)

2019-04-09 11:46:41 - [MESSAGE][FAILED] - Unable to verify all links on the page 'http://192.168.0.28:90/terms-conditions' are accessible (Root cause: com.kms.katalon.core.exception.StepFailedException: Unable to verify all links on the page 'http://192.168.0.28:90/terms-conditions' are accessible
	at com.kms.katalon.core.webui.keyword.internal.WebUIKeywordMain.stepFailed(WebUIKeywordMain.groovy:64)
	at com.kms.katalon.core.webui.keyword.internal.WebUIKeywordMain.runKeyword(WebUIKeywordMain.groovy:26)
	at com.kms.katalon.core.webui.keyword.builtin.VerifyAllLinksOnCurrentPageAccessibleKeyword.verifyAllLinksOnCurrentPageAccessible(VerifyAllLinksOnCurrentPageAccessibleKeyword.groovy:48)
	at com.kms.katalon.core.webui.keyword.builtin.VerifyAllLinksOnCurrentPageAccessibleKeyword.execute(VerifyAllLinksOnCurrentPageAccessibleKeyword.groovy:32)
	at com.kms.katalon.core.keyword.internal.KeywordExecutor.executeKeywordForPlatform(KeywordExecutor.groovy:56)
	at com.kms.katalon.core.webui.keyword.WebUiBuiltInKeywords.verifyAllLinksOnCurrentPageAccessible(WebUiBuiltInKeywords.groovy:3754)
	at com.kms.katalon.core.webui.keyword.WebUiBuiltInKeywords$verifyAllLinksOnCurrentPageAccessible$5.call(Unknown Source)
	at Terms and Conditions links.run(Terms and Conditions links:36)
	at com.kms.katalon.core.main.ScriptEngine.run(ScriptEngine.java:194)
	at com.kms.katalon.core.main.ScriptEngine.runScriptAsRawText(ScriptEngine.java:119)
	at com.kms.katalon.core.main.TestCaseExecutor.runScript(TestCaseExecutor.java:331)
	at com.kms.katalon.core.main.TestCaseExecutor.doExecute(TestCaseExecutor.java:322)
	at com.kms.katalon.core.main.TestCaseExecutor.processExecutionPhase(TestCaseExecutor.java:301)
	at com.kms.katalon.core.main.TestCaseExecutor.accessMainPhase(TestCaseExecutor.java:293)
	at com.kms.katalon.core.main.TestCaseExecutor.execute(TestCaseExecutor.java:227)
	at com.kms.katalon.core.main.TestSuiteExecutor.accessTestCaseMainPhase(TestSuiteExecutor.java:129)
	at com.kms.katalon.core.main.TestSuiteExecutor.accessTestSuiteMainPhase(TestSuiteExecutor.java:112)
	at com.kms.katalon.core.main.TestSuiteExecutor.execute(TestSuiteExecutor.java:81)
	at com.kms.katalon.core.main.TestCaseMain.startTestSuite(TestCaseMain.java:157)
	at com.kms.katalon.core.main.TestCaseMain$startTestSuite$0.call(Unknown Source)
	at TempTestSuite1554790438768.run(TempTestSuite1554790438768.groovy:35)
Caused by: com.kms.katalon.core.exception.StepFailedException: Some of links on the current page are inaccessible
	at com.kms.katalon.core.webui.keyword.internal.WebUIKeywordMain.stepFailed(WebUIKeywordMain.groovy:64)
	at com.kms.katalon.core.webui.keyword.builtin.VerifyAllLinksOnCurrentPageAccessibleKeyword$_verifyAllLinksOnCurrentPageAccessible_closure1.doCall(VerifyAllLinksOnCurrentPageAccessibleKeyword.groovy:45)
	at com.kms.katalon.core.webui.keyword.builtin.VerifyAllLinksOnCurrentPageAccessibleKeyword$_verifyAllLinksOnCurrentPageAccessible_closure1.call(VerifyAllLinksOnCurrentPageAccessibleKeyword.groovy)
	at com.kms.katalon.core.webui.keyword.internal.WebUIKeywordMain.runKeyword(WebUIKeywordMain.groovy:20)
	... 19 more
)

2019-04-09 11:46:41 - [MESSAGE][FAILED] - verifyAllLinksOnCurrentPageAccessible(false, []) FAILED.
Reason:
com.kms.katalon.core.exception.StepFailedException: Unable to verify all links on the page 'http://192.168.0.28:90/terms-conditions' are accessible
	at com.kms.katalon.core.webui.keyword.internal.WebUIKeywordMain.stepFailed(WebUIKeywordMain.groovy:64)
	at com.kms.katalon.core.webui.keyword.internal.WebUIKeywordMain.runKeyword(WebUIKeywordMain.groovy:26)
	at com.kms.katalon.core.webui.keyword.builtin.VerifyAllLinksOnCurrentPageAccessibleKeyword.verifyAllLinksOnCurrentPageAccessible(VerifyAllLinksOnCurrentPageAccessibleKeyword.groovy:48)
	at com.kms.katalon.core.webui.keyword.builtin.VerifyAllLinksOnCurrentPageAccessibleKeyword.execute(VerifyAllLinksOnCurrentPageAccessibleKeyword.groovy:32)
	at com.kms.katalon.core.keyword.internal.KeywordExecutor.executeKeywordForPlatform(KeywordExecutor.groovy:56)
	at com.kms.katalon.core.webui.keyword.WebUiBuiltInKeywords.verifyAllLinksOnCurrentPageAccessible(WebUiBuiltInKeywords.groovy:3754)
	at com.kms.katalon.core.webui.keyword.WebUiBuiltInKeywords$verifyAllLinksOnCurrentPageAccessible$5.call(Unknown Source)
	at Terms and Conditions links.run(Terms and Conditions links:36)
	at com.kms.katalon.core.main.ScriptEngine.run(ScriptEngine.java:194)
	at com.kms.katalon.core.main.ScriptEngine.runScriptAsRawText(ScriptEngine.java:119)
	at com.kms.katalon.core.main.TestCaseExecutor.runScript(TestCaseExecutor.java:331)
	at com.kms.katalon.core.main.TestCaseExecutor.doExecute(TestCaseExecutor.java:322)
	at com.kms.katalon.core.main.TestCaseExecutor.processExecutionPhase(TestCaseExecutor.java:301)
	at com.kms.katalon.core.main.TestCaseExecutor.accessMainPhase(TestCaseExecutor.java:293)
	at com.kms.katalon.core.main.TestCaseExecutor.execute(TestCaseExecutor.java:227)
	at com.kms.katalon.core.main.TestSuiteExecutor.accessTestCaseMainPhase(TestSuiteExecutor.java:129)
	at com.kms.katalon.core.main.TestSuiteExecutor.accessTestSuiteMainPhase(TestSuiteExecutor.java:112)
	at com.kms.katalon.core.main.TestSuiteExecutor.execute(TestSuiteExecutor.java:81)
	at com.kms.katalon.core.main.TestCaseMain.startTestSuite(TestCaseMain.java:157)
	at com.kms.katalon.core.main.TestCaseMain$startTestSuite$0.call(Unknown Source)
	at TempTestSuite1554790438768.run(TempTestSuite1554790438768.groovy:35)
Caused by: com.kms.katalon.core.exception.StepFailedException: Some of links on the current page are inaccessible
	at com.kms.katalon.core.webui.keyword.internal.WebUIKeywordMain.stepFailed(WebUIKeywordMain.groovy:64)
	at com.kms.katalon.core.webui.keyword.builtin.VerifyAllLinksOnCurrentPageAccessibleKeyword$_verifyAllLinksOnCurrentPageAccessible_closure1.doCall(VerifyAllLinksOnCurrentPageAccessibleKeyword.groovy:45)
	at com.kms.katalon.core.webui.keyword.builtin.VerifyAllLinksOnCurrentPageAccessibleKeyword$_verifyAllLinksOnCurrentPageAccessible_closure1.call(VerifyAllLinksOnCurrentPageAccessibleKeyword.groovy)
	at com.kms.katalon.core.webui.keyword.internal.WebUIKeywordMain.runKeyword(WebUIKeywordMain.groovy:20)
	... 19 more]]></system-out>
         <system-err><![CDATA[2019-04-09 11:46:32 - [TEST_CASE][FAILED] - Test Cases/All Links are Accessible/Terms and Conditions links: Test Cases/All Links are Accessible/Terms and Conditions links FAILED.
Reason:
com.kms.katalon.core.exception.StepFailedException: Unable to verify all links on the page 'http://192.168.0.28:90/terms-conditions' are accessible
	at com.kms.katalon.core.webui.keyword.internal.WebUIKeywordMain.stepFailed(WebUIKeywordMain.groovy:64)
	at com.kms.katalon.core.webui.keyword.internal.WebUIKeywordMain.runKeyword(WebUIKeywordMain.groovy:26)
	at com.kms.katalon.core.webui.keyword.builtin.VerifyAllLinksOnCurrentPageAccessibleKeyword.verifyAllLinksOnCurrentPageAccessible(VerifyAllLinksOnCurrentPageAccessibleKeyword.groovy:48)
	at com.kms.katalon.core.webui.keyword.builtin.VerifyAllLinksOnCurrentPageAccessibleKeyword.execute(VerifyAllLinksOnCurrentPageAccessibleKeyword.groovy:32)
	at com.kms.katalon.core.keyword.internal.KeywordExecutor.executeKeywordForPlatform(KeywordExecutor.groovy:56)
	at com.kms.katalon.core.webui.keyword.WebUiBuiltInKeywords.verifyAllLinksOnCurrentPageAccessible(WebUiBuiltInKeywords.groovy:3754)
	at com.kms.katalon.core.webui.keyword.WebUiBuiltInKeywords$verifyAllLinksOnCurrentPageAccessible$5.call(Unknown Source)
	at Terms and Conditions links.run(Terms and Conditions links:36)
	at com.kms.katalon.core.main.ScriptEngine.run(ScriptEngine.java:194)
	at com.kms.katalon.core.main.ScriptEngine.runScriptAsRawText(ScriptEngine.java:119)
	at com.kms.katalon.core.main.TestCaseExecutor.runScript(TestCaseExecutor.java:331)
	at com.kms.katalon.core.main.TestCaseExecutor.doExecute(TestCaseExecutor.java:322)
	at com.kms.katalon.core.main.TestCaseExecutor.processExecutionPhase(TestCaseExecutor.java:301)
	at com.kms.katalon.core.main.TestCaseExecutor.accessMainPhase(TestCaseExecutor.java:293)
	at com.kms.katalon.core.main.TestCaseExecutor.execute(TestCaseExecutor.java:227)
	at com.kms.katalon.core.main.TestSuiteExecutor.accessTestCaseMainPhase(TestSuiteExecutor.java:129)
	at com.kms.katalon.core.main.TestSuiteExecutor.accessTestSuiteMainPhase(TestSuiteExecutor.java:112)
	at com.kms.katalon.core.main.TestSuiteExecutor.execute(TestSuiteExecutor.java:81)
	at com.kms.katalon.core.main.TestCaseMain.startTestSuite(TestCaseMain.java:157)
	at com.kms.katalon.core.main.TestCaseMain$startTestSuite$0.call(Unknown Source)
	at TempTestSuite1554790438768.run(TempTestSuite1554790438768.groovy:35)
Caused by: com.kms.katalon.core.exception.StepFailedException: Some of links on the current page are inaccessible
	at com.kms.katalon.core.webui.keyword.internal.WebUIKeywordMain.stepFailed(WebUIKeywordMain.groovy:64)
	at com.kms.katalon.core.webui.keyword.builtin.VerifyAllLinksOnCurrentPageAccessibleKeyword$_verifyAllLinksOnCurrentPageAccessible_closure1.doCall(VerifyAllLinksOnCurrentPageAccessibleKeyword.groovy:45)
	at com.kms.katalon.core.webui.keyword.builtin.VerifyAllLinksOnCurrentPageAccessibleKeyword$_verifyAllLinksOnCurrentPageAccessible_closure1.call(VerifyAllLinksOnCurrentPageAccessibleKeyword.groovy)
	at com.kms.katalon.core.webui.keyword.internal.WebUIKeywordMain.runKeyword(WebUIKeywordMain.groovy:20)
	... 19 more]]></system-err>
      </testcase>
      <testcase name="Test Cases/All Links are Accessible/Privacy policy" classname="Test Cases/All Links are Accessible/Privacy policy" status="FAILED">
         <failure type="FAILED" message="Test Cases/All Links are Accessible/Privacy policy FAILED.
Reason:
com.kms.katalon.core.exception.StepFailedException: Unable to verify all links on the page 'http://192.168.0.28:90/privacy-policy' are accessible
	at com.kms.katalon.core.webui.keyword.internal.WebUIKeywordMain.stepFailed(WebUIKeywordMain.groovy:64)
	at com.kms.katalon.core.webui.keyword.internal.WebUIKeywordMain.runKeyword(WebUIKeywordMain.groovy:26)
	at com.kms.katalon.core.webui.keyword.builtin.VerifyAllLinksOnCurrentPageAccessibleKeyword.verifyAllLinksOnCurrentPageAccessible(VerifyAllLinksOnCurrentPageAccessibleKeyword.groovy:48)
	at com.kms.katalon.core.webui.keyword.builtin.VerifyAllLinksOnCurrentPageAccessibleKeyword.execute(VerifyAllLinksOnCurrentPageAccessibleKeyword.groovy:32)
	at com.kms.katalon.core.keyword.internal.KeywordExecutor.executeKeywordForPlatform(KeywordExecutor.groovy:56)
	at com.kms.katalon.core.webui.keyword.WebUiBuiltInKeywords.verifyAllLinksOnCurrentPageAccessible(WebUiBuiltInKeywords.groovy:3739)
	at com.kms.katalon.core.webui.keyword.WebUiBuiltInKeywords$verifyAllLinksOnCurrentPageAccessible$2.call(Unknown Source)
	at Privacy policy.run(Privacy policy:34)
	at com.kms.katalon.core.main.ScriptEngine.run(ScriptEngine.java:194)
	at com.kms.katalon.core.main.ScriptEngine.runScriptAsRawText(ScriptEngine.java:119)
	at com.kms.katalon.core.main.TestCaseExecutor.runScript(TestCaseExecutor.java:331)
	at com.kms.katalon.core.main.TestCaseExecutor.doExecute(TestCaseExecutor.java:322)
	at com.kms.katalon.core.main.TestCaseExecutor.processExecutionPhase(TestCaseExecutor.java:301)
	at com.kms.katalon.core.main.TestCaseExecutor.accessMainPhase(TestCaseExecutor.java:293)
	at com.kms.katalon.core.main.TestCaseExecutor.execute(TestCaseExecutor.java:227)
	at com.kms.katalon.core.main.TestSuiteExecutor.accessTestCaseMainPhase(TestSuiteExecutor.java:129)
	at com.kms.katalon.core.main.TestSuiteExecutor.accessTestSuiteMainPhase(TestSuiteExecutor.java:112)
	at com.kms.katalon.core.main.TestSuiteExecutor.execute(TestSuiteExecutor.java:81)
	at com.kms.katalon.core.main.TestCaseMain.startTestSuite(TestCaseMain.java:157)
	at com.kms.katalon.core.main.TestCaseMain$startTestSuite$0.call(Unknown Source)
	at TempTestSuite1554790438768.run(TempTestSuite1554790438768.groovy:35)
Caused by: com.kms.katalon.core.exception.StepFailedException: Some of links on the current page are inaccessible
	at com.kms.katalon.core.webui.keyword.internal.WebUIKeywordMain.stepFailed(WebUIKeywordMain.groovy:64)
	at com.kms.katalon.core.webui.keyword.builtin.VerifyAllLinksOnCurrentPageAccessibleKeyword$_verifyAllLinksOnCurrentPageAccessible_closure1.doCall(VerifyAllLinksOnCurrentPageAccessibleKeyword.groovy:45)
	at com.kms.katalon.core.webui.keyword.builtin.VerifyAllLinksOnCurrentPageAccessibleKeyword$_verifyAllLinksOnCurrentPageAccessible_closure1.call(VerifyAllLinksOnCurrentPageAccessibleKeyword.groovy)
	at com.kms.katalon.core.webui.keyword.internal.WebUIKeywordMain.runKeyword(WebUIKeywordMain.groovy:20)
	... 19 more
"/>
         <system-out><![CDATA[2019-04-09 11:46:41 - [TEST_CASE][FAILED] - Test Cases/All Links are Accessible/Privacy policy: Test Cases/All Links are Accessible/Privacy policy FAILED.
Reason:
com.kms.katalon.core.exception.StepFailedException: Unable to verify all links on the page 'http://192.168.0.28:90/privacy-policy' are accessible
	at com.kms.katalon.core.webui.keyword.internal.WebUIKeywordMain.stepFailed(WebUIKeywordMain.groovy:64)
	at com.kms.katalon.core.webui.keyword.internal.WebUIKeywordMain.runKeyword(WebUIKeywordMain.groovy:26)
	at com.kms.katalon.core.webui.keyword.builtin.VerifyAllLinksOnCurrentPageAccessibleKeyword.verifyAllLinksOnCurrentPageAccessible(VerifyAllLinksOnCurrentPageAccessibleKeyword.groovy:48)
	at com.kms.katalon.core.webui.keyword.builtin.VerifyAllLinksOnCurrentPageAccessibleKeyword.execute(VerifyAllLinksOnCurrentPageAccessibleKeyword.groovy:32)
	at com.kms.katalon.core.keyword.internal.KeywordExecutor.executeKeywordForPlatform(KeywordExecutor.groovy:56)
	at com.kms.katalon.core.webui.keyword.WebUiBuiltInKeywords.verifyAllLinksOnCurrentPageAccessible(WebUiBuiltInKeywords.groovy:3739)
	at com.kms.katalon.core.webui.keyword.WebUiBuiltInKeywords$verifyAllLinksOnCurrentPageAccessible$2.call(Unknown Source)
	at Privacy policy.run(Privacy policy:34)
	at com.kms.katalon.core.main.ScriptEngine.run(ScriptEngine.java:194)
	at com.kms.katalon.core.main.ScriptEngine.runScriptAsRawText(ScriptEngine.java:119)
	at com.kms.katalon.core.main.TestCaseExecutor.runScript(TestCaseExecutor.java:331)
	at com.kms.katalon.core.main.TestCaseExecutor.doExecute(TestCaseExecutor.java:322)
	at com.kms.katalon.core.main.TestCaseExecutor.processExecutionPhase(TestCaseExecutor.java:301)
	at com.kms.katalon.core.main.TestCaseExecutor.accessMainPhase(TestCaseExecutor.java:293)
	at com.kms.katalon.core.main.TestCaseExecutor.execute(TestCaseExecutor.java:227)
	at com.kms.katalon.core.main.TestSuiteExecutor.accessTestCaseMainPhase(TestSuiteExecutor.java:129)
	at com.kms.katalon.core.main.TestSuiteExecutor.accessTestSuiteMainPhase(TestSuiteExecutor.java:112)
	at com.kms.katalon.core.main.TestSuiteExecutor.execute(TestSuiteExecutor.java:81)
	at com.kms.katalon.core.main.TestCaseMain.startTestSuite(TestCaseMain.java:157)
	at com.kms.katalon.core.main.TestCaseMain$startTestSuite$0.call(Unknown Source)
	at TempTestSuite1554790438768.run(TempTestSuite1554790438768.groovy:35)
Caused by: com.kms.katalon.core.exception.StepFailedException: Some of links on the current page are inaccessible
	at com.kms.katalon.core.webui.keyword.internal.WebUIKeywordMain.stepFailed(WebUIKeywordMain.groovy:64)
	at com.kms.katalon.core.webui.keyword.builtin.VerifyAllLinksOnCurrentPageAccessibleKeyword$_verifyAllLinksOnCurrentPageAccessible_closure1.doCall(VerifyAllLinksOnCurrentPageAccessibleKeyword.groovy:45)
	at com.kms.katalon.core.webui.keyword.builtin.VerifyAllLinksOnCurrentPageAccessibleKeyword$_verifyAllLinksOnCurrentPageAccessible_closure1.call(VerifyAllLinksOnCurrentPageAccessibleKeyword.groovy)
	at com.kms.katalon.core.webui.keyword.internal.WebUIKeywordMain.runKeyword(WebUIKeywordMain.groovy:20)
	... 19 more


2019-04-09 11:46:41 - [TEST_STEP][PASSED] - comment("Verifying Whether Links are Working or not when we click on Privacy policy page"): Verifying Whether Links are Working or not when we click on Privacy policy page

2019-04-09 11:46:41 - [MESSAGE][INFO] - Verifying Whether Links are Working or not when we click on Privacy policy page

2019-04-09 11:46:41 - [TEST_STEP][PASSED] - openBrowser(""): Browser is opened with url: ''

2019-04-09 11:46:41 - [MESSAGE][WARNING] - A browser is already opened. Closing browser and opening a new one

2019-04-09 11:46:41 - [MESSAGE][INFO] - Starting 'Chrome' driver

2019-04-09 11:46:44 - [MESSAGE][PASSED] - Browser is opened with url: ''

2019-04-09 11:46:44 - [TEST_STEP][PASSED] - navigateToUrl("http://192.168.0.28:90/list"): Navigate to 'http://192.168.0.28:90/list' successfully

2019-04-09 11:46:47 - [MESSAGE][PASSED] - Navigate to 'http://192.168.0.28:90/list' successfully

2019-04-09 11:46:47 - [TEST_STEP][PASSED] - click(findTestObject("All links are Accessible/Privacy policy/Page_Middlesex Cricket Memberships/small_Privacy Policy")): Object: 'Object Repository/All links are Accessible/Privacy policy/Page_Middlesex Cricket Memberships/small_Privacy Policy' is clicked on

2019-04-09 11:46:47 - [MESSAGE][PASSED] - Object: 'Object Repository/All links are Accessible/Privacy policy/Page_Middlesex Cricket Memberships/small_Privacy Policy' is clicked on

2019-04-09 11:46:47 - [TEST_STEP][PASSED] - switchToWindowIndex(1): Switched to window with index: '1'

2019-04-09 11:46:47 - [MESSAGE][PASSED] - Switched to window with index: '1'

2019-04-09 11:46:47 - [TEST_STEP][PASSED] - getAllLinksOnCurrentPage(false, []): Found 20 unique links on the page http://192.168.0.28:90/privacy-policy

2019-04-09 11:46:48 - [MESSAGE][PASSED] - Found 20 unique links on the page http://192.168.0.28:90/privacy-policy

2019-04-09 11:46:48 - [TEST_STEP][FAILED] - verifyAllLinksOnCurrentPageAccessible(false, [], STOP_ON_FAILURE): verifyAllLinksOnCurrentPageAccessible(false, [], STOP_ON_FAILURE) FAILED.
Reason:
com.kms.katalon.core.exception.StepFailedException: Unable to verify all links on the page 'http://192.168.0.28:90/privacy-policy' are accessible
	at com.kms.katalon.core.webui.keyword.internal.WebUIKeywordMain.stepFailed(WebUIKeywordMain.groovy:64)
	at com.kms.katalon.core.webui.keyword.internal.WebUIKeywordMain.runKeyword(WebUIKeywordMain.groovy:26)
	at com.kms.katalon.core.webui.keyword.builtin.VerifyAllLinksOnCurrentPageAccessibleKeyword.verifyAllLinksOnCurrentPageAccessible(VerifyAllLinksOnCurrentPageAccessibleKeyword.groovy:48)
	at com.kms.katalon.core.webui.keyword.builtin.VerifyAllLinksOnCurrentPageAccessibleKeyword.execute(VerifyAllLinksOnCurrentPageAccessibleKeyword.groovy:32)
	at com.kms.katalon.core.keyword.internal.KeywordExecutor.executeKeywordForPlatform(KeywordExecutor.groovy:56)
	at com.kms.katalon.core.webui.keyword.WebUiBuiltInKeywords.verifyAllLinksOnCurrentPageAccessible(WebUiBuiltInKeywords.groovy:3739)
	at com.kms.katalon.core.webui.keyword.WebUiBuiltInKeywords$verifyAllLinksOnCurrentPageAccessible$2.call(Unknown Source)
	at Privacy policy.run(Privacy policy:34)
	at com.kms.katalon.core.main.ScriptEngine.run(ScriptEngine.java:194)
	at com.kms.katalon.core.main.ScriptEngine.runScriptAsRawText(ScriptEngine.java:119)
	at com.kms.katalon.core.main.TestCaseExecutor.runScript(TestCaseExecutor.java:331)
	at com.kms.katalon.core.main.TestCaseExecutor.doExecute(TestCaseExecutor.java:322)
	at com.kms.katalon.core.main.TestCaseExecutor.processExecutionPhase(TestCaseExecutor.java:301)
	at com.kms.katalon.core.main.TestCaseExecutor.accessMainPhase(TestCaseExecutor.java:293)
	at com.kms.katalon.core.main.TestCaseExecutor.execute(TestCaseExecutor.java:227)
	at com.kms.katalon.core.main.TestSuiteExecutor.accessTestCaseMainPhase(TestSuiteExecutor.java:129)
	at com.kms.katalon.core.main.TestSuiteExecutor.accessTestSuiteMainPhase(TestSuiteExecutor.java:112)
	at com.kms.katalon.core.main.TestSuiteExecutor.execute(TestSuiteExecutor.java:81)
	at com.kms.katalon.core.main.TestCaseMain.startTestSuite(TestCaseMain.java:157)
	at com.kms.katalon.core.main.TestCaseMain$startTestSuite$0.call(Unknown Source)
	at TempTestSuite1554790438768.run(TempTestSuite1554790438768.groovy:35)
Caused by: com.kms.katalon.core.exception.StepFailedException: Some of links on the current page are inaccessible
	at com.kms.katalon.core.webui.keyword.internal.WebUIKeywordMain.stepFailed(WebUIKeywordMain.groovy:64)
	at com.kms.katalon.core.webui.keyword.builtin.VerifyAllLinksOnCurrentPageAccessibleKeyword$_verifyAllLinksOnCurrentPageAccessible_closure1.doCall(VerifyAllLinksOnCurrentPageAccessibleKeyword.groovy:45)
	at com.kms.katalon.core.webui.keyword.builtin.VerifyAllLinksOnCurrentPageAccessibleKeyword$_verifyAllLinksOnCurrentPageAccessible_closure1.call(VerifyAllLinksOnCurrentPageAccessibleKeyword.groovy)
	at com.kms.katalon.core.webui.keyword.internal.WebUIKeywordMain.runKeyword(WebUIKeywordMain.groovy:20)
	... 19 more


2019-04-09 11:46:48 - [MESSAGE][PASSED] - Found 20 unique links on the page http://192.168.0.28:90/privacy-policy

2019-04-09 11:46:48 - [MESSAGE][INFO] - HAR: C:\Users\sambhavi\git\staging-mccc\Reports\Al links are accessible\20190409_114358\requests\main\383.har

2019-04-09 11:46:48 - [MESSAGE][PASSED] - Send request successfully

2019-04-09 11:46:48 - [MESSAGE][INFO] - HAR: C:\Users\sambhavi\git\staging-mccc\Reports\Al links are accessible\20190409_114358\requests\main\384.har

2019-04-09 11:46:49 - [MESSAGE][PASSED] - Send request successfully

2019-04-09 11:46:49 - [MESSAGE][INFO] - HAR: C:\Users\sambhavi\git\staging-mccc\Reports\Al links are accessible\20190409_114358\requests\main\385.har

2019-04-09 11:46:49 - [MESSAGE][PASSED] - Send request successfully

2019-04-09 11:46:49 - [MESSAGE][INFO] - HAR: C:\Users\sambhavi\git\staging-mccc\Reports\Al links are accessible\20190409_114358\requests\main\386.har

2019-04-09 11:46:49 - [MESSAGE][PASSED] - Send request successfully

2019-04-09 11:46:49 - [MESSAGE][INFO] - HAR: C:\Users\sambhavi\git\staging-mccc\Reports\Al links are accessible\20190409_114358\requests\main\387.har

2019-04-09 11:46:49 - [MESSAGE][PASSED] - Send request successfully

2019-04-09 11:46:49 - [MESSAGE][INFO] - HAR: C:\Users\sambhavi\git\staging-mccc\Reports\Al links are accessible\20190409_114358\requests\main\388.har

2019-04-09 11:46:49 - [MESSAGE][PASSED] - Send request successfully

2019-04-09 11:46:49 - [MESSAGE][INFO] - HAR: C:\Users\sambhavi\git\staging-mccc\Reports\Al links are accessible\20190409_114358\requests\main\389.har

2019-04-09 11:46:49 - [MESSAGE][PASSED] - Send request successfully

2019-04-09 11:46:49 - [MESSAGE][INFO] - HAR: C:\Users\sambhavi\git\staging-mccc\Reports\Al links are accessible\20190409_114358\requests\main\390.har

2019-04-09 11:46:49 - [MESSAGE][PASSED] - Send request successfully

2019-04-09 11:46:49 - [MESSAGE][INFO] - HAR: C:\Users\sambhavi\git\staging-mccc\Reports\Al links are accessible\20190409_114358\requests\main\391.har

2019-04-09 11:46:49 - [MESSAGE][PASSED] - Send request successfully

2019-04-09 11:46:49 - [MESSAGE][INFO] - HAR: C:\Users\sambhavi\git\staging-mccc\Reports\Al links are accessible\20190409_114358\requests\main\392.har

2019-04-09 11:46:49 - [MESSAGE][PASSED] - Send request successfully

2019-04-09 11:46:49 - [MESSAGE][INFO] - HAR: C:\Users\sambhavi\git\staging-mccc\Reports\Al links are accessible\20190409_114358\requests\main\393.har

2019-04-09 11:46:49 - [MESSAGE][PASSED] - Send request successfully

2019-04-09 11:46:49 - [MESSAGE][INFO] - HAR: C:\Users\sambhavi\git\staging-mccc\Reports\Al links are accessible\20190409_114358\requests\main\394.har

2019-04-09 11:46:49 - [MESSAGE][PASSED] - Send request successfully

2019-04-09 11:46:49 - [MESSAGE][INFO] - HAR: C:\Users\sambhavi\git\staging-mccc\Reports\Al links are accessible\20190409_114358\requests\main\395.har

2019-04-09 11:46:49 - [MESSAGE][PASSED] - Send request successfully

2019-04-09 11:46:49 - [MESSAGE][INFO] - HAR: C:\Users\sambhavi\git\staging-mccc\Reports\Al links are accessible\20190409_114358\requests\main\396.har

2019-04-09 11:46:49 - [MESSAGE][PASSED] - Send request successfully

2019-04-09 11:46:49 - [MESSAGE][INFO] - HAR: C:\Users\sambhavi\git\staging-mccc\Reports\Al links are accessible\20190409_114358\requests\main\397.har

2019-04-09 11:46:49 - [MESSAGE][PASSED] - Send request successfully

2019-04-09 11:46:49 - [MESSAGE][INFO] - HAR: C:\Users\sambhavi\git\staging-mccc\Reports\Al links are accessible\20190409_114358\requests\main\398.har

2019-04-09 11:46:49 - [MESSAGE][PASSED] - Send request successfully

2019-04-09 11:46:49 - [MESSAGE][INFO] - HAR: C:\Users\sambhavi\git\staging-mccc\Reports\Al links are accessible\20190409_114358\requests\main\399.har

2019-04-09 11:46:49 - [MESSAGE][PASSED] - Send request successfully

2019-04-09 11:46:49 - [MESSAGE][INFO] - HAR: C:\Users\sambhavi\git\staging-mccc\Reports\Al links are accessible\20190409_114358\requests\main\400.har

2019-04-09 11:46:49 - [MESSAGE][PASSED] - Send request successfully

2019-04-09 11:46:49 - [MESSAGE][INFO] - HAR: C:\Users\sambhavi\git\staging-mccc\Reports\Al links are accessible\20190409_114358\requests\main\401.har

2019-04-09 11:46:49 - [MESSAGE][PASSED] - Send request successfully

2019-04-09 11:46:49 - [MESSAGE][INFO] - HAR: C:\Users\sambhavi\git\staging-mccc\Reports\Al links are accessible\20190409_114358\requests\main\402.har

2019-04-09 11:46:49 - [MESSAGE][PASSED] - Send request successfully

2019-04-09 11:46:49 - [MESSAGE][WARNING] - Found 3 inaccessible links [http://192.168.0.28:90/img/logo-fav.png, http://192.168.0.28:90/assets/js/vendor/popper.min.js, http://192.168.0.28:90/assets/js/vendor/holder.min.js] (Root cause: com.kms.katalon.core.exception.StepFailedException: Found 3 inaccessible links [http://192.168.0.28:90/img/logo-fav.png, http://192.168.0.28:90/assets/js/vendor/popper.min.js, http://192.168.0.28:90/assets/js/vendor/holder.min.js]
	at com.kms.katalon.core.webui.keyword.internal.WebUIKeywordMain.stepFailed(WebUIKeywordMain.groovy:64)
	at com.kms.katalon.core.webui.keyword.builtin.VerifyLinksAccessibleKeyword$_verifyLinksAccessible_closure1.doCall(VerifyLinksAccessibleKeyword.groovy:52)
	at com.kms.katalon.core.webui.keyword.builtin.VerifyLinksAccessibleKeyword$_verifyLinksAccessible_closure1.call(VerifyLinksAccessibleKeyword.groovy)
	at com.kms.katalon.core.webui.keyword.internal.WebUIKeywordMain.runKeyword(WebUIKeywordMain.groovy:20)
	at com.kms.katalon.core.webui.keyword.builtin.VerifyLinksAccessibleKeyword.verifyLinksAccessible(VerifyLinksAccessibleKeyword.groovy:37)
	at com.kms.katalon.core.webui.keyword.builtin.VerifyLinksAccessibleKeyword.execute(VerifyLinksAccessibleKeyword.groovy:32)
	at com.kms.katalon.core.keyword.internal.KeywordExecutor.executeKeywordForPlatform(KeywordExecutor.groovy:56)
	at com.kms.katalon.core.webui.keyword.WebUiBuiltInKeywords.verifyLinksAccessible(WebUiBuiltInKeywords.groovy:3709)
	at com.kms.katalon.core.webui.keyword.builtin.VerifyAllLinksOnCurrentPageAccessibleKeyword$_verifyAllLinksOnCurrentPageAccessible_closure1.doCall(VerifyAllLinksOnCurrentPageAccessibleKeyword.groovy:40)
	at com.kms.katalon.core.webui.keyword.builtin.VerifyAllLinksOnCurrentPageAccessibleKeyword$_verifyAllLinksOnCurrentPageAccessible_closure1.call(VerifyAllLinksOnCurrentPageAccessibleKeyword.groovy)
	at com.kms.katalon.core.webui.keyword.internal.WebUIKeywordMain.runKeyword(WebUIKeywordMain.groovy:20)
	at com.kms.katalon.core.webui.keyword.builtin.VerifyAllLinksOnCurrentPageAccessibleKeyword.verifyAllLinksOnCurrentPageAccessible(VerifyAllLinksOnCurrentPageAccessibleKeyword.groovy:48)
	at com.kms.katalon.core.webui.keyword.builtin.VerifyAllLinksOnCurrentPageAccessibleKeyword.execute(VerifyAllLinksOnCurrentPageAccessibleKeyword.groovy:32)
	at com.kms.katalon.core.keyword.internal.KeywordExecutor.executeKeywordForPlatform(KeywordExecutor.groovy:56)
	at com.kms.katalon.core.webui.keyword.WebUiBuiltInKeywords.verifyAllLinksOnCurrentPageAccessible(WebUiBuiltInKeywords.groovy:3739)
	at com.kms.katalon.core.webui.keyword.WebUiBuiltInKeywords$verifyAllLinksOnCurrentPageAccessible$2.call(Unknown Source)
	at Privacy policy.run(Privacy policy:34)
	at com.kms.katalon.core.main.ScriptEngine.run(ScriptEngine.java:194)
	at com.kms.katalon.core.main.ScriptEngine.runScriptAsRawText(ScriptEngine.java:119)
	at com.kms.katalon.core.main.TestCaseExecutor.runScript(TestCaseExecutor.java:331)
	at com.kms.katalon.core.main.TestCaseExecutor.doExecute(TestCaseExecutor.java:322)
	at com.kms.katalon.core.main.TestCaseExecutor.processExecutionPhase(TestCaseExecutor.java:301)
	at com.kms.katalon.core.main.TestCaseExecutor.accessMainPhase(TestCaseExecutor.java:293)
	at com.kms.katalon.core.main.TestCaseExecutor.execute(TestCaseExecutor.java:227)
	at com.kms.katalon.core.main.TestSuiteExecutor.accessTestCaseMainPhase(TestSuiteExecutor.java:129)
	at com.kms.katalon.core.main.TestSuiteExecutor.accessTestSuiteMainPhase(TestSuiteExecutor.java:112)
	at com.kms.katalon.core.main.TestSuiteExecutor.execute(TestSuiteExecutor.java:81)
	at com.kms.katalon.core.main.TestCaseMain.startTestSuite(TestCaseMain.java:157)
	at com.kms.katalon.core.main.TestCaseMain$startTestSuite$0.call(Unknown Source)
	at TempTestSuite1554790438768.run(TempTestSuite1554790438768.groovy:35)
)

2019-04-09 11:46:49 - [MESSAGE][FAILED] - Some of links on the current page are inaccessible (Root cause: com.kms.katalon.core.exception.StepFailedException: Some of links on the current page are inaccessible
	at com.kms.katalon.core.webui.keyword.internal.WebUIKeywordMain.stepFailed(WebUIKeywordMain.groovy:64)
	at com.kms.katalon.core.webui.keyword.builtin.VerifyAllLinksOnCurrentPageAccessibleKeyword$_verifyAllLinksOnCurrentPageAccessible_closure1.doCall(VerifyAllLinksOnCurrentPageAccessibleKeyword.groovy:45)
	at com.kms.katalon.core.webui.keyword.builtin.VerifyAllLinksOnCurrentPageAccessibleKeyword$_verifyAllLinksOnCurrentPageAccessible_closure1.call(VerifyAllLinksOnCurrentPageAccessibleKeyword.groovy)
	at com.kms.katalon.core.webui.keyword.internal.WebUIKeywordMain.runKeyword(WebUIKeywordMain.groovy:20)
	at com.kms.katalon.core.webui.keyword.builtin.VerifyAllLinksOnCurrentPageAccessibleKeyword.verifyAllLinksOnCurrentPageAccessible(VerifyAllLinksOnCurrentPageAccessibleKeyword.groovy:48)
	at com.kms.katalon.core.webui.keyword.builtin.VerifyAllLinksOnCurrentPageAccessibleKeyword.execute(VerifyAllLinksOnCurrentPageAccessibleKeyword.groovy:32)
	at com.kms.katalon.core.keyword.internal.KeywordExecutor.executeKeywordForPlatform(KeywordExecutor.groovy:56)
	at com.kms.katalon.core.webui.keyword.WebUiBuiltInKeywords.verifyAllLinksOnCurrentPageAccessible(WebUiBuiltInKeywords.groovy:3739)
	at com.kms.katalon.core.webui.keyword.WebUiBuiltInKeywords$verifyAllLinksOnCurrentPageAccessible$2.call(Unknown Source)
	at Privacy policy.run(Privacy policy:34)
	at com.kms.katalon.core.main.ScriptEngine.run(ScriptEngine.java:194)
	at com.kms.katalon.core.main.ScriptEngine.runScriptAsRawText(ScriptEngine.java:119)
	at com.kms.katalon.core.main.TestCaseExecutor.runScript(TestCaseExecutor.java:331)
	at com.kms.katalon.core.main.TestCaseExecutor.doExecute(TestCaseExecutor.java:322)
	at com.kms.katalon.core.main.TestCaseExecutor.processExecutionPhase(TestCaseExecutor.java:301)
	at com.kms.katalon.core.main.TestCaseExecutor.accessMainPhase(TestCaseExecutor.java:293)
	at com.kms.katalon.core.main.TestCaseExecutor.execute(TestCaseExecutor.java:227)
	at com.kms.katalon.core.main.TestSuiteExecutor.accessTestCaseMainPhase(TestSuiteExecutor.java:129)
	at com.kms.katalon.core.main.TestSuiteExecutor.accessTestSuiteMainPhase(TestSuiteExecutor.java:112)
	at com.kms.katalon.core.main.TestSuiteExecutor.execute(TestSuiteExecutor.java:81)
	at com.kms.katalon.core.main.TestCaseMain.startTestSuite(TestCaseMain.java:157)
	at com.kms.katalon.core.main.TestCaseMain$startTestSuite$0.call(Unknown Source)
	at TempTestSuite1554790438768.run(TempTestSuite1554790438768.groovy:35)
)

2019-04-09 11:46:49 - [MESSAGE][FAILED] - Unable to verify all links on the page 'http://192.168.0.28:90/privacy-policy' are accessible (Root cause: com.kms.katalon.core.exception.StepFailedException: Unable to verify all links on the page 'http://192.168.0.28:90/privacy-policy' are accessible
	at com.kms.katalon.core.webui.keyword.internal.WebUIKeywordMain.stepFailed(WebUIKeywordMain.groovy:64)
	at com.kms.katalon.core.webui.keyword.internal.WebUIKeywordMain.runKeyword(WebUIKeywordMain.groovy:26)
	at com.kms.katalon.core.webui.keyword.builtin.VerifyAllLinksOnCurrentPageAccessibleKeyword.verifyAllLinksOnCurrentPageAccessible(VerifyAllLinksOnCurrentPageAccessibleKeyword.groovy:48)
	at com.kms.katalon.core.webui.keyword.builtin.VerifyAllLinksOnCurrentPageAccessibleKeyword.execute(VerifyAllLinksOnCurrentPageAccessibleKeyword.groovy:32)
	at com.kms.katalon.core.keyword.internal.KeywordExecutor.executeKeywordForPlatform(KeywordExecutor.groovy:56)
	at com.kms.katalon.core.webui.keyword.WebUiBuiltInKeywords.verifyAllLinksOnCurrentPageAccessible(WebUiBuiltInKeywords.groovy:3739)
	at com.kms.katalon.core.webui.keyword.WebUiBuiltInKeywords$verifyAllLinksOnCurrentPageAccessible$2.call(Unknown Source)
	at Privacy policy.run(Privacy policy:34)
	at com.kms.katalon.core.main.ScriptEngine.run(ScriptEngine.java:194)
	at com.kms.katalon.core.main.ScriptEngine.runScriptAsRawText(ScriptEngine.java:119)
	at com.kms.katalon.core.main.TestCaseExecutor.runScript(TestCaseExecutor.java:331)
	at com.kms.katalon.core.main.TestCaseExecutor.doExecute(TestCaseExecutor.java:322)
	at com.kms.katalon.core.main.TestCaseExecutor.processExecutionPhase(TestCaseExecutor.java:301)
	at com.kms.katalon.core.main.TestCaseExecutor.accessMainPhase(TestCaseExecutor.java:293)
	at com.kms.katalon.core.main.TestCaseExecutor.execute(TestCaseExecutor.java:227)
	at com.kms.katalon.core.main.TestSuiteExecutor.accessTestCaseMainPhase(TestSuiteExecutor.java:129)
	at com.kms.katalon.core.main.TestSuiteExecutor.accessTestSuiteMainPhase(TestSuiteExecutor.java:112)
	at com.kms.katalon.core.main.TestSuiteExecutor.execute(TestSuiteExecutor.java:81)
	at com.kms.katalon.core.main.TestCaseMain.startTestSuite(TestCaseMain.java:157)
	at com.kms.katalon.core.main.TestCaseMain$startTestSuite$0.call(Unknown Source)
	at TempTestSuite1554790438768.run(TempTestSuite1554790438768.groovy:35)
Caused by: com.kms.katalon.core.exception.StepFailedException: Some of links on the current page are inaccessible
	at com.kms.katalon.core.webui.keyword.internal.WebUIKeywordMain.stepFailed(WebUIKeywordMain.groovy:64)
	at com.kms.katalon.core.webui.keyword.builtin.VerifyAllLinksOnCurrentPageAccessibleKeyword$_verifyAllLinksOnCurrentPageAccessible_closure1.doCall(VerifyAllLinksOnCurrentPageAccessibleKeyword.groovy:45)
	at com.kms.katalon.core.webui.keyword.builtin.VerifyAllLinksOnCurrentPageAccessibleKeyword$_verifyAllLinksOnCurrentPageAccessible_closure1.call(VerifyAllLinksOnCurrentPageAccessibleKeyword.groovy)
	at com.kms.katalon.core.webui.keyword.internal.WebUIKeywordMain.runKeyword(WebUIKeywordMain.groovy:20)
	... 19 more
)

2019-04-09 11:46:49 - [MESSAGE][FAILED] - verifyAllLinksOnCurrentPageAccessible(false, [], STOP_ON_FAILURE) FAILED.
Reason:
com.kms.katalon.core.exception.StepFailedException: Unable to verify all links on the page 'http://192.168.0.28:90/privacy-policy' are accessible
	at com.kms.katalon.core.webui.keyword.internal.WebUIKeywordMain.stepFailed(WebUIKeywordMain.groovy:64)
	at com.kms.katalon.core.webui.keyword.internal.WebUIKeywordMain.runKeyword(WebUIKeywordMain.groovy:26)
	at com.kms.katalon.core.webui.keyword.builtin.VerifyAllLinksOnCurrentPageAccessibleKeyword.verifyAllLinksOnCurrentPageAccessible(VerifyAllLinksOnCurrentPageAccessibleKeyword.groovy:48)
	at com.kms.katalon.core.webui.keyword.builtin.VerifyAllLinksOnCurrentPageAccessibleKeyword.execute(VerifyAllLinksOnCurrentPageAccessibleKeyword.groovy:32)
	at com.kms.katalon.core.keyword.internal.KeywordExecutor.executeKeywordForPlatform(KeywordExecutor.groovy:56)
	at com.kms.katalon.core.webui.keyword.WebUiBuiltInKeywords.verifyAllLinksOnCurrentPageAccessible(WebUiBuiltInKeywords.groovy:3739)
	at com.kms.katalon.core.webui.keyword.WebUiBuiltInKeywords$verifyAllLinksOnCurrentPageAccessible$2.call(Unknown Source)
	at Privacy policy.run(Privacy policy:34)
	at com.kms.katalon.core.main.ScriptEngine.run(ScriptEngine.java:194)
	at com.kms.katalon.core.main.ScriptEngine.runScriptAsRawText(ScriptEngine.java:119)
	at com.kms.katalon.core.main.TestCaseExecutor.runScript(TestCaseExecutor.java:331)
	at com.kms.katalon.core.main.TestCaseExecutor.doExecute(TestCaseExecutor.java:322)
	at com.kms.katalon.core.main.TestCaseExecutor.processExecutionPhase(TestCaseExecutor.java:301)
	at com.kms.katalon.core.main.TestCaseExecutor.accessMainPhase(TestCaseExecutor.java:293)
	at com.kms.katalon.core.main.TestCaseExecutor.execute(TestCaseExecutor.java:227)
	at com.kms.katalon.core.main.TestSuiteExecutor.accessTestCaseMainPhase(TestSuiteExecutor.java:129)
	at com.kms.katalon.core.main.TestSuiteExecutor.accessTestSuiteMainPhase(TestSuiteExecutor.java:112)
	at com.kms.katalon.core.main.TestSuiteExecutor.execute(TestSuiteExecutor.java:81)
	at com.kms.katalon.core.main.TestCaseMain.startTestSuite(TestCaseMain.java:157)
	at com.kms.katalon.core.main.TestCaseMain$startTestSuite$0.call(Unknown Source)
	at TempTestSuite1554790438768.run(TempTestSuite1554790438768.groovy:35)
Caused by: com.kms.katalon.core.exception.StepFailedException: Some of links on the current page are inaccessible
	at com.kms.katalon.core.webui.keyword.internal.WebUIKeywordMain.stepFailed(WebUIKeywordMain.groovy:64)
	at com.kms.katalon.core.webui.keyword.builtin.VerifyAllLinksOnCurrentPageAccessibleKeyword$_verifyAllLinksOnCurrentPageAccessible_closure1.doCall(VerifyAllLinksOnCurrentPageAccessibleKeyword.groovy:45)
	at com.kms.katalon.core.webui.keyword.builtin.VerifyAllLinksOnCurrentPageAccessibleKeyword$_verifyAllLinksOnCurrentPageAccessible_closure1.call(VerifyAllLinksOnCurrentPageAccessibleKeyword.groovy)
	at com.kms.katalon.core.webui.keyword.internal.WebUIKeywordMain.runKeyword(WebUIKeywordMain.groovy:20)
	... 19 more]]></system-out>
         <system-err><![CDATA[2019-04-09 11:46:41 - [TEST_CASE][FAILED] - Test Cases/All Links are Accessible/Privacy policy: Test Cases/All Links are Accessible/Privacy policy FAILED.
Reason:
com.kms.katalon.core.exception.StepFailedException: Unable to verify all links on the page 'http://192.168.0.28:90/privacy-policy' are accessible
	at com.kms.katalon.core.webui.keyword.internal.WebUIKeywordMain.stepFailed(WebUIKeywordMain.groovy:64)
	at com.kms.katalon.core.webui.keyword.internal.WebUIKeywordMain.runKeyword(WebUIKeywordMain.groovy:26)
	at com.kms.katalon.core.webui.keyword.builtin.VerifyAllLinksOnCurrentPageAccessibleKeyword.verifyAllLinksOnCurrentPageAccessible(VerifyAllLinksOnCurrentPageAccessibleKeyword.groovy:48)
	at com.kms.katalon.core.webui.keyword.builtin.VerifyAllLinksOnCurrentPageAccessibleKeyword.execute(VerifyAllLinksOnCurrentPageAccessibleKeyword.groovy:32)
	at com.kms.katalon.core.keyword.internal.KeywordExecutor.executeKeywordForPlatform(KeywordExecutor.groovy:56)
	at com.kms.katalon.core.webui.keyword.WebUiBuiltInKeywords.verifyAllLinksOnCurrentPageAccessible(WebUiBuiltInKeywords.groovy:3739)
	at com.kms.katalon.core.webui.keyword.WebUiBuiltInKeywords$verifyAllLinksOnCurrentPageAccessible$2.call(Unknown Source)
	at Privacy policy.run(Privacy policy:34)
	at com.kms.katalon.core.main.ScriptEngine.run(ScriptEngine.java:194)
	at com.kms.katalon.core.main.ScriptEngine.runScriptAsRawText(ScriptEngine.java:119)
	at com.kms.katalon.core.main.TestCaseExecutor.runScript(TestCaseExecutor.java:331)
	at com.kms.katalon.core.main.TestCaseExecutor.doExecute(TestCaseExecutor.java:322)
	at com.kms.katalon.core.main.TestCaseExecutor.processExecutionPhase(TestCaseExecutor.java:301)
	at com.kms.katalon.core.main.TestCaseExecutor.accessMainPhase(TestCaseExecutor.java:293)
	at com.kms.katalon.core.main.TestCaseExecutor.execute(TestCaseExecutor.java:227)
	at com.kms.katalon.core.main.TestSuiteExecutor.accessTestCaseMainPhase(TestSuiteExecutor.java:129)
	at com.kms.katalon.core.main.TestSuiteExecutor.accessTestSuiteMainPhase(TestSuiteExecutor.java:112)
	at com.kms.katalon.core.main.TestSuiteExecutor.execute(TestSuiteExecutor.java:81)
	at com.kms.katalon.core.main.TestCaseMain.startTestSuite(TestCaseMain.java:157)
	at com.kms.katalon.core.main.TestCaseMain$startTestSuite$0.call(Unknown Source)
	at TempTestSuite1554790438768.run(TempTestSuite1554790438768.groovy:35)
Caused by: com.kms.katalon.core.exception.StepFailedException: Some of links on the current page are inaccessible
	at com.kms.katalon.core.webui.keyword.internal.WebUIKeywordMain.stepFailed(WebUIKeywordMain.groovy:64)
	at com.kms.katalon.core.webui.keyword.builtin.VerifyAllLinksOnCurrentPageAccessibleKeyword$_verifyAllLinksOnCurrentPageAccessible_closure1.doCall(VerifyAllLinksOnCurrentPageAccessibleKeyword.groovy:45)
	at com.kms.katalon.core.webui.keyword.builtin.VerifyAllLinksOnCurrentPageAccessibleKeyword$_verifyAllLinksOnCurrentPageAccessible_closure1.call(VerifyAllLinksOnCurrentPageAccessibleKeyword.groovy)
	at com.kms.katalon.core.webui.keyword.internal.WebUIKeywordMain.runKeyword(WebUIKeywordMain.groovy:20)
	... 19 more]]></system-err>
      </testcase>
      <system-out><![CDATA[2019-04-09 11:44:00 - [TEST_SUITE][FAILED] - Al links are accessible: Test Cases/All Links are Accessible/Delivery,Returns and cancellations FAILED.
Reason:
com.kms.katalon.core.exception.StepFailedException: Unable to verify all links on the page 'http://192.168.0.28:90/delivery-returns-and-cancellations' are accessible
	at com.kms.katalon.core.webui.keyword.internal.WebUIKeywordMain.stepFailed(WebUIKeywordMain.groovy:64)
	at com.kms.katalon.core.webui.keyword.internal.WebUIKeywordMain.runKeyword(WebUIKeywordMain.groovy:26)
	at com.kms.katalon.core.webui.keyword.builtin.VerifyAllLinksOnCurrentPageAccessibleKeyword.verifyAllLinksOnCurrentPageAccessible(VerifyAllLinksOnCurrentPageAccessibleKeyword.groovy:48)
	at com.kms.katalon.core.webui.keyword.builtin.VerifyAllLinksOnCurrentPageAccessibleKeyword.execute(VerifyAllLinksOnCurrentPageAccessibleKeyword.groovy:32)
	at com.kms.katalon.core.keyword.internal.KeywordExecutor.executeKeywordForPlatform(KeywordExecutor.groovy:56)
	at com.kms.katalon.core.webui.keyword.WebUiBuiltInKeywords.verifyAllLinksOnCurrentPageAccessible(WebUiBuiltInKeywords.groovy:3754)
	at com.kms.katalon.core.webui.keyword.WebUiBuiltInKeywords$verifyAllLinksOnCurrentPageAccessible$5.call(Unknown Source)
	at Delivery,Returns and cancellations.run(Delivery,Returns and cancellations:37)
	at com.kms.katalon.core.main.ScriptEngine.run(ScriptEngine.java:194)
	at com.kms.katalon.core.main.ScriptEngine.runScriptAsRawText(ScriptEngine.java:119)
	at com.kms.katalon.core.main.TestCaseExecutor.runScript(TestCaseExecutor.java:331)
	at com.kms.katalon.core.main.TestCaseExecutor.doExecute(TestCaseExecutor.java:322)
	at com.kms.katalon.core.main.TestCaseExecutor.processExecutionPhase(TestCaseExecutor.java:301)
	at com.kms.katalon.core.main.TestCaseExecutor.accessMainPhase(TestCaseExecutor.java:293)
	at com.kms.katalon.core.main.TestCaseExecutor.execute(TestCaseExecutor.java:227)
	at com.kms.katalon.core.main.TestSuiteExecutor.accessTestCaseMainPhase(TestSuiteExecutor.java:129)
	at com.kms.katalon.core.main.TestSuiteExecutor.accessTestSuiteMainPhase(TestSuiteExecutor.java:112)
	at com.kms.katalon.core.main.TestSuiteExecutor.execute(TestSuiteExecutor.java:81)
	at com.kms.katalon.core.main.TestCaseMain.startTestSuite(TestCaseMain.java:157)
	at com.kms.katalon.core.main.TestCaseMain$startTestSuite$0.call(Unknown Source)
	at TempTestSuite1554790438768.run(TempTestSuite1554790438768.groovy:35)
Caused by: com.kms.katalon.core.exception.StepFailedException: Some of links on the current page are inaccessible
	at com.kms.katalon.core.webui.keyword.internal.WebUIKeywordMain.stepFailed(WebUIKeywordMain.groovy:64)
	at com.kms.katalon.core.webui.keyword.builtin.VerifyAllLinksOnCurrentPageAccessibleKeyword$_verifyAllLinksOnCurrentPageAccessible_closure1.doCall(VerifyAllLinksOnCurrentPageAccessibleKeyword.groovy:45)
	at com.kms.katalon.core.webui.keyword.builtin.VerifyAllLinksOnCurrentPageAccessibleKeyword$_verifyAllLinksOnCurrentPageAccessible_closure1.call(VerifyAllLinksOnCurrentPageAccessibleKeyword.groovy)
	at com.kms.katalon.core.webui.keyword.internal.WebUIKeywordMain.runKeyword(WebUIKeywordMain.groovy:20)
	... 19 more]]></system-out>
      <system-err><![CDATA[2019-04-09 11:44:00 - [TEST_SUITE][FAILED] - Al links are accessible: Test Cases/All Links are Accessible/Delivery,Returns and cancellations FAILED.
Reason:
com.kms.katalon.core.exception.StepFailedException: Unable to verify all links on the page 'http://192.168.0.28:90/delivery-returns-and-cancellations' are accessible
	at com.kms.katalon.core.webui.keyword.internal.WebUIKeywordMain.stepFailed(WebUIKeywordMain.groovy:64)
	at com.kms.katalon.core.webui.keyword.internal.WebUIKeywordMain.runKeyword(WebUIKeywordMain.groovy:26)
	at com.kms.katalon.core.webui.keyword.builtin.VerifyAllLinksOnCurrentPageAccessibleKeyword.verifyAllLinksOnCurrentPageAccessible(VerifyAllLinksOnCurrentPageAccessibleKeyword.groovy:48)
	at com.kms.katalon.core.webui.keyword.builtin.VerifyAllLinksOnCurrentPageAccessibleKeyword.execute(VerifyAllLinksOnCurrentPageAccessibleKeyword.groovy:32)
	at com.kms.katalon.core.keyword.internal.KeywordExecutor.executeKeywordForPlatform(KeywordExecutor.groovy:56)
	at com.kms.katalon.core.webui.keyword.WebUiBuiltInKeywords.verifyAllLinksOnCurrentPageAccessible(WebUiBuiltInKeywords.groovy:3754)
	at com.kms.katalon.core.webui.keyword.WebUiBuiltInKeywords$verifyAllLinksOnCurrentPageAccessible$5.call(Unknown Source)
	at Delivery,Returns and cancellations.run(Delivery,Returns and cancellations:37)
	at com.kms.katalon.core.main.ScriptEngine.run(ScriptEngine.java:194)
	at com.kms.katalon.core.main.ScriptEngine.runScriptAsRawText(ScriptEngine.java:119)
	at com.kms.katalon.core.main.TestCaseExecutor.runScript(TestCaseExecutor.java:331)
	at com.kms.katalon.core.main.TestCaseExecutor.doExecute(TestCaseExecutor.java:322)
	at com.kms.katalon.core.main.TestCaseExecutor.processExecutionPhase(TestCaseExecutor.java:301)
	at com.kms.katalon.core.main.TestCaseExecutor.accessMainPhase(TestCaseExecutor.java:293)
	at com.kms.katalon.core.main.TestCaseExecutor.execute(TestCaseExecutor.java:227)
	at com.kms.katalon.core.main.TestSuiteExecutor.accessTestCaseMainPhase(TestSuiteExecutor.java:129)
	at com.kms.katalon.core.main.TestSuiteExecutor.accessTestSuiteMainPhase(TestSuiteExecutor.java:112)
	at com.kms.katalon.core.main.TestSuiteExecutor.execute(TestSuiteExecutor.java:81)
	at com.kms.katalon.core.main.TestCaseMain.startTestSuite(TestCaseMain.java:157)
	at com.kms.katalon.core.main.TestCaseMain$startTestSuite$0.call(Unknown Source)
	at TempTestSuite1554790438768.run(TempTestSuite1554790438768.groovy:35)
Caused by: com.kms.katalon.core.exception.StepFailedException: Some of links on the current page are inaccessible
	at com.kms.katalon.core.webui.keyword.internal.WebUIKeywordMain.stepFailed(WebUIKeywordMain.groovy:64)
	at com.kms.katalon.core.webui.keyword.builtin.VerifyAllLinksOnCurrentPageAccessibleKeyword$_verifyAllLinksOnCurrentPageAccessible_closure1.doCall(VerifyAllLinksOnCurrentPageAccessibleKeyword.groovy:45)
	at com.kms.katalon.core.webui.keyword.builtin.VerifyAllLinksOnCurrentPageAccessibleKeyword$_verifyAllLinksOnCurrentPageAccessible_closure1.call(VerifyAllLinksOnCurrentPageAccessibleKeyword.groovy)
	at com.kms.katalon.core.webui.keyword.internal.WebUIKeywordMain.runKeyword(WebUIKeywordMain.groovy:20)
	... 19 more]]></system-err>
   </testsuite>
</testsuites>
